0.00267109
0.0011713
0.000935541
0.000976007
0.00101181
0.000940591
0.000931848
0.000931823
0.000949365
0.000932486
0.000932951
0.000932082
0.000947848
0.000932194
0.000929814
0.0012037
0.00114715
0.000932292
0.000930007
0.00110357
0.000976217
0.000932312
0.00114317
0.00138655
0.00100329
0.000934108
0.0009311
0.000950228
0.000931684
0.000930721
0.000931357
0.000943274
0.000949419
0.000932694
0.000931821
0.000931321
0.000947697
0.000951056
0.000931307
0.000930446
0.000935519
0.000932767
0.0009307
0.00093156
0.000935908
0.000931362
0.000930661
0.000931137
0.000941662
0.000931517
0.000932181
0.000930903
0.000930562
0.000939099
0.000930769
0.000931605
0.000930541
0.000935782
0.000930647
0.000931391
0.000931531
0.000941413
0.000931983
0.000931108
0.000931942
0.000977609
0.000965084
0.000932917
0.000931485
0.000939685
0.000932061
0.000931975
0.000931559
0.0009425
0.000931457
0.000930845
0.000930916
0.00092977
0.000935788
0.000930909
0.000931786
0.0009292
0.000935826
0.00093976
0.000931484
0.000930421
0.000940144
0.000931195
0.000930395
0.000931546
0.000936645
0.000931447
0.00095902
0.00093065
0.00094225
0.000930409
0.000931483
0.000930804
0.000931536
0.000942138
0.000931565
0.000934682
0.000931518
0.000937251
0.000930244
0.000930839
0.000931382
0.000935892
0.000930953
0.000931794
0.00093073
0.000943066
0.000931282
0.000931722
0.000929901
0.000937119
0.00092992
0.000931188
0.000939249
0.000930078
0.000948153
0.000931102
0.000929401
0.000931222
0.000941353
0.000930671
0.000931326
0.000930075
0.000935681
0.000930051
0.000931971
0.0009312
0.00093576
0.000932219
0.000930753
0.000956078
0.000945075
0.000931617
0.00093038
0.0009317
0.000932167
0.000935361
0.000930726
0.000930971
0.000930282
0.000935063
0.000931125
0.000930339
0.000931973
0.000941042
0.000930492
0.000931618
0.000932073
0.000944593
0.000931272
0.000931418
0.000931705
0.000936238
0.000929767
0.000930927
0.000931106
0.000931686
0.000940831
0.000931583
0.000930942
0.000931423
0.000936318
0.000930218
0.000931207
0.000931229
0.000944316
0.00093053
0.000930623
0.000931012
0.000941471
0.000930636
0.000931888
0.000931714
0.000935543
0.000931015
0.000932331
0.000930682
0.000932175
0.000936707
0.000930692
0.000931909
0.000931854
0.000943476
0.000932352
0.000931461
0.000931554
0.000936322
0.000930795
0.000931454
0.000931989
0.000936207
0.000931697
0.000930958
0.000956582
0.000945598
0.000929777
0.000931394
0.00093145
0.000936711
0.000931141
0.000939865
0.000930828
0.000930491
0.00093467
0.000930124
0.000930276
0.000930778
0.000941172
0.000930206
0.000930807
0.000931801
0.00093499
0.000932905
0.00093106
0.000931926
0.000936323
0.000931574
0.000931988
0.000938715
0.00094123
0.000931719
0.000930948
0.000930334
0.000930592
0.000935147
0.000930803
0.000930202
0.000931286
0.000936252
0.000930312
0.000930196
0.000932434
0.000939979
0.000930678
0.000931538
0.000938339
0.000936049
0.000931444
0.000931248
0.000930009
0.000936106
0.000931076
0.000929501
0.000932075
0.00093031
0.000939399
0.00093088
0.000930882
0.000931837
0.000935622
0.000932223
0.000930992
0.000934142
0.00093682
0.000932
0.00093126
0.000931283
0.000940421
0.000929973
0.000930713
0.000930235
0.000936025
0.000930484
0.000930611
0.000929872
0.000931815
0.000935444
0.000930911
0.00093094
0.000931509
0.000947217
0.00093119
0.000931361
0.000931656
0.000945889
0.000932648
0.000931708
0.000931366
0.00103709
0.000933048
0.000931674
0.000931602
0.000948306
0.000931636
0.000930825
0.000931237
0.000930401
0.00095892
0.000932436
0.000930663
0.000930486
0.000937335
0.000930492
0.00093359
0.000930584
0.000940762
0.000930734
0.000931588
0.000958093
0.000943305
0.000930217
0.000931755
0.000931178
0.000936541
0.000934518
0.000934397
0.000930702
0.000942827
0.000931019
0.00093064
0.000930482
0.000931865
0.000935813
0.000930744
0.00093196
0.000931518
0.000937427
0.000930487
0.000931601
0.000931673
0.00094115
0.000931089
0.000938591
0.000931671
0.000936581
0.000931529
0.00093272
0.000931513
0.000935485
0.000932093
0.000930921
0.0009309
0.00093135
0.000942132
0.00093207
0.000930151
0.000930902
0.000937145
0.000930496
0.000938431
0.000934802
0.000936212
0.000930719
0.000930478
0.000929569
0.000942513
0.000930676
0.000930648
0.000930785
0.000935456
0.00093108
0.000931813
0.000930071
0.000931074
0.000939259
0.000929967
0.000931127
0.00093605
0.000941829
0.000931302
0.000931487
0.000931481
0.000935714
0.000930516
0.000931818
0.000931992
0.000935849
0.000931125
0.000931542
0.000930511
0.000939425
0.00093255
0.00093056
0.000932255
0.000938482
0.000935793
0.000932053
0.000929947
0.000931817
0.000935127
0.000950267
0.000931334
0.000931471
0.000942888
0.000931529
0.000930858
0.000931761
0.000935881
0.000930424
0.000932307
0.0009319
0.000939587
0.00093182
0.000931466
0.000930404
0.000931673
0.00094037
0.000931441
0.00093227
0.000930587
0.000934175
0.000932173
0.000929006
0.000930433
0.000935378
0.000955811
0.000931714
0.000931231
0.000944378
0.000940722
0.000930255
0.000931459
0.000935198
0.000931743
0.000931267
0.000930166
0.000934906
0.000930367
0.00093097
0.000931618
0.000931025
0.000941686
0.000929606
0.000930427
0.000930813
0.000935653
0.00093591
0.000931246
0.000932124
0.000935616
0.000931174
0.000931239
0.000931143
0.000941634
0.000932494
0.00093203
0.000930027
0.000935492
0.000930351
0.000930599
0.00092991
0.000929449
0.000935424
0.000929996
0.000938003
0.000930367
0.000941825
0.000932484
0.000930893
0.00093029
0.000938662
0.000930484
0.000930166
0.000931517
0.000936598
0.000930611
0.000931164
0.000929936
0.00093099
0.000930537
0.000932318
0.000935717
0.000931334
0.00093703
0.000931151
0.000930967
0.000930443
0.000937128
0.000930747
0.00093089
0.000931007
0.000940894
0.000931233
0.000931873
0.000931114
0.000935561
0.000932
0.000932253
0.000938723
0.000935842
0.000929836
0.000930287
0.000929856
0.000930772
0.000941806
0.000930979
0.000932419
0.00093168
0.000935057
0.00094297
0.000932184
0.000932201
0.000936493
0.00093114
0.000931414
0.000930466
0.000944285
0.000931876
0.000931336
0.000931536
0.000936198
0.000930204
0.000931821
0.000931802
0.000931623
0.00093599
0.00093258
0.000932463
0.000931848
0.00094019
0.000929438
0.000931967
0.000958542
0.000951638
0.000931814
0.000930739
0.000932762
0.000936746
0.000930369
0.000931271
0.0009317
0.000940689
0.000931009
0.000931658
0.00093201
0.000931559
0.000936929
0.000931309
0.00093063
0.000931446
0.000935864
0.000937203
0.000931134
0.000930915
0.000941194
0.000930611
0.000930752
0.000930707
0.00093712
0.000931649
0.000931249
0.000931673
0.000934654
0.000932502
0.00093022
0.000931182
0.000931313
0.000941075
0.000938967
0.000930813
0.000931994
0.000935845
0.000931031
0.00093117
0.000930629
0.000937208
0.00093131
0.0009314
0.000931671
0.000940763
0.00093144
0.000930653
0.00093042
0.00093516
0.000931591
0.000934873
0.000931312
0.000932202
0.000935086
0.000931315
0.000930424
0.000931245
0.000940195
0.000930561
0.000932357
0.000930589
0.0009367
0.000930837
0.000931768
0.000930618
0.00093695
0.000930411
0.0009328
0.000939581
0.000942315
0.000931427
0.000931301
0.00093183
0.000930473
0.000936848
0.00093115
0.000931444
0.000930432
0.00093565
0.000931401
0.000930601
0.000931571
0.000940574
0.000930895
0.000930907
0.000934852
0.000938029
0.00093182
0.000931442
0.000930408
0.000935472
0.000933825
0.000931224
0.000931418
0.000930805
0.000946495
0.000930947
0.0009317
0.000932122
0.000949179
0.000931239
0.000931867
0.000931605
0.00094305
0.000956464
0.000933354
0.000932179
0.000946093
0.000931571
0.000931193
0.000930764
0.000935434
0.000931725
0.000931495
0.000930613
0.000937306
0.00093211
0.000931666
0.000931168
0.000931727
0.0009671
0.00093128
0.000931866
0.000930319
0.000936657
0.000931428
0.000931294
0.000929984
0.000936268
0.000930282
0.000930943
0.00093078
0.000941609
0.00093197
0.000931097
0.000930951
0.000935517
0.000939976
0.000933109
0.000932181
0.000931777
0.000937469
0.000932123
0.00093282
0.000931863
0.000941358
0.000931152
0.000931967
0.000932453
0.000935508
0.000930198
0.000931029
0.000933504
0.000934925
0.000932096
0.000936407
0.000931254
0.000941389
0.000930982
0.000930586
0.000930952
0.000932607
0.000935935
0.000930911
0.00093201
0.000930918
0.000935919
0.000931571
0.000932472
0.000930666
0.000940415
0.000930488
0.000938497
0.000932037
0.000936459
0.000931367
0.000930533
0.000931726
0.000935374
0.000930943
0.000931639
0.000932095
0.000931356
0.000940187
0.000933043
0.000932471
0.000931043
0.000936601
0.000931147
0.000935395
0.000931423
0.000936122
0.000931566
0.000931261
0.000931455
0.000940814
0.000930623
0.000930888
0.000930525
0.000935522
0.00093224
0.000931692
0.000933432
0.000932876
0.000939136
0.000930845
0.00093128
0.000939242
0.000941525
0.000931126
0.000930234
0.000956129
0.000943089
0.000931389
0.000930287
0.000931077
0.000937152
0.00093117
0.000929319
0.000931694
0.000942171
0.000930354
0.000931734
0.000931044
0.000935165
0.000937089
0.000931071
0.000931159
0.000931335
0.000935034
0.000930578
0.000932461
0.000930516
0.000941266
0.000931342
0.000930984
0.000929825
0.000935223
0.000931652
0.000931089
0.000930144
0.000936527
0.000938571
0.000930489
0.000931553
0.000931908
0.000941304
0.000931205
0.00093096
0.000932299
0.000935729
0.00093038
0.000929886
0.000931463
0.000936243
0.000932272
0.000930955
0.000931959
0.000940709
0.000938244
0.000931577
0.000931532
0.000935818
0.000931421
0.000930892
0.00093176
0.000932662
0.000937279
0.000932099
0.000931578
0.000930431
0.000940193
0.000930747
0.000931403
0.000931391
0.000935497
0.000934118
0.000931934
0.000932322
0.000936515
0.000930445
0.00093128
0.000931848
0.0009413
0.000931352
0.000930372
0.000932884
0.000931532
0.000936941
0.000930251
0.000930299
0.00093025
0.000936994
0.000930746
0.000938638
0.000930634
0.000940571
0.000930898
0.000931608
0.000931801
0.000937402
0.00093322
0.000930647
0.000930557
0.00093612
0.00093009
0.000930741
0.000930379
0.000930234
0.000940675
0.000932296
0.000935387
0.000931284
0.000936841
0.000930776
0.000930493
0.000930426
0.000938245
0.000957877
0.000931681
0.000931625
0.000945818
0.000931747
0.000931346
0.000931161
0.000937528
0.000931446
0.000931226
0.000932135
0.000945634
0.000931413
0.00092981
0.000931518
0.000931567
0.00094127
0.000930304
0.000931932
0.000930634
0.00093751
0.000931204
0.000932205
0.000930863
0.000934833
0.000931414
0.000931567
0.000929523
0.000945677
0.000931762
0.00093078
0.000930153
0.000935623
0.000930919
0.000930788
0.000929896
0.000931662
0.000936056
0.000931483
0.000932329
0.000931023
0.000939413
0.000931244
0.000929667
0.000930964
0.000946595
0.000932255
0.00093125
0.000930945
0.000935165
0.000933506
0.000931094
0.000931954
0.000940947
0.000931112
0.000932851
0.000931168
0.00093195
0.000935375
0.000931733
0.000932049
0.000931155
0.000936318
0.000933525
0.000932089
0.000931397
0.000941809
0.000929214
0.00093113
0.000930995
0.000936484
0.000931369
0.000953244
0.00093131
0.000937162
0.00093066
0.000930603
0.000931874
0.000930784
0.00094236
0.000940026
0.000931457
0.000930563
0.000936201
0.000931488
0.000930585
0.000931679
0.000934832
0.000931258
0.000930583
0.000932235
0.000940351
0.000932191
0.00093146
0.000930998
0.000934783
0.000930692
0.000930173
0.000936044
0.000931934
0.000935615
0.000931271
0.000930377
0.000931214
0.000941785
0.000930497
0.000931989
0.000956448
0.000941881
0.000931889
0.000931025
0.000931921
0.000937127
0.000930537
0.000929902
0.000940467
0.000940434
0.000932694
0.000930976
0.000930914
0.000930925
0.000934698
0.000932722
0.000930653
0.000931388
0.000937479
0.000930138
0.000931381
0.000929626
0.000939103
0.000930927
0.000932782
0.000935562
0.000938226
0.000931062
0.000930913
0.000931088
0.000936179
0.000930931
0.000930891
0.000931262
0.000931822
0.000940862
0.00093111
0.000929863
0.000931004
0.000935516
0.000930513
0.000932117
0.000930369
0.000943337
0.000931576
0.000930473
0.000931596
0.00094224
0.000931074
0.00093068
0.000931318
0.000936377
0.000932501
0.000932307
0.00093082
