0.00458821
0.003365
0.00325777
0.00331176
0.00325602
0.0032387
0.00323275
0.00324179
0.00324816
0.00323786
0.00324064
0.00324536
0.00323298
0.00330008
0.00324299
0.00324639
0.00323846
0.00323915
0.00326073
0.00327537
0.00323658
0.00323733
0.00324546
0.00324803
0.00323334
0.00324854
0.00324522
0.00324059
0.00324392
0.00324322
0.0034504
0.00325408
0.00324227
0.00325102
0.00323627
0.00323837
0.0032404
0.00325583
0.00323998
0.00323936
0.00324665
0.00323981
0.00323284
0.00324195
0.00324669
0.00324297
0.00324077
0.0032353
0.00325094
0.00323979
0.00324383
0.00324217
0.00323871
0.00324113
0.00324213
0.00325342
0.00325677
0.0032478
0.00325476
0.00323325
0.00323826
0.00323867
0.00324568
0.00324189
0.00323962
0.00323233
0.00324596
0.00323898
0.00324215
0.00324669
0.0032292
0.00323488
0.00323701
0.0032518
0.00323604
0.00323698
0.00323198
0.00324641
0.00324279
0.00324453
0.00324277
0.0032406
0.00323322
0.0032464
0.00324588
0.00323843
0.00324969
0.00324574
0.00324185
0.00324162
0.00324261
0.00324827
0.00323926
0.00324414
0.00323374
0.00324763
0.00323927
0.00323737
0.0032527
0.00323526
0.00323955
0.00323981
0.00324582
0.00323565
0.00323561
0.00323502
0.00324842
0.00324055
0.00324785
0.00327206
0.00324295
0.00323377
0.00323989
0.00324386
0.00323531
0.00324119
0.0032693
0.00329501
0.00327342
0.00324934
0.0032505
0.00323951
0.00324197
0.00323371
0.0032424
0.00323631
0.00325302
0.003262
0.00323418
0.00323226
0.003235
0.00324407
0.0032389
0.00323922
0.00323511
0.0032446
0.00323823
0.00323817
0.00324614
0.00324702
0.0032312
0.00323823
0.00324203
0.00323947
0.00324441
0.00324423
0.00323357
0.00324255
0.00324106
0.00325691
0.00323808
0.00323208
0.00323378
0.00324021
0.00323893
0.00324057
0.00323968
0.00323318
0.00323967
0.00324626
0.00324276
0.00323812
0.00323923
0.00323516
0.00325241
0.0032395
0.00323665
0.00324233
0.0032376
0.00323922
0.00324766
0.00326148
0.00323967
0.0032414
0.00325006
0.00323843
0.00326207
0.0032803
0.0032446
0.003273
0.00326084
0.00323233
0.0032405
0.00323103
0.00323754
0.00324016
0.0032321
0.00323614
0.00323819
0.00324588
0.00324418
0.00324004
0.00323409
0.00324928
0.0032469
0.0032353
0.00324741
0.00324396
0.00324178
0.00325979
0.00325358
0.00324372
0.00325169
0.00325142
0.00323751
0.00324803
0.00324931
0.00325113
0.00324212
0.00326202
0.00324549
0.00325302
0.00324541
0.0032819
0.00325405
0.00324184
0.00326011
0.00330243
0.00324878
0.0032486
0.00324339
0.0032898
0.00323671
0.0032456
0.00324804
0.00329727
0.00325016
0.00323938
0.00324013
0.00331438
0.00324377
0.00323882
0.00325518
0.00324145
0.00326664
0.00324869
0.00325646
0.00324445
0.00324899
0.00324384
0.00326584
0.0032572
0.00325448
0.00324487
0.00326769
0.00324148
0.00324568
0.00330483
0.00325179
0.00324356
0.00325416
0.00327496
0.00327248
0.0032441
0.00330076
0.00325011
0.00323931
0.00323946
0.00332868
0.00324692
0.00324481
0.00325091
0.00330683
0.00324261
0.00324549
0.00324764
0.0032677
0.0032372
0.00324732
0.00323743
0.00326691
0.00326414
0.00325849
0.00324414
0.00327383
0.00323179
0.00325599
0.00324743
0.00326342
0.00325202
0.0032462
0.00323509
0.00325605
0.00325558
0.00323924
0.00324595
0.00325612
0.00324159
0.00324742
0.00324616
0.00326598
0.00324075
0.00324218
0.00324498
0.00324786
0.00325687
0.00324319
0.00324831
0.0032304
0.00324858
0.00324604
0.00324966
0.00324644
0.00325264
0.00324471
0.0032541
0.0032444
0.00324585
0.0032504
0.00324564
0.003237
0.00325474
0.00325268
0.00323857
0.00324434
0.00326491
0.00323842
0.00324625
0.00324025
0.00324852
0.00324619
0.00323916
0.00323688
0.003252
0.00324944
0.00323883
0.00325073
0.00323621
0.00324274
0.00327032
0.00325026
0.00323652
0.00325026
0.00323461
0.00326443
0.00325339
0.00324525
0.00326398
0.00324786
0.00324409
0.00324013
0.00325355
0.00325227
0.00324518
0.00324816
0.00323742
0.0032476
0.00324196
0.00325116
0.00325235
0.00324981
0.00324092
0.00324959
0.0032402
0.00325836
0.00325145
0.00326306
0.00374149
0.00330302
0.00325709
0.0032767
0.00323703
0.00325439
0.00327474
0.00324421
0.00326702
0.00325157
0.00324831
0.00324832
0.00324101
0.00324811
0.00324272
0.00324419
0.00325619
0.00324245
0.0032381
0.00324709
0.00324775
0.00326695
0.00324135
0.00323965
0.00323512
0.00324383
0.00325236
0.00324269
0.00324387
0.00324425
0.00324046
0.00325801
0.00324175
0.00324458
0.00325129
0.00323523
0.00325394
0.00324423
0.00324743
0.00325261
0.00324666
0.00323946
0.00325598
0.00324002
0.00324701
0.00324198
0.00325004
0.00323361
0.00324663
0.00324151
0.00323934
0.00324615
0.00324355
0.003239
0.00324497
0.00324197
0.00325366
0.00324839
0.00324545
0.00323891
0.00324738
0.00332751
0.00326796
0.00325198
0.0032371
0.00323823
0.00324367
0.00325097
0.0032365
0.00323568
0.0032423
0.00325636
0.00324435
0.0032358
0.00325076
0.00325856
0.00324143
0.00324686
0.00325255
0.00324398
0.00324506
0.00324698
0.00324207
0.0032462
0.00323776
0.00325354
0.00325257
0.0032414
0.00323975
0.00324378
0.00324919
0.00324307
0.00325534
0.00324787
0.00324193
0.00323855
0.00326071
0.00326788
0.00324573
0.00323677
0.00323875
0.00325534
0.00325035
0.00324371
0.00324563
0.00324263
0.00324679
0.00324795
0.00323857
0.00324516
0.00324902
0.00324526
0.00324279
0.00324869
0.00324724
0.00324198
0.0032478
0.00323294
0.00324112
0.00323871
0.00324057
0.00325076
0.00323828
0.00323823
0.00324567
0.00324766
0.00324971
0.00324031
0.00324371
0.00324387
0.00324423
0.00324807
0.00325322
0.00325293
0.00324151
0.00324403
0.0032418
0.0032448
0.00324422
0.00324917
0.00323337
0.00324075
0.00323499
0.0032511
0.0032456
0.00324395
0.00324241
0.00325066
0.00324354
0.00324509
0.00324631
0.00324844
0.00323979
0.00324773
0.00324346
0.00324445
0.0032428
0.00325125
0.00323074
0.00324138
0.00324521
0.00324871
0.00325097
0.00324322
0.00324835
0.00325905
0.00324287
0.00324943
0.0032534
0.00323375
0.00324375
0.00324441
0.00325468
0.00324201
0.00324598
0.00323914
0.00324216
0.00324994
0.00324351
0.00324998
0.00323902
0.00362959
0.00343905
0.00328715
0.00324562
0.00324625
0.00325154
0.00324807
0.0032388
0.00325009
0.00324521
0.00326617
0.00324525
0.00324602
0.00323804
0.00325538
0.00325065
0.00324222
0.00324391
0.00324209
0.00324318
0.00327544
0.00324271
0.00324269
0.00324154
0.00323666
0.00324987
0.00324562
0.00324785
0.00323617
0.00324311
0.0032407
0.00325078
0.00323799
0.00324553
0.00324664
0.0032469
0.00324031
0.00324975
0.00325569
0.00324785
0.00325126
0.00324665
0.00324947
0.00325084
0.0032458
0.00325419
0.00324028
0.00323413
0.00323909
0.00324245
0.00324018
0.00323676
0.00324238
0.00323286
0.00323783
0.00323934
0.00325297
0.00323859
0.0032392
0.00323033
0.00341918
0.003252
0.00324643
0.00324512
0.00323814
0.0032366
0.00324287
0.00324655
0.00323869
0.00323888
0.00325377
0.00323655
0.00323852
0.00324045
0.00325548
0.00324803
0.00323353
0.00323498
0.00325324
0.00324119
0.00324575
0.00324386
0.00323363
0.00323986
0.00323741
0.00324829
0.00324145
0.00325468
0.00323547
0.00324271
0.00323849
0.00324174
0.00324916
0.00324046
0.00323099
0.00325102
0.00324293
0.00324199
0.00323737
0.00324416
0.00323177
0.00323952
0.00323666
0.00324329
0.00323777
0.00323893
0.00324482
0.00324733
0.00324021
0.00323994
0.00324244
0.00324258
0.00324206
0.00323969
0.00324622
0.00324158
0.0032488
0.00323498
0.00324481
0.00323555
0.00324141
0.00326144
0.00323905
0.0032378
0.00323867
0.00324768
0.00324063
0.00323819
0.0032348
0.00323361
0.00323711
0.00324513
0.00324243
0.00323574
0.00323031
0.00323751
0.00325574
0.00324604
0.00324004
0.00324333
0.00323556
0.00324626
0.00323718
0.00324409
0.0032464
0.00323966
0.00324324
0.00324209
0.0032333
0.00323712
0.00324311
0.00324289
0.00323293
0.00323557
0.00324193
0.00323832
0.00324272
0.00323304
0.00325825
0.00324153
0.00323895
0.0032526
0.00323769
0.00323411
0.0032419
0.00324638
0.00324558
0.00325229
0.00324472
0.00323277
0.00324047
0.0032459
0.00324359
0.00323913
0.00326625
0.0032331
0.00325281
0.00323782
0.00324027
0.00324289
0.00323368
0.00327812
0.00368688
0.0033095
0.00324527
0.00323884
0.00325071
0.00323145
0.0032387
0.00323633
0.00324052
0.00325306
0.00323945
0.00323254
0.00324216
0.00323636
0.00324539
0.00324496
0.00324534
0.00323386
0.00326811
0.00326571
0.00323997
0.00323756
0.00323228
0.00323626
0.00324717
0.00323906
0.00324502
0.00323816
0.00323688
0.00324858
0.00324655
0.0032405
0.0032411
0.00324574
0.0032419
0.00324005
0.00324347
0.00324497
0.003238
0.003245
0.00323184
0.00324554
0.00323409
0.00323671
0.00325264
0.0032402
0.00323996
0.00324549
0.0032443
0.00324536
0.00324051
0.00323503
0.0032455
0.00323934
0.00325359
0.00324768
0.00323925
0.00323571
0.00324785
0.00325574
0.00323838
0.0032404
0.0032457
0.00323492
0.00324657
0.0032397
0.00324399
0.00323817
0.00323818
0.00324311
0.00324499
0.00324112
0.00323931
0.00323929
0.00323802
0.00323515
0.0032375
0.0032458
0.00324736
0.00324713
0.00323471
0.0032478
0.00323688
0.00324019
0.00325032
0.0032407
0.0032333
0.00324191
0.00324275
0.00324522
0.0032444
0.00324446
0.00324206
0.00324108
0.0032411
0.00324572
0.00323896
0.0032565
0.00323396
0.00325357
0.00324233
0.00324133
0.00324594
0.0032321
0.00324542
0.00323825
0.00324491
0.00323943
0.00325671
0.00324119
0.00325086
0.00324165
0.00323811
0.00324437
0.00324887
0.00323582
0.00323986
0.00324678
0.00323783
0.0032481
0.00324309
0.00323253
0.00324172
0.00323893
0.00324726
0.00323861
0.00324061
0.00323612
0.0032439
0.00324836
0.00323738
0.00324527
0.00323225
0.00324034
0.00324398
0.00324704
0.00324071
0.00323892
0.00323189
0.00325942
0.00324754
0.00324259
0.00324464
0.00323936
0.00323457
0.0032426
0.00324571
0.00323874
0.00323864
0.00324855
0.00325134
0.00324265
0.00323791
0.00324183
0.00324388
0.00322961
0.00324033
0.00324668
0.0032368
0.00324747
0.00324085
0.00323324
0.00324229
0.00324106
0.00324724
0.00323748
0.00323776
0.00323021
0.00324883
0.00324535
0.00325084
0.00324638
0.00323652
0.00323191
0.00324531
0.00324661
0.00323806
0.00323876
0.00322992
0.00324674
0.00323837
0.00376529
0.00332046
0.00324752
0.00325684
0.00323157
0.00324517
0.00324081
0.00323698
0.00325299
0.00324118
0.00323114
0.00323998
0.00324122
0.00324266
0.00323854
0.00324486
0.00323401
0.00329372
0.00324909
0.00324739
0.00325203
0.00324138
0.00323226
0.00324982
0.0032365
0.00323628
0.00324098
0.00323177
0.00324363
0.00323973
0.00324268
0.00323725
0.00324255
0.00324004
0.00324501
0.00324025
0.0032348
0.00325395
0.00324496
0.00322929
0.00323578
0.00323724
0.00323951
0.00324658
0.00324406
0.00323028
0.0032416
0.00323688
0.00324838
0.00323541
0.00323458
0.00324829
0.00324756
0.00326162
0.00323947
0.00324635
0.00323092
0.00324224
0.00324133
0.00324569
0.00325183
0.00324063
0.00323633
0.00324885
0.00323833
0.00323794
0.00324609
0.00324051
0.00324018
0.00323822
0.00325134
0.00324124
0.00323853
0.00324662
0.00323632
0.00323878
0.0032356
0.00324375
0.00324687
0.00323221
0.00323894
0.00324514
0.00325033
0.00325262
0.00324238
0.00323409
0.00324318
0.0032379
0.00324413
0.00324246
0.003238
0.00323008
0.00324538
0.00324729
0.00323257
0.00324356
0.00323839
0.00323131
0.00324416
