0.000673317
0.000599778
0.000493208
0.000491795
0.000491494
0.000493005
0.00049177
0.000518267
0.000569316
0.000494349
0.000491056
0.000491494
0.00049299
0.000492296
0.000492569
0.000492564
0.000505921
0.000282039
0.000281468
0.0002813
0.000281015
0.000280615
0.000280894
0.000281531
0.000280897
0.000280698
0.00028172
0.000281275
0.000280784
0.000296692
0.000282041
0.000280863
0.000280126
0.000280612
0.000281015
0.000280115
0.000281041
0.000298459
0.000281129
0.000280657
0.000281425
0.000319507
0.000281329
0.000291162
0.000280621
0.000280916
0.000280421
0.000281012
0.000280671
0.000280981
0.000281449
0.000280865
0.000281293
0.000281596
0.000292166
0.00028086
0.000300543
0.000281875
0.000281475
0.000281254
0.00028132
0.000281319
0.000281349
0.000280894
0.000281333
0.000281368
0.000280817
0.000281179
0.000280996
0.000280993
0.000291557
0.00028913
0.000280808
0.000280845
0.000280755
0.000282151
0.000280654
0.00028083
0.00028064
0.000281249
0.000280743
0.000281506
0.000280979
0.000281155
0.000295315
0.000281762
0.000280289
0.00028055
0.000281112
0.00028103
0.00028081
0.000280816
0.000280908
0.000281173
0.000280911
0.000281482
0.000281096
0.000290907
0.000281433
0.000280794
0.000281185
0.000281053
0.000281031
0.000281149
0.000281291
0.000280722
0.000281114
0.000280768
0.000281183
0.000280823
0.000280777
0.000285002
0.000281179
0.000280893
0.000280623
0.000281107
0.000280684
0.000280693
0.000281038
0.00028065
0.00028092
0.000281392
0.00028099
0.000280464
0.000281524
0.000285221
0.000281098
0.000281114
0.000280534
0.000306801
0.000281245
0.000281069
0.000281068
0.000280412
0.000281923
0.000280849
0.000280595
0.000280888
0.000289969
0.000282325
0.000281084
0.000281041
0.000280358
0.000281071
0.000280384
0.000281131
0.000281103
0.000281029
0.000280599
0.000280513
0.000280926
0.000280606
0.000285705
0.000281481
0.0002811
0.000280321
0.000280924
0.000281029
0.000281057
0.000281521
0.000281115
0.000280667
0.000280617
0.000281544
0.000280951
0.000281056
0.000285773
0.000281101
0.000280449
0.000281279
0.000280814
0.000281029
0.000280938
0.000280865
0.000282067
0.000281232
0.000280946
0.000280886
0.000281062
0.000280699
0.000291666
0.000281923
0.000281079
0.000280982
0.000280733
0.000280479
0.000283443
0.000281112
0.000339018
0.000281356
0.000280581
0.000280864
0.000281536
0.000285582
0.000281254
0.000281388
0.000280853
0.000281184
0.000280547
0.000281278
0.000280536
0.000280307
0.000280151
0.000281499
0.000281223
0.000280669
0.000281766
0.000285052
0.000280876
0.000280829
0.000281151
0.000281294
0.000281036
0.000280797
0.000281043
0.000282171
0.000281288
0.000281044
0.000281307
0.000281234
0.000280889
0.000289353
0.000281144
0.000280609
0.000281153
0.000281435
0.000281971
0.00028045
0.000282287
0.000280619
0.000281059
0.000280744
0.000281351
0.000280905
0.00028516
0.000281158
0.000280722
0.000280992
0.000280899
0.000281363
0.000281116
0.000280949
0.000280736
0.000281137
0.000281259
0.000280823
0.000280953
0.000280571
0.000285477
0.000281242
0.000280803
0.000280602
0.000281033
0.000280869
0.00028176
0.000281896
0.000281243
0.000281071
0.000281398
0.000280911
0.000280993
0.00028042
0.000289384
0.000281136
0.000280996
0.000280885
0.000281168
0.00028047
0.000280821
0.000280951
0.000281517
0.000280692
0.000280691
0.000281771
0.000280799
0.000285118
0.000281202
0.000281115
0.000280922
0.000281256
0.000280906
0.000280639
0.000280979
0.000281377
0.000280938
0.0002816
0.0002809
0.000281247
0.000281328
0.00028565
0.00028054
0.000280821
0.000280526
0.000280884
0.000281076
0.000281032
0.00028081
0.000280822
0.000281205
0.000282768
0.000281282
0.000280805
0.000280987
0.000289614
0.000281593
0.000280937
0.000281112
0.000281394
0.000280804
0.000281501
0.000281791
0.000338195
0.000281444
0.000281753
0.000281012
0.000281239
0.000290976
0.000281517
0.000281078
0.000281767
0.000295308
0.00029267
0.000281929
0.000307965
0.000282976
0.000281647
0.000280962
0.000280889
0.000281148
0.000281319
0.000288977
0.000281499
0.000281212
0.000280636
0.000281165
0.000281091
0.000281036
0.000280806
0.00028145
0.000280449
0.000280965
0.000281024
0.000281036
0.00029143
0.000281545
0.000281088
0.000281264
0.000281898
0.000281232
0.000281015
0.000281245
0.000280619
0.000381666
0.000332075
0.000282474
0.000285653
0.00029472
0.000281496
0.000280939
0.000280855
0.000280989
0.000281296
0.000280759
0.000280213
0.000280546
0.000281233
0.000280736
0.000280873
0.000281249
0.00028144
0.000289882
0.000280585
0.000281385
0.0002808
0.000281652
0.000281132
0.000281444
0.000280988
0.000281011
0.00028127
0.000280229
0.000280759
0.000280652
0.000280693
0.000290343
0.000281402
0.000295653
0.000280495
0.000280593
0.000280731
0.000317944
0.000281051
0.000280943
0.000281054
0.000280966
0.000280698
0.000280508
0.000285683
0.000281173
0.000280937
0.000280488
0.000281387
0.000280821
0.000281179
0.000280535
0.000281024
0.000280641
0.000281015
0.000280943
0.000280636
0.000280741
0.000285414
0.000283056
0.000281601
0.000280728
0.000280678
0.000281332
0.000280843
0.000280865
0.000280495
0.000280924
0.000280518
0.000280882
0.000281239
0.000281588
0.000290815
0.000280806
0.000282108
0.000280573
0.000280971
0.000280838
0.000280974
0.000281032
0.000280667
0.000280903
0.000280997
0.000280908
0.000280359
0.000285505
0.000280848
0.000281176
0.000280516
0.000280993
0.000280975
0.000280479
0.000280515
0.000281297
0.000280983
0.000281325
0.000280997
0.000280682
0.000280656
0.000285088
0.000280836
0.000280831
0.000280563
0.000280883
0.000280276
0.000280956
0.000280599
0.000281236
0.00028129
0.000280571
0.000280652
0.000280716
0.000281405
0.000289778
0.000281927
0.000284515
0.000281136
0.000280958
0.000280836
0.000280478
0.000281193
0.000280747
0.000280851
0.000280948
0.000281339
0.000279886
0.000280663
0.000285436
0.000280887
0.000280817
0.000280077
0.000280697
0.000280935
0.00028117
0.000280646
0.000281356
0.000280483
0.000280792
0.00028126
0.000281154
0.000285055
0.000281142
0.000280718
0.000280929
0.000281081
0.000281503
0.000280887
0.000280571
0.000280674
0.000281172
0.000280705
0.000281002
0.000280504
0.000281717
0.000289355
0.000281345
0.000280631
0.000280632
0.000281191
0.000281123
0.000281071
0.00028077
0.000280557
0.000280162
0.00028057
0.000280902
0.000280654
0.000280593
0.000285215
0.000281019
0.000281221
0.000280805
0.000284608
0.000281888
0.000280996
0.000280865
0.000280316
0.000280348
0.000280536
0.000280721
0.000280985
0.000280795
0.000284908
0.000280366
0.000280939
0.000280409
0.000280773
0.000280658
0.000280439
0.000280721
0.000280756
0.000279937
0.000280523
0.000280962
0.000280618
0.000288914
0.000282189
0.000281119
0.000280967
0.000281342
0.000281338
0.000281181
0.000281104
0.00028081
0.000282
0.0002808
0.00028112
0.000280703
0.000281485
0.00028532
0.000280542
0.000280904
0.000280304
0.000281458
0.000280832
0.000280639
0.000280627
0.00028084
0.000280704
0.000281147
0.000280327
0.000280611
0.000280974
0.000285455
0.000281293
0.000280299
0.00028085
0.000281007
0.000281175
0.000284251
0.000281087
0.0002809
0.000281205
0.000280524
0.000280902
0.000280877
0.000289037
0.000280772
0.000280764
0.000280775
0.000280712
0.000280828
0.000280869
0.000281484
0.000281013
0.000281144
0.000281145
0.000280388
0.000280828
0.000280771
0.000285251
0.000281512
0.000280944
0.000281097
0.00028097
0.000281312
0.000280812
0.000280968
0.000281836
0.000281054
0.000281371
0.000280734
0.000280617
0.000281119
0.000285959
0.000281017
0.000281349
0.000280779
0.000280711
0.000280849
0.00028117
0.000280735
0.000281721
0.000280338
0.000280724
0.000281143
0.000281239
0.000280632
0.000288734
0.00028145
0.000281147
0.000280941
0.000281281
0.000281044
0.000280689
0.000281265
0.000284586
0.000281099
0.00028124
0.000281325
0.000281028
0.000285554
0.000281476
0.000281085
0.000280991
0.000281425
0.000281133
0.000281492
0.000281172
0.000281349
0.00028124
0.000280666
0.000327407
0.000281713
0.000281807
0.000291948
0.000281037
0.000281111
0.000281191
0.000280979
0.00028071
0.000280642
0.000281441
0.000280002
0.000280687
0.00028048
0.000281489
0.000281109
0.000281104
0.000290302
0.000281192
0.000281031
0.00028101
0.000280108
0.000280527
0.000280644
0.000280296
0.000280509
0.000280793
0.00028069
0.00028027
0.000281055
0.000285093
0.000281093
0.000281521
0.000281
0.000280976
0.000281168
0.000280976
0.000280727
0.000280742
0.000280533
0.000281163
0.000284957
0.000281115
0.000281152
0.000285204
0.000281173
0.00028103
0.000280831
0.000280944
0.000281545
0.000280932
0.000281406
0.000280601
0.000280968
0.000280625
0.000280012
0.000280937
0.000281163
0.000290056
0.000281386
0.000280664
0.000281065
0.000280636
0.000280551
0.000281429
0.000281182
0.0002809
0.000280863
0.000281231
0.000281558
0.000280399
0.000280735
0.000281259
0.000280935
0.000281723
0.000280661
0.000281076
0.000280977
0.000281427
0.000281208
0.000281795
0.000280886
0.000295183
0.000281262
0.000280764
0.000284953
0.00030795
0.000281293
0.000281635
0.000280752
0.000280472
0.00028114
0.000280692
0.000280938
0.000281704
0.000281381
0.00028048
0.000280746
0.000284821
0.000289631
0.00028229
0.000280644
0.000280923
0.000280546
0.000280789
0.000280372
0.000280725
0.0002812
0.000280952
0.00028057
0.00028059
0.00028051
0.00028072
0.000286157
0.000280274
0.000281389
0.000281495
0.000281246
0.000281052
0.000281045
0.000280733
0.000280197
0.000280506
0.000279837
0.000280494
0.000280459
0.000284667
0.000281194
0.000280756
0.000281631
0.00028064
0.000281231
0.000281338
0.000280838
0.000281844
0.000280974
0.000280785
0.000280961
0.000280873
0.000281314
0.000289646
0.000281269
0.000280459
0.000280946
0.00028037
0.000281433
0.00028095
0.000281072
0.000280812
0.000280847
0.000281354
0.000279914
0.000281026
0.000280534
0.000285065
0.000280675
0.000280546
0.000280818
0.000280485
0.000281179
0.00028111
0.000280842
0.000280506
0.000281652
0.000281164
0.000280935
0.000281236
0.000281245
0.000280763
0.000281255
0.000281126
0.000280739
0.000280746
0.000279925
0.00028049
0.000280708
0.000280577
0.000280777
0.000281318
0.000280504
0.000281235
0.000292722
0.000280563
0.000281217
0.00028031
0.000280733
0.000280853
0.000280409
0.00028086
0.000281009
0.000280892
0.000281144
0.000280757
0.00028146
0.00028087
0.000284912
0.000281165
0.000280538
0.000280388
0.00028161
0.000281176
0.000280783
0.000280911
0.00028123
0.000281487
0.000280902
0.000281336
0.00028047
0.000280466
0.000284931
0.00028152
0.000281194
0.000281242
0.000280634
0.00028128
0.00028173
0.0002805
0.000280802
0.000281021
0.000280962
0.000280925
0.000280862
0.000290109
0.000281493
0.000281417
0.000281023
0.000281855
0.000280867
0.000281587
0.000281157
0.000280515
0.000280977
0.000281344
0.000280952
0.000281469
0.000281107
0.000285472
0.000280924
0.000281504
0.000280824
0.000281239
0.0002808
0.000280868
0.000281175
0.000280652
0.000281224
0.000281093
0.000281241
0.000280998
0.000280789
0.00028486
0.000281342
0.000281328
0.000280547
0.000280208
0.000280155
0.000281318
0.000280656
0.000280762
0.000280043
0.000280408
0.000281167
0.000280068
0.000280921
0.000289437
0.000280993
0.000280576
0.00028109
0.000283728
0.000280523
0.000281056
0.000280667
0.000281309
0.000281146
0.000280931
0.000280858
0.000280573
0.000284543
0.000281086
0.000281025
0.000280973
0.000280639
0.00028078
0.000280622
0.000281606
0.000281274
0.000280885
0.0002815
0.000280604
0.000281073
0.000280786
0.000285152
0.000281761
0.000280824
0.000280885
0.000280964
0.000280973
0.000280944
0.000280826
0.000280759
0.000280403
0.000280819
0.000280642
0.000280232
0.000280706
0.000288632
0.000281142
0.00028103
0.000281041
0.000280554
0.000281551
0.000280951
0.000280795
0.000280969
0.000281386
0.000280731
0.000281372
0.00028027
0.000281331
0.000285411
0.000279972
0.000280523
0.000280858
0.000280265
0.000280684
0.000283645
0.000280895
0.000280297
0.000280552
0.000280413
0.000280782
0.00028078
0.000285395
0.000281021
0.000280995
0.000280931
0.000280725
0.000280707
0.000280869
0.000281176
0.000280944
0.000322396
0.000281363
0.000281007
0.000282487
