0.00225809
0.00222079
0.00208209
0.000930957
0.000931621
0.000930248
0.000949684
0.000931767
0.000932429
0.000934597
0.000931402
0.00094221
0.000931126
0.000937509
0.000932006
0.000949838
0.00093495
0.000932865
0.000939808
0.000962477
0.000940679
0.000931593
0.000930521
0.000942027
0.000930573
0.000932549
0.000931887
0.000942162
0.000932159
0.000930492
0.000943503
0.000945107
0.000932498
0.0009311
0.000931426
0.000930585
0.000936422
0.000930526
0.000931195
0.000931331
0.000947918
0.000941287
0.000939835
0.000930708
0.000937684
0.000930705
0.000930374
0.000932034
0.000964218
0.000931215
0.000931426
0.000933326
0.00095094
0.000937899
0.000931939
0.000931696
0.000935253
0.000931198
0.000930298
0.000932909
0.000931222
0.000936046
0.000931207
0.000944051
0.000938902
0.000944628
0.000931775
0.000932153
0.000931438
0.000936041
0.000930755
0.000930066
0.000931602
0.000936094
0.00094179
0.000939563
0.000930972
0.000943143
0.000930704
0.000932942
0.000932106
0.000931531
0.000936115
0.000934634
0.000931094
0.000941041
0.000948708
0.000948589
0.000930996
0.000930129
0.000942855
0.00093158
0.000989616
0.00093052
0.000942705
0.000948692
0.00098689
0.000939479
0.000936945
0.000931261
0.00093465
0.000931802
0.000942379
0.000931088
0.000932932
0.000930296
0.000931467
0.000946407
0.000940043
0.00093193
0.000931684
0.000936204
0.000932015
0.000931156
0.00093163
0.000941427
0.000930548
0.000934
0.000941716
0.000944049
0.000931965
0.000929698
0.000931298
0.000939107
0.000932112
0.000931962
0.000930233
0.000941865
0.000930647
0.000943665
0.000940386
0.000931778
0.000936615
0.000931502
0.000931307
0.000934877
0.000936147
0.000931884
0.000930745
0.000930935
0.000950533
0.000938244
0.000930954
0.000931252
0.000937054
0.00093256
0.00093087
0.000930932
0.000936832
0.000931331
0.000931071
0.000943254
0.000943056
0.000943811
0.000932973
0.000931044
0.000931102
0.000937345
0.000932388
0.000931344
0.000931532
0.000936088
0.000940421
0.000938063
0.000930748
0.000943607
0.000930196
0.000929979
0.000931416
0.000939371
0.000930934
0.000931324
0.000930679
0.000947593
0.000940667
0.00093153
0.000931338
0.000931643
0.000942308
0.000931502
0.000932332
0.000931114
0.000936319
0.000931097
0.000942457
0.000939374
0.000938018
0.000934754
0.000931339
0.000932249
0.000941583
0.000930951
0.000932037
0.000931375
0.000935085
0.000941526
0.000940175
0.000931886
0.000980911
0.000941771
0.00093154
0.000931179
0.000944679
0.000972138
0.000934948
0.000930113
0.000943528
0.000946162
0.000931659
0.000931541
0.000931509
0.000935723
0.000930779
0.00093097
0.000930727
0.000940971
0.000932429
0.000940908
0.000938331
0.00093652
0.000930878
0.00093577
0.000929657
0.000930798
0.00093764
0.000929764
0.000931147
0.000930973
0.000951932
0.000938831
0.000932004
0.000930926
0.000935601
0.000930623
0.000930388
0.000931912
0.000935187
0.000931236
0.000933341
0.000945762
0.000950554
0.000932735
0.0009311
0.000930307
0.000931164
0.000936654
0.00093075
0.000930568
0.000930677
0.00093598
0.000942287
0.000938661
0.000931273
0.000942888
0.000931399
0.000931841
0.000935587
0.000938561
0.000931193
0.00093158
0.000931618
0.000945965
0.000938537
0.000932132
0.000931435
0.000947731
0.00098683
0.000931645
0.000931235
0.000930575
0.000936445
0.000930024
0.000942828
0.000942321
0.000936816
0.000931486
0.000930749
0.000931141
0.000940331
0.000931002
0.000929257
0.000931911
0.000935552
0.000942982
0.000937216
0.000930175
0.000936387
0.000929663
0.000931558
0.000930747
0.000932205
0.000934644
0.000931496
0.000930439
0.000942985
0.000945822
0.000933083
0.000931621
0.000930748
0.000935853
0.000931755
0.00093173
0.000930774
0.000993474
0.000932017
0.000943307
0.000937741
0.000937737
0.000935535
0.000944539
0.000962989
0.000936618
0.000931154
0.000932065
0.000931021
0.000932356
0.000952769
0.000940547
0.000931904
0.000928967
0.000938198
0.000931551
0.000930205
0.000931904
0.000936573
0.000935865
0.000930895
0.000941683
0.000949656
0.000930324
0.00093092
0.000930432
0.000937547
0.000931921
0.00093099
0.000930656
0.000936054
0.000930505
0.000942203
0.000941021
0.000932174
0.000941952
0.000930498
0.000936093
0.000931122
0.000938245
0.000931634
0.000931241
0.000930055
0.000945159
0.000938655
0.000931742
0.000931393
0.000942002
0.000931042
0.000931239
0.000931383
0.000936223
0.000930929
0.000930511
0.000944156
0.000939108
0.000935006
0.000930545
0.000931441
0.000932311
0.000941524
0.000930137
0.000931161
0.000931577
0.000935362
0.000942639
0.000938311
0.000932425
0.000938078
0.000929694
0.000930449
0.000941022
0.000941534
0.000930978
0.000931325
0.000930409
0.000948761
0.000939862
0.000929966
0.000931171
0.000930856
0.000936661
0.00093129
0.000932251
0.000930608
0.000944298
0.000930346
0.000942247
0.000939062
0.00093824
0.000931015
0.000930954
0.000932235
0.000935828
0.000931478
0.000930678
0.000930902
0.000940214
0.000941495
0.000938896
0.000931861
0.000931485
0.000936604
0.000979332
0.000932772
0.000931726
0.000946408
0.000930669
0.000930288
0.000942808
0.000965758
0.000962472
0.000931691
0.000932368
0.000936309
0.000932706
0.000932032
0.000930952
0.000935341
0.000932532
0.000941678
0.00093965
0.000942632
0.000933795
0.000931367
0.000931302
0.000931089
0.000935962
0.000930939
0.000931555
0.000931886
0.000947945
0.000938879
0.000930671
0.000932169
0.000941444
0.000931382
0.000931882
0.000932238
0.000936654
0.000930824
0.000935668
0.000942621
0.000944596
0.00093084
0.000930684
0.000932233
0.00093128
0.000930876
0.000930482
0.000960359
0.000955695
0.000963917
0.000975078
0.000938725
0.000930604
0.000936465
0.000930471
0.000934446
0.000930296
0.000941303
0.000930403
0.000930869
0.00092991
0.000947379
0.000937626
0.000931751
0.00093109
0.000937296
0.000930369
0.000931529
0.000931641
0.000931136
0.000940632
0.00093224
0.000945449
0.000937467
0.000936903
0.00093106
0.00093074
0.000930648
0.000935361
0.000931566
0.000930597
0.000932802
0.000941329
0.000940061
0.000967227
0.000959531
0.000936383
0.000931388
0.000930922
0.000935369
0.000937052
0.000930106
0.00093194
0.000930402
0.000941193
0.000949105
0.000931876
0.000931983
0.000931273
0.000935437
0.000931486
0.000930652
0.000931659
0.000935182
0.000930482
0.000942728
0.000986017
0.000951944
0.000931139
0.00093067
0.000931247
0.000936887
0.000931364
0.000931014
0.00094741
0.000967944
0.000943056
0.000938393
0.000930365
0.000930595
0.000942032
0.000931275
0.000930707
0.000930192
0.000940238
0.000932009
0.000930443
0.00094749
0.000944839
0.000930227
0.000930526
0.000929801
0.000941076
0.0009299
0.000932061
0.000931143
0.000934447
0.000930889
0.000942181
0.000939712
0.000931427
0.000939158
0.000931229
0.000929808
0.000931773
0.00094069
0.000930253
0.000932246
0.00093205
0.000945219
0.000937582
0.000931816
0.000929965
0.000937616
0.000931056
0.000931686
0.000932297
0.000940443
0.000931593
0.000934843
0.000941342
0.000943631
0.00093072
0.000930708
0.000930438
0.000931523
0.000934551
0.000932501
0.000930624
0.000931497
0.00094104
0.000944374
0.000938986
0.000931153
0.000936195
0.000930368
0.000941335
0.000931854
0.000936381
0.000933109
0.000933424
0.000930982
0.000952662
0.000938813
0.000930879
0.000931085
0.000929827
0.000937192
0.000930724
0.000931269
0.000930742
0.000936263
0.000930471
0.000947237
0.00093872
0.000941644
0.00093147
0.000930228
0.00093141
0.000935351
0.000930619
0.000930809
0.000929803
0.000935886
0.000948559
0.000939551
0.000931428
0.000953671
0.000931128
0.000951647
0.000931273
0.000936033
0.000995553
0.000931662
0.000931362
0.000946449
0.000956191
0.000931644
0.000930897
0.000934415
0.000942986
0.00094665
0.000966992
0.000932049
0.000936264
0.000931373
0.000944964
0.000938527
0.000939025
0.000931641
0.000930909
0.000933652
0.000941106
0.000932424
0.000933013
0.000931357
0.000931688
0.000947134
0.000938814
0.000931378
0.000931788
0.000935334
0.00093173
0.000931168
0.000931553
0.000948158
0.00093001
0.000930606
0.000940597
0.000946176
0.000932449
0.000930802
0.00093127
0.000936758
0.000929895
0.000931605
0.00093104
0.000930958
0.000941457
0.000940956
0.000937488
0.000932484
0.000937207
0.000939005
0.000931089
0.000930617
0.000936857
0.000931222
0.000931334
0.000932054
0.000953356
0.000938641
0.000931126
0.000931652
0.000938569
0.000929611
0.000931257
0.000931497
0.000935182
0.000931097
0.000935055
0.000939926
0.000936935
0.000942073
0.000932098
0.000929974
0.000932359
0.000937539
0.000932771
0.000931517
0.000932572
0.000935973
0.00094129
0.000939101
0.000932653
0.000942224
0.00093193
0.000939559
0.00093121
0.000936875
0.00093145
0.000931394
0.000931267
0.000941079
0.000942154
0.000931014
0.00093197
0.000931112
0.000940976
0.000932258
0.000930401
0.000932033
0.000937975
0.0009304
0.000942597
0.000941685
0.000937167
0.000931155
0.000981006
0.000930887
0.000945913
0.00092967
0.000930838
0.000932454
0.000936745
0.000945777
0.000937082
0.000931019
0.000945774
0.000936488
0.000960162
0.000930621
0.000934203
0.000942852
0.000932585
0.000931777
0.000941812
0.000943668
0.000930841
0.000931176
0.000931257
0.000936247
0.000931699
0.000930728
0.000931376
0.000940652
0.000930792
0.000941167
0.000937023
0.000940565
0.000930842
0.00093222
0.000930211
0.000932198
0.000938096
0.000931477
0.000930665
0.000931314
0.000949973
0.000937611
0.000931304
0.000931331
0.000937746
0.000932383
0.0009316
0.000930463
0.000936059
0.000933946
0.000930866
0.00094223
0.000950614
0.000931462
0.000931262
0.000930577
0.000931409
0.000936046
0.000930941
0.000932546
0.000931167
0.000936971
0.000940429
0.000937743
0.000931549
0.0009436
0.000935101
0.000930806
0.000931102
0.000938055
0.000933
0.000932228
0.000933873
0.000944809
0.00093956
0.000932964
0.000931602
0.00093109
0.000942346
0.000931618
0.000930868
0.000930699
0.000938553
0.000935169
0.000941182
0.00093798
0.000937781
0.000930367
0.000930241
0.000930473
0.000942848
0.000932224
0.000929805
0.000930154
0.000936239
0.000941046
0.000940032
0.000931164
0.000937212
0.000931639
0.000930907
0.000934268
0.000932465
0.000941657
0.000931805
0.000930829
0.000988672
0.000950459
0.000931533
0.000930523
0.000931386
0.000936168
0.000931729
0.000930653
0.000931736
0.00094197
0.000937352
0.000954662
0.00096948
0.000937942
0.000931144
0.00093095
0.000930251
0.000937493
0.000934101
0.000931129
0.00093141
0.000932141
0.000950413
0.000939366
0.00093056
0.000931694
0.000935862
0.000931099
0.000929833
0.000934465
0.000936069
0.000931522
0.000931051
0.000942187
0.000951572
0.000931158
0.000930829
0.000931623
0.000936369
0.000931471
0.000931636
0.000930503
0.000931368
0.000935522
0.000941447
0.000940057
0.000931044
0.000945819
0.000931392
0.000931989
0.000931323
0.000935363
0.000930273
0.000931849
0.000932651
0.000946827
0.000939201
0.000930947
0.000931147
0.000942544
0.000931165
0.000931843
0.000931794
0.00093035
0.000938873
0.000931541
0.000940271
0.000938749
0.000936242
0.000931761
0.000929253
0.000931586
0.000940195
0.000930404
0.000931506
0.000930836
0.000935957
0.000942611
0.000936969
0.000932233
0.000936127
0.00093588
0.000929738
0.000930644
0.000941184
0.000931078
0.000931977
0.00093154
0.000942533
0.000943334
0.000929691
0.000930548
0.000931304
0.000937618
0.000960813
0.000930425
0.000930931
0.00094211
0.000931142
0.000942703
0.000937352
0.00093723
0.000930465
0.000931427
0.000930803
0.00093444
0.000980238
0.000930974
0.000931253
0.000930462
0.00095821
0.000938798
0.000930813
0.000931042
0.000937096
0.000931215
0.000934634
0.000930449
0.000949865
0.000962116
0.00098502
0.000945456
0.000949801
0.000931395
0.000931549
0.000930227
0.000936395
0.000932039
0.000931219
0.000931533
0.00093583
0.000931017
0.000942027
0.0009419
0.000932182
0.000931108
0.000933357
0.000932179
0.000931444
0.000935754
0.000930109
0.000931777
0.000932549
0.00094683
0.000937542
0.00093376
0.000931068
0.000941933
0.000932591
0.000931437
0.000932129
0.000938965
0.000931504
0.000934456
0.000941455
0.000945169
0.000931898
0.000930272
0.000932129
0.000930335
0.000940999
0.00093052
0.000930384
0.000930752
0.000935985
0.000940249
0.000937978
