0.00153455
0.00154125
0.00152217
0.0015184
0.00153185
0.00152474
0.00152521
0.00153411
0.0015148
0.00156
0.00151814
0.0015239
0.00151114
0.00150866
0.00153715
0.00151338
0.00152554
0.00151917
0.00151048
0.00151608
0.0015094
0.00152404
0.00152536
0.00150989
0.00151548
0.0015107
0.00151096
0.00151541
0.00152515
0.00152648
0.00151051
0.00150904
0.00151504
0.00151072
0.00151003
0.00153109
0.00151444
0.00152803
0.00151049
0.00151072
0.00151435
0.00150934
0.00152952
0.00151434
0.0015175
0.00152268
0.00151048
0.00151541
0.00151758
0.00152362
0.00156428
0.00150974
0.00151185
0.00150851
0.00151049
0.00151483
0.00153791
0.00155826
0.00152295
0.00150955
0.00152205
0.00152839
0.00151451
0.0015341
0.00151303
0.00151251
0.00150856
0.00150798
0.00152041
0.00151749
0.00152856
0.0015135
0.00150851
0.00151539
0.00150834
0.00150929
0.00152054
0.00152369
0.00151895
0.0015091
0.00151594
0.00151436
0.00150666
0.00151893
0.0015247
0.0015135
0.0015151
0.00150919
0.00151304
0.00150732
0.00151661
0.0015335
0.00151534
0.00150788
0.00151038
0.00150798
0.00151422
0.00150838
0.0015221
0.00153119
0.00151086
0.00151832
0.00151092
0.00151
0.0015163
0.00153083
0.00152599
0.00151193
0.00150932
0.00151589
0.0015108
0.00151025
0.00153357
0.0015164
0.00152123
0.00155225
0.00151014
0.00152752
0.00151127
0.00153127
0.00151432
0.00151064
0.00157436
0.00150997
0.00151722
0.00150989
0.00152517
0.00152101
0.00151001
0.00152375
0.00150945
0.00151071
0.00151428
0.00152622
0.00151467
0.00151159
0.0015088
0.00152114
0.00150989
0.00151015
0.00153382
0.00151515
0.00152094
0.00151866
0.00151057
0.0015211
0.00150978
0.00152729
0.00151441
0.00151083
0.00151488
0.00150895
0.00151758
0.001508
0.00152675
0.00151899
0.00150811
0.00150781
0.00151614
0.00150843
0.00152013
0.00152509
0.00151283
0.00151398
0.00150768
0.00152113
0.00150925
0.00150918
0.00153438
0.00151371
0.0015149
0.00150891
0.00150752
0.00151387
0.00150942
0.00152778
0.00152915
0.00150988
0.00151388
0.00150913
0.0015547
0.00152698
0.00152351
0.00152545
0.00151044
0.00150825
0.00152223
0.00152254
0.00154474
0.00152443
0.00151355
0.00152111
0.00150807
0.00151075
0.00151114
0.00151114
0.00153065
0.00152045
0.00151026
0.00152408
0.0015406
0.00151696
0.00150938
0.00152337
0.00152219
0.00150981
0.00152224
0.00151461
0.00150895
0.00151413
0.00152427
0.00151977
0.00151071
0.00150976
0.00152194
0.00150942
0.00150982
0.00153038
0.00151774
0.00151567
0.00150964
0.00150856
0.00152251
0.00151088
0.00152976
0.00151384
0.00150999
0.00151488
0.00150935
0.00152524
0.00151082
0.00152503
0.00152056
0.00151078
0.00150962
0.00151545
0.00150858
0.00152014
0.00152432
0.00151655
0.0015154
0.00150989
0.00151437
0.00151035
0.00150957
0.0015848
0.00151386
0.00151332
0.00150853
0.00150837
0.00151667
0.00150733
0.00152193
0.0015275
0.00154026
0.00151594
0.00150882
0.00150835
0.00151402
0.00152298
0.00152946
0.00150804
0.00150901
0.00151399
0.00150763
0.00151679
0.00152303
0.00151298
0.00152211
0.00150999
0.00151423
0.00151275
0.00150998
0.00152962
0.00151233
0.00150766
0.00152265
0.00150812
0.00151409
0.0015073
0.00152536
0.00152176
0.00151479
0.00152314
0.00150998
0.00151088
0.00151613
0.00152634
0.00151943
0.00151094
0.00151013
0.00152124
0.00151338
0.00151116
0.00152986
0.00151417
0.00151638
0.00151001
0.00150999
0.00152259
0.00150789
0.00152891
0.00151421
0.00151256
0.00151933
0.00150917
0.00152227
0.00150908
0.00152403
0.00152129
0.00155427
0.00152267
0.00151112
0.00150909
0.00152414
0.00152684
0.00151213
0.00151688
0.00151046
0.0015593
0.00150819
0.00151098
0.00153339
0.00151552
0.00151859
0.00151024
0.0015104
0.00151374
0.00150702
0.00153503
0.00151247
0.00150801
0.00151513
0.00150903
0.0015098
0.00151813
0.00152397
0.001526
0.00151031
0.00150766
0.00151459
0.00150719
0.00151425
0.00152333
0.00151302
0.00152168
0.00150876
0.0015144
0.00150733
0.0015094
0.00153448
0.00151183
0.00150827
0.00152152
0.00150918
0.00151498
0.00151363
0.00152269
0.00151924
0.00150987
0.00151792
0.00150977
0.00150982
0.0015129
0.0015223
0.00151844
0.00150775
0.00151048
0.00152074
0.00150838
0.00152379
0.00154762
0.00152296
0.00156013
0.00150993
0.00154937
0.0015328
0.00150951
0.00153917
0.00151552
0.00150846
0.00151557
0.00150891
0.00152078
0.00152637
0.00156388
0.00152306
0.00150866
0.00151621
0.00150935
0.00150965
0.00152006
0.00152407
0.00151936
0.00151067
0.00150817
0.0015145
0.00150905
0.0015088
0.00154157
0.001514
0.00151709
0.00150998
0.00150978
0.00151565
0.00150981
0.00153451
0.00151383
0.00150993
0.00152345
0.00150983
0.00151456
0.00151142
0.0015237
0.00152574
0.00151086
0.00151474
0.00152036
0.0015078
0.00152051
0.00153156
0.00151382
0.00152071
0.00150739
0.00151299
0.00150817
0.00150872
0.00152605
0.00151372
0.00151967
0.00151122
0.00150708
0.00151435
0.0015096
0.00152367
0.00151955
0.00150861
0.00151975
0.00150898
0.00150831
0.00155301
0.00153165
0.00152454
0.0015107
0.0015091
0.00151981
0.00150902
0.00151402
0.00152335
0.00151384
0.00152757
0.00159434
0.00152245
0.00150725
0.00150787
0.00152763
0.00151337
0.00150831
0.00151532
0.00150684
0.00152057
0.00151043
0.00152986
0.00152121
0.00150903
0.00151493
0.00151072
0.00151006
0.00152046
0.00152535
0.00151806
0.00150953
0.00150974
0.00151978
0.00150999
0.00151038
0.00153639
0.00151407
0.00151774
0.00151022
0.0015094
0.00151538
0.00150934
0.00154189
0.00151852
0.00150974
0.00151456
0.0015087
0.00151517
0.00150811
0.00152328
0.00152608
0.00150978
0.00150917
0.00151923
0.0015082
0.00151531
0.00152349
0.00151522
0.00152327
0.00150974
0.00151701
0.00151014
0.00151182
0.00156669
0.00151851
0.0015274
0.00150867
0.00150818
0.00151358
0.00150847
0.00152753
0.00151267
0.0015086
0.00152067
0.0015207
0.00154461
0.00151485
0.00152257
0.00151928
0.00150862
0.00150917
0.00152023
0.00150983
0.00151365
0.00152425
0.00151818
0.00151528
0.0015084
0.00151865
0.00150788
0.00150849
0.00152802
0.00151474
0.00150877
0.00151594
0.00150968
0.00152445
0.00150847
0.00152253
0.00151936
0.00150926
0.00151327
0.0015099
0.0015089
0.00152045
0.00152318
0.00152109
0.00150971
0.00150766
0.00151514
0.00151014
0.00151021
0.00153699
0.00151321
0.00151501
0.00150825
0.00150806
0.0015178
0.00150873
0.00153334
0.0015159
0.00151031
0.00151536
0.00150942
0.00151814
0.00151014
0.00152466
0.00152588
0.00154843
0.00151034
0.00150955
0.00150836
0.00151447
0.00152537
0.00151128
0.00152519
0.00150862
0.00151653
0.00151359
0.00151123
0.00154514
0.00154124
0.00152074
0.00150861
0.00150958
0.00151471
0.00150712
0.00152999
0.00151473
0.00151279
0.00151965
0.00150977
0.00150909
0.00151646
0.00152333
0.00151885
0.00150969
0.00151075
0.00151903
0.00151017
0.00151757
0.00152314
0.00151309
0.00151353
0.00150973
0.00151744
0.00150819
0.00150704
0.00153078
0.00151285
0.00151341
0.00151572
0.00150974
0.00152084
0.00150923
0.00152487
0.00157358
0.0015102
0.00151284
0.00150991
0.00150963
0.00152255
0.00152298
0.00151833
0.00150865
0.00150759
0.00151191
0.00150705
0.00150926
0.00153538
0.00151228
0.0015162
0.00151244
0.00172912
0.00151713
0.0015099
0.0015406
0.00151315
0.0015083
0.00152373
0.00150908
0.00152614
0.00151444
0.00152405
0.00152619
0.00150902
0.0015611
0.00150894
0.00151
0.00151391
0.00152373
0.00152606
0.00150959
0.00151465
0.00151523
0.00150984
0.00150965
0.00153007
0.00151384
0.00152161
0.00151114
0.00150879
0.00151544
0.00151417
0.00152969
0.00151571
0.00151022
0.00151986
0.0015095
0.00151475
0.00150961
0.00152523
0.00152049
0.00151081
0.00151376
0.00152155
0.0015115
0.00151601
0.00152501
0.00151415
0.00151565
0.00150892
0.0015214
0.00150767
0.00151013
0.0015347
0.00151503
0.00151687
0.00151056
0.00150959
0.00152088
0.00151015
0.00152268
0.00151227
0.00150961
0.00151705
0.00150783
0.0015092
0.00156607
0.00153972
0.00153993
0.00151278
0.00151648
0.00155472
0.00151083
0.00153959
0.0015462
0.00151374
0.00154248
0.00151164
0.00152774
0.00153235
0.00156328
0.00156473
0.00151441
0.00152047
0.00152639
0.00188326
0.00222352
0.00205944
0.00160172
0.00151139
0.00152566
0.0015085
0.00152049
0.00150958
0.00150817
0.00154671
0.00150739
0.00150947
0.00151407
0.00151359
0.00152928
0.00150992
0.00151059
0.00152068
0.00151673
0.00151528
0.00151104
0.0015102
0.00151568
0.00150922
0.00152101
0.00150979
0.00150991
0.00151451
0.00150998
0.00150968
0.0015153
0.00150979
0.00152075
0.00151009
0.00151095
0.00152371
0.001515
0.00153733
0.00153034
0.00150964
0.00153537
0.001511
0.00151514
0.00150861
0.00155688
0.00152162
0.00151122
0.00150965
0.00151096
0.00151069
0.00152469
0.00151924
0.00157439
0.00153205
0.00151964
0.00153114
0.00151045
0.00150932
0.0015376
0.00155134
0.00152478
0.00150802
0.00151343
0.0015334
0.00151052
0.0015233
0.00150738
0.00150867
0.00151512
0.00150938
0.00150785
0.00151594
0.00150964
0.00153431
0.00150954
0.00150871
0.00151884
0.00150822
0.00151848
0.00150928
0.0015093
0.00151616
0.00151432
0.00155027
0.00150942
0.00150794
0.00151914
0.00151077
0.00150936
0.00150774
0.00150993
0.00151459
0.00151087
0.00150976
0.00152287
0.00151002
0.00151386
0.00150959
0.00150862
0.00151297
0.00150787
0.00151709
0.00150815
0.00151439
0.0015195
0.00151277
0.00151077
0.00152376
0.00151026
0.00156598
0.0015099
0.00151044
0.00152503
0.00150923
0.00152557
0.00151066
0.00150972
0.0015488
0.00151107
0.00151425
0.00150901
0.00151133
0.00151639
0.0015246
0.00154839
0.00151468
0.00151033
0.00151518
0.00151149
0.00151029
0.00151583
0.00150863
0.00152175
0.00150951
0.00151063
0.00151867
0.00151035
0.00151506
0.00150972
0.0015118
0.0015216
0.00151162
0.00151567
0.00151093
0.00150976
0.00151622
0.00151597
0.00150993
0.00152271
0.00150925
0.00151758
0.00150989
0.00150786
0.00151426
0.00150918
0.00151913
0.00150898
0.00151394
0.00151682
0.0015095
0.00151452
0.00150778
0.00150895
0.00151955
0.00151061
0.00150821
0.00151487
0.00151242
0.00151304
0.00150939
0.00150757
0.00151807
0.00150842
0.00151431
0.00154996
0.00150967
0.00152106
0.00150772
0.00152703
0.00150911
0.0015083
0.00151414
0.00150789
0.00150924
0.00151454
0.00150911
0.00152011
0.00150776
0.00151432
0.00167941
0.00154671
0.00152364
0.0015313
0.00150996
0.00152505
0.00151651
0.00151384
0.00151086
0.00151011
0.00151822
0.00150951
0.00152066
0.0015106
0.0015083
0.00151447
0.00150956
0.00150902
0.00154128
0.00150696
0.00158421
0.00151352
0.00154398
0.00151509
0.00154746
0.00152213
0.00154759
0.00154105
0.00152324
0.00150935
0.00151474
0.00151278
0.00150917
0.00151405
0.00150975
0.00150964
0.00151047
0.0015088
0.00151545
0.00150877
0.00150971
0.00151599
0.00151365
0.00151891
0.00150961
0.00150815
0.00154744
0.00151003
0.00151398
0.00150879
0.00154674
0.00152904
0.00151186
0.00151633
0.00151004
0.00154666
0.00151888
0.00153691
0.00154371
0.00152103
0.00150765
0.00151748
0.00150689
0.0015117
0.00151542
0.00150785
0.00153171
0.00151399
0.00150727
0.00151405
0.00150869
0.00151368
0.00150878
0.00320609
0.00150833
0.00151338
0.00150906
0.00150956
0.00151226
0.00150668
0.00150822
0.00151958
0.00150859
0.00151368
0.00151114
0.00153943
0.00151336
0.00150741
0.00151779
0.00150735
0.00150903
0.00151394
