0.0027266
0.00267499
0.00267902
0.00240677
0.00203556
0.00206031
0.00204333
0.00207672
0.00203215
0.00205799
0.00203077
0.0020456
0.00203162
0.00203771
0.00204285
0.00202999
0.00203752
0.00203123
0.00203556
0.00203205
0.00204307
0.00203256
0.00203714
0.00203047
0.00203528
0.00204096
0.00210041
0.00203092
0.00203894
0.00202983
0.00205812
0.00203185
0.00204361
0.00211889
0.00204843
0.00203291
0.00203225
0.00204396
0.00203149
0.00203718
0.00203215
0.00208325
0.00203256
0.00204411
0.00203396
0.00203795
0.00203219
0.00203914
0.00203593
0.00204323
0.00203154
0.00203784
0.0020326
0.00203607
0.00203281
0.00204447
0.0020399
0.00203938
0.00203316
0.00203775
0.00204547
0.00203131
0.0020381
0.00203408
0.00204041
0.00203149
0.00204382
0.00203369
0.00203698
0.00203131
0.00205245
0.00203361
0.0020479
0.00203181
0.00203691
0.00208394
0.00203776
0.00203183
0.00204296
0.00203196
0.00203996
0.00203285
0.00203821
0.00204297
0.00203012
0.00203672
0.00202974
0.00203642
0.00203529
0.00204364
0.00207311
0.00204563
0.00203297
0.00203631
0.00202948
0.00204475
0.00203468
0.00203758
0.00202996
0.00203574
0.00203147
0.00204291
0.00203156
0.00203772
0.00203557
0.00203782
0.00203282
0.00204406
0.00203732
0.00203346
0.00204055
0.00203244
0.00204757
0.00203113
0.00203787
0.00203115
0.00203654
0.00203316
0.00204361
0.002032
0.00204094
0.0020327
0.00203819
0.00203442
0.00208764
0.00203138
0.00203694
0.00203354
0.00204358
0.00203286
0.00204442
0.0020375
0.00203381
0.00203651
0.00203088
0.00204315
0.00203744
0.00203942
0.00203122
0.00208429
0.00203201
0.00204424
0.00203258
0.00203735
0.00203517
0.00203702
0.00203244
0.00204186
0.00203187
0.00203791
0.00203403
0.00203753
0.0020367
0.00204585
0.00203126
0.00203125
0.00204048
0.00203107
0.00204226
0.00203149
0.00204152
0.00203279
0.00203713
0.00203189
0.0020439
0.00203271
0.00203627
0.00203254
0.00204009
0.00203226
0.0020414
0.00203047
0.0020358
0.00204656
0.00206791
0.00203269
0.00204739
0.00203216
0.00203765
0.0020377
0.00203236
0.00204183
0.00203148
0.00203649
0.00203685
0.00203643
0.00203273
0.00204165
0.00207031
0.00204398
0.0020334
0.00203777
0.00203603
0.00204224
0.00203232
0.00203754
0.0020335
0.00203667
0.00203347
0.00204609
0.00203618
0.00203974
0.00203508
0.0020327
0.00204332
0.00203699
0.00203617
0.00203513
0.00204307
0.00203212
0.00204555
0.00203394
0.00203985
0.00203291
0.00203841
0.00203476
0.00204866
0.00203506
0.00204032
0.00203291
0.00203915
0.00203282
0.00205685
0.00206184
0.00204383
0.00203146
0.00203887
0.00204351
0.00203184
0.00203813
0.00203317
0.0020369
0.00203311
0.00204434
0.00203337
0.00203625
0.00203131
0.00208529
0.00203154
0.00204706
0.00203271
0.00203878
0.00203168
0.00203634
0.00203279
0.00204269
0.00203319
0.00204127
0.00203298
0.00204029
0.00204428
0.00203345
0.0020383
0.00203129
0.00203625
0.0020342
0.00204346
0.00203428
0.00203714
0.00203225
0.00203639
0.00203123
0.00204152
0.00203584
0.00203707
0.00203305
0.0020378
0.00203198
0.00204222
0.00203207
0.00203883
0.00205129
0.00207124
0.00203332
0.00204296
0.00203937
0.00203247
0.00204251
0.00203255
0.00204989
0.00203629
0.002058
0.00204004
0.00205129
0.00203191
0.0020472
0.0020768
0.00205005
0.00203428
0.00203939
0.00203388
0.00204454
0.00203271
0.00203901
0.00203396
0.00206692
0.00204042
0.00203401
0.00203713
0.00203471
0.00203625
0.00203189
0.00204421
0.00203717
0.00204012
0.00203293
0.0020384
0.00203297
0.00204315
0.00203496
0.00204353
0.00204837
0.00203672
0.00203169
0.00204472
0.0020318
0.00203709
0.00203992
0.00203886
0.00203571
0.00205954
0.00207585
0.00203075
0.00203657
0.00203191
0.00204473
0.00203297
0.00203965
0.00203272
0.00203634
0.00203188
0.00204225
0.00203372
0.0020391
0.00203319
0.00209561
0.00203293
0.00204379
0.00203234
0.00203952
0.00203293
0.00204106
0.00203191
0.00204877
0.00203735
0.00203324
0.00203725
0.00202979
0.00204259
0.00203241
0.00203922
0.00203795
0.00203669
0.0020343
0.00204149
0.00203204
0.00204005
0.00203089
0.00203699
0.00203575
0.00204202
0.0020341
0.00203758
0.00203349
0.00203975
0.00203512
0.002045
0.00203742
0.00203312
0.00205345
0.00206279
0.00209655
0.00203249
0.00203785
0.00203155
0.00204226
0.00203371
0.00204572
0.00203395
0.00203798
0.00203422
0.0020393
0.00203339
0.00204965
0.00208496
0.00204985
0.00203425
0.00203876
0.00203382
0.00204585
0.00203921
0.00203777
0.00203767
0.00203466
0.00204382
0.00203287
0.00203713
0.0020323
0.00204232
0.00203308
0.00204427
0.00203413
0.00204094
0.00203239
0.00203667
0.00203128
0.00204676
0.00203335
0.00203658
0.00203281
0.00203719
0.00203297
0.00204498
0.00203289
0.00204277
0.00203735
0.00203416
0.00204175
0.00203264
0.00208256
0.00203353
0.00203622
0.00203553
0.00204323
0.00203216
0.00209362
0.00203161
0.00203753
0.00203226
0.00204233
0.00203706
0.00204044
0.00203164
0.00207959
0.00203412
0.00205712
0.00203328
0.00203354
0.00204183
0.00203399
0.00204464
0.00203343
0.00203919
0.0020328
0.00203741
0.00203337
0.00204646
0.00203464
0.0020389
0.00203344
0.00203791
0.00203251
0.00204178
0.00203242
0.00204334
0.00203053
0.00203986
0.00203402
0.00204422
0.00203183
0.00203793
0.0020374
0.0020371
0.00204488
0.0020339
0.00203888
0.00204502
0.00204127
0.00207709
0.00204493
0.00203836
0.00203938
0.00203118
0.00203801
0.00203347
0.0020433
0.00203375
0.00203849
0.00216833
0.00205026
0.00203318
0.00205699
0.00208478
0.00203132
0.00204844
0.00203176
0.00204462
0.00203276
0.00203648
0.00203137
0.00203692
0.00203032
0.00204421
0.00203189
0.00204178
0.00203288
0.00203721
0.00203118
0.00204243
0.00203103
0.00203562
0.0020316
0.00203872
0.00203218
0.00204487
0.00203075
0.00203603
0.00203696
0.00203185
0.00204132
0.00203678
0.00204199
0.00203442
0.0020384
0.00203449
0.00204359
0.00203241
0.00208533
0.00203456
0.00203771
0.00203284
0.00204217
0.00203349
0.00203855
0.0020311
0.00203883
0.00205685
0.00209682
0.00204482
0.00204569
0.00207484
0.0021171
0.00209659
0.00205584
0.00205528
0.00204212
0.00206112
0.00205103
0.0020849
0.00204551
0.00206851
0.00206578
0.0020656
0.0020478
0.0020572
0.00204723
0.00204238
0.00204728
0.00204119
0.00207867
0.00204023
0.00206136
0.00205071
0.00204717
0.0020436
0.00205286
0.00203998
0.00204779
0.00204098
0.00204538
0.00204144
0.0020542
0.00204265
0.00204647
0.00204082
0.00206563
0.00208954
0.002042
0.00206162
0.00204869
0.0020807
0.00204355
0.00205262
0.00204144
0.00204589
0.00204644
0.0020823
0.00204893
0.0020692
0.00209696
0.00205039
0.0020517
0.00204895
0.00205693
0.0020345
0.00205383
0.00203297
0.00204474
0.00203273
0.00206124
0.00203346
0.00205363
0.00203762
0.00203798
0.00203395
0.00204369
0.00204616
0.00206041
0.00203454
0.00203835
0.00203307
0.00204527
0.00203401
0.00203694
0.0020334
0.00203429
0.00204386
0.00203288
0.0020377
0.00203454
0.0020373
0.0020336
0.00206317
0.00203556
0.00205841
0.00207441
0.00203911
0.00203298
0.00204477
0.00203336
0.00204205
0.00203342
0.00203871
0.00203319
0.00204491
0.00203502
0.00203937
0.00203314
0.00208531
0.00204817
0.00203394
0.0020387
0.00203382
0.00203752
0.00203246
0.00204524
0.00203753
0.00203687
0.00203131
0.0020387
0.00203265
0.00204492
0.0020317
0.00203837
0.00203712
0.00203677
0.00203088
0.00204465
0.00203358
0.00204035
0.00203124
0.00203744
0.00204591
0.00203416
0.00203731
0.00203139
0.00203732
0.00203087
0.00204357
0.00203179
0.0020416
0.00203313
0.0020367
0.00204594
0.00207079
0.00203218
0.00203695
0.00203358
0.00203939
0.00203141
0.00204337
0.00203689
0.00203883
0.00203306
0.00204026
0.00203358
0.00203797
0.00208449
0.00203289
0.00203793
0.00203425
0.00204986
0.00203476
0.00204053
0.00203632
0.00204521
0.00203114
0.00204741
0.00203371
0.00204699
0.00203456
0.00203992
0.00203703
0.00204289
0.00203366
0.00203925
0.00203568
0.00203926
0.00203292
0.00204257
0.00204045
0.00203322
0.0020384
0.00203216
0.00204376
0.00203303
0.00204002
0.0020339
0.00204789
0.00203228
0.00204332
0.00203354
0.00205615
0.00206319
0.0020359
0.00203222
0.00204605
0.00203289
0.00203861
0.00203307
0.00203798
0.00203229
0.00204439
0.00203832
0.0020351
0.00203561
0.00207347
0.00204921
0.00203444
0.00203674
0.00203397
0.00203874
0.00203611
0.00204494
0.00203219
0.00203843
0.00203173
0.00203644
0.00203293
0.00204231
0.00203652
0.00203774
0.00203164
0.00203612
0.00203184
0.00204433
0.00203212
0.00203274
0.00204105
0.00203207
0.00204145
0.00203313
0.00204196
0.00203181
0.00203718
0.00203215
0.00205153
0.00203341
0.0020386
0.00203588
0.00203757
0.00203349
0.00207077
0.00203173
0.00203938
0.00203377
0.00204398
0.0020352
0.00204806
0.00203402
0.00203924
0.00204002
0.00203417
0.00205347
0.00203326
0.00208537
0.00203393
0.00203732
0.00203224
0.00204706
0.00203226
0.00203845
0.00203464
0.00203895
0.00203382
0.00204583
0.00203492
0.00204275
0.00203397
0.00203918
0.00203399
0.00204713
0.00203618
0.00203986
0.00203622
0.00203681
0.00204417
0.00203365
0.00203722
0.00203335
0.00203871
0.00203362
0.00204209
0.00203709
0.00203693
0.00203185
0.00203754
0.00203346
0.00204267
0.00203396
0.00203986
0.00207868
0.00204061
0.0020317
0.00204535
0.0020326
0.0020379
0.00203892
0.00203202
0.00204714
0.00203278
0.00204847
0.00203425
0.00203855
0.00207304
0.00204768
0.00203316
0.00204166
0.00203104
0.00203873
0.0020334
0.0020467
0.00203445
0.00203872
0.00203154
0.00204141
0.00203392
0.00204518
0.0020357
0.00203773
0.00203522
0.00203452
0.00204445
0.00203746
0.00203737
0.00203376
0.00203811
0.00203238
0.00204284
0.00203338
0.00203884
0.00203671
0.00204027
0.0020329
0.00204427
0.00203258
0.0021186
0.00212902
0.00207062
0.00203315
0.00211098
0.00209365
0.0020323
0.00203669
0.00203284
0.00204552
0.00203134
0.00204027
0.00203222
0.00203847
0.002033
0.00204331
0.00204309
0.00208744
0.00203354
0.00205034
0.00203403
0.0020432
0.0020322
0.00203685
0.00203204
0.00203964
0.00203111
0.00205309
0.00203842
0.00203392
0.00203771
0.00203272
0.00204168
0.00203337
0.00203827
0.00203852
0.00203971
0.00203177
0.00204402
0.00203274
0.0020387
0.00203123
0.00203882
0.00203939
0.00204452
0.00203443
0.00203813
0.00203195
0.00209596
0.00203329
0.00204477
0.00203489
0.00203466
0.00208002
0.00203406
0.00204475
0.00203453
0.00204031
0.00203725
0.00203884
0.00203473
0.00204253
0.00203255
0.00203895
0.00203378
0.00203959
0.00207737
0.00204776
0.0020323
0.00203806
0.00203249
0.00204052
0.00203302
0.0020458
0.00203709
0.00203409
0.00203711
0.0020337
0.00204156
0.00203374
0.00203831
0.00203597
0.00204232
0.00203298
0.00204329
0.00203322
0.00203813
0.00203275
0.0020384
0.00203312
0.00204867
0.00203311
0.00204036
0.00203284
0.00203736
0.00203252
0.00204454
0.002033
0.00204375
0.00203887
0.00203168
0.00204427
0.00204913
0.00203889
0.00203236
0.00203721
0.00203424
0.00204277
0.00203433
0.00204015
0.00203197
0.00203733
0.00203116
0.0020425
0.00203686
0.00207783
0.00203384
0.00204366
0.00203197
0.00204397
0.00203386
0.00203873
0.00203512
0.00203427
0.002044
0.00203186
0.00203733
0.00203153
0.0020371
0.00203263
0.00204676
0.00203236
0.0020385
0.00203242
0.00203713
0.00203431
0.00204571
0.0020352
0.00204181
0.00203393
0.00203869
0.00203373
0.00204608
0.00203515
