0.00282284
0.00282196
0.00280081
0.00278609
0.00279449
0.00281712
0.00288331
0.00283901
0.00278793
0.00283987
0.00279173
0.00278288
0.00278403
0.00278914
0.0027808
0.00279308
0.00278925
0.00278682
0.00278197
0.00299894
0.00279583
0.00277981
0.00278436
0.00279235
0.00278983
0.00280547
0.00278801
0.00279229
0.00277922
0.00278654
0.00280267
0.00280356
0.00277943
0.00278429
0.00278417
0.00277903
0.002794
0.00278236
0.00278282
0.00278049
0.00279057
0.00278853
0.00283566
0.00278476
0.00278779
0.00278315
0.00278056
0.00278533
0.00279437
0.00277763
0.00278364
0.0027847
0.00277928
0.00277988
0.00279054
0.00278374
0.00277811
0.00278978
0.00278921
0.00278258
0.00279029
0.00279095
0.00278485
0.00277816
0.00278421
0.00279065
0.00278996
0.00280132
0.00278883
0.0027917
0.00278034
0.00279012
0.0027865
0.00277903
0.00279269
0.00278509
0.00278748
0.00278419
0.00283172
0.00283999
0.00278019
0.00278563
0.00278969
0.00278931
0.00278017
0.00278651
0.00279422
0.0027829
0.0027864
0.00278963
0.00278074
0.0027859
0.00278766
0.00279
0.00277763
0.00279293
0.00278663
0.00278051
0.00278552
0.00279
0.00280149
0.00277989
0.00279362
0.00281092
0.00278262
0.00278832
0.0027921
0.00278795
0.0027783
0.00278454
0.00278794
0.00278021
0.00279955
0.00278523
0.00282876
0.00278062
0.00279014
0.00278446
0.00278022
0.00278296
0.00279083
0.00278659
0.00278118
0.00278633
0.00280019
0.00277979
0.00278628
0.00278549
0.00278085
0.00278052
0.00279041
0.00278627
0.00278026
0.00279061
0.00278709
0.00278009
0.00278483
0.00279015
0.00281167
0.00278038
0.0027868
0.00279621
0.00278211
0.00278648
0.00278658
0.0027924
0.00277965
0.00278978
0.0027868
0.00278204
0.00280503
0.00278746
0.00278657
0.00278383
0.00279188
0.00278415
0.00278113
0.00278707
0.00279147
0.00279164
0.00277975
0.00278564
0.00279166
0.00278057
0.00278366
0.00278898
0.00277754
0.00278982
0.00278707
0.00278719
0.00278033
0.00279416
0.00278616
0.0027788
0.0027996
0.00279802
0.00279373
0.00278155
0.00278315
0.00279099
0.00277807
0.00278631
0.00279028
0.00279221
0.00277884
0.00278502
0.0028003
0.00285289
0.00279663
0.00278814
0.00278883
0.00278404
0.00279287
0.00278739
0.00278577
0.00278344
0.00279378
0.00278513
0.00278032
0.00278804
0.00279667
0.00277856
0.00278716
0.00278725
0.00277872
0.00278987
0.00280225
0.00282029
0.00279281
0.0028022
0.00282204
0.0027821
0.00278478
0.00279137
0.00278583
0.00278168
0.00278859
0.0028155
0.00278094
0.00278593
0.00278329
0.00279148
0.00280167
0.00283932
0.00279387
0.00277783
0.00278979
0.00278467
0.0027852
0.00278187
0.00278962
0.00278369
0.00277842
0.00278428
0.00279033
0.00278757
0.00278136
0.00278678
0.00278887
0.00278293
0.00278597
0.00278139
0.00278993
0.0027796
0.002787
0.00278292
0.00279909
0.00280062
0.00278443
0.00277771
0.00278369
0.00278809
0.002788
0.00278278
0.00278332
0.00278888
0.00278167
0.00278954
0.00280424
0.0028211
0.00277953
0.00278374
0.00278357
0.00278123
0.00280189
0.00278557
0.00278695
0.00278064
0.00279104
0.00278703
0.00278333
0.00278566
0.0027893
0.00278331
0.00278097
0.00278587
0.00279656
0.00278127
0.00278739
0.00278571
0.00278212
0.00278342
0.00279839
0.00279684
0.00278047
0.00279012
0.00278418
0.00278371
0.00278441
0.002791
0.00278633
0.00277843
0.00278559
0.00279493
0.00279487
0.0028178
0.0027836
0.00278904
0.00277995
0.0027892
0.00278967
0.00278048
0.00278909
0.00278765
0.00278606
0.00278368
0.00282296
0.00278631
0.00278057
0.00278586
0.00279072
0.00279459
0.00277649
0.0027851
0.00278915
0.00277772
0.00278658
0.00278492
0.00278702
0.00279191
0.00279294
0.00278573
0.00278342
0.00279404
0.00278448
0.00278023
0.00278607
0.00279117
0.00278918
0.00278006
0.00280094
0.00284887
0.00278101
0.00278786
0.00278566
0.00279151
0.00278215
0.00278586
0.00278719
0.00277868
0.0027952
0.00278584
0.00278315
0.00277866
0.00279071
0.00278727
0.00278733
0.00278477
0.00278953
0.00278722
0.00288318
0.00290845
0.00281071
0.00277921
0.00280363
0.00279927
0.00280481
0.00279188
0.00278575
0.00278359
0.00277962
0.0028511
0.00278509
0.00278863
0.00277963
0.00279194
0.00280059
0.00286169
0.00278683
0.00279737
0.00278542
0.00277891
0.00278466
0.00278974
0.00277874
0.00278845
0.00278407
0.00278726
0.00277756
0.00278305
0.00278839
0.00277896
0.00279059
0.00278483
0.00277712
0.00278381
0.0034226
0.00374784
0.00375029
0.00307275
0.00279936
0.00280259
0.00358804
0.0037456
0.00350513
0.00300183
0.00280041
0.00281227
0.00279448
0.0028085
0.00284082
0.00279359
0.00278657
0.00278196
0.00278426
0.00279183
0.00278699
0.00279198
0.00278704
0.00279399
0.00278266
0.00278702
0.00278789
0.0027947
0.00278114
0.00285901
0.00288116
0.00279049
0.00279997
0.00278647
0.00278467
0.00277722
0.00286434
0.00298354
0.00288117
0.00280206
0.00280072
0.0027848
0.00277989
0.00280121
0.00279645
0.0028038
0.00277936
0.00278354
0.00278945
0.00277699
0.00284496
0.00284627
0.00279154
0.00277962
0.0027846
0.00278713
0.00278063
0.00279377
0.0027876
0.00278547
0.00277901
0.00278914
0.00280171
0.00278483
0.00278525
0.00279117
0.0027817
0.00278422
0.00279093
0.00280639
0.0027885
0.00278665
0.00278561
0.0027811
0.00281089
0.00280108
0.00278585
0.00277938
0.00279095
0.00278725
0.00278524
0.00278497
0.00279169
0.00278404
0.0027808
0.0027939
0.00280593
0.00278105
0.00279442
0.00278604
0.00279065
0.00278309
0.00278424
0.00278474
0.00278077
0.00279126
0.00278592
0.00278892
0.00278044
0.00279031
0.00278632
0.00278142
0.00278627
0.00280036
0.00278017
0.00278699
0.00278673
0.00278951
0.00277819
0.00279091
0.00281724
0.00278054
0.00279297
0.00278714
0.00278414
0.00278505
0.00279212
0.00278687
0.00277855
0.00278787
0.00279373
0.00278596
0.0028267
0.0027844
0.00278867
0.00277905
0.00278773
0.00278522
0.00278905
0.00277954
0.00278513
0.00278503
0.0027854
0.00279294
0.00278631
0.00278133
0.00278221
0.00279272
0.0027893
0.00278291
0.00278722
0.00279179
0.00277922
0.00278761
0.00279072
0.0027906
0.002795
0.00279491
0.00278793
0.00278033
0.00279769
0.00278626
0.00278619
0.0027806
0.00279153
0.00278993
0.00278197
0.00278761
0.00283534
0.00278691
0.00278247
0.00278931
0.00279206
0.00278078
0.00278406
0.00278493
0.00279123
0.00278386
0.00278602
0.00278745
0.00278153
0.0027911
0.00278527
0.00278349
0.00278043
0.00279174
0.00278905
0.00278026
0.00278691
0.00279146
0.00277801
0.00278518
0.00279767
0.00280203
0.00277859
0.00278817
0.00278447
0.0027795
0.00279255
0.00278589
0.00278721
0.00278019
0.00279094
0.00278502
0.00282448
0.00278542
0.00279591
0.00278528
0.00278117
0.00278509
0.00279162
0.00278168
0.00279179
0.0027839
0.00279304
0.00278112
0.00278416
0.00278567
0.00278441
0.00278994
0.00278576
0.00278284
0.00278859
0.00279221
0.00278689
0.00278004
0.00279011
0.00279224
0.00278882
0.00279969
0.0027904
0.00279309
0.00277956
0.00278683
0.00278704
0.00278063
0.00279228
0.00278637
0.00278501
0.00278189
0.00283409
0.00278884
0.00278086
0.00278677
0.00279279
0.00278699
0.00278089
0.00279005
0.00279059
0.0027808
0.00286234
0.00287979
0.00282114
0.00278145
0.00278625
0.00278719
0.00277998
0.00279055
0.00278511
0.00282482
0.00277758
0.00279026
0.00278365
0.0027792
0.00279473
0.0028113
0.00278409
0.00277574
0.00278353
0.00278653
0.00278102
0.00278254
0.00278351
0.00277419
0.00279476
0.00278379
0.00284002
0.0027753
0.00279185
0.00280049
0.00277734
0.00278315
0.00279195
0.00278338
0.00277961
0.0027836
0.002791
0.00277968
0.00278988
0.00278414
0.00278718
0.00277949
0.00278514
0.00278428
0.00278205
0.00278881
0.00278501
0.00278465
0.00277841
0.00278951
0.00280405
0.00277874
0.00279413
0.00278927
0.00278007
0.00278817
0.00278639
0.00278973
0.00278075
0.00278386
0.00278577
0.00278769
0.00284384
0.00278415
0.002783
0.00277985
0.00278963
0.00278636
0.00277917
0.0027814
0.00278756
0.00278389
0.00278045
0.00278725
0.00278826
0.00277672
0.00278344
0.00278406
0.00278843
0.00278111
0.00278256
0.00278363
0.00277705
0.00278892
0.00283954
0.00278136
0.00279321
0.00279992
0.00278932
0.00277883
0.00279146
0.00279069
0.00278033
0.00278517
0.00278532
0.00279088
0.00278529
0.00278656
0.00280269
0.00286568
0.00283262
0.00278624
0.00278916
0.00278079
0.00279383
0.00278645
0.00278072
0.00278577
0.00279459
0.00278563
0.00277931
0.00278543
0.00279095
0.00277928
0.00279
0.00278691
0.00279173
0.00278072
0.00278441
0.00279046
0.0027849
0.00278966
0.00280351
0.00278849
0.00278092
0.00279261
0.0027862
0.00278118
0.0027853
0.00279485
0.00277852
0.00278136
0.00278414
0.00279133
0.00279388
0.0028519
0.00278711
0.00278425
0.00278997
0.00278474
0.00278519
0.00277879
0.00279151
0.00279005
0.0027786
0.00278538
0.00279203
0.0027858
0.00277776
0.00279123
0.00278886
0.00277802
0.00278728
0.0027833
0.00279044
0.00278356
0.00278748
0.00278352
0.00279171
0.00280348
0.00278916
0.00278698
0.00278204
0.00279225
0.0027863
0.0027806
0.00279134
0.00279132
0.00278321
0.00278259
0.00280028
0.00286115
0.00278556
0.00278521
0.00278756
0.00278992
0.00280464
0.00278599
0.00279464
0.00278314
0.0027913
0.00278334
0.00277877
0.00278506
0.00279296
0.00278624
0.00277878
0.00278253
0.00278932
0.00277853
0.00279375
0.00278307
0.00279065
0.00277966
0.00279122
0.00280889
0.00278147
0.00279137
0.00278298
0.00278352
0.00277743
0.00279472
0.00278354
0.00277875
0.00278483
0.00278946
0.00280114
0.0028121
0.00278324
0.00278637
0.00277648
0.00278392
0.00287598
0.00289191
0.00278155
0.00278547
0.00278897
0.00278059
0.0027903
0.00278656
0.0027855
0.0027798
0.00279123
0.00278497
0.00278036
0.00282719
0.00279195
0.00278121
0.00280276
0.00278455
0.00281232
0.00278185
0.00278461
0.00278911
0.00278022
0.00279165
0.00278761
0.00278594
0.00277956
0.00279109
0.00278455
0.00278206
0.00280672
0.0027903
0.00280424
0.00278569
0.00279818
0.00280958
0.00278295
0.00278613
0.00278711
0.00279233
0.00277961
0.00278473
0.00278979
0.00278205
0.00279031
0.00278851
0.00278484
0.00278135
0.00279748
0.00279842
0.00278001
0.00278928
0.00279118
0.00278439
0.00278912
0.00279188
0.00279273
0.00278159
0.00278723
0.0027884
0.00278156
0.00279031
0.00278545
0.00278453
0.00277781
0.00279332
0.00279877
0.00281116
0.00278332
0.00278882
0.00278234
0.00278475
0.00278913
0.00279195
0.00278015
0.00278416
0.00278658
0.0027954
0.00278271
0.00278466
0.00278298
0.0027801
0.00279558
0.00279192
0.0027863
0.0027791
0.00279077
0.00278649
0.00278567
0.00278854
0.00279996
0.00278104
0.00278581
0.00278713
0.00279467
0.00278281
0.00278695
0.00278721
0.00277951
0.00279115
0.0027884
0.002787
0.00279609
0.00282262
0.0027865
0.00277891
0.00278838
0.00279136
0.00278814
0.00277802
0.00278666
0.00279045
0.00278477
0.00278374
0.00278702
0.00279156
0.00278296
0.00278704
0.00278738
0.00278087
0.0027892
0.00278394
0.00277922
0.00278274
0.00279209
0.00278441
0.00278716
0.0027908
0.00279013
0.00278267
0.00278387
0.00278483
0.00278953
0.00277848
0.0027849
0.00278998
0.00277824
0.00278953
0.00279824
0.0028124
0.0027794
0.00281889
0.00278154
0.0027787
0.00278474
0.00278976
0.00278648
0.00278356
0.00278667
0.00279048
0.00278074
0.00278309
0.00278642
0.00279363
0.00277779
0.00278779
0.00278276
0.00277817
0.00282283
0.00278651
0.00278244
0.00278557
