0.00367395
0.00361981
0.00361064
0.00366192
0.00362426
0.00362021
0.00361234
0.00360677
0.00364596
0.00360535
0.00360626
0.0036129
0.00361283
0.00365179
0.00361448
0.00360078
0.00360415
0.00367349
0.00377362
0.00361202
0.0036045
0.00361499
0.00366115
0.00361742
0.00361249
0.00360822
0.00360951
0.00361109
0.00360768
0.00360565
0.00363246
0.00362485
0.00360497
0.00360653
0.00360982
0.0036096
0.00360541
0.00361165
0.00360452
0.00360775
0.00361805
0.00359913
0.00360342
0.00360822
0.00361293
0.00360808
0.00360621
0.0036243
0.00360636
0.00361299
0.00365777
0.00360671
0.00360638
0.00361616
0.0036005
0.00360703
0.00360546
0.00361342
0.00361847
0.00360549
0.00361161
0.00360509
0.00361262
0.00361726
0.00361644
0.00360599
0.0035994
0.00362424
0.00360778
0.00360443
0.00361319
0.00361207
0.00360548
0.00361289
0.00360631
0.00360476
0.00362769
0.00360539
0.00364774
0.00360191
0.00362363
0.0036206
0.00361209
0.00361339
0.00360715
0.00361493
0.00360912
0.00361508
0.0036055
0.00361954
0.00360563
0.00360049
0.00360076
0.00361204
0.00362252
0.00360856
0.00361123
0.00360838
0.00362148
0.00361137
0.00360601
0.0036063
0.00361041
0.00361379
0.00359758
0.00360602
0.00365927
0.0036167
0.00360597
0.00361218
0.00360474
0.00360561
0.00362121
0.00360439
0.00360469
0.00362287
0.00361667
0.0036004
0.00360909
0.00361307
0.00360649
0.00361359
0.00361236
0.00360407
0.00360464
0.00361804
0.00360554
0.0036038
0.00361003
0.00360197
0.00363337
0.00360796
0.00361838
0.0036062
0.00366015
0.00361417
0.00360677
0.00360567
0.00361114
0.00361395
0.00360506
0.00360936
0.00360054
0.00361174
0.00360468
0.00360936
0.00360725
0.003607
0.00361935
0.00361643
0.00360854
0.00361328
0.00360987
0.00360561
0.00360077
0.0036136
0.0036064
0.00361244
0.00369264
0.00377841
0.00361385
0.00362728
0.00363772
0.00360693
0.00361042
0.00360848
0.00366547
0.00361366
0.00360066
0.00360566
0.00361258
0.00360928
0.00360633
0.00360743
0.00360854
0.00361634
0.00360486
0.00361008
0.00360816
0.00361046
0.00360203
0.00359992
0.00360453
0.00361373
0.0036245
0.00360507
0.00360838
0.00361453
0.00361253
0.00362349
0.00365149
0.00360668
0.00360338
0.00360719
0.00361273
0.0036063
0.00360534
0.00361961
0.00360632
0.00360812
0.00362376
0.00360578
0.00361084
0.00361067
0.00360328
0.00360435
0.00360923
0.00361228
0.00360796
0.00360724
0.00360944
0.00361247
0.00360483
0.00361012
0.00360545
0.00361505
0.00360938
0.00361395
0.00363717
0.00361624
0.00362394
0.00361449
0.00360626
0.0036087
0.00363707
0.00360548
0.00361352
0.0036246
0.00360927
0.00362887
0.00360652
0.0035965
0.00360884
0.00361816
0.00362034
0.00360514
0.00361201
0.00360605
0.00360995
0.00361228
0.00360713
0.00360715
0.00361732
0.0036016
0.00359955
0.00360612
0.00364219
0.00362078
0.00361061
0.0036128
0.0036065
0.00362523
0.00361176
0.00360889
0.00360266
0.00361147
0.00360706
0.00360641
0.00360665
0.00361053
0.00361624
0.00360501
0.0036132
0.00360671
0.00360528
0.00361841
0.00360429
0.00360679
0.00360415
0.0036367
0.00374602
0.0036255
0.00361551
0.00361435
0.00365003
0.00361754
0.00360396
0.0036031
0.00362435
0.00360796
0.00360304
0.00360868
0.00359836
0.00362085
0.00361441
0.00362899
0.00360404
0.00361101
0.00361031
0.00360584
0.00360775
0.00361041
0.00360903
0.00360536
0.00359843
0.00361106
0.00361967
0.00430203
0.00493235
0.00434438
0.00367704
0.00369391
0.00483491
0.00412823
0.00375265
0.00389614
0.00371592
0.00362179
0.00362568
0.00363738
0.00361355
0.0036056
0.00360051
0.00362284
0.00360798
0.00360558
0.00361255
0.00362134
0.00362087
0.00366934
0.00392821
0.00365854
0.00363848
0.00360782
0.00360684
0.0041553
0.00425273
0.00364024
0.00366149
0.00360677
0.00385431
0.00373366
0.00360388
0.00361558
0.0036076
0.00365308
0.00364611
0.00360667
0.00361293
0.00362123
0.00360447
0.00361041
0.00360598
0.00360346
0.00363058
0.00360963
0.00360791
0.00360533
0.00362138
0.00360904
0.00360425
0.00361114
0.00360743
0.00362098
0.00361032
0.00360829
0.00365747
0.00360505
0.00361477
0.00360638
0.00360472
0.00361535
0.00361224
0.00360323
0.00361142
0.00360847
0.00360975
0.00361237
0.003604
0.00360811
0.00361069
0.00361904
0.00360635
0.00360682
0.00361065
0.0036103
0.00360683
0.00361147
0.00360385
0.00360604
0.00362154
0.0036104
0.00360035
0.00360443
0.00366167
0.00361167
0.00360721
0.0036234
0.0036051
0.00361415
0.00361217
0.00360552
0.00360561
0.00361324
0.00360465
0.00360169
0.00360745
0.00361337
0.00361798
0.0036079
0.00361023
0.00360501
0.00361107
0.00361502
0.00362868
0.00360549
0.00361013
0.00360998
0.00359901
0.00360585
0.00361145
0.00360896
0.00364364
0.00361748
0.00360348
0.00360894
0.00362018
0.00360859
0.00360647
0.00361172
0.00360639
0.00361775
0.00400163
0.00361217
0.00360576
0.00360482
0.00361249
0.0036041
0.00360448
0.00361931
0.00360767
0.00360356
0.00361291
0.00360589
0.0036013
0.00360676
0.00361614
0.00360673
0.00361596
0.00362651
0.003643
0.00360817
0.00361336
0.00360706
0.00360395
0.00361152
0.0036017
0.00360617
0.0036051
0.0036143
0.00360571
0.0036059
0.0036185
0.00360718
0.00361896
0.00362283
0.00360953
0.0036083
0.00361079
0.00359771
0.00360586
0.00361389
0.003614
0.00360647
0.00360484
0.00361657
0.00360788
0.0036049
0.00364951
0.00360663
0.00361297
0.00362358
0.00360774
0.00360479
0.00360922
0.00361162
0.00360466
0.003602
0.00361122
0.00361223
0.00360574
0.0036083
0.00388882
0.00382614
0.00361819
0.00363584
0.00359856
0.00361384
0.00361529
0.00364232
0.0036175
0.00361237
0.00364928
0.00360666
0.00361356
0.00360664
0.0036684
0.0036153
0.00361513
0.00359598
0.00360432
0.00361777
0.0036034
0.00360493
0.00361124
0.00361025
0.00361801
0.00361058
0.00361389
0.00362608
0.00361204
0.00359918
0.00360216
0.00360476
0.0036158
0.00360731
0.00360755
0.00361554
0.00360658
0.0036115
0.00360992
0.00360775
0.00360545
0.00362388
0.00363745
0.0036165
0.00360527
0.00361327
0.0036154
0.0036051
0.00361058
0.00360862
0.00360959
0.00361077
0.00360402
0.00360341
0.00360057
0.00361096
0.00360987
0.00362438
0.00362493
0.00361236
0.0036074
0.00361047
0.00360611
0.00360484
0.00361771
0.00360553
0.0036253
0.00360182
0.00362117
0.00360747
0.00363939
0.00361598
0.00360431
0.00360685
0.00361819
0.00361765
0.00360538
0.003618
0.00360558
0.00360555
0.00359922
0.00361111
0.0036071
0.00360356
0.00361452
0.0036173
0.00361277
0.0036099
0.00360618
0.00360626
0.0036098
0.00361761
0.00360431
0.00360619
0.00361306
0.00360983
0.00360618
0.00360941
0.00365418
0.00360494
0.00361943
0.00360573
0.00360442
0.00360975
0.00361153
0.00359701
0.00360467
0.00361252
0.0036086
0.00361896
0.00361221
0.00360508
0.00360498
0.00361789
0.003616
0.00360513
0.00361099
0.00360028
0.00361364
0.00360792
0.0036105
0.0036034
0.00360415
0.00360682
0.00360443
0.00362099
0.00366224
0.00361356
0.00360426
0.00361121
0.00359871
0.00360868
0.00360819
0.00361034
0.00360438
0.00362852
0.00361361
0.0036053
0.00360561
0.00361005
0.00360707
0.00360429
0.00360283
0.00360868
0.00360643
0.00361696
0.00361304
0.00360254
0.00360616
0.00361353
0.00361125
0.00360588
0.00361311
0.00360666
0.00366652
0.00359671
0.00361425
0.00360578
0.00360386
0.0036209
0.00361389
0.00360463
0.00361108
0.00380706
0.00387685
0.00361945
0.00360443
0.00362031
0.00361218
0.00359977
0.00360482
0.00360746
0.00361846
0.00360836
0.0036164
0.00361144
0.00362189
0.00363446
0.00361442
0.00360434
0.00361307
0.00361375
0.00364421
0.00361539
0.00360686
0.00362145
0.00360605
0.00360415
0.00361418
0.00360524
0.00361628
0.00361363
0.00360489
0.00360934
0.00361412
0.00360061
0.00360556
0.00360773
0.00360977
0.00361291
0.00360514
0.0036123
0.00360434
0.00361372
0.00361428
0.00360634
0.00360465
0.00360085
0.00361715
0.00360638
0.00364022
0.00363053
0.00361552
0.00360442
0.00361205
0.00360745
0.0036018
0.00361795
0.00360692
0.00360561
0.00359815
0.00362431
0.00360509
0.00360632
0.00361248
0.00360816
0.00361132
0.00361411
0.00361371
0.00360551
0.00361752
0.0036073
0.00359913
0.00360443
0.00361024
0.0036112
0.00360533
0.00361129
0.00365164
0.00362152
0.00361224
0.00360457
0.00360561
0.00361149
0.00361488
0.00361195
0.00360849
0.00361298
0.0036159
0.0036049
0.00361269
0.0036067
0.00360554
0.00361536
0.00360577
0.00360571
0.0036116
0.00361079
0.00360885
0.0036099
0.00361193
0.00360945
0.00361417
0.00361182
0.00360361
0.003605
0.0036604
0.00360987
0.00360292
0.00361118
0.00359958
0.00361149
0.00360633
0.00361218
0.00360372
0.00363891
0.00361232
0.0036077
0.00360804
0.00362563
0.00360985
0.00360555
0.00360109
0.00362457
0.00361752
0.00360575
0.00362756
0.00360897
0.00362174
0.00361728
0.00360902
0.00360403
0.00361189
0.00360672
0.00365821
0.00360377
0.0036214
0.00360963
0.00360794
0.0036152
0.00360698
0.00360431
0.0036097
0.00360602
0.00360588
0.00361181
0.00360806
0.00361123
0.0035985
0.00361081
0.00360518
0.00361714
0.00361384
0.00361121
0.00360812
0.00361331
0.0036133
0.00360557
0.00360997
0.00360467
0.00361659
0.00360611
0.00365738
0.00361333
0.00360725
0.00362128
0.00373441
0.00395006
0.00362546
0.00362828
0.00364118
0.00361323
0.0036063
0.00360447
0.0036197
0.00360153
0.00360376
0.00360348
0.0036186
0.0036057
0.00360672
0.00360992
0.0036051
0.00361371
0.00360987
0.00360511
0.00360767
0.00361557
0.0036128
0.00360459
0.00365076
0.00362208
0.00361362
0.00360472
0.0036124
0.00360754
0.00361282
0.00361325
0.00360792
0.00360508
0.00360285
0.00362009
0.00360827
0.00361675
0.00362046
0.00361108
0.00360604
0.00361161
0.00360815
0.00360566
0.00365402
0.00360709
0.00359994
0.00360145
0.00361788
0.00360862
0.00360498
0.00361109
0.00365525
0.00361623
0.00361527
0.00361906
0.00360731
0.00361743
0.00360736
0.0036005
0.00360693
0.00361173
0.00361152
0.00361482
0.00361013
0.00360597
0.00362214
0.00361527
0.00360483
0.00360461
0.00361399
0.0036178
0.00360653
0.00360345
0.00361337
0.00361052
0.00360673
0.00361328
0.00360527
0.00360536
0.00367382
0.00360549
0.00360505
0.00360925
0.00360481
0.00360338
0.00360733
0.00360703
0.00360686
0.00363943
0.00361502
0.00360527
0.00360391
0.00361937
0.00360641
0.00360637
0.00361161
0.00359985
0.00361395
0.0036068
0.00361109
0.00360451
0.00361024
0.00361461
0.00360516
0.00360951
0.00361616
0.00361257
0.00365657
0.00359796
0.00359984
0.00361017
0.00360533
0.00360901
0.00360687
0.00360469
0.00361999
0.00360476
0.0036074
0.00360717
0.00360921
0.00360299
0.00359946
0.00362686
0.00360759
0.00361102
0.00361255
0.00360523
0.0036042
0.00361535
0.00360397
0.00360379
0.00361298
0.00360369
0.00360948
0.00360617
0.00365627
0.00361832
0.00361291
0.00361297
0.00361757
0.00360884
0.00360941
0.00361547
0.00360495
0.00361297
0.00360475
0.0036039
0.00360905
0.0036131
0.0036066
0.00360592
0.00361924
0.0036064
0.00360298
0.00361178
0.0036126
0.00361156
0.00361456
0.00360169
0.00359756
0.00360896
0.00360955
0.0037244
0.0036717
0.0036734
0.00361475
0.00361398
0.00361125
0.00360731
0.00360739
0.00361655
0.00360289
0.00360334
0.00364866
0.00361743
0.00360562
0.00360633
0.00360986
0.00360946
0.00360609
0.00361
0.00360629
0.00361356
0.00360782
0.00359906
0.00360044
0.00360806
0.00361459
0.00360597
0.00360591
0.00362048
