6.483e-05
5.8063e-05
5.6247e-05
5.584e-05
5.5459e-05
5.6565e-05
5.5492e-05
5.6484e-05
5.5505e-05
5.594e-05
5.5879e-05
5.6514e-05
5.6065e-05
5.582e-05
5.5603e-05
5.5937e-05
5.5997e-05
5.5927e-05
5.6177e-05
5.6027e-05
5.6067e-05
5.6054e-05
5.5309e-05
5.6427e-05
5.5956e-05
5.5398e-05
5.569e-05
5.6103e-05
5.622e-05
5.5973e-05
5.6355e-05
5.5659e-05
5.5696e-05
5.5895e-05
5.5646e-05
5.5292e-05
5.6457e-05
6.1493e-05
5.578e-05
5.61e-05
5.5787e-05
5.6043e-05
5.5357e-05
5.5301e-05
5.6053e-05
5.5871e-05
5.646e-05
5.5795e-05
5.6235e-05
5.6485e-05
5.5298e-05
5.593e-05
5.5772e-05
5.5399e-05
5.5461e-05
5.618e-05
5.5767e-05
5.5609e-05
5.6016e-05
5.5549e-05
5.5293e-05
5.5338e-05
5.5471e-05
5.5561e-05
5.5286e-05
5.6277e-05
5.5449e-05
5.5874e-05
5.5348e-05
5.5764e-05
5.5446e-05
5.5478e-05
5.5723e-05
5.5543e-05
5.585e-05
5.5679e-05
5.5298e-05
5.5877e-05
5.5904e-05
5.5202e-05
5.5723e-05
5.5628e-05
5.6321e-05
5.5853e-05
5.6157e-05
5.5619e-05
5.5714e-05
5.5231e-05
5.5516e-05
5.6218e-05
5.6033e-05
5.5787e-05
5.5712e-05
5.603e-05
9.9558e-05
6.9922e-05
5.6581e-05
5.5926e-05
5.5573e-05
5.5816e-05
5.6161e-05
5.6431e-05
5.5739e-05
5.5759e-05
5.5428e-05
5.6298e-05
5.5386e-05
6.3041e-05
7.6443e-05
7.5035e-05
7.4961e-05
7.4208e-05
7.4078e-05
7.4457e-05
7.5371e-05
7.563e-05
7.6199e-05
7.67e-05
7.4676e-05
5.7061e-05
5.6163e-05
5.5353e-05
5.5492e-05
5.5399e-05
5.604e-05
5.6241e-05
5.5775e-05
5.5402e-05
5.5768e-05
5.6099e-05
5.5389e-05
5.6257e-05
5.596e-05
5.5676e-05
5.5188e-05
5.597e-05
5.6713e-05
5.5371e-05
5.6905e-05
5.5759e-05
5.6085e-05
5.572e-05
5.6789e-05
5.6331e-05
8.3541e-05
5.5967e-05
5.5663e-05
5.6105e-05
5.5536e-05
5.6381e-05
5.6318e-05
5.5294e-05
5.5696e-05
5.5807e-05
5.5598e-05
5.5226e-05
5.5951e-05
5.5255e-05
5.5964e-05
5.586e-05
5.5679e-05
5.551e-05
5.5603e-05
5.5899e-05
5.5599e-05
5.625e-05
5.553e-05
5.5392e-05
5.6282e-05
5.6391e-05
5.6201e-05
5.6e-05
5.5714e-05
5.5609e-05
5.5225e-05
5.5324e-05
5.5305e-05
5.5386e-05
5.5196e-05
5.5234e-05
5.5192e-05
5.6735e-05
5.5997e-05
5.6345e-05
5.5395e-05
5.5399e-05
5.6019e-05
5.5797e-05
5.5415e-05
5.5237e-05
5.5924e-05
5.5576e-05
5.578e-05
5.6594e-05
5.5474e-05
5.5278e-05
5.5919e-05
6.8691e-05
5.6668e-05
5.6024e-05
5.5131e-05
5.7897e-05
5.6265e-05
5.6953e-05
5.5862e-05
5.5677e-05
5.6367e-05
5.5924e-05
5.5526e-05
5.5726e-05
5.5745e-05
5.615e-05
5.6016e-05
5.5546e-05
5.582e-05
5.5903e-05
5.6656e-05
5.5177e-05
5.5384e-05
5.5538e-05
5.5816e-05
5.5349e-05
5.6334e-05
5.5899e-05
5.6211e-05
5.5845e-05
5.5477e-05
5.571e-05
5.6208e-05
5.6505e-05
5.612e-05
5.6094e-05
5.5486e-05
5.6413e-05
5.6531e-05
5.5685e-05
5.5386e-05
5.6051e-05
5.6775e-05
5.5636e-05
5.5843e-05
5.6019e-05
5.5399e-05
5.5432e-05
5.5643e-05
5.6009e-05
5.5482e-05
5.6351e-05
5.5329e-05
5.5312e-05
5.5688e-05
5.5687e-05
5.5699e-05
5.6061e-05
5.5752e-05
5.5302e-05
5.5612e-05
8.5218e-05
6.8972e-05
2.4437e-05
2.3903e-05
2.4075e-05
2.3851e-05
2.4043e-05
2.3985e-05
2.4108e-05
2.4097e-05
2.3754e-05
2.3844e-05
2.3713e-05
2.3745e-05
2.3818e-05
2.3955e-05
2.3909e-05
2.3713e-05
2.3679e-05
2.4011e-05
2.3972e-05
2.3927e-05
2.3802e-05
2.3784e-05
2.3848e-05
2.3851e-05
2.3767e-05
2.3875e-05
2.3723e-05
2.404e-05
2.3779e-05
2.384e-05
2.3988e-05
2.4045e-05
2.429e-05
2.4104e-05
2.384e-05
2.3719e-05
2.3835e-05
2.3784e-05
2.3803e-05
2.3907e-05
2.3769e-05
2.387e-05
2.3848e-05
2.4116e-05
2.3741e-05
2.3981e-05
2.3852e-05
2.3961e-05
2.374e-05
2.4125e-05
2.3858e-05
2.4192e-05
2.3774e-05
2.3762e-05
2.3793e-05
2.3782e-05
2.3864e-05
2.3648e-05
2.3835e-05
2.374e-05
2.3635e-05
2.3751e-05
2.3777e-05
2.4082e-05
2.3696e-05
2.397e-05
2.3905e-05
2.3756e-05
2.4259e-05
2.3812e-05
2.3761e-05
2.3746e-05
2.3953e-05
2.3815e-05
2.3816e-05
2.3854e-05
2.3682e-05
2.3877e-05
2.3827e-05
2.3922e-05
2.3749e-05
2.3859e-05
2.3772e-05
2.389e-05
2.3942e-05
2.3722e-05
2.3733e-05
2.4073e-05
2.3736e-05
2.383e-05
2.3909e-05
2.4015e-05
2.3863e-05
2.3866e-05
2.3768e-05
2.39e-05
2.4157e-05
2.3938e-05
2.4153e-05
2.3841e-05
2.3945e-05
2.3964e-05
2.4001e-05
2.3876e-05
2.4014e-05
2.3798e-05
2.4419e-05
2.43e-05
2.4161e-05
2.3822e-05
2.3882e-05
2.3898e-05
2.4301e-05
2.3941e-05
2.3933e-05
2.3693e-05
2.3744e-05
2.3989e-05
2.426e-05
2.3931e-05
2.3748e-05
2.3807e-05
2.3748e-05
2.4122e-05
2.3861e-05
2.4188e-05
2.3843e-05
2.4098e-05
2.4748e-05
2.3819e-05
2.3833e-05
2.3987e-05
2.3977e-05
2.4261e-05
2.3871e-05
2.4015e-05
2.379e-05
2.391e-05
2.4298e-05
2.3759e-05
2.409e-05
2.3874e-05
2.4006e-05
2.4345e-05
2.4202e-05
2.427e-05
2.384e-05
2.4215e-05
2.3795e-05
2.3748e-05
2.3787e-05
2.3758e-05
2.3823e-05
2.3677e-05
2.377e-05
2.3903e-05
2.3721e-05
2.3754e-05
2.3954e-05
2.3713e-05
2.3849e-05
2.3801e-05
2.3923e-05
2.3794e-05
2.4242e-05
2.3885e-05
2.4008e-05
2.3931e-05
2.3924e-05
2.3813e-05
2.3909e-05
2.3862e-05
2.4229e-05
2.374e-05
2.3776e-05
2.3967e-05
2.3768e-05
2.3874e-05
2.394e-05
2.3594e-05
2.3648e-05
2.4083e-05
2.3649e-05
2.4391e-05
2.3709e-05
2.3743e-05
2.3726e-05
2.3745e-05
2.3806e-05
2.3753e-05
2.3698e-05
2.3747e-05
2.4054e-05
2.3735e-05
2.376e-05
2.4e-05
2.3843e-05
2.3734e-05
2.3848e-05
2.3753e-05
2.3533e-05
2.4029e-05
2.3676e-05
2.3986e-05
2.3664e-05
2.3861e-05
2.3758e-05
2.3803e-05
2.403e-05
2.379e-05
2.4002e-05
2.4015e-05
2.4181e-05
2.4121e-05
2.3691e-05
2.3765e-05
2.4009e-05
2.3739e-05
2.4185e-05
2.3757e-05
2.4074e-05
2.3704e-05
2.4225e-05
2.3841e-05
2.4116e-05
2.3862e-05
2.3931e-05
2.3653e-05
2.4141e-05
2.3845e-05
2.3695e-05
2.3786e-05
2.3918e-05
2.4136e-05
2.3874e-05
2.3836e-05
2.4128e-05
2.4236e-05
2.4075e-05
2.3835e-05
2.3926e-05
2.3895e-05
2.3781e-05
2.3643e-05
2.4127e-05
2.4172e-05
2.3759e-05
2.3635e-05
2.4062e-05
2.3749e-05
2.3812e-05
2.3952e-05
2.3869e-05
2.4212e-05
2.4023e-05
2.3936e-05
2.378e-05
2.4256e-05
2.4229e-05
2.3849e-05
2.3782e-05
4.2778e-05
2.4514e-05
2.4072e-05
2.4022e-05
2.4013e-05
2.4169e-05
2.3875e-05
2.3757e-05
2.4331e-05
2.3871e-05
2.3896e-05
2.3804e-05
2.4064e-05
2.3758e-05
2.3894e-05
2.3697e-05
2.3919e-05
2.4e-05
2.3713e-05
2.3761e-05
2.7731e-05
2.6693e-05
2.3782e-05
2.3817e-05
2.4027e-05
2.3829e-05
2.4289e-05
2.3805e-05
2.3707e-05
2.3629e-05
2.411e-05
2.4238e-05
2.3804e-05
2.3985e-05
2.3739e-05
2.377e-05
2.3707e-05
2.4033e-05
2.3912e-05
2.3629e-05
2.4168e-05
2.3893e-05
2.3833e-05
2.3768e-05
2.4168e-05
2.3699e-05
2.3719e-05
2.3835e-05
2.3892e-05
2.3822e-05
2.3761e-05
2.4039e-05
2.3716e-05
2.358e-05
2.3802e-05
2.3821e-05
2.3769e-05
2.3911e-05
2.3684e-05
2.37e-05
2.4069e-05
2.3879e-05
2.3805e-05
2.3771e-05
2.4119e-05
2.3888e-05
2.4334e-05
2.4315e-05
2.4146e-05
2.4161e-05
2.3756e-05
2.4274e-05
2.3718e-05
2.3864e-05
2.4078e-05
2.3816e-05
2.3699e-05
2.3744e-05
2.3715e-05
2.3803e-05
2.362e-05
2.3838e-05
2.4168e-05
2.372e-05
2.3801e-05
2.3941e-05
2.393e-05
2.3781e-05
2.3776e-05
2.3896e-05
2.4189e-05
2.3672e-05
2.3756e-05
2.405e-05
2.4066e-05
2.3951e-05
2.3761e-05
2.4029e-05
2.3902e-05
2.4161e-05
2.3809e-05
2.4264e-05
2.411e-05
2.3828e-05
2.3828e-05
2.4037e-05
2.3794e-05
2.4216e-05
2.3835e-05
2.3949e-05
2.3811e-05
2.4056e-05
2.3869e-05
2.3658e-05
2.3724e-05
2.3729e-05
2.3966e-05
2.3748e-05
2.3768e-05
2.3799e-05
2.3692e-05
2.371e-05
2.4097e-05
2.3744e-05
2.372e-05
2.368e-05
2.3637e-05
2.3827e-05
2.3743e-05
2.3913e-05
2.3633e-05
2.3905e-05
4.1402e-05
2.4438e-05
2.3716e-05
2.3999e-05
2.406e-05
2.3755e-05
2.4058e-05
2.4207e-05
2.3859e-05
2.3896e-05
2.4046e-05
3.9909e-05
2.3897e-05
2.3911e-05
2.3794e-05
2.4168e-05
2.4009e-05
2.4079e-05
2.4098e-05
2.406e-05
2.385e-05
2.3899e-05
2.3947e-05
2.4004e-05
2.4116e-05
2.3729e-05
2.3985e-05
2.4024e-05
2.3939e-05
2.4247e-05
2.4027e-05
2.3806e-05
2.4093e-05
2.3898e-05
2.4007e-05
2.3795e-05
2.3841e-05
2.4202e-05
2.4278e-05
2.3825e-05
2.3734e-05
2.4012e-05
2.4038e-05
2.4102e-05
2.383e-05
2.3609e-05
2.4164e-05
2.4149e-05
2.3744e-05
2.4006e-05
2.4217e-05
2.4152e-05
2.3807e-05
2.4098e-05
2.3623e-05
2.4202e-05
2.3988e-05
2.4023e-05
2.4051e-05
2.4453e-05
2.4028e-05
2.4074e-05
2.3676e-05
2.383e-05
2.3791e-05
2.3777e-05
2.3627e-05
2.3943e-05
2.3782e-05
2.402e-05
2.4062e-05
2.4265e-05
2.3956e-05
2.4101e-05
2.3613e-05
2.3907e-05
2.369e-05
2.3686e-05
2.3955e-05
2.3798e-05
2.4082e-05
2.4112e-05
2.4245e-05
2.4008e-05
2.4053e-05
2.3928e-05
2.3901e-05
2.4179e-05
2.3763e-05
2.3744e-05
2.3614e-05
2.4111e-05
2.4089e-05
2.387e-05
2.3909e-05
2.4105e-05
2.3902e-05
2.4241e-05
2.4139e-05
2.4082e-05
2.3911e-05
2.4226e-05
2.3888e-05
2.36e-05
2.3907e-05
2.3843e-05
2.4061e-05
2.375e-05
2.3948e-05
2.4246e-05
2.4267e-05
2.4049e-05
2.3687e-05
2.4078e-05
2.4115e-05
2.3769e-05
2.3877e-05
2.4121e-05
2.3994e-05
2.4048e-05
2.3748e-05
2.3652e-05
2.3709e-05
2.4044e-05
2.4143e-05
2.4363e-05
2.3752e-05
2.3873e-05
2.3906e-05
2.3842e-05
2.3786e-05
2.7918e-05
2.4041e-05
2.3702e-05
2.3884e-05
2.3993e-05
2.4082e-05
2.3891e-05
2.3868e-05
2.395e-05
2.4237e-05
2.3981e-05
2.406e-05
2.3685e-05
2.3719e-05
2.3854e-05
2.4053e-05
2.4054e-05
2.3839e-05
2.4166e-05
2.4472e-05
2.4338e-05
2.4256e-05
2.3877e-05
2.3754e-05
2.3731e-05
2.4173e-05
2.3844e-05
2.3921e-05
2.3758e-05
2.3898e-05
2.4231e-05
2.3834e-05
2.4196e-05
2.3826e-05
2.4005e-05
2.3808e-05
2.3973e-05
2.3824e-05
2.4088e-05
2.3932e-05
2.4239e-05
2.3893e-05
2.3748e-05
2.403e-05
2.4249e-05
2.3966e-05
2.4065e-05
2.3805e-05
2.3916e-05
2.3899e-05
2.379e-05
2.4004e-05
2.417e-05
2.3824e-05
2.4141e-05
2.3788e-05
2.3738e-05
2.4071e-05
2.4145e-05
2.3914e-05
2.3743e-05
2.4244e-05
2.3799e-05
2.3951e-05
2.395e-05
2.3715e-05
2.3731e-05
2.4437e-05
2.3851e-05
2.3745e-05
2.3789e-05
2.3757e-05
2.374e-05
2.3813e-05
2.3887e-05
2.3768e-05
2.3781e-05
2.372e-05
2.3846e-05
2.3892e-05
2.3875e-05
2.3806e-05
2.3844e-05
2.3776e-05
2.382e-05
2.3866e-05
2.3803e-05
2.4036e-05
2.3943e-05
2.3796e-05
2.4018e-05
2.3922e-05
2.3889e-05
2.4052e-05
2.3765e-05
2.4157e-05
2.4439e-05
2.4072e-05
2.3905e-05
2.3932e-05
2.3879e-05
2.3936e-05
2.3835e-05
2.3801e-05
2.3733e-05
2.4241e-05
2.363e-05
2.3904e-05
2.3839e-05
2.3822e-05
2.3764e-05
2.3726e-05
2.3703e-05
2.3975e-05
2.3885e-05
2.3841e-05
2.3872e-05
2.4241e-05
2.3816e-05
2.3955e-05
2.3837e-05
2.3944e-05
2.3752e-05
2.392e-05
2.3744e-05
2.3767e-05
2.3905e-05
2.3846e-05
2.428e-05
2.382e-05
2.4077e-05
2.3759e-05
2.3767e-05
2.8063e-05
2.4102e-05
2.3762e-05
2.3759e-05
2.3637e-05
2.3846e-05
2.4142e-05
2.3685e-05
2.3944e-05
2.3687e-05
2.3662e-05
2.3598e-05
2.3853e-05
2.3904e-05
2.3871e-05
2.402e-05
2.3814e-05
2.3741e-05
2.3834e-05
2.3673e-05
2.3975e-05
2.3964e-05
2.3804e-05
2.3773e-05
2.3707e-05
2.3788e-05
2.3706e-05
2.3635e-05
2.3618e-05
2.4087e-05
2.3968e-05
2.402e-05
2.3894e-05
2.3808e-05
2.393e-05
2.4069e-05
2.3964e-05
2.3793e-05
2.3875e-05
2.3898e-05
2.3888e-05
2.3983e-05
2.4045e-05
2.3881e-05
2.3849e-05
2.3638e-05
2.3821e-05
2.3809e-05
2.3752e-05
2.3804e-05
2.3789e-05
2.3863e-05
2.3993e-05
2.3801e-05
2.3864e-05
2.3877e-05
2.3759e-05
2.3916e-05
2.3746e-05
2.4268e-05
2.4012e-05
2.3909e-05
2.4275e-05
2.3788e-05
2.3826e-05
2.393e-05
2.3935e-05
2.3936e-05
2.3846e-05
2.3735e-05
2.3829e-05
2.3812e-05
2.3941e-05
2.3817e-05
2.3884e-05
2.402e-05
2.3849e-05
2.3842e-05
2.4091e-05
2.4064e-05
2.3689e-05
2.3867e-05
2.3937e-05
2.3742e-05
