0.00729531
0.00722001
0.00706283
0.00711438
0.0072489
0.00710157
0.00704134
0.00704591
0.00713935
0.00715046
0.00707599
0.00703715
0.00705009
0.00704856
0.00716161
0.00726833
0.00714873
0.00706232
0.00704765
0.00707182
0.00706056
0.00705284
0.00705887
0.00711509
0.00714218
0.00705029
0.00705122
0.00705689
0.00712151
0.0070435
0.00705838
0.00715449
0.00705768
0.00705351
0.00704115
0.00705266
0.00704137
0.00706638
0.00714015
0.00711485
0.00705851
0.00703602
0.00707337
0.00712933
0.00706797
0.00729839
0.00719258
0.00705859
0.00705295
0.00704694
0.00704923
0.00705258
0.00710562
0.0070687
0.00714235
0.00705816
0.00706149
0.00708515
0.0070671
0.00704371
0.00705411
0.00710541
0.00707957
0.00709463
0.00705137
0.00709936
0.00707536
0.00704505
0.00705381
0.00715352
0.00706286
0.00720453
0.00712708
0.00704984
0.00704741
0.00708025
0.00708825
0.00710317
0.00725401
0.00719963
0.00708449
0.00710249
0.00707071
0.00706105
0.00715715
0.00715121
0.00709092
0.00704647
0.00704835
0.00703807
0.00705428
0.00706989
0.00713242
0.00705369
0.00710382
0.00706077
0.00705876
0.00704879
0.00705298
0.00716919
0.00710084
0.00705433
0.00704388
0.00704919
0.00704174
0.00705095
0.00705703
0.00713555
0.0071161
0.00705093
0.00705442
0.00705407
0.00704234
0.00711728
0.00714355
0.00713282
0.00705285
0.00703891
0.00705415
0.00704245
0.00705143
0.00704933
0.00719084
0.0070681
0.00704178
0.00705758
0.00705204
0.00706629
0.00709937
0.00705829
0.00713849
0.00705058
0.00704447
0.00704858
0.00703961
0.00705514
0.00711502
0.00710886
0.00708909
0.00704175
0.00705624
0.0111483
0.0070561
0.00703932
0.00705314
0.00713924
0.00705277
0.00705307
0.00707718
0.00712693
0.00704784
0.00704942
0.00715881
0.00709648
0.00706403
0.00709926
0.00705982
0.00706925
0.0070536
0.0070639
0.00726423
0.00718441
0.00709169
0.00705089
0.00710659
0.00704027
0.00704372
0.00709964
0.00713404
0.00707341
0.00706049
0.00704068
0.00706141
0.00704267
0.00705001
0.00712405
0.00706646
0.00716952
0.0071262
0.00705669
0.00705075
0.00703812
0.00706611
0.00745355
0.00712758
0.00705494
0.0070429
0.00704555
0.00704664
0.00705385
0.00711967
0.00715442
0.00705915
0.00704833
0.00704756
0.00709035
0.00709466
0.0070526
0.00722157
0.00706072
0.00705537
0.00704489
0.00705244
0.00704637
0.00705493
0.00708305
0.00717055
0.00705551
0.00704457
0.00705793
0.00705078
0.00704522
0.00710608
0.00714
0.00707947
0.00705139
0.0070673
0.00705239
0.00705219
0.00705393
0.00715009
0.00714493
0.00704689
0.00705023
0.00704848
0.00705859
0.00716046
0.00705412
0.00710178
0.00709173
0.00705734
0.00704066
0.00704941
0.00704168
0.00711467
0.00705539
0.00714534
0.00705357
0.00703971
0.00705457
0.00711189
0.00704891
0.00704575
0.00707273
0.00733036
0.00711073
0.00704518
0.00710024
0.00709378
0.00706381
0.00705277
0.00714682
0.00707685
0.00704227
0.00706439
0.00710092
0.00704023
0.00704791
0.00705198
0.00715503
0.00706458
0.00708954
0.00707514
0.00705971
0.00706153
0.0072931
0.00712991
0.00709984
0.0070463
0.00710317
0.00705118
0.00704046
0.00704926
0.00705336
0.00713177
0.00709444
0.00707125
0.00705347
0.00705907
0.0070407
0.00705321
0.00707813
0.00712443
0.00711545
0.00703753
0.00705092
0.00703953
0.00704963
0.00704644
0.00716417
0.00709156
0.00710945
0.00705525
0.00706011
0.00704364
0.00706632
0.00708556
0.00719679
0.00705045
0.00704291
0.0070526
0.00704523
0.00704635
0.007099
0.00711537
0.00708836
0.00704991
0.00705671
0.00705045
0.00704048
0.00705737
0.00711334
0.00716777
0.00707385
0.00704131
0.00705135
0.00704127
0.007093
0.0070659
0.0073337
0.00712651
0.00704699
0.00705741
0.00705184
0.00704873
0.00710532
0.00704764
0.0073253
0.00711466
0.00704339
0.00704313
0.00712584
0.00707532
0.00705269
0.00709753
0.00714589
0.00704875
0.00705323
0.00705354
0.00706127
0.00710464
0.00704069
0.0071124
0.00709166
0.00704104
0.0070998
0.00705229
0.00705335
0.00705501
0.00706342
0.00714697
0.0070587
0.00705395
0.00704763
0.00710325
0.00705173
0.00704816
0.0070951
0.00711157
0.00708743
0.00706364
0.00704345
0.00705083
0.00705245
0.00705359
0.00716507
0.00704575
0.00745178
0.00711319
0.0070448
0.00705047
0.00705161
0.00706326
0.0071744
0.00706646
0.00705637
0.00705118
0.00704032
0.00704911
0.0070466
0.00712473
0.00708636
0.00710043
0.0070538
0.0070484
0.00705092
0.00705391
0.00710224
0.00717065
0.00704523
0.00705649
0.00704552
0.007039
0.0070552
0.007114
0.0071093
0.00715389
0.00704968
0.00705175
0.00704426
0.00705276
0.00709778
0.00705674
0.00715291
0.00705357
0.00705308
0.0070451
0.00704026
0.00705016
0.00704842
0.00724332
0.00721548
0.00705082
0.00707675
0.00705414
0.00709661
0.00707916
0.00704843
0.00715047
0.00707984
0.00705703
0.00704499
0.00703922
0.00704826
0.00704134
0.00712343
0.00713618
0.00705174
0.00704298
0.00714984
0.00707603
0.00704964
0.0070544
0.00708469
0.00714673
0.00705755
0.00704991
0.00704004
0.00704436
0.00710728
0.00704294
0.00714749
0.00705414
0.00709717
0.00706972
0.00705188
0.00705548
0.00704309
0.00706771
0.00712578
0.00705911
0.00704383
0.00704388
0.00710335
0.00704178
0.00705472
0.00711259
0.00712412
0.0070596
0.00705083
0.00738021
0.00709789
0.00705192
0.00706352
0.00716132
0.00705872
0.00705564
0.00710066
0.0070495
0.00703495
0.00704588
0.00713558
0.00715803
0.00707204
0.00703888
0.00705777
0.00704669
0.00704576
0.00704842
0.00713607
0.00706713
0.00710953
0.00704551
0.00704642
0.00702954
0.00705497
0.00713424
0.00712186
0.00705464
0.00703898
0.00704729
0.00704908
0.0070404
0.00719845
0.00719784
0.00710836
0.00710077
0.00704202
0.007103
0.00710981
0.00705113
0.00707129
0.00716227
0.00706092
0.00705007
0.00704208
0.00704947
0.00704337
0.0070595
0.00708081
0.00716406
0.0070567
0.00704565
0.00709111
0.00707506
0.00704247
0.00705367
0.00715656
0.0070616
0.00705495
0.00703831
0.0070558
0.00704276
0.00704752
0.00713404
0.00712477
0.007059
0.00708614
0.00707319
0.00705086
0.00703407
0.00705774
0.00712179
0.00708351
0.00705109
0.0070438
0.00705016
0.00706834
0.00711353
0.00705139
0.00713357
0.00708757
0.00706517
0.00705216
0.00705108
0.0070389
0.00704479
0.00709178
0.00710331
0.00706138
0.00704113
0.00704993
0.00710176
0.00705325
0.00705685
0.00714074
0.00710525
0.0070447
0.00705325
0.00704637
0.00704166
0.00703937
0.0070801
0.00711976
0.00705096
0.00704469
0.00706481
0.00708503
0.00710924
0.00705471
0.00717152
0.00708055
0.00706171
0.00705577
0.00705824
0.00703631
0.00704455
0.0072939
0.00717018
0.00706713
0.00704728
0.00710649
0.00704384
0.00709727
0.00707328
0.00709028
0.00714246
0.00703837
0.00705311
0.00704942
0.00704405
0.00704399
0.0070335
0.00715553
0.00705168
0.0071084
0.00731116
0.00711105
0.00725391
0.00708695
0.00707402
0.00714057
0.00704109
0.00703917
0.00705598
0.00703637
0.00705378
0.0070323
0.0071137
0.00716163
0.00704871
0.00711328
0.00706683
0.0070451
0.00705165
0.00706099
0.00716223
0.00705163
0.0070449
0.00704648
0.0070471
0.00704491
0.00705331
0.00713625
0.0071003
0.00705252
0.00711327
0.00705689
0.00704031
0.00709968
0.00704256
0.00717175
0.00706308
0.00703879
0.00705133
0.00704265
0.00705492
0.00711133
0.00707285
0.00716553
0.00707285
0.00705243
0.00705001
0.00704044
0.00705138
0.00704504
0.00713227
0.00707541
0.00704007
0.00704715
0.00706217
0.00705377
0.00711415
0.00705275
0.00718959
0.00705633
0.007049
0.00705049
0.00703601
0.00705077
0.00718548
0.00714623
0.00710776
0.00704266
0.00707658
0.00704572
0.00711151
0.00709401
0.00706836
0.00716363
0.00704749
0.00705983
0.00704371
0.00704424
0.00704313
0.00704194
0.0070738
0.00711969
0.00704485
0.0070398
0.00720002
0.00716323
0.00709382
0.00704138
0.00713967
0.00706478
0.00705146
0.00705504
0.0070927
0.00708763
0.00704399
0.00705557
0.00714309
0.00704164
0.00711042
0.00704563
0.00710737
0.00704981
0.00704622
0.00710838
0.00708173
0.00705652
0.00705019
0.00704844
0.00704508
0.00704221
0.00711079
0.00715971
0.0071067
0.0071028
0.007056
0.00707244
0.00706003
0.00704569
0.00710721
0.0070959
0.00705295
0.00705564
0.00703989
0.00705538
0.00703845
0.0070557
0.00714249
0.0071115
0.00710096
0.00703967
0.00705371
0.00704321
0.00704597
0.00707194
0.007122
0.007057
0.00704401
0.0070462
0.00704772
0.0070441
0.0070501
0.00735146
0.00711417
0.00705526
0.0070435
0.00704616
0.00705106
0.00718516
0.00713318
0.00715889
0.00708303
0.00705689
0.00704343
0.00709377
0.00705228
0.00715128
0.00711394
0.00711361
0.00705683
0.00704203
0.00703824
0.0070536
0.00704166
0.00704578
0.00714645
0.00704436
0.00705352
0.00704341
0.00705574
0.00718622
0.0070571
0.00711238
0.00714249
0.00705679
0.00704944
0.00703548
0.00705253
0.00704189
0.00712364
0.0071124
0.00707612
0.00705861
0.0070458
0.0071481
0.00714666
0.00704462
0.0070535
0.00715199
0.00705192
0.0070503
0.00703782
0.0070458
0.00705196
0.00704973
0.00708908
0.0070873
0.00706006
0.00711082
0.00714963
0.00708872
0.0070457
0.00705044
0.00713375
0.00707032
0.00704671
0.00703768
0.00704971
0.00704273
0.00704854
0.00712943
0.00713986
0.00709343
0.00713508
0.00706181
0.00705245
0.00704712
0.00704531
0.00711777
0.00710181
0.00705108
0.00703493
0.00703997
0.00704809
0.00705012
0.00706376
0.00717736
0.00712938
0.00705184
0.00705323
0.00705308
0.00742988
0.0071687
0.00710068
0.00712852
0.00705032
0.00710035
0.00706108
0.00704128
0.00705218
0.00708618
0.00724733
0.00716327
0.00732424
0.00710679
0.00715864
0.00709129
0.00705326
0.00710963
0.00714653
0.0071162
0.00705201
0.00708637
0.00705709
0.00711423
0.00712698
0.00712723
0.00709484
0.00705507
0.0070431
0.0070461
0.0070391
0.00706157
0.00705495
0.00713441
0.00705162
0.00704831
0.00704926
0.00709079
0.00712517
0.00705212
0.0071077
0.00723889
0.00706521
0.00704111
0.00705196
0.00704641
0.00705432
0.00745599
0.00715528
0.00745867
0.0070833
0.00708605
0.00713213
0.00711113
0.007051
0.00708686
0.00712552
0.00704979
0.00704156
0.00704617
0.00706135
0.00703693
0.00704784
0.00710646
0.00708335
0.00711022
0.00706943
0.00705685
0.00704253
0.00705295
0.00706167
0.00713329
0.00706613
0.00703809
0.0070546
0.00704777
0.00704723
0.00704454
0.00707705
0.0071152
0.00710407
0.00723911
0.0070597
0.00719623
0.00716667
0.00705524
0.00717429
0.00705807
0.0071013
0.00705651
0.00706152
0.00704249
0.00705062
0.00710692
0.00714974
0.0072146
0.00704767
0.00704489
0.00704091
0.00705863
0.00705645
0.00712195
0.00707948
0.0070442
0.00705564
0.00704958
0.00704879
0.00709182
0.0070837
0.00720706
0.00705324
0.00704878
0.00704346
0.00704421
0.00704978
0.00705014
0.00708367
0.00710202
0.00705452
0.00704981
0.0070543
0.0070985
0.00706321
0.00715894
0.00715691
0.00706767
0.00704182
0.00705147
0.00703238
0.00705285
0.00704265
0.00707719
0.00710972
0.00703922
0.00705375
0.00709322
0.00707352
0.00710936
0.00704124
0.00713191
0.00708124
0.00704306
0.00704692
0.00703863
0.00704717
0.00705538
0.00705349
0.00713745
0.00704578
0.00709313
0.00707309
0.00705729
0.00710232
0.00704179
0.00709773
0.00711077
0.00703778
0.00710965
0.00704485
0.0070482
0.00705279
0.00706253
0.00714807
0.00708189
0.00708061
0.00705697
0.00732071
0.00714613
0.00708882
0.00710206
0.00715783
0.00705331
0.00705107
0.00705214
