0.00100698
0.000995676
0.000994139
0.00107492
0.00100264
0.000992662
0.000993629
0.00101514
0.000993379
0.000994169
0.00101443
0.000629856
0.000615591
0.000615203
0.000615128
0.000615887
0.000615765
0.00063377
0.000614513
0.000615844
0.000615581
0.000615213
0.000620544
0.000629865
0.000615957
0.000616446
0.000616556
0.000615308
0.00061469
0.000642749
0.000638797
0.000615675
0.000615262
0.000615113
0.000614602
0.000630435
0.000614828
0.00061877
0.000615481
0.000615064
0.000615454
0.000615872
0.000621891
0.000615418
0.000613638
0.000615196
0.000615418
0.000631625
0.000669405
0.000614979
0.000614632
0.000614873
0.000614639
0.000615184
0.000620693
0.000615548
0.000614636
0.000615709
0.000614102
0.000614486
0.000619755
0.000615918
0.000615204
0.000614608
0.000614734
0.000614419
0.000614777
0.000624679
0.000616013
0.000615065
0.000615305
0.000614177
0.000614045
0.000620783
0.000614947
0.000615119
0.000614625
0.000615194
0.000614925
0.000619831
0.00061522
0.000614744
0.000615138
0.000615483
0.000614551
0.000624899
0.000615925
0.000615347
0.000614575
0.000617693
0.000615839
0.000617313
0.000621125
0.00061489
0.000613967
0.000613805
0.000613208
0.000613406
0.000623692
0.00061519
0.000659938
0.000669168
0.00065248
0.000604948
0.000617499
0.000604419
0.000603697
0.000604448
0.000603403
0.000604138
0.00060332
0.000610591
0.000604246
0.00060462
0.000604339
0.000608602
0.00060458
0.000608836
0.000603874
0.000604267
0.000603995
0.000604355
0.000604701
0.000613593
0.000604585
0.000604186
0.000603381
0.000604279
0.00060448
0.000603753
0.00060871
0.000605
0.000603489
0.000605236
0.000604573
0.000605994
0.000609087
0.00060465
0.000604182
0.00060451
0.000661949
0.000605389
0.000608076
0.000618655
0.000605235
0.000604437
0.000604338
0.000603865
0.000604995
0.000609405
0.000604185
0.000604215
0.000604521
0.000603263
0.000604659
0.000603977
0.000608393
0.000604504
0.000604463
0.000604507
0.000604029
0.000605945
0.000612528
0.000603949
0.000603934
0.0006037
0.00060491
0.000604309
0.000611676
0.00060446
0.000604365
0.000603521
0.000605289
0.000604656
0.000604386
0.000609833
0.000604131
0.000604901
0.000604139
0.000603841
0.000603603
0.000612932
0.000604512
0.000605256
0.000604101
0.000604025
0.000604447
0.000603737
0.000609007
0.000604216
0.000604158
0.000604659
0.000604854
0.000603713
0.000608885
0.000607582
0.000603914
0.000605026
0.000604518
0.000603464
0.000604243
0.000612893
0.000604903
0.000604604
0.000604597
0.000604
0.000603254
0.000608624
0.000604596
0.000603829
0.000619945
0.000603776
0.000636855
0.000609256
0.000604272
0.000603466
0.000603551
0.000604835
0.000604984
0.000604715
0.00061337
0.000604642
0.000607339
0.000604943
0.000603574
0.000604527
0.000609259
0.000604216
0.000604997
0.000604074
0.000603537
0.000604647
0.00060371
0.00060966
0.000604825
0.000604794
0.000603899
0.000604428
0.000604991
0.000613416
0.000604837
0.000603417
0.00060502
0.000604732
0.000603473
0.000603657
0.000610563
0.000604125
0.000607549
0.000605384
0.000603615
0.00060509
0.000609132
0.000604489
0.000603792
0.000605141
0.000603931
0.000604845
0.000605142
0.000612243
0.000604172
0.000604199
0.000605477
0.000604092
0.000603701
0.000608092
0.000604572
0.000605084
0.000604264
0.000603595
0.000604735
0.000608746
0.000604128
0.000603069
0.000604044
0.00060827
0.000604821
0.00060425
0.000612728
0.000604081
0.000603774
0.000605215
0.000603239
0.000603941
0.00060894
0.000605268
0.00060451
0.000603848
0.000604361
0.00060404
0.000603996
0.000608787
0.000605081
0.000603595
0.000603828
0.000604113
0.000605469
0.000613144
0.000604381
0.000602674
0.000603715
0.000605311
0.000607301
0.00065239
0.000614948
0.000603125
0.000604419
0.000604024
0.000603557
0.000603036
0.000614411
0.000604687
0.000604259
0.000604009
0.000605022
0.000603417
0.00061443
0.000605082
0.000604361
0.000604093
0.000605385
0.000603091
0.000604181
0.000608443
0.000605143
0.000604218
0.000603873
0.000604701
0.000604189
0.000612941
0.000604302
0.000603927
0.000604155
0.000602889
0.000603838
0.000603738
0.000613304
0.000604081
0.000604058
0.000603453
0.000603991
0.000604375
0.000609552
0.000603779
0.000605083
0.000603976
0.000604551
0.000604401
0.000604623
0.000608393
0.000604198
0.000604089
0.000604322
0.000604557
0.000604824
0.000616857
0.000604333
0.000605366
0.000604586
0.000603456
0.000603512
0.000603801
0.000608119
0.00060387
0.000603959
0.000603794
0.000603756
0.000603708
0.000608372
0.000603694
0.000605037
0.000603906
0.000603702
0.000603675
0.000631586
0.000604138
0.00068631
0.000603971
0.000604479
0.000604903
0.000604255
0.000608904
0.000606518
0.000604328
0.000603779
0.000603589
0.000603734
0.00061142
0.00060477
0.000604764
0.000603371
0.000603181
0.000604076
0.000604332
0.000612269
0.000604284
0.00060391
0.000603919
0.000603939
0.000603793
0.000609049
0.000604417
0.000605269
0.000603816
0.000603888
0.000603177
0.000604125
0.000605327
0.000604734
0.000604433
0.000604152
0.000604606
0.000604406
0.000613781
0.000604649
0.000604806
0.000604957
0.000603638
0.00060405
0.000608462
0.000604231
0.000603767
0.000604729
0.000604631
0.000603594
0.000604224
0.000609414
0.000603936
0.000603377
0.000604326
0.000604061
0.000604224
0.000613546
0.000604594
0.000604148
0.000607832
0.000604212
0.000604739
0.000604008
0.000607729
0.000604156
0.000603897
0.00060323
0.000603816
0.000603171
0.000609599
0.000603159
0.000603688
0.000603277
0.000603885
0.000603447
0.000604665
0.000613154
0.000603985
0.000604469
0.000605107
0.000604492
0.000603714
0.00060986
0.00060427
0.000602822
0.000604096
0.000608064
0.000603392
0.000604
0.000608588
0.000651655
0.000604112
0.0006035
0.000604161
0.000603574
0.000617048
0.000603817
0.000604016
0.000604627
0.000604372
0.000603794
0.000609618
0.000604309
0.000604271
0.000604129
0.000603487
0.000603671
0.000604929
0.000609172
0.000604725
0.000604389
0.000603596
0.000603569
0.000608493
0.000613872
0.000604846
0.000603333
0.000603794
0.000603459
0.0006038
0.000603737
0.000607836
0.000604048
0.000603805
0.000604083
0.000604594
0.000603356
0.000608727
0.000603909
0.000603387
0.000604311
0.000603548
0.000603993
0.00060378
0.000613122
0.000603806
0.000604689
0.000605337
0.000603648
0.00060797
0.000607731
0.000605242
0.000604463
0.000603643
0.000604119
0.000604619
0.000608255
0.000603802
0.000605877
0.000605069
0.000604015
0.000604168
0.000602786
0.000613296
0.000603913
0.000603141
0.000604542
0.000604732
0.000603792
0.000609444
0.000603691
0.00060422
0.000604809
0.000619414
0.000603206
0.0006319
0.000612474
0.000604058
0.000604201
0.000604204
0.00060496
0.000603789
0.000612872
0.000603691
0.00060426
0.000603761
0.000604125
0.000604383
0.000604002
0.00060954
0.000604012
0.000603732
0.000604102
0.000604332
0.000603204
0.000608838
0.000604821
0.000603908
0.000604433
0.000604078
0.000604841
0.000603666
0.000613286
0.000606743
0.000605033
0.000604824
0.000603947
0.000604523
0.000608351
0.000604506
0.0006043
0.000604504
0.000604282
0.000603414
0.000607879
0.000604214
0.000603944
0.000603921
0.000604324
0.000604242
0.000603484
0.000613284
0.000603644
0.000603719
0.000604727
0.000604749
0.000603282
0.00060849
0.000604812
0.00060779
0.000605549
0.000603897
0.000604595
0.000604409
0.000608495
0.000604869
0.00060367
0.000603401
0.000604346
0.00060366
0.000612949
0.000605306
0.000603807
0.000604357
0.000603645
0.000604303
0.000604086
0.000609411
0.000604445
0.000603352
0.000603641
0.000604323
0.00060426
0.000608926
0.00060489
0.000604075
0.000607101
0.000603917
0.000604127
0.000604248
0.000613168
0.000651559
0.000605553
0.000604037
0.000605355
0.000603662
0.000614816
0.000605101
0.000604148
0.00060391
0.000603936
0.000604333
0.000609219
0.000604462
0.000603937
0.000603408
0.000604753
0.000604932
0.000604022
0.000613153
0.000605277
0.000604581
0.000604926
0.000607003
0.000604328
0.000608888
0.000604206
0.000604317
0.000603127
0.00060384
0.000604454
0.000604183
0.000609255
0.00060468
0.000606086
0.000603858
0.000603194
0.000603348
0.000613798
0.000603404
0.000604414
0.000604197
0.000603652
0.000604284
0.000603484
0.00061013
0.000604255
0.000602718
0.000604378
0.000604038
0.0006051
0.000607827
0.000603743
0.00060366
0.000604822
0.000604386
0.000604195
0.000613553
0.000603797
0.000605054
0.000604737
0.000604237
0.000604584
0.000603615
0.00060868
0.00060472
0.000603579
0.000604637
0.000603821
0.000603958
0.000609983
0.000604285
0.00060511
0.000603444
0.000603847
0.00060396
0.000606883
0.000613445
0.000617989
0.000604021
0.000634612
0.000605385
0.000603085
0.000609961
0.000604342
0.000604306
0.000604303
0.000604433
0.000604032
0.000604584
0.000608272
0.000604084
0.000604144
0.000603671
0.000603918
0.000603212
0.000613389
0.00060451
0.000604217
0.000603215
0.000604903
0.000604394
0.000608522
0.000606758
0.000604462
0.00060369
0.000604212
0.00060484
0.000604068
0.000609258
0.000605016
0.00060365
0.000604108
0.000604001
0.000604187
0.000613467
0.00060391
0.0006043
0.000604459
0.000604944
0.000605167
0.000604713
0.000608958
0.000604665
0.000604253
0.000604793
0.000603242
0.000603496
0.000608587
0.000604208
0.000607194
0.000603328
0.000603082
0.00060395
0.000603904
0.000616467
0.000604294
0.000604491
0.000604055
0.000604443
0.000603397
0.000609868
0.000604083
0.000604267
0.000604271
0.000605227
0.00060461
0.000603886
0.000608494
0.000604711
0.00060451
0.000604955
0.000604433
0.000603537
0.000613244
0.000610335
0.000608762
0.000604948
0.000603729
0.000604853
0.000609567
0.000604248
0.000603884
0.000651188
0.000604518
0.000603457
0.000615446
0.000614183
0.000604214
0.000603905
0.000604988
0.0006048
0.000602891
0.000616151
0.000604234
0.000603909
0.000604083
0.000604131
0.000605444
0.000604024
0.000608848
0.000604593
0.000604173
0.000605784
0.000607014
0.000603831
0.000608513
0.00060317
0.000604577
0.000604344
0.00060452
0.000603197
0.000605066
0.000614296
0.000604523
0.000603359
0.00060297
0.000604608
0.000605454
0.000608418
0.000604108
0.000604705
0.00060465
0.000604322
0.000603403
0.000608224
0.000603933
0.000603417
0.000605475
0.00060367
0.000606975
0.000604153
0.000612837
0.000604629
0.000604547
0.000604055
0.000604657
0.000603591
0.000609024
0.000604267
0.000603013
0.00060338
0.000603742
0.000604048
0.000603726
0.000607833
0.000603791
0.000603994
0.000604327
0.000604055
0.000604085
0.000613086
0.000604414
0.000603913
0.000603735
0.000604845
0.000608394
0.00060484
0.000608553
0.00060527
0.0006044
0.000604422
0.000604353
0.000619501
0.000607711
0.000632709
0.000603566
0.000604694
0.000605447
0.000605169
0.000613612
0.000604283
0.000603752
0.000604686
0.000603343
0.000603953
0.0006045
0.000608997
0.000604691
0.000603697
0.000604193
0.000603268
0.000603545
0.00061194
0.00060436
0.000603882
0.00060362
0.000604381
0.000604028
0.000604262
0.000612849
0.000605178
0.000603939
0.000603496
0.000603876
0.000603972
0.000609175
0.000604658
0.000603973
0.000604271
0.000604289
0.000604093
0.000604559
0.000607836
0.000603656
0.000603911
0.00060312
0.000603321
0.000604944
0.000613424
0.000607565
0.000603372
0.000604942
0.000604477
0.000604128
0.00060779
0.000608487
0.000604956
0.000604933
0.000604377
0.000603895
0.000603626
0.000609398
0.000603859
0.00060328
0.000604263
0.000603734
0.000604128
0.000604976
0.000605613
0.000604886
0.000603789
0.000603976
0.000604709
0.00060434
0.000608562
0.000607673
0.000604014
0.000609642
0.000605672
0.0006056
0.000616793
0.000605659
0.000604305
0.00060457
0.000604243
0.000673419
0.000604442
0.000620426
0.000604005
0.000604798
0.000603972
0.000604208
0.000603302
0.000615393
0.000604551
0.000604758
0.000604766
0.000604197
0.000604066
0.000603803
0.000609305
0.000603884
0.000604767
0.000605331
0.000603592
0.000603828
0.000613377
0.000603406
0.00060336
0.000603579
0.000604185
0.00060387
0.000608702
0.000605752
0.000604192
0.00060427
0.000605181
0.000604634
0.000603947
0.000608053
0.000604026
0.000604054
0.000604246
0.000603737
0.000604161
0.00061329
0.000604614
0.000604051
0.000603495
0.000628644
0.000604331
0.00060337
0.000610345
