0.000102867
0.000127388
0.000118861
0.000119257
0.000118725
0.000116468
0.000116117
0.000115263
0.000115225
0.000114536
0.000113543
0.00011421
0.000113281
0.000113967
0.000114721
0.000114478
0.00011376
0.000114173
0.000113664
0.000144999
9.05e-05
6.5165e-05
6.4635e-05
6.4729e-05
6.4512e-05
6.4562e-05
6.4991e-05
6.4331e-05
6.4256e-05
6.4156e-05
6.5003e-05
6.4376e-05
6.457e-05
6.4241e-05
6.4286e-05
6.4242e-05
6.438e-05
6.4459e-05
6.4354e-05
6.4264e-05
6.4069e-05
6.4422e-05
6.4179e-05
6.4618e-05
6.4869e-05
6.4126e-05
6.4704e-05
6.4121e-05
6.5272e-05
6.43e-05
6.4459e-05
6.4552e-05
6.4805e-05
6.4547e-05
6.4152e-05
6.4566e-05
6.4644e-05
6.4522e-05
6.9006e-05
6.4719e-05
6.4707e-05
6.4572e-05
6.443e-05
6.4558e-05
6.4156e-05
6.4882e-05
6.4435e-05
6.4433e-05
6.4424e-05
6.5848e-05
6.4818e-05
6.5179e-05
6.4854e-05
6.5006e-05
6.4795e-05
6.4462e-05
6.4385e-05
6.4408e-05
6.4376e-05
6.4417e-05
6.4651e-05
6.449e-05
6.4657e-05
6.4301e-05
6.4603e-05
6.4278e-05
6.4565e-05
6.463e-05
6.456e-05
6.4379e-05
6.4806e-05
6.4833e-05
6.4514e-05
6.4591e-05
6.4087e-05
6.4537e-05
6.4882e-05
6.4752e-05
6.5262e-05
6.4748e-05
6.4609e-05
6.4599e-05
6.4549e-05
6.4366e-05
6.504e-05
6.4677e-05
6.4579e-05
6.4826e-05
6.423e-05
6.4678e-05
6.4342e-05
6.4482e-05
6.4499e-05
6.4616e-05
6.4417e-05
6.452e-05
6.4522e-05
6.4188e-05
6.4664e-05
8.7806e-05
6.5344e-05
6.4822e-05
6.4343e-05
6.4592e-05
6.5056e-05
6.4527e-05
6.46e-05
6.5036e-05
6.4573e-05
6.485e-05
6.4451e-05
6.4546e-05
6.4361e-05
6.4459e-05
6.4632e-05
6.5055e-05
6.4492e-05
6.4408e-05
6.4484e-05
6.4297e-05
6.4236e-05
6.4809e-05
6.4473e-05
6.4017e-05
6.4549e-05
6.4532e-05
6.4837e-05
6.4403e-05
6.426e-05
6.4534e-05
6.419e-05
6.4943e-05
6.456e-05
6.4818e-05
6.4569e-05
6.4624e-05
6.4804e-05
6.4277e-05
6.478e-05
6.508e-05
6.4509e-05
6.4241e-05
6.4432e-05
6.4607e-05
6.4706e-05
6.4208e-05
6.4419e-05
6.4645e-05
6.4255e-05
8.0871e-05
5.8936e-05
4.988e-05
4.9396e-05
4.9659e-05
4.941e-05
4.9597e-05
4.9821e-05
4.9648e-05
4.947e-05
4.9521e-05
4.9619e-05
4.9355e-05
4.9447e-05
4.9783e-05
4.9676e-05
4.9614e-05
4.9506e-05
5.0349e-05
4.9635e-05
4.9456e-05
4.9302e-05
4.9558e-05
4.9925e-05
4.9538e-05
4.925e-05
4.9443e-05
4.9533e-05
4.9349e-05
4.951e-05
4.9681e-05
4.9317e-05
4.9359e-05
4.9493e-05
4.9397e-05
4.9648e-05
4.9509e-05
4.9253e-05
4.936e-05
4.9377e-05
5.001e-05
4.9443e-05
4.9609e-05
4.9502e-05
4.9351e-05
4.9461e-05
4.9601e-05
4.9643e-05
4.9541e-05
4.955e-05
4.9634e-05
4.9426e-05
4.9665e-05
4.9665e-05
4.9417e-05
4.9687e-05
4.9506e-05
4.9594e-05
4.9554e-05
4.9804e-05
4.9394e-05
4.9521e-05
4.9634e-05
4.9371e-05
5.8448e-05
5.2785e-05
4.9729e-05
4.9545e-05
4.9482e-05
4.966e-05
4.9789e-05
4.9484e-05
4.9484e-05
4.9655e-05
4.9606e-05
4.9373e-05
4.9282e-05
4.9541e-05
4.9317e-05
4.9433e-05
4.9844e-05
4.9667e-05
4.9578e-05
4.9568e-05
4.9064e-05
4.9282e-05
4.9382e-05
4.9316e-05
4.943e-05
4.9617e-05
4.9507e-05
4.9484e-05
4.9263e-05
4.9535e-05
4.9753e-05
4.9694e-05
4.9245e-05
4.9607e-05
4.9495e-05
4.9344e-05
4.9147e-05
4.9426e-05
4.9399e-05
4.9553e-05
4.9614e-05
4.9839e-05
4.914e-05
4.9176e-05
4.9862e-05
4.973e-05
4.968e-05
4.9326e-05
5.0385e-05
4.955e-05
4.9339e-05
4.9552e-05
4.9241e-05
4.9424e-05
4.9614e-05
4.9733e-05
4.9559e-05
4.9774e-05
4.9538e-05
4.93e-05
4.9293e-05
4.9459e-05
4.9311e-05
4.9415e-05
4.9568e-05
6.2959e-05
4.9201e-05
4.8858e-05
4.8642e-05
4.8707e-05
4.8308e-05
4.8107e-05
4.8392e-05
4.9008e-05
4.8228e-05
4.8505e-05
4.8541e-05
4.8422e-05
4.8491e-05
4.84e-05
4.8436e-05
4.8243e-05
4.8557e-05
4.856e-05
4.816e-05
4.8095e-05
4.8452e-05
4.824e-05
4.8339e-05
4.8341e-05
4.8368e-05
4.8001e-05
4.842e-05
4.8473e-05
4.8247e-05
4.8555e-05
4.8733e-05
4.8401e-05
4.844e-05
4.8318e-05
4.8555e-05
4.8447e-05
4.8583e-05
4.8259e-05
4.8274e-05
4.8969e-05
4.8202e-05
4.8357e-05
4.857e-05
4.8426e-05
4.8511e-05
4.8342e-05
4.8187e-05
4.8275e-05
4.8384e-05
4.8573e-05
4.8358e-05
4.8273e-05
4.8475e-05
4.8168e-05
4.8398e-05
4.8574e-05
4.8404e-05
4.8221e-05
4.8451e-05
4.8301e-05
4.8309e-05
4.8369e-05
4.8358e-05
4.8324e-05
4.8271e-05
4.8503e-05
8.652e-05
5.0055e-05
4.8885e-05
4.8941e-05
4.8903e-05
5.5614e-05
4.91e-05
4.888e-05
4.8969e-05
4.9041e-05
4.9164e-05
4.9528e-05
4.8928e-05
4.9458e-05
4.9206e-05
4.9362e-05
4.9382e-05
4.9255e-05
4.8975e-05
4.9081e-05
4.9109e-05
4.9018e-05
4.9299e-05
4.9023e-05
4.9086e-05
4.9145e-05
4.8972e-05
4.9385e-05
4.9155e-05
4.9037e-05
4.896e-05
4.923e-05
4.8862e-05
4.8998e-05
4.9167e-05
4.9092e-05
4.8996e-05
4.9338e-05
4.9121e-05
4.9253e-05
4.8661e-05
4.8744e-05
4.9528e-05
4.8942e-05
4.9401e-05
4.8856e-05
4.8845e-05
4.9038e-05
4.8819e-05
4.902e-05
4.8951e-05
4.9241e-05
4.9061e-05
4.8748e-05
4.9274e-05
4.9263e-05
4.883e-05
4.8766e-05
4.9109e-05
4.9258e-05
4.9139e-05
4.9296e-05
4.8991e-05
4.9468e-05
5.9205e-05
5.2822e-05
4.8969e-05
4.8415e-05
4.8477e-05
4.8845e-05
4.9039e-05
4.8385e-05
4.8503e-05
4.8762e-05
4.8676e-05
4.873e-05
4.8457e-05
4.8665e-05
4.8478e-05
4.8274e-05
4.8357e-05
4.8753e-05
4.8416e-05
4.8304e-05
4.8717e-05
4.8442e-05
4.8544e-05
4.8533e-05
4.8322e-05
4.8408e-05
4.8336e-05
4.8428e-05
4.8441e-05
4.8594e-05
4.8444e-05
4.8255e-05
4.8352e-05
4.8214e-05
4.8311e-05
4.8325e-05
4.8427e-05
4.8687e-05
4.8277e-05
4.869e-05
4.8625e-05
4.8301e-05
4.8218e-05
4.8424e-05
4.8449e-05
4.8308e-05
4.8557e-05
4.8242e-05
4.8398e-05
4.8418e-05
4.836e-05
4.8573e-05
4.829e-05
4.8306e-05
4.867e-05
4.836e-05
5.4544e-05
4.8771e-05
5.3409e-05
4.9185e-05
5.0105e-05
4.8996e-05
4.8832e-05
4.894e-05
4.9117e-05
6.4047e-05
5.881e-05
4.9413e-05
4.8972e-05
4.9118e-05
4.8973e-05
4.8767e-05
4.8944e-05
4.8849e-05
4.9172e-05
4.857e-05
4.8563e-05
4.8812e-05
4.8758e-05
4.8551e-05
4.8839e-05
4.8615e-05
4.8619e-05
4.9131e-05
8.9215e-05
4.9733e-05
4.9048e-05
4.8929e-05
4.8605e-05
4.9021e-05
4.8732e-05
4.8821e-05
4.8791e-05
4.8983e-05
4.8732e-05
4.8925e-05
4.9044e-05
4.8618e-05
4.8722e-05
4.8681e-05
4.9215e-05
4.9226e-05
4.9015e-05
4.8885e-05
4.8811e-05
4.8885e-05
4.8919e-05
4.9093e-05
4.9146e-05
4.8899e-05
4.9295e-05
4.9075e-05
4.8931e-05
4.9211e-05
4.9161e-05
4.9111e-05
4.8863e-05
4.8674e-05
4.9012e-05
4.9029e-05
4.8623e-05
4.9011e-05
4.8603e-05
4.8499e-05
4.8779e-05
4.8803e-05
4.8842e-05
4.8914e-05
4.9044e-05
4.9348e-05
4.9118e-05
5.8655e-05
4.9854e-05
4.9365e-05
4.8894e-05
4.8975e-05
4.8499e-05
4.8888e-05
4.8719e-05
4.8796e-05
4.8862e-05
4.8835e-05
4.8964e-05
4.8722e-05
4.8654e-05
4.8746e-05
4.8992e-05
4.8598e-05
4.8772e-05
4.8899e-05
4.8693e-05
4.856e-05
4.8654e-05
4.896e-05
4.9118e-05
4.8831e-05
4.8828e-05
4.8851e-05
4.8825e-05
4.9091e-05
4.8968e-05
4.8721e-05
4.8567e-05
4.8849e-05
4.9049e-05
4.8992e-05
4.8901e-05
4.8882e-05
4.8872e-05
4.8506e-05
4.8822e-05
4.883e-05
4.8826e-05
4.8828e-05
4.9008e-05
4.8782e-05
4.8895e-05
4.8788e-05
4.8801e-05
4.8624e-05
4.8938e-05
4.8764e-05
4.8873e-05
4.8868e-05
4.8724e-05
4.8759e-05
4.9148e-05
4.8774e-05
4.871e-05
4.9326e-05
4.8868e-05
4.8651e-05
4.8799e-05
4.8694e-05
4.845e-05
4.8882e-05
4.8872e-05
5.3575e-05
4.9499e-05
4.8791e-05
4.8701e-05
4.8867e-05
4.9164e-05
4.8818e-05
4.8768e-05
4.9058e-05
4.8808e-05
4.8819e-05
4.8704e-05
4.8599e-05
4.8964e-05
4.8852e-05
4.9074e-05
4.8668e-05
4.889e-05
4.8947e-05
4.8817e-05
4.8932e-05
4.8934e-05
4.8874e-05
4.8992e-05
4.9101e-05
4.9038e-05
4.9029e-05
4.9013e-05
4.8951e-05
4.8737e-05
4.9031e-05
4.9039e-05
4.9144e-05
4.9259e-05
4.8797e-05
4.8921e-05
4.8676e-05
4.904e-05
4.8695e-05
4.8819e-05
4.8808e-05
5.0524e-05
4.8965e-05
4.8978e-05
4.853e-05
4.8588e-05
4.873e-05
4.8916e-05
4.8823e-05
4.8823e-05
4.8896e-05
4.8741e-05
4.8607e-05
4.8756e-05
4.921e-05
4.9144e-05
4.8769e-05
4.8871e-05
4.907e-05
4.873e-05
4.8776e-05
4.9359e-05
4.8837e-05
4.8709e-05
4.9229e-05
4.9299e-05
5.3301e-05
4.93e-05
4.8979e-05
4.8857e-05
4.8787e-05
4.8789e-05
4.8955e-05
4.8851e-05
4.8982e-05
4.9036e-05
4.8588e-05
4.8727e-05
4.8561e-05
4.8875e-05
4.8538e-05
4.8824e-05
4.8661e-05
4.8827e-05
4.8669e-05
4.8499e-05
4.8943e-05
4.8889e-05
4.8675e-05
4.896e-05
4.8642e-05
4.8755e-05
4.8909e-05
4.9036e-05
4.8818e-05
4.8654e-05
4.8935e-05
4.8951e-05
4.8758e-05
4.8765e-05
4.8879e-05
4.8752e-05
4.8689e-05
4.8618e-05
4.8884e-05
4.8773e-05
4.9079e-05
4.8845e-05
4.9182e-05
4.8733e-05
4.8817e-05
4.8752e-05
4.864e-05
4.8655e-05
4.8708e-05
4.8752e-05
4.867e-05
4.9144e-05
4.8738e-05
4.8634e-05
4.8709e-05
4.8837e-05
4.8926e-05
4.862e-05
4.8472e-05
4.9308e-05
4.9161e-05
4.8797e-05
4.9027e-05
4.8873e-05
4.8816e-05
4.898e-05
5.7759e-05
5.0016e-05
4.8809e-05
4.8765e-05
4.8721e-05
4.874e-05
4.8561e-05
4.9003e-05
4.8756e-05
4.8723e-05
4.8863e-05
4.8698e-05
4.9129e-05
4.8678e-05
4.8992e-05
4.8568e-05
4.8724e-05
4.867e-05
4.9054e-05
4.8588e-05
4.8867e-05
4.8584e-05
4.888e-05
4.8559e-05
4.8886e-05
4.878e-05
4.8921e-05
4.8732e-05
4.8883e-05
4.9006e-05
4.875e-05
4.892e-05
4.8904e-05
4.8942e-05
4.8856e-05
4.8828e-05
4.8923e-05
4.8861e-05
4.8529e-05
4.8917e-05
4.8764e-05
4.8908e-05
4.896e-05
4.8771e-05
4.9061e-05
4.8733e-05
4.8998e-05
4.8749e-05
4.887e-05
4.8952e-05
4.894e-05
4.8657e-05
4.8906e-05
4.877e-05
4.8739e-05
4.8648e-05
4.8884e-05
4.8723e-05
4.8936e-05
4.8828e-05
4.9072e-05
4.8941e-05
4.8887e-05
4.8845e-05
4.8755e-05
4.916e-05
5.3173e-05
4.9216e-05
4.8876e-05
4.9079e-05
4.9025e-05
4.9014e-05
4.8937e-05
4.8929e-05
4.8651e-05
4.9042e-05
4.8524e-05
4.8798e-05
4.8828e-05
4.8798e-05
4.8907e-05
4.9022e-05
4.8735e-05
4.867e-05
4.8831e-05
4.912e-05
4.9001e-05
4.8966e-05
4.8737e-05
4.9145e-05
4.8802e-05
4.9031e-05
4.9058e-05
4.8856e-05
4.8845e-05
4.8722e-05
4.8961e-05
4.8845e-05
4.8778e-05
4.8819e-05
4.8794e-05
4.8876e-05
4.8896e-05
4.9067e-05
4.875e-05
4.9094e-05
4.8952e-05
4.8718e-05
4.8953e-05
4.8912e-05
4.8742e-05
4.8663e-05
4.8678e-05
4.8724e-05
4.8691e-05
4.8905e-05
4.8582e-05
4.8584e-05
4.9233e-05
4.8882e-05
4.8623e-05
4.8598e-05
4.8936e-05
4.864e-05
4.8923e-05
4.8838e-05
4.8793e-05
4.8759e-05
4.8745e-05
4.8981e-05
4.867e-05
4.8964e-05
5.3358e-05
4.9351e-05
4.8875e-05
4.8806e-05
4.9123e-05
4.8693e-05
4.8829e-05
4.8743e-05
4.883e-05
4.8711e-05
4.8864e-05
4.9116e-05
4.8975e-05
4.8847e-05
4.907e-05
4.9103e-05
4.9152e-05
4.8864e-05
4.8896e-05
4.9137e-05
4.9173e-05
4.8957e-05
4.9084e-05
4.9298e-05
4.916e-05
4.8768e-05
4.9227e-05
4.9063e-05
4.8682e-05
4.9041e-05
4.8875e-05
4.8749e-05
4.8882e-05
4.9259e-05
4.9067e-05
4.8677e-05
4.9e-05
4.9144e-05
4.8937e-05
4.9018e-05
4.8774e-05
4.8594e-05
4.8792e-05
4.8752e-05
4.8768e-05
4.8697e-05
4.8503e-05
4.8755e-05
4.8872e-05
4.8794e-05
4.8603e-05
4.8503e-05
4.8712e-05
4.8781e-05
4.8842e-05
4.8934e-05
4.8966e-05
4.898e-05
4.892e-05
4.8672e-05
4.8898e-05
4.9122e-05
4.8832e-05
4.8935e-05
4.9052e-05
4.9136e-05
5.7902e-05
4.9941e-05
4.8779e-05
4.9144e-05
4.8989e-05
4.8935e-05
4.8825e-05
4.8971e-05
4.9049e-05
4.9237e-05
4.9043e-05
4.8738e-05
4.8906e-05
4.9054e-05
4.9034e-05
4.9055e-05
4.8965e-05
4.9105e-05
4.8725e-05
4.8873e-05
4.933e-05
4.8991e-05
4.93e-05
4.9057e-05
4.8822e-05
4.9025e-05
4.918e-05
4.9212e-05
4.9108e-05
4.8895e-05
4.8915e-05
4.9363e-05
4.9043e-05
4.8843e-05
4.8947e-05
4.8645e-05
4.9121e-05
4.8936e-05
4.8813e-05
4.9139e-05
4.9209e-05
4.9032e-05
4.8987e-05
4.9131e-05
