0.0118911
0.0118235
0.0117972
0.0117322
0.0116941
0.0117277
0.0117099
0.01179
0.0117351
0.0116937
0.0116993
0.0116898
0.0116965
0.0117217
0.0118253
0.0117068
0.0116958
0.011689
0.0116833
0.0117021
0.0118194
0.0117065
0.0116898
0.0117382
0.0117207
0.0116971
0.011772
0.0117408
0.0116929
0.0116933
0.011696
0.0116926
0.0117567
0.0118004
0.0117094
0.0116975
0.0116939
0.011684
0.0117068
0.0118092
0.0116993
0.0117332
0.0117125
0.0116833
0.0116935
0.0118396
0.011707
0.0117551
0.0117434
0.0117346
0.0119775
0.0117968
0.0117521
0.0116968
0.0116921
0.0116785
0.0116936
0.0117173
0.0117875
0.0117491
0.0117094
0.011695
0.0117019
0.0116998
0.0118398
0.0116904
0.0116916
0.0117029
0.0117283
0.0116983
0.0117999
0.0117297
0.0116848
0.0116907
0.0117062
0.0116868
0.0117219
0.0118059
0.0116987
0.0116834
0.011673
0.0116941
0.0116939
0.0117979
0.0116888
0.0116962
0.0117129
0.0117019
0.0116932
0.0118017
0.0117145
0.0117018
0.0116875
0.011692
0.011689
0.0117873
0.0117634
0.0119038
0.0117682
0.0116947
0.0116928
0.0117324
0.0118161
0.0116995
0.0117415
0.0117169
0.0116953
0.0116861
0.0118244
0.0117011
0.0117012
0.0116847
0.0116906
0.0117427
0.0117742
0.0117364
0.0117256
0.0117115
0.0116971
0.0116854
0.0117189
0.0117783
0.0117337
0.0117004
0.0116922
0.0116989
0.0116862
0.0118272
0.0116855
0.0116766
0.0116738
0.0117453
0.0118289
0.0118086
0.0117235
0.0116961
0.0116898
0.0116898
0.0116695
0.0117242
0.0118012
0.0117042
0.0116907
0.0116787
0.011687
0.0117192
0.0117972
0.0117024
0.0118125
0.011747
0.0116812
0.0117376
0.0118136
0.0117136
0.0116808
0.0116812
0.0117016
0.0116784
0.0117848
0.01175
0.0117005
0.01169
0.0116833
0.0116965
0.0117033
0.0117846
0.0116782
0.0117231
0.0116926
0.0116983
0.0116892
0.0118187
0.0116874
0.0116948
0.01169
0.0116871
0.0117344
0.0117687
0.0117371
0.0116927
0.011688
0.0116878
0.0116776
0.0117234
0.0117602
0.0117354
0.0116902
0.01169
0.0116951
0.0117014
0.0118268
0.0116899
0.0116887
0.0116765
0.0117224
0.0117052
0.0117995
0.0116958
0.0117567
0.0117439
0.0116978
0.0116973
0.011753
0.0118116
0.0117061
0.011692
0.0116851
0.0116623
0.0117173
0.0117837
0.0116964
0.011682
0.0117281
0.0117146
0.0116923
0.011847
0.0116931
0.011852
0.0117413
0.0116927
0.0116935
0.0118494
0.0117446
0.0117049
0.0116958
0.0116859
0.0116947
0.0117366
0.0117883
0.0117111
0.011761
0.0117149
0.0116917
0.0117068
0.0118346
0.0117084
0.0116846
0.0117011
0.0117041
0.0117232
0.0118141
0.0117138
0.0116985
0.0116821
0.0116814
0.0116913
0.0117355
0.0117478
0.0117593
0.0117705
0.0116886
0.0116836
0.0117201
0.0118173
0.0116944
0.0116889
0.0116923
0.0117176
0.0117009
0.0118327
0.011702
0.0117085
0.0116859
0.0116868
0.0116927
0.0117791
0.0117723
0.0117115
0.0116849
0.0116865
0.0116976
0.0117182
0.0117817
0.0117063
0.0117032
0.0117302
0.011706
0.0117114
0.0118253
0.0116918
0.0116997
0.011693
0.0116827
0.0116944
0.011875
0.0117528
0.0117121
0.0116921
0.0116918
0.0116851
0.0117387
0.011783
0.0116922
0.0117196
0.0117118
0.0116921
0.0117168
0.0118241
0.0117088
0.01214
0.0117547
0.0117926
0.0117832
0.0118472
0.011722
0.0116884
0.0117051
0.0117221
0.0117056
0.0118001
0.0117471
0.0117416
0.0117106
0.0116951
0.0117066
0.0117297
0.0117823
0.0116961
0.011673
0.0116739
0.0117443
0.0117217
0.0118264
0.0117105
0.0117012
0.011689
0.0116968
0.0117201
0.0117974
0.0117555
0.0117254
0.0117138
0.0117148
0.0116975
0.0117361
0.0117689
0.011694
0.0117039
0.0117351
0.0117157
0.0117278
0.0117991
0.0116888
0.0116755
0.0116812
0.0116821
0.0116796
0.0118581
0.011721
0.01176
0.0117469
0.0116854
0.0116979
0.0117776
0.0117566
0.0116949
0.0117396
0.0117234
0.0117138
0.0117234
0.0117945
0.011698
0.0116943
0.0117106
0.0117053
0.0117338
0.0118579
0.0116962
0.011713
0.0117017
0.0117014
0.0116852
0.0117765
0.0117479
0.0117416
0.0117102
0.0116891
0.0116884
0.0117022
0.0117831
0.0117691
0.0117061
0.011683
0.0117339
0.0117371
0.0118107
0.0116936
0.011697
0.0117012
0.0116881
0.0117108
0.0118324
0.0117455
0.0117098
0.0117029
0.0159808
0.0116914
0.011757
0.0117559
0.0117692
0.011757
0.0117437
0.0116844
0.0117432
0.0117788
0.0116937
0.0116857
0.01169
0.0116749
0.0116924
0.0118675
0.0117208
0.0116919
0.0116906
0.0117098
0.0117094
0.0118245
0.0117757
0.0117074
0.0117213
0.011699
0.0116929
0.0117374
0.0117701
0.0117059
0.0117123
0.0117043
0.0116948
0.0117507
0.0118229
0.0116878
0.0117136
0.0116958
0.011684
0.0116919
0.0118152
0.0117165
0.0117412
0.0117118
0.0116984
0.0116996
0.0117773
0.0117684
0.0117022
0.0116895
0.0116887
0.0117168
0.0117146
0.011792
0.0117211
0.0117864
0.0117183
0.0117559
0.0117385
0.0118529
0.0117377
0.011705
0.0116945
0.0116936
0.0116941
0.0117895
0.0117329
0.0117231
0.0116975
0.011739
0.0116962
0.0117336
0.0119343
0.0118535
0.0117488
0.0116937
0.0116892
0.0117033
0.0118522
0.0117203
0.0117063
0.0117071
0.0117162
0.0116943
0.011824
0.0117142
0.0117011
0.0117301
0.011704
0.0116909
0.0117616
0.0117542
0.0118062
0.0120869
0.0117511
0.0116892
0.0117506
0.0118144
0.0116751
0.0116802
0.0116933
0.0116903
0.0116898
0.0118211
0.0117914
0.0119868
0.0117249
0.0117356
0.0117457
0.0118079
0.0117295
0.0116934
0.0116815
0.0116743
0.0117276
0.0117149
0.0117741
0.0116882
0.0116973
0.0116943
0.0116931
0.0116889
0.0118144
0.0117532
0.0116927
0.0116877
0.0116853
0.0116908
0.0117947
0.0117171
0.0117043
0.0116825
0.0117284
0.0117006
0.0117383
0.0117533
0.0116798
0.0116875
0.0116804
0.0116864
0.0117489
0.0118407
0.0117085
0.0116979
0.0116987
0.0116883
0.0116982
0.0118168
0.0117044
0.0116756
0.0117317
0.0117028
0.0116974
0.0117592
0.0117483
0.0118943
0.0117437
0.0119218
0.0117456
0.0117715
0.0117893
0.0117023
0.011685
0.0116771
0.0116817
0.0116907
0.0118114
0.01169
0.0117418
0.0117304
0.0116995
0.0116897
0.011802
0.0117254
0.0116898
0.011687
0.0116838
0.0117289
0.0117547
0.0117647
0.0117025
0.0116903
0.0116946
0.0116941
0.0117039
0.0117976
0.0117423
0.0117097
0.011679
0.0116885
0.0116944
0.0118329
0.0116952
0.0117004
0.0116962
0.0117284
0.0117046
0.0117502
0.0117403
0.0116792
0.0116871
0.0116973
0.0116876
0.0117109
0.0118312
0.0117464
0.01174
0.0117031
0.0116903
0.0117121
0.0118406
0.0116961
0.0117023
0.0117264
0.0117028
0.0117011
0.0117918
0.0117229
0.0116946
0.0116924
0.0116818
0.0116974
0.0117759
0.0117844
0.0117183
0.0117083
0.0117003
0.0116933
0.0116981
0.0118093
0.0117179
0.0117274
0.0117116
0.0117049
0.0117
0.0118065
0.011774
0.0117193
0.0116955
0.0119049
0.0117521
0.0117734
0.011755
0.0116986
0.0117036
0.0116894
0.0116927
0.011751
0.011809
0.0117373
0.0117144
0.0116911
0.0116954
0.011686
0.011833
0.0117245
0.0118059
0.0117356
0.0117333
0.0117208
0.0117641
0.0117515
0.0117005
0.0116822
0.0116907
0.0116904
0.0117277
0.0118194
0.011719
0.0117061
0.0116875
0.0116943
0.0116983
0.0118349
0.0116948
0.0117086
0.0117298
0.0117067
0.0116902
0.0117941
0.0117206
0.0116949
0.0116982
0.0116866
0.0117022
0.011761
0.0117741
0.0117101
0.0116822
0.0116975
0.011696
0.0117081
0.0117937
0.0117034
0.0117275
0.0116995
0.0117059
0.0116954
0.0118265
0.0117096
0.0116934
0.0117276
0.0117143
0.0117238
0.0117895
0.0117509
0.0117466
0.0117664
0.0117099
0.0117226
0.0117224
0.0118051
0.011734
0.0117071
0.0116959
0.0116964
0.0117019
0.0118327
0.0117022
0.0117081
0.0116927
0.0117314
0.0117145
0.0117719
0.0119999
0.0117504
0.0116937
0.0116743
0.0116694
0.0117267
0.0118283
0.0117039
0.0116963
0.0116953
0.0117026
0.0116997
0.0118335
0.0117036
0.0116999
0.0117308
0.0117066
0.0117004
0.0118048
0.0117275
0.0117003
0.0117013
0.0117006
0.0117004
0.0117698
0.0117628
0.0117019
0.0116872
0.0117048
0.0116773
0.0117095
0.0118063
0.0117265
0.0118151
0.0117001
0.0117088
0.0116937
0.0118292
0.0117005
0.0116847
0.0116841
0.0116894
0.0117417
0.0117666
0.0117486
0.0117028
0.0116989
0.0117058
0.0116912
0.0117205
0.011814
0.0117472
0.0117172
0.0116912
0.0116818
0.0116995
0.0118303
0.0116863
0.0117054
0.0116985
0.0117488
0.0117022
0.0117923
0.0117209
0.0116715
0.0116837
0.01169
0.0117091
0.0117281
0.0118161
0.0117134
0.0117027
0.0116946
0.0117033
0.0116968
0.0118096
0.0116897
0.011691
0.0117371
0.0117057
0.0117014
0.0118145
0.0117108
0.0120085
0.0118398
0.0117188
0.011697
0.0118302
0.0117639
0.0116963
0.0116965
0.0116857
0.0116948
0.0117169
0.0117877
0.0116969
0.0117271
0.011706
0.0117019
0.0117011
0.0118259
0.0116977
0.0116966
0.0116905
0.0116811
0.0117217
0.0118169
0.0117201
0.01168
0.011701
0.0116965
0.0116914
0.0117354
0.0117831
0.0117271
0.0117162
0.0116911
0.0117313
0.0117438
0.0118191
0.0116924
0.0116901
0.0116941
0.0117438
0.0117091
0.0118142
0.0117117
0.011692
0.0116867
0.011685
0.011685
0.0117683
0.0117869
0.0117773
0.0117468
0.0117387
0.0117055
0.0117231
0.011805
0.0116957
0.0116902
0.0117249
0.0117066
0.0116962
0.0118225
0.0116991
0.0116979
0.011703
0.0116979
0.0116944
0.0118085
0.0117609
0.0117171
0.0117075
0.0116911
0.0116874
0.0117725
0.0117987
0.0116975
0.0117258
0.0117071
0.0116895
0.0117154
0.0118166
0.0116879
0.011689
0.0116931
0.011692
0.0117206
0.0118316
0.0117
0.0116906
0.0116974
0.0116869
0.011698
0.0117353
0.0117545
0.0117408
0.0117003
0.011704
0.0116963
0.0117225
0.0117847
0.0119372
0.0117693
0.0116916
0.0117278
0.0117167
0.0118653
0.0116971
0.0117035
0.0116958
0.0116941
0.0116796
0.0117701
0.011768
0.0116992
0.0116934
0.0116936
0.0116954
0.0117184
0.0117842
0.0116934
0.0116712
0.0117236
0.0117003
0.0117134
0.0118131
0.0116931
0.0117033
0.0116888
0.0116838
0.0116982
0.0118359
0.0117291
0.0116993
0.0116927
0.011693
0.0116844
0.0117456
0.0117688
0.0116713
0.011739
0.0117113
0.0116983
0.0117106
0.0118145
0.0117032
0.0116874
0.0116989
0.0116906
0.0117447
0.0118227
0.0117014
0.0116944
0.011706
0.0117169
0.0116928
0.0117522
0.0117463
0.0117238
0.0117202
0.0116991
0.0116824
0.0117273
0.0117822
0.0116832
0.0117099
0.0116858
0.0117284
0.0118841
0.0118486
0.0118754
0.0117204
0.0116802
0.0116846
0.0116788
0.0118
0.0118128
0.0117177
0.0117052
0.011689
0.0116964
0.0117284
0.0117801
0.0116838
0.0117007
0.011724
0.0116985
0.0117046
0.0118095
0.0117006
0.0116958
0.0116931
0.0116958
0.0116858
0.0118396
0.011733
0.0116993
0.0116938
0.0116977
