0.00014286
0.00015505
0.000132301
0.000131183
0.000131133
0.000132481
0.000131318
0.000131428
0.000131256
0.000130704
0.000131102
0.000131788
0.000131574
0.000131363
0.000131416
0.000130942
0.00013098
0.000131268
0.000131047
0.000131797
0.000130943
0.000131872
0.000131283
0.000131185
0.000131549
0.000130681
0.000130918
0.000131376
0.00013118
0.000152944
0.000132787
0.000131253
0.000130915
0.000130555
0.000131319
0.000130795
0.000131097
0.00013113
0.000131451
0.00013094
0.000131166
0.000131255
0.000131759
0.000131361
0.000130873
0.000130865
0.00013195
0.000155983
0.000145258
0.000132078
0.000131381
0.000131422
0.000131543
0.000131679
0.000131033
0.000131163
0.000168357
7.5167e-05
7.526e-05
7.5382e-05
7.5058e-05
7.5034e-05
7.5034e-05
7.475e-05
7.5122e-05
7.5788e-05
7.4909e-05
7.5328e-05
7.5199e-05
7.4934e-05
7.5117e-05
7.5048e-05
7.499e-05
7.4971e-05
7.5226e-05
7.4877e-05
7.4816e-05
7.4989e-05
7.5066e-05
7.508e-05
7.5337e-05
7.4824e-05
7.4737e-05
7.4799e-05
7.549e-05
7.5018e-05
7.5323e-05
7.5485e-05
7.5195e-05
7.4728e-05
7.5087e-05
7.5327e-05
7.4839e-05
7.5217e-05
7.5356e-05
7.5135e-05
7.472e-05
7.487e-05
7.4973e-05
7.5339e-05
7.494e-05
7.4933e-05
7.4787e-05
8.697e-05
7.5445e-05
7.5217e-05
7.5248e-05
7.5092e-05
7.4851e-05
7.4972e-05
7.4672e-05
7.4882e-05
7.5362e-05
7.495e-05
7.4833e-05
7.4449e-05
7.4734e-05
7.4801e-05
7.5077e-05
7.5581e-05
7.5423e-05
7.4823e-05
7.4844e-05
7.4614e-05
7.4958e-05
7.4784e-05
7.5787e-05
7.5174e-05
7.4978e-05
7.5291e-05
7.4756e-05
7.4711e-05
7.5013e-05
7.5158e-05
7.5227e-05
7.4842e-05
7.4908e-05
7.5007e-05
7.4965e-05
7.4998e-05
7.4909e-05
7.4943e-05
7.5033e-05
7.4633e-05
7.5246e-05
7.5043e-05
7.5023e-05
7.469e-05
7.4744e-05
7.4756e-05
7.4774e-05
7.5307e-05
8.3646e-05
7.527e-05
7.4888e-05
7.4873e-05
7.4457e-05
7.5086e-05
7.468e-05
7.4749e-05
7.4669e-05
7.5314e-05
7.48e-05
7.463e-05
7.5024e-05
7.472e-05
7.5212e-05
7.4562e-05
7.4638e-05
7.5226e-05
7.5114e-05
7.4861e-05
7.4978e-05
7.4886e-05
7.4491e-05
7.5113e-05
7.4873e-05
7.512e-05
7.5085e-05
7.4851e-05
7.502e-05
7.5272e-05
7.4762e-05
7.4833e-05
7.492e-05
7.4931e-05
7.5267e-05
7.5069e-05
7.4978e-05
7.5361e-05
7.4957e-05
7.4726e-05
7.5046e-05
7.5056e-05
7.5117e-05
7.4733e-05
7.4659e-05
7.5109e-05
7.4751e-05
7.4784e-05
8.7407e-05
7.5288e-05
7.5072e-05
7.5049e-05
7.4686e-05
7.506e-05
7.4796e-05
7.4996e-05
7.5057e-05
7.5404e-05
7.4955e-05
7.4817e-05
7.5165e-05
7.4667e-05
7.5465e-05
7.502e-05
7.4928e-05
7.4821e-05
7.491e-05
7.4925e-05
7.4771e-05
7.4902e-05
7.4616e-05
7.4777e-05
7.5307e-05
7.4838e-05
7.5691e-05
7.5643e-05
7.5384e-05
7.5498e-05
7.4977e-05
7.5422e-05
7.5129e-05
7.5079e-05
7.56e-05
7.5409e-05
7.498e-05
7.4946e-05
7.5278e-05
7.5401e-05
7.478e-05
7.591e-05
7.482e-05
7.5589e-05
7.4767e-05
7.5662e-05
7.536e-05
7.5221e-05
8.5882e-05
7.4904e-05
7.5322e-05
7.4923e-05
7.5241e-05
7.5075e-05
7.5662e-05
7.5025e-05
7.4991e-05
7.4501e-05
7.5577e-05
7.514e-05
7.5392e-05
7.496e-05
7.4578e-05
7.4753e-05
7.5347e-05
7.5723e-05
7.4887e-05
7.5746e-05
7.5754e-05
7.5456e-05
7.4894e-05
7.4956e-05
7.4892e-05
7.5031e-05
7.5639e-05
7.4759e-05
7.5013e-05
7.4677e-05
7.4878e-05
7.506e-05
7.5122e-05
7.5017e-05
7.5218e-05
7.5287e-05
7.5191e-05
7.5231e-05
7.4919e-05
7.5168e-05
7.5049e-05
7.5169e-05
7.8998e-05
7.4887e-05
7.5086e-05
7.5421e-05
7.575e-05
7.5516e-05
0.000116347
7.5488e-05
7.4786e-05
7.5061e-05
7.4967e-05
7.4856e-05
7.5176e-05
7.4929e-05
7.5097e-05
7.4601e-05
7.4742e-05
7.4866e-05
7.4978e-05
7.5287e-05
7.528e-05
7.5469e-05
7.5547e-05
7.8838e-05
7.5022e-05
7.5166e-05
7.5077e-05
7.4977e-05
7.4754e-05
7.5045e-05
7.5091e-05
7.5272e-05
7.5454e-05
7.5519e-05
7.5069e-05
7.542e-05
7.5102e-05
7.4659e-05
7.5092e-05
7.5287e-05
7.5067e-05
7.5545e-05
7.5085e-05
7.4981e-05
7.4975e-05
7.4939e-05
7.5145e-05
7.4953e-05
7.5064e-05
7.4865e-05
7.5275e-05
7.5329e-05
7.4871e-05
7.5489e-05
8.8703e-05
7.5463e-05
7.4829e-05
7.5394e-05
7.508e-05
7.4988e-05
7.5064e-05
7.5071e-05
7.5436e-05
7.5352e-05
7.5308e-05
7.506e-05
7.5003e-05
7.4884e-05
7.491e-05
7.4829e-05
7.5085e-05
7.5112e-05
7.5061e-05
9.3102e-05
7.5541e-05
7.5051e-05
7.5077e-05
7.4955e-05
7.5384e-05
7.5052e-05
7.4984e-05
7.5049e-05
7.5491e-05
7.5118e-05
7.5129e-05
7.4569e-05
7.4968e-05
0.000115198
7.5021e-05
7.4862e-05
7.4813e-05
7.513e-05
7.4767e-05
7.4887e-05
7.5532e-05
7.5028e-05
7.5504e-05
7.4881e-05
7.509e-05
7.4854e-05
7.4748e-05
8.4906e-05
7.5438e-05
7.4826e-05
7.479e-05
7.4657e-05
7.474e-05
7.4678e-05
7.5319e-05
7.4916e-05
7.5128e-05
7.4789e-05
7.5014e-05
7.5093e-05
7.5156e-05
7.4836e-05
7.4954e-05
7.4833e-05
7.5169e-05
7.504e-05
7.524e-05
7.4942e-05
7.5004e-05
7.5054e-05
7.5003e-05
7.4988e-05
7.4948e-05
7.5035e-05
7.517e-05
7.4878e-05
7.4807e-05
7.4941e-05
7.4837e-05
7.5165e-05
7.5195e-05
7.4777e-05
7.494e-05
7.5109e-05
7.4804e-05
7.507e-05
7.5138e-05
7.5123e-05
7.4969e-05
7.5204e-05
7.514e-05
7.487e-05
7.5159e-05
7.472e-05
7.4741e-05
7.5167e-05
8.3458e-05
7.508e-05
7.4758e-05
7.5526e-05
7.4484e-05
7.4821e-05
7.4721e-05
7.4931e-05
7.4827e-05
7.451e-05
7.4507e-05
7.5206e-05
7.479e-05
7.477e-05
7.466e-05
7.4689e-05
7.4947e-05
7.4891e-05
7.4863e-05
7.4923e-05
7.4649e-05
7.5084e-05
7.4593e-05
7.4729e-05
7.4378e-05
7.4794e-05
7.4795e-05
7.5208e-05
7.4772e-05
7.4884e-05
7.4817e-05
7.4833e-05
7.5325e-05
7.5158e-05
7.5225e-05
7.4898e-05
7.462e-05
7.5063e-05
7.5414e-05
7.4852e-05
7.478e-05
7.4609e-05
7.5057e-05
7.4934e-05
7.5148e-05
7.4836e-05
7.5122e-05
7.4988e-05
8.4862e-05
7.5776e-05
7.5222e-05
7.4568e-05
7.5091e-05
7.4612e-05
7.4713e-05
7.4655e-05
7.5124e-05
7.5098e-05
7.4997e-05
7.5003e-05
8.6333e-05
9.3358e-05
8.4585e-05
7.5377e-05
7.5196e-05
7.8499e-05
9.4556e-05
8.5527e-05
7.5908e-05
7.5047e-05
7.5493e-05
7.5416e-05
7.4805e-05
7.5218e-05
7.531e-05
7.5514e-05
7.4873e-05
7.4904e-05
7.5008e-05
7.4823e-05
7.491e-05
7.4673e-05
7.4727e-05
7.4872e-05
7.478e-05
7.4829e-05
7.4736e-05
7.5023e-05
7.5296e-05
7.4835e-05
7.5063e-05
7.5556e-05
7.4439e-05
7.4632e-05
7.4654e-05
8.2074e-05
7.5265e-05
7.5099e-05
7.4931e-05
7.4427e-05
7.4711e-05
7.4895e-05
7.4706e-05
7.4637e-05
7.468e-05
7.4932e-05
7.4609e-05
7.5164e-05
7.4912e-05
7.4907e-05
7.5033e-05
7.4853e-05
7.4679e-05
7.4782e-05
7.4702e-05
7.4764e-05
7.5102e-05
7.477e-05
7.4984e-05
7.4974e-05
7.4951e-05
7.4949e-05
7.4996e-05
7.4769e-05
7.4612e-05
7.4722e-05
7.521e-05
7.5015e-05
7.5041e-05
7.4878e-05
7.5041e-05
7.4721e-05
7.5548e-05
7.503e-05
7.474e-05
7.5044e-05
7.4965e-05
7.4641e-05
7.4978e-05
7.5263e-05
7.4676e-05
7.479e-05
7.4656e-05
7.5019e-05
7.8848e-05
7.4581e-05
7.4814e-05
7.4848e-05
7.464e-05
7.4804e-05
7.4676e-05
7.4703e-05
7.4731e-05
7.4792e-05
7.5129e-05
7.4924e-05
7.4617e-05
7.495e-05
7.483e-05
7.4269e-05
7.4712e-05
7.4789e-05
7.465e-05
7.4846e-05
7.4758e-05
7.473e-05
7.4726e-05
7.4832e-05
7.504e-05
7.4557e-05
7.5086e-05
7.5025e-05
7.5139e-05
7.4593e-05
7.4925e-05
7.5289e-05
7.5039e-05
7.5421e-05
7.4549e-05
7.4755e-05
7.5094e-05
7.5224e-05
7.5159e-05
7.4862e-05
7.4616e-05
7.5093e-05
7.4913e-05
7.4848e-05
7.481e-05
7.5062e-05
7.4693e-05
7.4557e-05
8.4195e-05
7.5433e-05
7.4743e-05
7.5061e-05
7.4693e-05
7.4927e-05
7.4646e-05
7.491e-05
7.5481e-05
7.4789e-05
7.4752e-05
7.4975e-05
7.4973e-05
7.4465e-05
7.4999e-05
7.5099e-05
7.4716e-05
7.4523e-05
7.4973e-05
7.5136e-05
7.497e-05
7.4591e-05
7.5133e-05
7.4805e-05
7.4826e-05
7.4694e-05
7.4722e-05
7.4757e-05
7.4736e-05
7.4811e-05
7.4792e-05
7.4641e-05
7.4882e-05
7.4977e-05
7.4713e-05
7.4928e-05
7.4818e-05
7.4813e-05
7.5084e-05
7.5233e-05
7.5126e-05
7.5072e-05
7.5072e-05
7.4764e-05
7.4641e-05
7.5204e-05
7.4771e-05
7.5143e-05
7.4401e-05
7.9162e-05
7.4934e-05
7.4701e-05
7.4995e-05
7.5116e-05
7.4787e-05
7.5021e-05
7.4919e-05
7.5226e-05
7.4886e-05
7.4875e-05
7.4847e-05
7.5023e-05
7.4922e-05
7.482e-05
7.4637e-05
7.4775e-05
7.4881e-05
7.4994e-05
7.5213e-05
7.4783e-05
7.4881e-05
7.5113e-05
7.4692e-05
7.509e-05
7.479e-05
7.4943e-05
7.5097e-05
7.4937e-05
7.505e-05
7.5101e-05
7.896e-05
7.5144e-05
7.5061e-05
7.5446e-05
7.4698e-05
7.5043e-05
7.5186e-05
7.4817e-05
7.4823e-05
7.5352e-05
7.4737e-05
7.4826e-05
7.476e-05
7.5343e-05
7.4583e-05
7.492e-05
7.4923e-05
7.8921e-05
7.5255e-05
7.5051e-05
7.5016e-05
7.4597e-05
7.5338e-05
8.382e-05
7.5536e-05
7.4884e-05
7.5514e-05
7.4989e-05
7.5665e-05
7.4963e-05
7.5098e-05
7.4934e-05
7.4929e-05
7.5291e-05
7.4702e-05
7.5113e-05
7.5873e-05
7.5196e-05
7.5006e-05
7.5168e-05
7.5231e-05
7.4929e-05
7.5253e-05
7.4904e-05
7.5197e-05
7.4969e-05
7.511e-05
7.479e-05
7.4818e-05
7.5286e-05
7.4702e-05
7.4815e-05
7.5109e-05
7.5072e-05
7.4992e-05
7.4929e-05
7.4774e-05
7.5274e-05
7.5084e-05
7.5047e-05
7.4909e-05
7.4648e-05
7.5017e-05
7.4957e-05
7.5181e-05
8.6011e-05
7.5496e-05
7.4904e-05
7.5079e-05
7.4905e-05
7.4693e-05
7.5111e-05
7.4829e-05
7.5158e-05
7.5484e-05
7.5115e-05
7.4722e-05
7.5043e-05
7.4739e-05
7.4781e-05
7.5121e-05
7.4668e-05
7.4823e-05
7.4922e-05
7.5481e-05
7.4908e-05
7.5159e-05
7.5094e-05
7.4838e-05
7.4913e-05
7.526e-05
7.5137e-05
7.4962e-05
7.4779e-05
7.5269e-05
7.5032e-05
7.464e-05
7.5227e-05
7.515e-05
7.4735e-05
7.539e-05
7.5098e-05
7.5224e-05
7.5291e-05
7.5021e-05
7.471e-05
7.4908e-05
7.4722e-05
7.5212e-05
7.5269e-05
7.5353e-05
7.5376e-05
7.5006e-05
8.1539e-05
7.4988e-05
7.5325e-05
7.5132e-05
7.5073e-05
7.5367e-05
7.5153e-05
7.4825e-05
7.5442e-05
7.4597e-05
7.5054e-05
7.4825e-05
7.4708e-05
7.5066e-05
7.526e-05
7.5329e-05
7.4942e-05
7.4859e-05
7.5024e-05
7.521e-05
7.5219e-05
7.4961e-05
7.5028e-05
7.5102e-05
7.5259e-05
7.5021e-05
7.5264e-05
7.4888e-05
7.5026e-05
7.5205e-05
7.5165e-05
7.481e-05
7.4998e-05
7.5161e-05
7.4996e-05
7.5211e-05
7.4984e-05
7.4741e-05
7.4864e-05
7.5418e-05
7.513e-05
7.5506e-05
7.5119e-05
7.507e-05
7.4947e-05
7.4961e-05
7.4757e-05
7.4937e-05
7.5086e-05
7.8333e-05
7.469e-05
7.4882e-05
7.542e-05
7.5755e-05
7.5066e-05
7.4692e-05
7.4711e-05
7.4611e-05
7.5382e-05
7.5143e-05
7.457e-05
7.4643e-05
7.4852e-05
7.467e-05
7.4952e-05
7.5268e-05
7.4778e-05
7.4642e-05
7.5198e-05
7.4992e-05
7.478e-05
7.5437e-05
7.5268e-05
7.5204e-05
7.4663e-05
7.537e-05
7.5188e-05
7.4791e-05
7.5038e-05
7.4852e-05
7.4797e-05
7.4862e-05
7.5125e-05
7.465e-05
7.4867e-05
7.4917e-05
7.4877e-05
7.8068e-05
7.5427e-05
7.511e-05
7.5178e-05
7.4943e-05
7.5323e-05
7.517e-05
7.4693e-05
7.5175e-05
7.5385e-05
8.3237e-05
7.5438e-05
7.5249e-05
7.4733e-05
7.5337e-05
7.489e-05
7.4873e-05
7.4669e-05
7.4751e-05
7.5171e-05
7.4953e-05
7.503e-05
7.4764e-05
7.5123e-05
7.4826e-05
7.4657e-05
7.5192e-05
7.4604e-05
7.4949e-05
7.4832e-05
7.4959e-05
7.4857e-05
7.4981e-05
7.5038e-05
7.5188e-05
7.4506e-05
7.4723e-05
7.5052e-05
7.5062e-05
7.5708e-05
7.4907e-05
7.4979e-05
7.4418e-05
7.5092e-05
7.4344e-05
7.4954e-05
7.4723e-05
7.4652e-05
7.4905e-05
7.5177e-05
7.4763e-05
7.4926e-05
7.4919e-05
7.4782e-05
7.4827e-05
7.503e-05
7.4979e-05
7.5265e-05
7.4877e-05
7.8799e-05
7.4997e-05
7.4873e-05
7.4674e-05
7.4605e-05
7.4972e-05
7.4937e-05
7.4743e-05
7.4804e-05
7.5039e-05
7.4976e-05
7.5297e-05
7.487e-05
7.5013e-05
7.5285e-05
7.4685e-05
7.4969e-05
7.5031e-05
7.4874e-05
7.4804e-05
7.5026e-05
7.5184e-05
7.4735e-05
7.4994e-05
7.4744e-05
7.4789e-05
7.4553e-05
7.5093e-05
7.4792e-05
