0.015827
0.0154707
0.0157947
0.0156582
0.0155087
0.0155888
0.0157022
0.0156491
0.0154928
0.0154853
0.0155727
0.0155363
0.0154907
0.015488
0.0156969
0.0155084
0.015466
0.0155248
0.0155759
0.0154614
0.0154778
0.015611
0.015531
0.0154781
0.0155125
0.0156425
0.0154733
0.0154654
0.0155311
0.0155607
0.0154647
0.0154881
0.0156461
0.0154932
0.0155073
0.0155757
0.015604
0.0154975
0.0154902
0.0155965
0.015483
0.0154631
0.0154754
0.0156645
0.0154808
0.0155028
0.0155312
0.0155476
0.0154753
0.015461
0.0156635
0.0154991
0.0155196
0.0155217
0.0156579
0.015469
0.0154848
0.0156263
0.015498
0.0155003
0.0155276
0.0156387
0.0154739
0.0154754
0.0155491
0.0155196
0.0155001
0.0155299
0.0157695
0.0156144
0.0155388
0.0155142
0.0157866
0.0155567
0.0154794
0.0156303
0.015502
0.0154675
0.0154968
0.0156453
0.0155327
0.0154798
0.0155389
0.0155491
0.0154951
0.01548
0.0156905
0.015503
0.0154969
0.0155086
0.0155414
0.0154838
0.0154773
0.0156187
0.0155301
0.0154974
0.0154896
0.0156591
0.0154716
0.0154945
0.0155476
0.015555
0.0155003
0.015478
0.0156603
0.0154849
0.0155498
0.0154947
0.0156608
0.0155067
0.0155762
0.0156033
0.0155326
0.0154899
0.0155056
0.0156754
0.0155047
0.0155101
0.0155473
0.0155606
0.0154844
0.0154752
0.0157398
0.015504
0.0154816
0.0155101
0.015577
0.0154836
0.0154678
0.0156319
0.0155363
0.0156185
0.0155115
0.0156424
0.0155051
0.0154806
0.0155769
0.0155402
0.0155247
0.0154783
0.0156888
0.0154797
0.0154711
0.0155337
0.0155847
0.015486
0.0155164
0.0156201
0.015646
0.015528
0.0154974
0.0156616
0.0154814
0.0154904
0.0155491
0.0155517
0.0154687
0.015531
0.0156841
0.0154842
0.0154866
0.0154945
0.0155706
0.0154546
0.0154557
0.0155865
0.0155211
0.01547
0.0154889
0.0156392
0.015465
0.0155118
0.015535
0.0155397
0.015463
0.0154802
0.015655
0.01551
0.0154858
0.0155223
0.0156056
0.0154879
0.0155069
0.0156531
0.0155146
0.0155422
0.0156966
0.0156511
0.0154911
0.015491
0.015563
0.0155534
0.0155081
0.0155078
0.0159236
0.0155383
0.0155101
0.0154757
0.0155908
0.0155119
0.0154953
0.0155851
0.0155298
0.0154863
0.0154959
0.0156649
0.0155
0.0154994
0.0155487
0.0155972
0.0154908
0.0154972
0.0156537
0.0155128
0.0154878
0.0154786
0.015622
0.0154916
0.015491
0.0155815
0.0155246
0.0154792
0.015477
0.0158068
0.0155313
0.0154718
0.0196969
0.0156011
0.0154895
0.0154752
0.0156588
0.0155055
0.0155397
0.0154872
0.0156412
0.0154893
0.0154537
0.0155822
0.015525
0.0154746
0.0155182
0.0157014
0.0154855
0.0154851
0.0155315
0.0156039
0.0154887
0.0154819
0.0156387
0.015494
0.0154851
0.0154908
0.0156179
0.01549
0.0154993
0.0156229
0.0155875
0.0156382
0.0155053
0.0156811
0.0154827
0.0156328
0.0156126
0.015556
0.0154674
0.0154723
0.0156148
0.0155145
0.0154821
0.0155035
0.0156161
0.0155198
0.0154759
0.0155681
0.0155317
0.0154852
0.0155094
0.0156802
0.0154824
0.0154763
0.0155079
0.0155737
0.0154826
0.0154991
0.0156063
0.0155014
0.0154898
0.0154746
0.015636
0.0154725
0.0155321
0.0155528
0.015524
0.0154702
0.0154704
0.015694
0.0154938
0.0155098
0.0155406
0.0157077
0.0155019
0.0155169
0.0156179
0.0155341
0.0155371
0.015511
0.0156529
0.0154865
0.0154971
0.0155288
0.0155422
0.0155986
0.0155354
0.0156685
0.0154779
0.0154735
0.0154883
0.0155861
0.0155039
0.0154879
0.0156077
0.0155074
0.0154815
0.0154779
0.0156636
0.0155033
0.0155176
0.0155551
0.0155374
0.015498
0.0154712
0.0156814
0.0155067
0.0154957
0.0155486
0.0155902
0.01553
0.0155172
0.0155983
0.0155447
0.0154875
0.0155035
0.0156387
0.0154671
0.0154791
0.0155462
0.0155833
0.0154806
0.0154999
0.0156451
0.0154825
0.0154728
0.0154969
0.0156287
0.0155089
0.0154778
0.0155875
0.0155141
0.0154828
0.0154849
0.01571
0.0154862
0.0154628
0.0155388
0.0155242
0.0154613
0.0154861
0.0156492
0.0155291
0.0155115
0.015503
0.0156123
0.0154901
0.0154585
0.0157023
0.0155645
0.0154579
0.0154999
0.015658
0.0154907
0.0154818
0.015561
0.0158524
0.0155493
0.0155055
0.0156596
0.0154835
0.0154723
0.0155248
0.0156608
0.0154799
0.0155028
0.0155405
0.0154906
0.0154713
0.0154902
0.0156698
0.0155488
0.0154983
0.0155178
0.015549
0.0154754
0.0155038
0.0156395
0.0156443
0.0155109
0.0155143
0.0155989
0.0154656
0.0155029
0.0155691
0.0155327
0.0157128
0.0155012
0.0156854
0.0154776
0.0154841
0.0155073
0.0155717
0.0154894
0.0154836
0.0156198
0.0154738
0.0155188
0.0154957
0.0156251
0.0154758
0.0154835
0.0155586
0.0155644
0.0154937
0.0155017
0.0157044
0.0154934
0.0154999
0.0155052
0.0155636
0.0155056
0.0154896
0.0156388
0.0155049
0.0154546
0.0154816
0.0156098
0.0154915
0.0156108
0.0156036
0.015532
0.0154898
0.015468
0.0157991
0.0155023
0.0155022
0.0155147
0.0155876
0.0155151
0.0154713
0.0156035
0.0155246
0.0154919
0.0155227
0.0156556
0.0154954
0.0154759
0.0155561
0.0155468
0.015483
0.0154667
0.0156773
0.0154881
0.0154717
0.0155091
0.0155934
0.0154843
0.0155021
0.0155984
0.0155144
0.0154994
0.0154837
0.0156496
0.0154814
0.0155284
0.0155863
0.0155859
0.0154807
0.015471
0.0156977
0.0155359
0.0155529
0.0155045
0.0155911
0.0154669
0.0155362
0.0155969
0.0155103
0.0154915
0.0155108
0.0156722
0.0154643
0.0154738
0.01556
0.0155518
0.0154672
0.0154958
0.0156888
0.0155009
0.0154954
0.0155663
0.0155893
0.0154995
0.0154704
0.0156082
0.0155015
0.0154761
0.0155297
0.0156308
0.0154741
0.0154653
0.0155475
0.0155512
0.015509
0.0154864
0.0156569
0.0155064
0.0154896
0.0155508
0.0156188
0.0154637
0.0155681
0.0155917
0.0154949
0.015494
0.0154849
0.0156531
0.0154974
0.0154893
0.0155297
0.0155305
0.0154653
0.0154633
0.0156313
0.0154912
0.0155049
0.0155153
0.0155973
0.0154688
0.01549
0.0155873
0.0155331
0.015496
0.0154949
0.01565
0.0154701
0.0154625
0.015523
0.0156027
0.015533
0.0155293
0.015658
0.0155107
0.0154988
0.0155315
0.0156231
0.0155573
0.0155283
0.0155996
0.0155003
0.0154655
0.0154785
0.0156497
0.0155271
0.0156833
0.0155715
0.0155321
0.0155763
0.0155337
0.015664
0.0155102
0.0155122
0.0155134
0.0155983
0.0154747
0.0154972
0.0155748
0.0155811
0.0155005
0.0155022
0.0156556
0.0154862
0.0154615
0.0155121
0.0155833
0.015496
0.0154928
0.0156609
0.0155123
0.0154733
0.0154901
0.0156363
0.0155069
0.0154882
0.01573
0.0155246
0.0154806
0.015494
0.0156994
0.015503
0.0154932
0.0155261
0.0155669
0.0154874
0.015465
0.0156648
0.0154851
0.0154784
0.0154848
0.0156063
0.0154669
0.0154627
0.0155734
0.0155269
0.0154973
0.0154985
0.0156595
0.0154616
0.0154683
0.0155546
0.0155596
0.015489
0.0154683
0.0156341
0.0154941
0.0154841
0.0155316
0.015644
0.0154988
0.0154976
0.0155823
0.0155144
0.0156537
0.0155054
0.0157021
0.0154804
0.0154861
0.0154971
0.0155795
0.0154795
0.0154898
0.0156182
0.0155189
0.0154806
0.0155021
0.0156219
0.0154744
0.0154898
0.015563
0.0155386
0.0155083
0.0155001
0.015663
0.0154782
0.0155071
0.0155096
0.0155728
0.0155032
0.0154837
0.0156081
0.015472
0.0154985
0.0154985
0.0156462
0.0154689
0.0154952
0.015527
0.0155292
0.0154967
0.0155348
0.0156737
0.0154982
0.0155167
0.0155033
0.0155692
0.0155165
0.0154775
0.0156276
0.0155431
0.0154846
0.0154758
0.0156247
0.0155396
0.0155121
0.0155511
0.0155363
0.0154714
0.0154798
0.0156767
0.0155029
0.0154989
0.0155111
0.0155855
0.0154874
0.0154924
0.0155995
0.0155224
0.0154965
0.0154861
0.0156524
0.0154797
0.0154819
0.0155344
0.0155538
0.0154606
0.0154681
0.0156785
0.0154792
0.015488
0.0154983
0.0156185
0.0154851
0.0154687
0.0156208
0.0155227
0.015498
0.0154678
0.0156695
0.0154788
0.0154957
0.0155448
0.0155697
0.0154947
0.0154753
0.0156667
0.0155589
0.0154963
0.0156109
0.0156044
0.0154783
0.0154892
0.0156003
0.0155204
0.0154731
0.015482
0.0156731
0.01549
0.0154822
0.0155484
0.015562
0.0154979
0.0154817
0.0156473
0.015481
0.0154748
0.0155201
0.0156152
0.0154667
0.0154744
0.0155804
0.0155241
0.0155212
0.0155401
0.0157297
0.0154761
0.0154885
0.0155462
0.0155377
0.0154898
0.0155153
0.0156548
0.015478
0.0154767
0.0155076
0.0156177
0.015488
0.0155072
0.015582
0.0155092
0.0154777
0.0154879
0.0156568
0.0154782
0.0155115
0.0155481
0.0155342
0.0154822
0.0154585
0.0156487
0.0154967
0.0155084
0.0154932
0.0156025
0.0154758
0.015473
0.0155947
0.0155331
0.0155124
0.0155009
0.0156669
0.0155521
0.0155182
0.0155225
0.0155697
0.0155
0.0155123
0.015656
0.0154759
0.0154786
0.0154806
0.0156113
0.0155085
0.0155004
0.0155883
0.0155418
0.0154595
0.0154823
0.0156758
0.0155042
0.0155085
0.0155347
0.0155729
0.0154832
0.0154583
0.0156454
0.0155794
0.015658
0.0155349
0.0156048
0.0154785
0.0154629
0.015575
0.015542
0.0155204
0.0154792
0.0156644
0.0154886
0.0154518
0.0155179
0.0156196
0.0154844
0.0154825
0.0156424
0.0154915
0.0154768
0.0154987
0.0156469
0.0155052
0.0154848
0.0155648
0.0155134
0.0154652
0.015481
0.0157431
0.0154926
0.0154909
0.0155108
0.0155779
0.015482
0.015482
0.0156289
0.0155471
0.0154927
0.0154982
0.0156346
0.0154659
0.0154631
0.0156166
0.0155573
0.0154736
0.0154717
0.0156923
0.0154575
0.0154796
0.0155266
0.015578
0.0155114
0.0154744
0.0156071
0.015476
0.0154584
0.0155055
0.015651
0.0154724
0.0154805
0.0155669
0.0154953
0.0155038
0.0155074
0.0156931
0.0154948
0.0154713
0.0155034
0.015584
0.0154685
0.015526
0.0156131
0.0155092
0.0154951
0.0154802
0.0156509
0.0154788
0.0154854
0.0155437
0.0155436
0.0154841
0.0154858
0.0156836
0.0154869
0.0155027
0.0155091
0.0155853
0.0154919
0.0154876
0.0155778
0.0154929
0.0155122
0.0154921
0.0156643
0.015489
0.0154761
0.015543
0.0155256
0.0154998
0.0155056
0.0156862
0.0155087
0.015502
0.0155056
0.015588
0.0155022
0.0154975
0.0155808
0.0154935
0.0154916
0.0155066
0.0156428
0.0155145
0.0155038
0.0155434
0.0155621
0.0154806
0.0154796
0.0156539
0.015492
0.0154961
0.015477
0.0156065
0.0154911
0.015467
0.0155775
0.0156552
0.0155299
0.0154917
0.0156708
0.0154867
0.0154908
0.0155255
0.015552
0.0154877
0.0155336
0.0156952
0.0155069
0.0154889
0.0155041
0.015645
0.0154957
0.0154811
0.0155601
0.0155235
0.015488
0.01547
0.0156613
0.0154864
0.0154659
0.0155397
0.0155624
0.0154908
0.0155005
0.0157175
0.0155209
0.015493
0.0154976
0.015611
0.0154972
0.0154976
0.0156142
0.0155306
0.0154798
0.015486
0.0156707
0.015469
0.0154906
0.0155624
0.0155316
0.0154916
0.0154569
0.0156739
0.0154927
0.0154942
0.0155142
0.0155922
0.015519
