0.000215431
0.000199322
0.000198715
0.000236988
0.000198447
0.000198025
0.000198243
0.000198032
0.000198804
0.000198024
0.000198273
0.000198711
0.000198734
0.00019843
0.000198169
0.000198784
0.000198607
0.000198237
0.000198487
0.000198199
0.000198791
0.000223873
0.000198587
0.000198315
0.000198112
0.000198406
0.00021332
0.000280966
0.000261611
0.000281333
0.000278503
0.000285222
0.000273955
0.000200495
0.000198396
0.000198892
0.000198774
0.0001953
8.9989e-05
8.5311e-05
8.5164e-05
8.5122e-05
8.4631e-05
8.4944e-05
8.5113e-05
8.4836e-05
8.5264e-05
8.4705e-05
8.5007e-05
8.4857e-05
8.5075e-05
8.5285e-05
8.49e-05
8.4902e-05
8.5044e-05
8.5025e-05
8.5257e-05
8.5199e-05
8.5273e-05
8.5383e-05
8.5072e-05
8.5153e-05
8.5365e-05
8.5407e-05
8.5106e-05
8.5186e-05
8.4903e-05
8.5201e-05
8.498e-05
8.5344e-05
8.5133e-05
8.5227e-05
8.5128e-05
8.5548e-05
8.5043e-05
8.4962e-05
8.489e-05
8.4933e-05
8.5346e-05
9.6292e-05
8.5577e-05
8.5083e-05
8.5692e-05
8.4982e-05
8.5109e-05
8.4993e-05
8.5246e-05
8.4961e-05
8.4829e-05
8.509e-05
8.4919e-05
8.5038e-05
8.5128e-05
8.5232e-05
8.4919e-05
8.5048e-05
8.4746e-05
8.5171e-05
8.4951e-05
8.562e-05
8.5295e-05
8.481e-05
8.4924e-05
8.4937e-05
8.5043e-05
8.5132e-05
8.5093e-05
8.4727e-05
8.5192e-05
8.5324e-05
8.5062e-05
8.501e-05
8.5067e-05
8.5114e-05
8.4945e-05
8.5524e-05
8.4806e-05
8.5318e-05
8.4643e-05
8.502e-05
8.4534e-05
8.9313e-05
8.4984e-05
8.4981e-05
8.5085e-05
8.529e-05
8.5148e-05
8.4903e-05
8.5366e-05
8.5226e-05
8.5385e-05
8.5136e-05
8.4824e-05
8.4962e-05
8.4847e-05
8.5372e-05
8.5306e-05
8.4822e-05
8.5089e-05
8.5168e-05
8.5156e-05
8.5131e-05
8.5084e-05
8.5119e-05
8.5414e-05
8.5013e-05
8.4999e-05
8.5619e-05
8.5501e-05
8.4804e-05
8.5009e-05
8.5094e-05
8.524e-05
8.5185e-05
8.5001e-05
8.5029e-05
8.5356e-05
8.4733e-05
8.4983e-05
8.5148e-05
8.5087e-05
8.5171e-05
8.5092e-05
8.5284e-05
9.4547e-05
8.6636e-05
8.5063e-05
8.5856e-05
8.5953e-05
8.4959e-05
8.4958e-05
8.5022e-05
8.5723e-05
8.5055e-05
8.8774e-05
8.6014e-05
8.4947e-05
8.5285e-05
8.4583e-05
8.4913e-05
8.4841e-05
8.5588e-05
8.4943e-05
8.5178e-05
8.4965e-05
8.4808e-05
8.4747e-05
8.5276e-05
8.4994e-05
8.469e-05
8.5254e-05
8.491e-05
8.5396e-05
8.5184e-05
8.5515e-05
8.504e-05
8.4898e-05
8.5221e-05
8.5902e-05
8.5188e-05
8.5164e-05
8.5193e-05
8.5302e-05
8.5214e-05
8.5333e-05
8.4855e-05
8.5228e-05
9.3404e-05
8.5356e-05
8.4894e-05
8.4592e-05
8.5139e-05
8.4738e-05
8.5008e-05
8.4759e-05
8.8893e-05
8.4963e-05
8.4836e-05
8.4786e-05
8.5175e-05
8.523e-05
8.5014e-05
8.5074e-05
8.5303e-05
8.537e-05
8.5306e-05
0.000103021
8.5086e-05
8.4979e-05
8.5393e-05
8.5209e-05
8.5264e-05
8.4867e-05
8.5324e-05
8.5056e-05
8.5053e-05
8.487e-05
8.532e-05
8.5024e-05
8.5e-05
8.4961e-05
8.48e-05
8.487e-05
8.5176e-05
8.4925e-05
8.5023e-05
8.4951e-05
8.469e-05
8.5267e-05
8.5181e-05
9.7102e-05
8.5291e-05
8.4985e-05
8.5025e-05
8.5181e-05
8.5208e-05
8.5025e-05
8.5235e-05
8.4848e-05
8.5053e-05
8.4853e-05
8.4854e-05
8.4603e-05
8.4974e-05
8.4989e-05
8.5046e-05
8.4813e-05
8.4754e-05
8.5045e-05
8.4868e-05
8.5248e-05
8.5098e-05
8.4829e-05
8.4895e-05
8.5231e-05
8.52e-05
8.4849e-05
8.5202e-05
8.5047e-05
8.5186e-05
8.4998e-05
8.492e-05
8.4933e-05
8.5114e-05
8.5053e-05
8.5108e-05
8.4628e-05
8.5011e-05
8.4963e-05
8.5085e-05
8.5247e-05
8.5076e-05
8.4895e-05
9.6616e-05
8.5329e-05
8.496e-05
8.4831e-05
8.5167e-05
8.4729e-05
8.4985e-05
8.4988e-05
8.5296e-05
8.5026e-05
8.4881e-05
8.4796e-05
8.4889e-05
8.5165e-05
8.5017e-05
8.4485e-05
8.4938e-05
8.5193e-05
8.4933e-05
8.51e-05
8.5028e-05
8.5218e-05
8.5096e-05
8.5006e-05
8.4842e-05
8.5195e-05
8.4986e-05
8.4782e-05
8.4992e-05
8.5193e-05
8.4817e-05
8.4956e-05
8.4683e-05
8.5099e-05
8.4646e-05
8.4893e-05
8.5107e-05
8.4508e-05
8.484e-05
8.5137e-05
8.4862e-05
8.4864e-05
8.4449e-05
9.7215e-05
8.5393e-05
8.521e-05
8.4769e-05
8.5209e-05
8.483e-05
8.4827e-05
8.5032e-05
8.4994e-05
8.5093e-05
8.4909e-05
8.5186e-05
8.4999e-05
8.5002e-05
8.5239e-05
8.5056e-05
8.5094e-05
8.4882e-05
8.5167e-05
8.4916e-05
8.507e-05
8.4794e-05
8.4696e-05
8.5003e-05
8.4637e-05
8.5081e-05
8.5006e-05
8.5009e-05
8.5036e-05
8.5341e-05
8.4798e-05
8.4962e-05
8.4585e-05
8.4824e-05
8.4958e-05
8.4775e-05
8.5032e-05
8.5419e-05
8.5015e-05
8.4737e-05
8.4803e-05
8.5147e-05
8.8946e-05
8.5036e-05
8.5332e-05
8.5105e-05
8.5081e-05
8.4901e-05
8.5063e-05
8.5493e-05
8.5335e-05
8.4899e-05
8.5077e-05
8.5154e-05
8.5109e-05
8.4812e-05
8.5121e-05
8.538e-05
8.5218e-05
8.4758e-05
8.4804e-05
8.5653e-05
8.499e-05
8.4965e-05
8.4993e-05
8.4706e-05
8.4768e-05
8.5236e-05
8.5018e-05
8.4996e-05
8.4945e-05
8.4915e-05
8.4794e-05
8.5151e-05
8.5215e-05
8.5132e-05
8.5305e-05
8.5184e-05
8.5039e-05
8.5103e-05
8.4817e-05
8.4778e-05
8.4849e-05
8.4878e-05
8.499e-05
9.5662e-05
8.5834e-05
8.5e-05
8.5068e-05
8.4827e-05
8.5026e-05
8.5096e-05
8.4857e-05
8.5055e-05
8.5108e-05
8.5201e-05
8.5106e-05
8.5222e-05
8.507e-05
8.5229e-05
8.5204e-05
8.5385e-05
8.5022e-05
8.4976e-05
8.5938e-05
8.5029e-05
8.5259e-05
8.5128e-05
8.4975e-05
8.4962e-05
8.489e-05
8.5141e-05
8.5225e-05
8.5016e-05
8.5079e-05
8.5326e-05
8.4973e-05
8.508e-05
8.5222e-05
8.4973e-05
8.52e-05
8.501e-05
8.4964e-05
8.5235e-05
8.4918e-05
8.4984e-05
8.5693e-05
8.4661e-05
8.8851e-05
8.524e-05
8.5193e-05
8.4983e-05
8.4793e-05
8.5385e-05
8.5208e-05
8.5023e-05
8.516e-05
8.5155e-05
8.4989e-05
8.5221e-05
8.5113e-05
8.5073e-05
8.4801e-05
8.4913e-05
8.531e-05
8.5062e-05
8.5011e-05
8.4974e-05
8.5373e-05
8.5415e-05
8.493e-05
8.5026e-05
8.5193e-05
8.512e-05
8.4693e-05
8.4838e-05
8.5196e-05
8.4852e-05
8.5608e-05
8.5324e-05
8.5026e-05
8.5143e-05
8.4997e-05
8.5268e-05
8.5047e-05
8.5295e-05
8.5311e-05
8.5076e-05
8.5e-05
8.5413e-05
8.5176e-05
9.4804e-05
8.545e-05
8.5174e-05
8.5142e-05
8.51e-05
8.5196e-05
8.5204e-05
8.4912e-05
8.5278e-05
8.4567e-05
8.4757e-05
8.5e-05
8.5126e-05
8.4839e-05
8.4961e-05
8.5444e-05
8.4562e-05
8.5139e-05
8.5393e-05
8.5195e-05
8.5193e-05
8.4946e-05
8.5156e-05
8.5262e-05
8.5317e-05
8.5006e-05
8.5199e-05
8.5386e-05
8.484e-05
8.4692e-05
8.5012e-05
8.5294e-05
8.5041e-05
8.524e-05
8.51e-05
8.5108e-05
8.5059e-05
8.5261e-05
8.5095e-05
8.5179e-05
8.5406e-05
8.525e-05
8.4764e-05
9.4518e-05
8.5237e-05
8.4992e-05
8.5372e-05
8.514e-05
8.5271e-05
8.5158e-05
8.521e-05
8.5033e-05
8.5239e-05
8.534e-05
8.512e-05
8.5265e-05
8.4955e-05
8.5196e-05
8.5078e-05
8.467e-05
8.4842e-05
8.4929e-05
8.5063e-05
8.4995e-05
0.000111192
8.5179e-05
8.5232e-05
8.5038e-05
8.4989e-05
8.4957e-05
8.5223e-05
8.488e-05
8.496e-05
8.5198e-05
8.4983e-05
8.5289e-05
8.4866e-05
8.5351e-05
8.5312e-05
8.5243e-05
8.4939e-05
8.5126e-05
8.511e-05
8.4842e-05
8.4842e-05
8.4927e-05
8.9293e-05
8.5067e-05
8.5032e-05
8.5172e-05
8.5415e-05
8.5421e-05
8.5345e-05
8.4928e-05
8.4769e-05
8.4853e-05
8.5185e-05
8.5223e-05
8.5254e-05
8.4936e-05
8.5007e-05
8.5294e-05
8.477e-05
8.4798e-05
8.4788e-05
8.5202e-05
8.5346e-05
8.5557e-05
8.4769e-05
8.5208e-05
8.5189e-05
8.5128e-05
8.5109e-05
8.5186e-05
8.5201e-05
8.5005e-05
8.4934e-05
8.5405e-05
8.4903e-05
8.5111e-05
8.4934e-05
8.4975e-05
8.5357e-05
8.5252e-05
8.487e-05
8.5246e-05
8.5155e-05
8.5079e-05
8.4908e-05
8.8958e-05
8.5327e-05
8.523e-05
8.484e-05
8.4885e-05
8.4966e-05
8.4931e-05
8.5016e-05
8.4691e-05
8.5081e-05
8.5284e-05
8.4998e-05
8.5104e-05
8.5178e-05
8.4968e-05
8.499e-05
8.5018e-05
8.4986e-05
8.5192e-05
8.5258e-05
8.5372e-05
8.488e-05
8.4951e-05
8.5046e-05
8.4888e-05
8.5576e-05
8.4893e-05
8.498e-05
8.5031e-05
8.5038e-05
8.5226e-05
8.5198e-05
8.5047e-05
8.4968e-05
8.5057e-05
8.5011e-05
8.4699e-05
8.5001e-05
8.4914e-05
8.4998e-05
8.5232e-05
8.4904e-05
8.499e-05
9.2409e-05
8.4958e-05
8.4722e-05
8.5485e-05
8.5014e-05
8.4835e-05
8.4783e-05
8.4893e-05
8.5179e-05
8.5139e-05
8.519e-05
8.5015e-05
8.4783e-05
8.4972e-05
8.5047e-05
8.5384e-05
8.4729e-05
8.5204e-05
8.4762e-05
8.4863e-05
8.5017e-05
8.4532e-05
8.485e-05
8.4721e-05
8.4659e-05
8.4694e-05
8.491e-05
8.4852e-05
8.5036e-05
8.5092e-05
8.5453e-05
8.4735e-05
8.4657e-05
8.5012e-05
8.5295e-05
8.4699e-05
8.5551e-05
8.4959e-05
8.486e-05
8.4542e-05
8.5163e-05
8.4626e-05
8.4983e-05
8.8447e-05
8.5153e-05
8.5e-05
8.4753e-05
8.4812e-05
8.5162e-05
8.5217e-05
8.5053e-05
8.4849e-05
8.512e-05
8.5263e-05
8.4673e-05
8.4797e-05
8.4921e-05
8.4935e-05
8.4515e-05
8.4661e-05
8.5082e-05
8.5092e-05
8.512e-05
8.5042e-05
8.4757e-05
8.463e-05
8.4771e-05
8.482e-05
8.4852e-05
8.4681e-05
8.9144e-05
8.5701e-05
8.5014e-05
8.496e-05
8.4924e-05
8.5255e-05
8.511e-05
8.5072e-05
8.4845e-05
8.4872e-05
8.5044e-05
8.4711e-05
8.5209e-05
8.4985e-05
8.475e-05
8.5302e-05
8.9354e-05
8.5295e-05
8.5061e-05
8.4837e-05
8.5396e-05
8.5174e-05
8.5198e-05
8.5073e-05
8.512e-05
8.5112e-05
8.4703e-05
8.5036e-05
8.494e-05
8.4756e-05
8.5061e-05
8.4858e-05
8.5254e-05
8.5299e-05
8.5124e-05
8.5163e-05
8.4773e-05
8.4891e-05
8.4583e-05
8.5058e-05
8.5731e-05
8.5103e-05
8.501e-05
8.5394e-05
8.4867e-05
8.5084e-05
8.4794e-05
8.5238e-05
8.4764e-05
8.5091e-05
8.4901e-05
8.5257e-05
8.4724e-05
8.5051e-05
8.4643e-05
8.4911e-05
8.5176e-05
8.4807e-05
8.4796e-05
9.2775e-05
8.5234e-05
8.499e-05
8.5195e-05
8.5004e-05
8.4459e-05
8.5058e-05
8.4736e-05
8.4825e-05
8.4901e-05
8.5074e-05
8.4756e-05
8.4975e-05
8.4808e-05
8.5443e-05
8.52e-05
8.4955e-05
8.4792e-05
8.4753e-05
0.000102119
8.5486e-05
8.512e-05
0.000115407
0.000113034
0.000114834
8.5841e-05
0.000101342
0.000116865
9.5164e-05
8.5482e-05
8.5111e-05
8.4788e-05
8.4796e-05
8.5331e-05
8.5122e-05
8.5156e-05
8.4984e-05
8.5009e-05
8.4822e-05
8.4997e-05
8.5126e-05
9.104e-05
8.5129e-05
8.5054e-05
8.5177e-05
8.4758e-05
8.4995e-05
8.4872e-05
8.4809e-05
8.4887e-05
8.4866e-05
8.4886e-05
8.5005e-05
8.5423e-05
8.4973e-05
8.4941e-05
8.5077e-05
8.546e-05
8.4987e-05
8.4816e-05
8.5027e-05
8.4999e-05
8.4988e-05
8.4937e-05
8.4954e-05
8.5052e-05
8.4767e-05
8.518e-05
8.4895e-05
8.5089e-05
8.5125e-05
8.4901e-05
8.4974e-05
8.5114e-05
8.4913e-05
8.5291e-05
8.5067e-05
8.5041e-05
8.5315e-05
8.5056e-05
8.5629e-05
8.5085e-05
8.5071e-05
8.5259e-05
8.8724e-05
8.5029e-05
8.5163e-05
8.5053e-05
8.5119e-05
8.4928e-05
8.4769e-05
8.4889e-05
8.5122e-05
8.4926e-05
8.4679e-05
8.5362e-05
8.5334e-05
8.5177e-05
8.4931e-05
8.5121e-05
8.5188e-05
8.5412e-05
8.5055e-05
8.5277e-05
8.4902e-05
8.508e-05
8.5056e-05
8.4629e-05
8.4636e-05
8.5078e-05
8.498e-05
8.491e-05
8.5008e-05
8.4915e-05
8.4905e-05
8.4616e-05
8.4811e-05
9.3743e-05
8.5199e-05
8.4903e-05
8.5074e-05
8.5085e-05
8.486e-05
8.5139e-05
8.4933e-05
8.4995e-05
8.5142e-05
9.4772e-05
8.5047e-05
8.512e-05
8.4671e-05
8.4999e-05
8.5076e-05
8.5284e-05
8.4783e-05
8.4898e-05
8.4831e-05
8.518e-05
8.5026e-05
8.491e-05
8.4889e-05
8.5494e-05
8.5021e-05
8.493e-05
8.4766e-05
8.482e-05
8.4347e-05
8.5202e-05
8.4648e-05
8.4588e-05
8.5013e-05
8.4906e-05
8.4564e-05
8.5e-05
8.4825e-05
8.4715e-05
8.4666e-05
8.4928e-05
8.4739e-05
8.4688e-05
8.5354e-05
9.4844e-05
8.5274e-05
8.4914e-05
8.5223e-05
8.5418e-05
8.5044e-05
8.474e-05
8.5148e-05
8.4752e-05
9.3805e-05
8.5219e-05
8.4925e-05
8.4582e-05
8.494e-05
8.511e-05
8.5091e-05
8.5417e-05
8.4914e-05
8.4854e-05
8.4981e-05
8.5017e-05
8.5185e-05
8.4946e-05
8.483e-05
8.4543e-05
8.4862e-05
8.4847e-05
8.5067e-05
8.4998e-05
8.509e-05
8.4763e-05
