0.000262701
0.000277642
0.000272935
0.000272886
0.000278547
0.000272241
0.000271983
0.000271625
0.000272521
0.000271074
0.000270276
0.00029991
0.000162962
0.000161807
0.000162801
0.000163274
0.000162469
0.000162823
0.000162569
0.000162194
0.000166519
0.000162215
0.00017201
0.000209396
0.000194904
0.000208565
0.000210883
0.000194698
0.000149387
0.000147952
0.000148076
0.000148116
0.000155272
0.000148395
0.000148024
0.00014813
0.000147603
0.000147732
0.000147641
0.000147735
0.000147529
0.000147776
0.000147886
0.000148275
0.000147873
0.000147686
0.000147553
0.000147934
0.000148235
0.000148033
0.000147366
0.000148012
0.000148223
0.000148054
0.000147683
0.000147822
0.000147866
0.00016247
0.000125449
0.000105906
0.000105893
0.000105934
0.000105823
0.000106024
0.000105714
0.000105543
0.000105602
0.000105826
0.000105837
0.000105623
0.0001058
0.000105793
0.000105826
0.000105623
0.000105607
0.000105496
0.000105868
0.000105826
0.000105806
0.000105735
0.000105759
0.000105577
0.000105346
0.000105733
0.000105685
0.000105763
0.000105824
0.000105835
0.000105906
0.000105574
0.000106014
0.000105716
0.00010994
0.000105496
0.00010549
0.000105639
0.000105902
0.000105647
0.000105538
0.000105803
0.000105464
0.000105568
0.000105444
0.000105453
0.000105721
0.000105566
0.000105892
0.000105917
0.000105885
0.000105662
0.000105413
0.000105704
0.000106092
0.000109936
0.000105629
0.00010564
0.000105904
0.000105475
0.00010578
0.000105373
0.00010532
0.000105448
0.000105526
0.000105896
0.00010602
0.000105926
0.000105881
0.000110031
0.000105824
0.000105258
0.000105701
0.000105971
0.000105935
0.000105788
0.000105648
0.000105624
0.000105715
0.000105516
0.000106214
0.000105854
0.000105827
0.000105801
0.000106289
0.000106302
0.000107098
0.00010585
0.00010571
0.000105401
0.000105813
0.000105451
0.000105719
0.000105961
0.000105632
0.000105357
0.000105727
0.00010579
0.000106035
0.000106065
0.000106163
0.000106285
0.000106041
0.000105807
0.000121888
0.000106786
0.000105759
0.000105778
0.000106146
0.000106306
0.000105727
0.000105619
0.000105993
0.000105546
0.000105568
0.000105749
0.000105642
0.000105793
0.000105488
0.000105631
0.000106024
0.000105689
0.000105581
0.000105766
0.000105727
0.000105554
0.00010607
0.000105625
0.000114235
0.000105873
0.000105522
0.000106048
0.000105949
0.000105957
0.000105604
0.00010568
0.000105784
0.000105442
0.000105471
0.000111242
0.000106485
0.000105894
0.000105752
0.000106021
0.000105647
0.000105765
0.000105798
0.000105748
0.000105729
0.000105799
0.00010582
0.000105882
0.000105602
0.000105915
0.00010609
0.000105404
0.000105447
0.000106246
0.000105777
0.00010558
0.000106023
0.000105631
0.000105596
0.000105812
0.000105918
0.000105578
0.000105861
0.000105497
0.000105917
0.000105559
0.00010587
0.000105751
0.000106232
0.000105702
0.00010587
0.000106857
0.000105723
0.000105716
0.000105856
0.000105736
0.000105475
0.000105696
0.000105697
0.000106026
0.000105548
0.000105775
0.000105824
0.000105507
0.000106214
0.000105476
0.000105573
0.000105992
0.000105313
0.000105956
0.000105531
0.000105829
0.000105792
0.00010552
0.000105829
0.00010562
0.000105893
0.000105321
0.000105702
0.000105519
0.000105922
0.000105598
0.000105955
0.000105776
0.000106008
0.000105793
0.000113645
0.000106452
0.000105665
0.000105939
0.000105923
0.00010583
0.000105608
0.00010564
0.000106003
0.000105931
0.000106188
0.000106297
0.000106059
0.000105701
0.00010598
0.000106154
0.000106145
0.000105975
0.000105955
0.000106051
0.00010572
0.000105643
0.000105969
0.000105591
0.000105752
0.000105972
0.000105398
0.000106057
0.000105869
0.00010545
0.000105801
0.000105551
0.000105532
0.000105408
0.00010535
0.000109561
0.000106321
0.000105754
0.000105899
0.00010621
0.000105509
0.000106041
0.000105641
0.000105946
0.000105813
0.000105642
0.000105746
0.000105796
0.000105642
0.000106102
0.000105416
0.000105641
0.000105695
0.000105367
0.000105699
0.000105749
0.000105677
0.000105904
0.000105721
0.000105496
0.000105737
0.000105881
0.000105652
0.000105432
0.000105557
0.000105663
0.000105805
0.00010598
0.00010589
0.000106004
0.000109265
0.000106009
0.000105914
0.000105695
0.000105828
0.000106268
0.000105765
0.000105896
0.000105938
0.000105624
0.000105292
0.000105703
0.000105977
0.000105993
0.000105539
0.000105646
0.000105558
0.000105545
0.0001059
0.000105437
0.000105758
0.000106256
0.000105764
0.000106067
0.000105875
0.000105739
0.000105524
0.000106132
0.000105885
0.000105771
0.000105931
0.000105762
0.00010545
0.000105697
0.000105979
0.000114193
0.000106127
0.000105683
0.00010584
0.000105741
0.000105382
0.000105699
0.000105789
0.00010566
0.000105653
0.000105718
0.000105574
0.000105538
0.000105583
0.000105648
0.000105758
0.000105444
0.000105687
0.000105855
0.000105573
0.000105874
0.000105339
0.000105393
0.000106022
0.000105659
0.000105816
0.000105485
0.000105508
0.000105717
0.000105477
0.000106088
0.000130833
0.000106213
0.000106044
0.000105554
0.000110078
0.000105731
0.000105817
0.00010567
0.000105774
0.000105654
0.000105832
0.000105472
0.00010583
0.000105478
0.000105746
0.000105785
0.00010581
0.000105375
0.000105716
0.000105598
0.000105748
0.000105598
0.000105803
0.000105555
0.000105697
0.000105629
0.000106163
0.000105605
0.00010557
0.000105851
0.000105729
0.000105634
0.000105764
0.000105397
0.000105478
0.000105928
0.000105535
0.00010549
0.000105847
0.000109887
0.000105773
0.00010564
0.000105733
0.00010556
0.000105532
0.000106107
0.000105787
0.000105714
0.00010548
0.000105615
0.000106281
0.000105496
0.000105402
0.000105137
0.000105917
0.000105467
0.000105681
0.000105788
0.000105398
0.000105607
0.000105632
0.000105357
0.000105634
0.000106017
0.000105874
0.000105563
0.000105618
0.000105665
0.000105654
0.000105856
0.000105537
0.00010533
0.000105968
0.000105791
0.000105843
0.000116764
0.000106039
0.000105616
0.000105874
0.000105421
0.000106053
0.000105616
0.00010582
0.000105544
0.000105791
0.00010621
0.000105809
0.000105866
0.000105516
0.000105805
0.000105634
0.00010535
0.000105452
0.000105619
0.000105758
0.000105882
0.000105386
0.000105697
0.000105885
0.000106036
0.000105509
0.00010566
0.000105717
0.000105914
0.000105534
0.00010524
0.000105836
0.000105578
0.00010557
0.000105513
0.000109664
0.000106087
0.000105657
0.000105569
0.000105652
0.000105386
0.000105561
0.000105509
0.000105599
0.000105808
0.000105602
0.000105475
0.000106011
0.000105861
0.000105648
0.000105396
0.000106138
0.000105422
0.000105553
0.000105694
0.000105365
0.000105647
0.000106021
0.000105776
0.00010565
0.000106094
0.000105924
0.000105857
0.000105604
0.000105269
0.000105634
0.000105533
0.000105766
0.000105741
0.000105732
0.000109581
0.000109511
0.00010559
0.000106016
0.000105551
0.000105813
0.000105395
0.00010575
0.000105843
0.00010575
0.00010583
0.000105962
0.000105953
0.000106145
0.000105494
0.000105739
0.000105561
0.000105563
0.000105679
0.000105677
0.000105391
0.000106124
0.000105585
0.000105746
0.000105924
0.000105706
0.000106056
0.000105974
0.000105659
0.000106117
0.000105597
0.000105748
0.000105522
0.000105682
0.000105766
0.000113807
0.000105912
0.000105981
0.000105451
0.000105542
0.000105976
0.000105686
0.000105901
0.00010586
0.000105922
0.000105475
0.000105801
0.000105677
0.00010572
0.000105708
0.000105847
0.000105374
0.000105347
0.000105597
0.000105567
0.000105683
0.00010577
0.000105671
0.000105782
0.000105541
0.000105536
0.000105742
0.000105748
0.000105461
0.000105796
0.0001056
0.000105684
0.000105815
0.000105973
0.000105537
0.000109478
0.000105937
0.000105385
0.000105742
0.000105763
0.000105764
0.000105682
0.000105652
0.00010588
0.000105596
0.000105719
0.000105775
0.000106109
0.000105614
0.000105611
0.000105653
0.000105868
0.00010543
0.000105656
0.000105755
0.000105862
0.000105653
0.000105525
0.00010582
0.000105823
0.000105604
0.000105782
0.000105773
0.000105791
0.000105684
0.000105717
0.000105895
0.00010512
0.000105525
0.000105637
0.000105842
0.000109284
0.00010554
0.000105737
0.000105818
0.000105859
0.000105834
0.000106256
0.000105618
0.000105604
0.00010558
0.000105969
0.000105566
0.000105742
0.000106134
0.000105525
0.000105748
0.00010572
0.000105604
0.000105407
0.000105513
0.000105771
0.00010587
0.00010589
0.000105712
0.000105809
0.000105752
0.000105646
0.000105677
0.000105791
0.000105851
0.000105632
0.000105839
0.000105539
0.000105679
0.000105909
0.000113811
0.000105687
0.000105927
0.000105921
0.000105694
0.000105654
0.000109194
0.000106188
0.000105888
0.000105446
0.000105979
0.00010607
0.000105835
0.000105547
0.000105442
0.000105645
0.000105658
0.000105586
0.000105582
0.000106058
0.000105806
0.000105572
0.000105852
0.000105542
0.000105791
0.000105669
0.000105797
0.000105416
0.000105469
0.000105676
0.00010605
0.00010591
0.000105612
0.000105459
0.000105352
0.000109978
0.000105338
0.000105736
0.000105951
0.000105732
0.00010568
0.000105582
0.000105901
0.00010615
0.000106085
0.00010567
0.000105604
0.000105819
0.000105627
0.000105682
0.000105816
0.000105673
0.000105917
0.000105979
0.000105772
0.000105943
0.000105724
0.000105863
0.000105996
0.000105688
0.000105555
0.000105724
0.000105805
0.000105726
0.000105621
0.000105394
0.000105613
0.000106028
0.000105657
0.00010563
0.000109409
0.000106144
0.000105791
0.000105871
0.000105571
0.000105705
0.000105707
0.000105492
0.000105832
0.000105781
0.000105741
0.00010537
0.00010575
0.000105693
0.000105626
0.000105685
0.000106376
0.000105924
0.00010577
0.000105922
0.000105887
0.000105407
0.000105805
0.000105568
0.000105765
0.000106259
0.000105661
0.000105596
0.000105395
0.000105705
0.000105682
0.000105587
0.000105931
0.000105665
0.000105971
0.000112684
0.000106188
0.000105841
0.000118371
0.000116207
0.000105953
0.00012398
0.000105971
0.00010565
0.000105597
0.000105735
0.000105858
0.000105756
0.000105953
0.000105961
0.000105727
0.000105932
0.000112729
0.00010605
0.000105858
0.000106005
0.000105528
0.000106036
0.000105411
0.000105804
0.000105761
0.000105665
0.000105673
0.000105636
0.000105666
0.000105517
0.00010597
0.00010588
0.000105498
0.000105766
0.000115152
0.000105929
0.000105653
0.000105877
0.000105888
0.000106004
0.00010588
0.000105574
0.000105864
0.00010559
0.000105684
0.000108702
0.000105765
0.000105996
0.000105736
0.000105948
0.000105722
0.000106028
0.000105666
0.000105712
0.000105865
0.000105565
0.000105923
0.000105838
0.000105225
0.000105849
0.000105878
0.000105938
0.000105801
0.000105764
0.000105667
0.000105528
0.000105983
0.000105619
0.000105691
0.000114465
0.000106081
0.000105474
0.000105617
0.000105985
0.000105596
0.000105664
0.000106156
0.000105661
0.00010573
0.000105717
0.00010601
0.000105994
0.00010544
0.000105473
0.000105957
0.00010575
0.000105375
0.000105718
0.000106189
0.000105998
0.000105815
0.000105947
0.000105954
0.000105789
0.000105576
0.000105884
0.000105893
0.000105862
0.000105947
0.00010575
0.000106168
0.000105803
0.000105619
0.000105474
0.00011398
0.000105893
0.000105723
0.000105494
0.000105389
0.000105554
0.000105624
0.000105416
0.000105794
0.000105936
0.000105939
0.000105556
0.000105802
0.000105631
0.000105377
0.000105569
0.000105688
0.000105379
0.000105411
0.000105585
0.000105403
0.000105537
0.000105892
0.000105564
0.000105581
0.000105538
0.000105707
0.000105626
0.00010576
0.000105684
0.000105462
0.000105358
0.000105638
0.000105542
0.000105196
0.000109657
0.000105922
0.000106064
0.00010588
0.000105782
0.000106066
0.000105942
0.000105663
0.000105788
0.000105778
0.000105885
0.000105744
0.000106205
0.000106243
0.000105565
0.000105636
0.000105723
0.00010567
0.000105638
0.00010564
0.00010573
0.000105876
0.00010593
0.000105718
0.000105517
0.000105661
0.000105599
0.00010551
0.00010587
0.000105887
0.000105657
0.000105378
0.000105915
0.000105639
0.000105624
0.000109355
0.000105744
0.000105623
0.000105534
0.000105384
0.000105737
0.000105673
0.000105762
0.000105317
0.000105706
0.000105454
0.000105731
0.000105766
0.000105439
0.000105793
0.000105562
0.000105734
0.000109391
0.000105796
0.000105838
0.000105597
0.000105768
0.000105802
0.00010589
0.000105561
0.000105837
0.000105412
0.000106338
0.000105763
0.000105498
