0.000343648
0.000361805
0.000357227
0.000357377
0.000356975
0.000357052
0.000355899
0.000401273
0.000168402
0.000152509
0.000152361
0.000151553
0.00015234
0.000151697
0.000152074
0.000151743
0.00015182
0.000151701
0.000151642
0.000151916
0.000151759
0.000151906
0.000151896
0.000151614
0.000152239
0.000184082
0.000153068
0.000152061
0.000152519
0.000176292
0.000192452
0.000166594
0.000141984
0.000140739
0.000141019
0.000140924
0.000140595
0.000140973
0.0001409
0.000140811
0.000140881
0.000141114
0.000141078
0.000140769
0.000140977
0.000140973
0.000140862
0.000140587
0.000140959
0.00014065
0.000141081
0.000140725
0.000140547
0.000141689
0.000140827
0.000141181
0.00015191
0.000141369
0.000140807
0.000140718
0.000140939
0.000141035
0.000140677
0.000141015
0.000140753
0.000140918
0.000141234
0.000145052
0.000140868
0.000140957
0.000140689
0.00014096
0.000141273
0.000141435
0.000141166
0.000140912
0.000141077
0.000140953
0.000140464
0.000141402
0.000140797
0.000140882
0.000140855
0.0001536
0.000141496
0.000141038
0.000140801
0.000140733
0.000140643
0.00014086
0.000141263
0.000141166
0.000140592
0.00014091
0.000141819
0.000141158
0.000140448
0.00014089
0.00014095
0.000140737
0.000140469
0.000140854
0.000140888
0.000140723
0.00014066
0.000140949
0.000140911
0.000140418
0.000140456
0.000149432
0.000144871
0.000141019
0.000140438
0.000140662
0.000140642
0.00014056
0.000141208
0.000141423
0.000140977
0.000141323
0.000141059
0.000141646
0.000140509
0.000140696
0.000140643
0.000149769
0.000146892
0.000141325
0.000165885
0.00019504
0.000142413
0.00014087
0.000140965
0.000140552
0.000141344
0.000153871
0.000141497
0.000140901
0.000161098
0.000141172
0.000141393
0.00014095
0.000140658
0.000141375
0.000161237
0.000146195
0.00018906
0.000141609
0.000140751
0.000141182
0.000141248
0.000141597
0.000140948
0.000141152
0.000141549
0.000141347
0.000140829
0.000140803
0.00014071
0.000140449
0.000140872
0.000165011
0.000147774
0.000141517
0.000141264
0.000141024
0.000141197
0.000141056
0.000140875
0.00014075
0.000140776
0.000140866
0.000140684
0.000140823
0.000140998
0.000140645
0.000141021
0.000140865
0.000140785
0.000141647
0.000140965
0.000140859
0.000141055
0.000141497
0.000141286
0.000140989
0.000140979
0.000171038
0.000191679
0.000190951
0.000189038
0.000191111
0.000174922
0.000142001
0.000141346
0.000140918
0.000141069
0.000140902
0.00014148
0.00014079
0.000141244
0.000140943
0.000141229
0.0001414
0.000140836
0.000141018
0.000141116
0.00014105
0.000141163
0.000140882
0.000141227
0.000141184
0.00014589
0.000140939
0.000140942
0.000141301
0.00014137
0.000141045
0.000140867
0.00014095
0.000140654
0.000141535
0.000141194
0.000141119
0.000141245
0.000141787
0.000141438
0.000141389
0.000140781
0.000140966
0.00014075
0.000141061
0.000141006
0.000140998
0.000140976
0.000140837
0.000140629
0.00014153
0.000140921
0.000150066
0.000141153
0.000141026
0.000141485
0.000141198
0.000140751
0.000141016
0.000140932
0.000141184
0.000141145
0.000141142
0.000140783
0.000140821
0.000141135
0.000140833
0.000141384
0.000140683
0.000141467
0.000140693
0.000140999
0.000141266
0.000141014
0.000141309
0.000140701
0.000140951
0.000141164
0.000144884
0.000141102
0.000141066
0.000141214
0.000141429
0.000141682
0.000140572
0.000141078
0.000141167
0.00014124
0.000140873
0.000141215
0.000140904
0.00014117
0.000141228
0.000141174
0.000140763
0.000140888
0.000173936
0.000179342
0.000194382
0.000142332
0.000141006
0.000141463
0.000140943
0.000141121
0.000146827
0.000141306
0.00014122
0.000140729
0.000141285
0.000140814
0.00014089
0.000141195
0.000140864
0.000140982
0.000141204
0.000141091
0.000140711
0.000141288
0.000141018
0.000140715
0.000140942
0.000140671
0.000141146
0.000140828
0.000141045
0.0001415
0.000140902
0.00014101
0.000141113
0.000140999
0.000150659
0.000140855
0.000141208
0.000140789
0.000140847
0.00014137
0.000140935
0.000140728
0.000140979
0.000140965
0.000141437
0.000141161
0.000141367
0.00014105
0.000140805
0.000140519
0.00014129
0.000140574
0.000141202
0.000140634
0.000141114
0.000141486
0.000140961
0.000140849
0.000140772
0.000141032
0.000140835
0.000145163
0.000141571
0.000141364
0.000140754
0.000140898
0.000140621
0.000140783
0.000140248
0.000141425
0.000140812
0.000140633
0.000140919
0.00014101
0.000140839
0.000140679
0.000141261
0.000140759
0.000140882
0.000141143
0.000141073
0.000141687
0.000140865
0.00014107
0.000141041
0.000140722
0.000141236
0.000141252
0.000145365
0.000141195
0.000141212
0.000140594
0.000140782
0.000140936
0.000140839
0.000140767
0.000141156
0.0001408
0.000141529
0.000140479
0.000141297
0.000140935
0.00014172
0.000141452
0.000140838
0.000140707
0.00014123
0.000141056
0.000141264
0.000140925
0.000145315
0.000141199
0.00014146
0.000140841
0.00015184
0.000141616
0.000140928
0.000140873
0.00014037
0.000140936
0.000141021
0.000141276
0.000141476
0.000140477
0.00014144
0.00014101
0.000140785
0.000140893
0.000141057
0.000141595
0.000140687
0.000141075
0.00014082
0.00014101
0.00014111
0.000141417
0.000140663
0.000140683
0.000140848
0.000140425
0.000141197
0.000145451
0.000141053
0.000140989
0.000141067
0.000140874
0.000140591
0.000140559
0.000140441
0.000140874
0.000140832
0.000140664
0.000140996
0.000140907
0.000140903
0.000141177
0.000140826
0.000140946
0.00014084
0.000141068
0.00014094
0.000140631
0.000140913
0.000141141
0.000141026
0.000140975
0.000140912
0.000141317
0.000141486
0.000141037
0.000140621
0.00014094
0.000141174
0.000141222
0.000140783
0.000141167
0.000140601
0.000140448
0.000140876
0.000140815
0.000140774
0.000141093
0.000140596
0.00014084
0.000140966
0.000140955
0.000140617
0.000140734
0.000140929
0.000141094
0.000140992
0.000141085
0.000141144
0.000141058
0.000148908
0.000140888
0.000141594
0.000141011
0.000140926
0.000141125
0.000140953
0.000141574
0.000141215
0.000141133
0.000141315
0.000140818
0.0001407
0.000140605
0.000141206
0.000140825
0.000140972
0.000140557
0.000140753
0.000141089
0.000140977
0.00014066
0.000140895
0.000141
0.000141094
0.00014055
0.000145026
0.000145929
0.000141133
0.000141203
0.000141615
0.000141059
0.000141065
0.000141016
0.000140961
0.000141128
0.000141375
0.00014124
0.000141335
0.000140866
0.000141649
0.000141053
0.000140925
0.00014107
0.000141053
0.000141269
0.000141331
0.000140959
0.000141024
0.000140605
0.00014081
0.00014096
0.000140968
0.000145256
0.000141313
0.000141151
0.000141472
0.000141389
0.000140842
0.000141121
0.000141129
0.000140808
0.000141338
0.000140895
0.000140552
0.000140964
0.000140959
0.000140792
0.000140888
0.000141446
0.000141195
0.000141293
0.0001407
0.00014107
0.000141315
0.000141912
0.000140931
0.000140925
0.000141464
0.000140934
0.000151324
0.000141754
0.000140925
0.000141298
0.000141718
0.000140803
0.000141224
0.000141014
0.000141036
0.000141202
0.000141216
0.000141015
0.000140871
0.000141315
0.000141568
0.000141359
0.000140851
0.000141711
0.000141451
0.000140871
0.000141027
0.000141397
0.000141373
0.000141099
0.000141565
0.000140902
0.000140932
0.000146031
0.00014109
0.000141377
0.000141143
0.000141549
0.00014096
0.000140766
0.000141108
0.000140907
0.000141008
0.000140704
0.000141177
0.000140997
0.000141038
0.000141046
0.000141262
0.000141558
0.00014155
0.000140769
0.000140724
0.000140849
0.000141298
0.000141147
0.000140733
0.00014089
0.00014132
0.000144401
0.000141631
0.000141399
0.000141
0.000143759
0.000156533
0.000184849
0.000174385
0.000150406
0.000194087
0.00014237
0.000141657
0.000140734
0.000140842
0.000140835
0.000141088
0.000141504
0.000141024
0.000141054
0.000141035
0.000141697
0.000141182
0.000140911
0.000140811
0.000141167
0.000156919
0.000141731
0.000141284
0.000141018
0.000141279
0.000141143
0.000141115
0.000141076
0.000140825
0.000141111
0.000141302
0.000140947
0.000141055
0.000141242
0.000141178
0.00014127
0.000141182
0.000141117
0.00014093
0.000141041
0.000140902
0.000141125
0.000141199
0.00014096
0.000140726
0.000140761
0.000140822
0.000145309
0.000141817
0.00014132
0.00014185
0.000140772
0.000140916
0.00014084
0.000141077
0.00014118
0.000141152
0.000140923
0.000141016
0.000141417
0.000141023
0.000140866
0.000140748
0.000140871
0.000141163
0.000140593
0.000141455
0.000141132
0.000141009
0.000140902
0.000140913
0.000141064
0.000140919
0.000141158
0.000145231
0.000141347
0.000141428
0.000140968
0.000140936
0.000141135
0.000141359
0.000140915
0.00014109
0.000141085
0.000141356
0.00014092
0.000140594
0.000141506
0.000140536
0.00014072
0.000140873
0.000141339
0.000140653
0.00014128
0.000140995
0.000140699
0.000140918
0.00014105
0.000140823
0.000140378
0.000149568
0.000141059
0.000141336
0.000140895
0.000140985
0.000141099
0.000141097
0.000144978
0.000141172
0.000140975
0.000140814
0.000140949
0.000140972
0.000140841
0.000141196
0.000140951
0.000141113
0.000141073
0.000140687
0.000141046
0.000140802
0.000141374
0.000140912
0.000140667
0.000141402
0.000141042
0.000140768
0.0001451
0.000140921
0.000141244
0.000140572
0.00014103
0.000140769
0.000140954
0.00014057
0.000141532
0.000140684
0.000140939
0.000140731
0.000141383
0.000141195
0.000141325
0.000141173
0.000140824
0.000141016
0.000140993
0.000140938
0.00014149
0.000140934
0.000140598
0.000140908
0.00014046
0.000140875
0.000140737
0.000141489
0.000140476
0.000141112
0.000141262
0.000140855
0.000141271
0.000141343
0.000141313
0.000140657
0.000140637
0.000141154
0.000140792
0.000140958
0.000140828
0.000141057
0.000141082
0.000140873
0.000141299
0.000141236
0.000140913
0.000140675
0.000141054
0.000141441
0.000141107
0.000140835
0.000141077
0.000148838
0.000141401
0.000141215
0.000140641
0.000141475
0.000140651
0.000140914
0.000140571
0.000140894
0.000141154
0.000141349
0.000141345
0.000140845
0.000141511
0.000140785
0.00014172
0.000141409
0.000141112
0.000141026
0.000140915
0.00014114
0.000140932
0.000140754
0.0001412
0.000141095
0.000141247
0.000140996
0.000147479
0.000141397
0.000141017
0.000141128
0.000140957
0.000140986
0.000140631
0.000141221
0.000141172
0.000140786
0.000140803
0.00014412
0.000141015
0.000140668
0.000141227
0.000141004
0.000140544
0.000140673
0.000140726
0.000140792
0.000141229
0.000140978
0.000140885
0.000140911
0.00014102
0.000140814
0.000140699
0.00014109
0.000141146
0.00014122
0.000140782
0.000140874
0.000140839
0.000141357
0.000141108
0.000141146
0.000141023
0.000140818
0.000140706
0.000140931
0.000141041
0.000140956
0.000140681
0.00014104
0.000140983
0.00014078
0.000141419
0.000141049
0.000141039
0.000140849
0.000140835
0.000141014
0.000141107
0.000149406
0.000141627
0.000141023
0.000141249
0.000140928
0.000140665
0.000141067
0.000141042
0.000140949
0.000141209
0.000141084
0.000141109
0.00014035
0.000141303
0.000141088
0.0001413
0.00014097
0.000141168
0.000140946
0.000140882
0.000141607
0.000140806
0.000141698
0.000141098
0.000141078
0.000141635
0.000141356
0.00014488
0.000141114
0.00014098
0.000141805
0.000140925
0.000141848
0.000140957
0.000141216
0.000141021
0.000141327
0.000140961
0.000140995
0.000141062
0.000140623
0.000141269
0.000140625
0.000141463
0.000140889
0.000140837
0.000140788
0.000141264
0.000141563
0.000141291
0.000140959
0.000140767
0.000140923
0.000141071
0.000145245
0.000141569
0.000140793
0.000141138
0.000141282
0.000140948
0.000140816
0.000141107
0.000141428
0.00014067
0.000141299
0.000141069
0.000140853
0.000141334
0.000140838
0.000144247
0.000141207
0.000141288
0.000141655
0.000140945
0.000140813
0.000141103
0.000141039
0.000140966
0.000140943
0.000141122
0.000148963
0.000141487
0.000140885
0.000140928
0.000141001
0.000140808
0.000140755
0.000141156
0.000140868
0.000141246
0.000140897
0.000141237
0.000140991
0.000141806
0.000141585
0.000141156
0.000141219
0.000141417
0.000141033
0.000141153
0.000141556
0.000141309
0.000141431
0.000140971
0.000141312
0.000140788
0.00014136
0.00014481
0.000141234
0.000141157
0.000140738
0.000141147
0.00014101
0.000141351
0.000140937
0.0001412
0.000141583
0.000141409
0.000140933
0.000141144
0.000140764
0.000140912
0.000141874
0.000140943
0.000141348
