0.00243429
0.00242793
0.00240885
0.00239646
0.00241273
0.00241084
0.00244403
0.00241247
0.00239406
0.00240979
0.00240131
0.00239555
0.00240046
0.00239702
0.00240565
0.00240055
0.00239585
0.00242386
0.0023947
0.00240644
0.00240564
0.00239548
0.00240186
0.00240482
0.00239372
0.00242925
0.00254915
0.00242316
0.00241675
0.00242912
0.00240282
0.00240117
0.00239518
0.00241153
0.00240767
0.00241458
0.00240312
0.00239763
0.00240832
0.00239582
0.00240515
0.00240474
0.00239153
0.00240794
0.00239583
0.00240401
0.00240602
0.00239892
0.00240617
0.00240295
0.00239784
0.00240243
0.00239356
0.00241063
0.00240113
0.00239706
0.00240176
0.00239516
0.00240872
0.00240117
0.00239952
0.00240148
0.00240865
0.00239756
0.00239991
0.00239591
0.00240009
0.00240769
0.0023974
0.00240254
0.00240469
0.00242252
0.00240983
0.00239751
0.00240337
0.00239655
0.00240916
0.00241777
0.00239625
0.0024001
0.00240111
0.00239562
0.00240616
0.00239436
0.00240104
0.00240028
0.00239601
0.00240991
0.00239348
0.00239913
0.00240066
0.002396
0.00240469
0.00239445
0.00239637
0.00240154
0.00239651
0.00240286
0.00240694
0.00239929
0.00240277
0.00240151
0.00240701
0.00240405
0.00239701
0.0024032
0.00239576
0.00240865
0.00240442
0.00239615
0.00240368
0.0024072
0.00240506
0.00241576
0.00244211
0.00240519
0.00240757
0.00239631
0.00242635
0.00239757
0.0024028
0.00241285
0.00239512
0.00240148
0.00240312
0.00239588
0.00240642
0.00239713
0.00240538
0.0024028
0.00239644
0.00240882
0.002396
0.00240125
0.00240159
0.00240156
0.00241087
0.00239615
0.0024006
0.00240119
0.0023949
0.00241198
0.00243581
0.00239727
0.00239999
0.00239436
0.00240697
0.00240198
0.00239853
0.00240099
0.00239396
0.00240967
0.00240309
0.00239464
0.00242832
0.00241005
0.00240257
0.00240128
0.0023965
0.00240031
0.00243276
0.00239606
0.00240414
0.0023967
0.0024023
0.00240926
0.00239529
0.0024007
0.00240024
0.00240216
0.00241151
0.00240137
0.00240283
0.00240313
0.00239607
0.0024114
0.00239608
0.00240226
0.00240211
0.00239667
0.00240608
0.00239591
0.00240804
0.00240308
0.00239752
0.00240857
0.00240555
0.0023957
0.00240328
0.00240022
0.00240904
0.00240171
0.00239738
0.00240321
0.00239758
0.00241231
0.00243168
0.00239796
0.00240162
0.00239635
0.00239877
0.00240347
0.00240777
0.00241116
0.00240577
0.00239821
0.00240294
0.00239816
0.00240199
0.00240842
0.00239814
0.00240201
0.00239466
0.00240193
0.00240359
0.00239558
0.00240374
0.0024007
0.00239713
0.00240649
0.00239792
0.0024015
0.0024042
0.00239515
0.00240817
0.00239677
0.0024026
0.00240216
0.00239638
0.00241072
0.00239705
0.00240357
0.002401
0.00239488
0.00240657
0.00240279
0.0023975
0.00240882
0.00242301
0.00242265
0.00244514
0.00240093
0.0024247
0.00239519
0.00241297
0.00240983
0.00239659
0.00240229
0.00241235
0.00242457
0.0024129
0.00239631
0.00240259
0.00240957
0.00239723
0.00240314
0.00239981
0.00240319
0.00240607
0.00239524
0.00240167
0.00240209
0.00239653
0.0024106
0.00239605
0.0024036
0.00240184
0.00239415
0.00240722
0.00239699
0.00240515
0.00240198
0.00239627
0.00240718
0.00239729
0.00240256
0.00240313
0.00239951
0.00240725
0.00241031
0.00241974
0.0024005
0.00239388
0.0024106
0.00240296
0.00239698
0.00241471
0.00239707
0.00241669
0.00240205
0.00239846
0.00240167
0.00240633
0.00239382
0.00239935
0.00239535
0.0024002
0.00241065
0.00239419
0.00240063
0.00239706
0.0024018
0.00240026
0.00239395
0.00240345
0.00239443
0.00241399
0.00240977
0.00239438
0.0024007
0.0024042
0.0023957
0.00240882
0.00239744
0.0024031
0.00240235
0.00241043
0.00241322
0.00239507
0.00240234
0.0024022
0.00242367
0.00240917
0.00241991
0.00239946
0.00240153
0.00239573
0.00240648
0.00241517
0.00239657
0.00240378
0.00240104
0.00240963
0.00239874
0.0023967
0.00240454
0.00239629
0.00240313
0.00240413
0.00239948
0.00240338
0.00240833
0.00239704
0.00240143
0.00240015
0.00240226
0.00240897
0.00239282
0.00240261
0.00239599
0.00239808
0.00241087
0.00239703
0.00240171
0.00239869
0.00239678
0.00240644
0.00239632
0.00240312
0.00240357
0.00239725
0.00240611
0.00239684
0.00242977
0.00240707
0.00239606
0.00240615
0.00239427
0.002396
0.00240251
0.0024015
0.0024153
0.00240313
0.00239484
0.00240057
0.00239547
0.00240833
0.00240083
0.0024004
0.00240058
0.00239643
0.00240643
0.00240181
0.00239663
0.00239991
0.00241288
0.00239922
0.00240174
0.00239573
0.00240303
0.00240863
0.00239783
0.00240278
0.00239758
0.00240186
0.00240813
0.00239863
0.00240235
0.00240063
0.0023972
0.00241001
0.00239714
0.00240256
0.00240336
0.00240162
0.00242681
0.00241064
0.00241633
0.00241618
0.00240039
0.00241438
0.00239577
0.00241442
0.0024178
0.0023974
0.00241577
0.00240435
0.00239627
0.00240129
0.00240218
0.0024079
0.00240925
0.00239944
0.00240205
0.00239551
0.00241468
0.00240111
0.00239544
0.0023997
0.00240526
0.00239613
0.00240164
0.00239764
0.00240125
0.00240705
0.00239614
0.00240787
0.00239573
0.00240061
0.00241644
0.002396
0.00240194
0.00239623
0.00240172
0.00240578
0.00239601
0.00241731
0.00243887
0.00241672
0.00243666
0.00241252
0.00243811
0.00242292
0.00240649
0.00242044
0.00242078
0.00240808
0.0024459
0.00240325
0.00247044
0.00242728
0.0024029
0.00243032
0.0024015
0.00240069
0.00240421
0.00242635
0.00242109
0.00241073
0.00239495
0.00241142
0.00239711
0.0024019
0.00240988
0.00239801
0.00240272
0.00239675
0.002402
0.00240812
0.00242068
0.00240692
0.00240286
0.00239747
0.00248184
0.00246309
0.00244063
0.00240368
0.0023973
0.00244684
0.00261702
0.00248891
0.00242589
0.00240046
0.00244499
0.0024247
0.00239796
0.00242835
0.00241603
0.00240002
0.00240858
0.00239884
0.00240278
0.00240636
0.0023948
0.00240097
0.00239736
0.00242642
0.00241514
0.00239599
0.00240245
0.00240107
0.00239495
0.0024075
0.00239425
0.00240225
0.00240253
0.00239603
0.00241691
0.00239491
0.00240618
0.00240657
0.00239576
0.00243813
0.00239526
0.00241007
0.00240207
0.00240316
0.00242587
0.00240204
0.00242129
0.00245303
0.00240521
0.0024118
0.00241473
0.00239726
0.00241708
0.00240599
0.00240107
0.00241392
0.00239759
0.00241825
0.00241636
0.00239491
0.00240664
0.00239624
0.0024089
0.00241264
0.0024044
0.00240426
0.00240305
0.00248199
0.00241643
0.0023959
0.00244163
0.00240492
0.00240298
0.00241024
0.00239777
0.00246212
0.00240228
0.0024123
0.00240668
0.00240236
0.00243461
0.00240502
0.00241105
0.00242263
0.00240828
0.00239744
0.00245185
0.00240571
0.00244228
0.00240238
0.00240508
0.00241201
0.00240888
0.00241061
0.00241464
0.00240322
0.00240578
0.00241704
0.0023947
0.00240481
0.00240166
0.00240633
0.00241522
0.00240198
0.00240387
0.00240176
0.00239694
0.0024118
0.00239792
0.00240707
0.00240594
0.00239447
0.00241218
0.00239515
0.00240718
0.00240281
0.00240245
0.00241571
0.00240601
0.0024129
0.00240233
0.0024008
0.0024156
0.00240302
0.00240048
0.0024046
0.00240075
0.00241366
0.00240291
0.00241024
0.0024211
0.0024529
0.00241156
0.00240933
0.00240867
0.00241169
0.00244221
0.00240515
0.00241043
0.00239534
0.00240784
0.00243672
0.00239559
0.00240799
0.00240641
0.00240906
0.0024091
0.00240492
0.00240357
0.00240675
0.00240452
0.00241189
0.00242709
0.00240356
0.00241172
0.00239647
0.00241558
0.00239609
0.00241716
0.0024065
0.00239551
0.00241503
0.00242153
0.0023968
0.00240895
0.00240187
0.00240651
0.00240737
0.00240158
0.00240176
0.00240211
0.00241938
0.00243414
0.0023968
0.00241021
0.00242315
0.00239785
0.00240963
0.00240617
0.00240209
0.0024096
0.00239747
0.00240959
0.00239824
0.00240712
0.00241548
0.00240231
0.00240818
0.00239666
0.00240099
0.00241111
0.00240787
0.00240366
0.00240758
0.00239597
0.00241538
0.00239901
0.00240808
0.00240783
0.00240406
0.00241053
0.00240511
0.00240548
0.00241108
0.00240068
0.00241235
0.00240374
0.00240085
0.0024061
0.00240515
0.00241527
0.00240224
0.00240814
0.00243084
0.0024108
0.00241148
0.0024168
0.00239927
0.00242338
0.00242102
0.00239892
0.00240707
0.00240372
0.00240348
0.00247405
0.00241633
0.00241384
0.00240463
0.00240185
0.00245521
0.00239755
0.00240708
0.00240666
0.00240352
0.00241911
0.00243829
0.00240385
0.00240687
0.00239669
0.00242006
0.0023943
0.00246224
0.00240382
0.00240249
0.00248933
0.00248218
0.00245871
0.00240739
0.00239985
0.00240991
0.00242725
0.00239737
0.0024838
0.00240908
0.00240742
0.00242913
0.00240071
0.00244934
0.00242149
0.0024075
0.00240544
0.00248055
0.00241012
0.00241344
0.0024051
0.00240661
0.00245918
0.0023997
0.00242967
0.00240214
0.00240256
0.00240486
0.00244579
0.0024146
0.00240186
0.00240236
0.00240002
0.00240435
0.00245976
0.00241013
0.00240325
0.00239999
0.00240052
0.00244767
0.00240613
0.00239999
0.0024066
0.00241235
0.00240277
0.00240211
0.00239443
0.00240231
0.00241812
0.00239585
0.00240881
0.00240279
0.0024315
0.00241292
0.00241898
0.0024121
0.00240744
0.00239499
0.00241032
0.00240876
0.00240186
0.00240574
0.00239972
0.00241096
0.00239678
0.00241436
0.00240103
0.00239946
0.00240545
0.00241423
0.00239441
0.0024087
0.00240124
0.00240704
0.0024054
0.0024012
0.00240065
0.00240166
0.00240683
0.00240852
0.00239656
0.00242645
0.00240938
0.00240424
0.00240972
0.00239788
0.00241905
0.00240549
0.00240017
0.0024104
0.00240358
0.00242149
0.00241063
0.00241082
0.002421
0.00240843
0.0024131
0.00243602
0.00240357
0.00240415
0.00241207
0.00239601
0.00242618
0.00239739
0.00241734
0.00240318
0.00240554
0.00240879
0.00247266
0.00241223
0.00241026
0.00240257
0.002408
0.00244791
0.00239746
0.00240754
0.00240545
0.00241448
0.00244963
0.00239813
0.00240475
0.00239847
0.0024145
0.00240549
0.00243294
0.00241439
0.00241453
0.00239396
0.00243441
0.00242037
0.00240854
0.00240995
0.00240198
0.00239877
0.00243485
0.00242074
0.00242142
0.00239742
0.00241604
0.00240604
0.00239896
0.00241467
0.00239481
0.00241245
0.00240883
0.00239781
0.00241391
0.00239652
0.00240223
0.00240931
0.00240115
0.00240634
0.00241022
0.00239981
0.00240206
0.00240291
0.00241272
0.00240667
0.00239472
0.00241267
0.00240413
0.00241732
0.00240699
0.00240416
0.00240655
0.00241594
0.00239743
0.0024057
0.0023952
0.00240719
0.00241247
0.00240409
0.00240122
0.00239909
0.00240886
0.00241118
0.00240404
0.00244288
0.0024172
0.00239624
0.00241324
0.00239581
0.00240993
0.00241287
0.00239757
0.00241494
0.00239576
0.00240923
0.00240453
0.00239632
0.00241725
0.00240819
0.00239751
0.00241047
0.0024043
0.00240722
0.0024069
0.00240417
0.0024111
0.00240238
0.00240719
0.0024032
0.00239426
0.00240729
0.00239538
0.00241411
0.00239979
0.00240194
0.00240842
0.00240514
0.00240824
0.00240066
0.00239963
0.0024025
0.00241016
0.00239584
0.00240645
0.00240804
0.0024184
0.00245201
0.00239688
0.00240877
0.00240489
0.00239672
0.00242216
0.00239722
0.00240966
0.00240207
0.00240361
0.00244379
0.00241348
0.00240384
0.00240743
0.00240141
0.00241163
0.00240317
0.00240422
0.00241077
0.00239809
0.00241382
0.00240176
0.00240367
0.00240259
0.00239628
0.00243076
0.00243755
0.00240472
0.00241011
0.0024105
0.0024001
0.00241764
0.00240178
0.00240953
0.00240841
0.00239924
0.00240121
0.00239873
0.00243799
0.00240863
0.00240242
0.00249491
0.00240872
0.00239595
0.00241135
0.0024301
0.00240467
0.00240895
0.00239576
0.0024098
0.00240355
0.00243612
0.00240508
0.00240132
