0.000397426
0.000421835
0.000409581
0.000406892
0.000406071
0.000407103
0.000405857
0.000403488
0.000404389
0.000403119
0.000407889
0.000176215
0.000174941
0.000174711
0.000174966
0.000174824
0.000174552
0.000174517
0.000173612
0.000173526
0.000174091
0.000173806
0.000173309
0.000173943
0.000174205
0.00017365
0.000173707
0.000173901
0.000173105
0.00017378
0.000173628
0.000179426
0.000173631
0.000173715
0.00017371
0.000173412
0.00017355
0.000173978
0.000173673
0.000173397
0.000173371
0.000173759
0.000174339
0.000173196
0.000172931
0.000173297
0.000173187
0.00017323
0.000173206
0.000173798
0.00017355
0.000173227
0.000179492
0.000174212
0.000173417
0.000173341
0.000173908
0.000173485
0.000173233
0.000173568
0.00017324
0.000173855
0.000173467
0.000174258
0.000173281
0.000173442
0.000173657
0.000173487
0.000173683
0.000173947
0.000173698
0.000173492
0.000173936
0.000182983
0.000174556
0.000173748
0.000174038
0.000173523
0.000173606
0.000173844
0.000174119
0.00017339
0.000173896
0.000173764
0.000173663
0.000174256
0.000173199
0.000173532
0.000173408
0.000173505
0.000173164
0.000173825
0.000173794
0.000174095
0.000173589
0.00018819
0.000174359
0.000173801
0.000173523
0.000173927
0.000173949
0.000174008
0.000173837
0.000174633
0.000174157
0.000174509
0.000173837
0.000173465
0.00017353
0.000173266
0.000173825
0.000172934
0.000173573
0.000173846
0.000173729
0.000173365
0.000179462
0.000173853
0.000173469
0.000173726
0.000179929
0.000173546
0.000173921
0.000173949
0.000173267
0.000173388
0.000173751
0.000173549
0.000173696
0.000173838
0.000173349
0.00017371
0.000173826
0.000174063
0.000173706
0.000173611
0.000173498
0.000184746
0.000174017
0.000174379
0.0001736
0.000173292
0.000192718
0.000173564
0.000173212
0.000173514
0.000173691
0.000173717
0.000173856
0.000215957
0.000173913
0.000174098
0.000173841
0.000173304
0.000173687
0.000173793
0.000173803
0.000173699
0.00017904
0.000173755
0.000173674
0.000173525
0.000173109
0.000173857
0.000173888
0.000173705
0.000174002
0.000173775
0.000173232
0.000173646
0.000173501
0.000173495
0.000173611
0.000174016
0.000173009
0.000173485
0.000173822
0.000173621
0.000173416
0.00018422
0.00017427
0.000173945
0.000173447
0.000173171
0.000173446
0.000174068
0.000174285
0.000173684
0.000173655
0.000173733
0.000173652
0.000173301
0.000173723
0.000173487
0.000173151
0.000173278
0.000173372
0.000173735
0.000173765
0.000173791
0.000173669
0.000180751
0.000174062
0.000173492
0.000173885
0.000173717
0.000174104
0.00017398
0.0001736
0.000173574
0.000174115
0.000173763
0.000173805
0.000173231
0.000173205
0.000173728
0.000173412
0.000173212
0.000173556
0.000173564
0.000173555
0.000173528
0.000177671
0.000174036
0.000173376
0.000173866
0.000173275
0.000173614
0.000174052
0.000173821
0.000173869
0.000173587
0.000173884
0.00017344
0.000173554
0.00017358
0.000173809
0.000173438
0.000173926
0.000173333
0.000173838
0.000173753
0.000173159
0.000182941
0.000173928
0.000173567
0.000173542
0.000173261
0.000173499
0.000173863
0.000173553
0.000174194
0.000173117
0.000173371
0.000173328
0.000172993
0.000173532
0.000173724
0.000173465
0.00017354
0.000173733
0.000173794
0.000173832
0.000173562
0.000173593
0.000179202
0.00017441
0.000173493
0.000173681
0.000173777
0.000173362
0.000173946
0.00017354
0.000173174
0.00017388
0.000173728
0.000173429
0.000173487
0.000173392
0.000173531
0.000173492
0.000173548
0.000173904
0.000173335
0.000174056
0.000173644
0.000178293
0.000173858
0.000173823
0.000173473
0.000173409
0.000173407
0.000174258
0.000173075
0.000173658
0.000173374
0.000173493
0.00017327
0.000173268
0.000173656
0.000173557
0.000173815
0.000173935
0.000174062
0.000174136
0.00017385
0.000173337
0.00018309
0.000173897
0.000174002
0.000173766
0.000173433
0.000173556
0.000173395
0.000173876
0.000173674
0.00017382
0.00017335
0.000173886
0.000173606
0.000173969
0.000173293
0.000173074
0.000176102
0.000173561
0.000173642
0.000173551
0.000173513
0.000173413
0.000180063
0.000173516
0.000173764
0.000173693
0.000173744
0.000173832
0.000173446
0.000174023
0.000173471
0.000174134
0.000173525
0.000173537
0.000173501
0.000173737
0.000173889
0.000174159
0.00017426
0.000173927
0.000173709
0.000173338
0.000173565
0.000178275
0.000173714
0.000173769
0.000173928
0.000173389
0.000173441
0.000173382
0.000173677
0.000174204
0.00017359
0.000173391
0.000173723
0.000173759
0.00017329
0.000173785
0.00017378
0.000173616
0.000173957
0.000174101
0.000173847
0.00017394
0.00018603
0.000174583
0.000173916
0.00017372
0.000173596
0.000173336
0.000173769
0.000173869
0.000173439
0.000173846
0.000173435
0.000173518
0.000172936
0.000173326
0.000173781
0.000173212
0.000173738
0.00017354
0.000173181
0.000173789
0.000173412
0.00017814
0.000173601
0.000173131
0.000173335
0.000173756
0.00017302
0.000173778
0.00017377
0.000173821
0.000173599
0.000173279
0.000173562
0.000173616
0.000173454
0.000173453
0.000173313
0.000173363
0.000173526
0.000173089
0.000182395
0.00017374
0.000173788
0.000179647
0.000174168
0.000173269
0.000173309
0.000173844
0.0001735
0.000173483
0.000173192
0.000172691
0.000173316
0.000173478
0.000173347
0.000173607
0.00017368
0.000173653
0.000173408
0.000173327
0.000173625
0.000173268
0.000173148
0.000173577
0.000183315
0.000174049
0.000173813
0.00017438
0.00017407
0.000174258
0.000173278
0.000173453
0.00017366
0.000173258
0.000173215
0.000173556
0.000174007
0.000173496
0.000173621
0.000173145
0.000174378
0.000173067
0.000173499
0.000173557
0.00017331
0.000178367
0.000174189
0.000173771
0.000173845
0.000173651
0.000173428
0.000173671
0.000173567
0.000173552
0.000173794
0.000173418
0.000173266
0.000173296
0.000173196
0.000173574
0.000173933
0.000173302
0.000173819
0.000173444
0.000173671
0.000174055
0.000173316
0.000179658
0.000174314
0.000173203
0.000173309
0.000173588
0.000173832
0.000173737
0.000173247
0.000173249
0.000173097
0.00017304
0.000173334
0.000173291
0.00017352
0.000173495
0.000200711
0.000229591
0.000174204
0.000173709
0.000173133
0.00017353
0.000168298
0.000163101
0.000162987
0.000162711
0.000162984
0.000162615
0.000163198
0.000163207
0.000163311
0.000162743
0.000162609
0.000162604
0.000163028
0.000163187
0.000162864
0.000162542
0.00016297
0.000163498
0.000162692
0.000162794
0.000163211
0.000162526
0.000162429
0.000168174
0.000162523
0.000162935
0.000162603
0.000162792
0.000162969
0.000162882
0.000163064
0.00016297
0.000162845
0.000162564
0.000162802
0.000163092
0.000162515
0.000162648
0.000162425
0.000163188
0.000163504
0.000162607
0.000162618
0.000162363
0.000162725
0.000162533
0.000167164
0.000162596
0.00016285
0.000162956
0.000162953
0.000162753
0.000163147
0.000163082
0.000162603
0.000163088
0.000162578
0.000162878
0.000162512
0.000162953
0.000162856
0.000163156
0.000163303
0.000162929
0.000162708
0.000162669
0.000162738
0.000162961
0.00016252
0.000170794
0.000163214
0.000162603
0.000162695
0.000162393
0.000163058
0.000163059
0.0001627
0.000162849
0.000162837
0.000162942
0.000162519
0.000162692
0.000162639
0.000162879
0.000162385
0.000162682
0.000162896
0.000163128
0.000162789
0.000163637
0.000162739
0.00016283
0.000169639
0.000163159
0.000162847
0.00016362
0.000170914
0.000163296
0.000162964
0.000163024
0.000162994
0.00016314
0.000162731
0.000166
0.000169637
0.00016303
0.000162423
0.000162798
0.000162818
0.000162656
0.000163886
0.000163097
0.000162481
0.00016274
0.000162972
0.000168081
0.000162827
0.00016268
0.000162778
0.000162616
0.000162527
0.000162648
0.000162767
0.000162652
0.000163432
0.000162656
0.000162736
0.000162485
0.000162835
0.00016344
0.000162919
0.000163172
0.000162326
0.000163285
0.000162981
0.000162821
0.000163477
0.000162628
0.000163063
0.00017429
0.000163553
0.000162649
0.000163112
0.000163782
0.000163083
0.00016332
0.000162736
0.000162355
0.000162701
0.000163092
0.000162673
0.000162714
0.00016262
0.000162558
0.000162498
0.0001628
0.000162964
0.000162801
0.000162564
0.000163073
0.000162616
0.000162758
0.000166755
0.000163137
0.000162462
0.000162927
0.000163106
0.000162567
0.000162849
0.000163072
0.000162839
0.000163033
0.000162286
0.000162703
0.000162879
0.000162722
0.00016317
0.0001625
0.00016299
0.000162828
0.000163093
0.000162842
0.00016239
0.000162734
0.000162707
0.000166632
0.000162825
0.000163672
0.000163114
0.000163015
0.000163152
0.000163117
0.000166609
0.000163227
0.000163246
0.000162755
0.000163544
0.000162588
0.000163232
0.000162852
0.000163034
0.000163381
0.000163053
0.000163133
0.000163427
0.000178087
0.000163626
0.000163215
0.000171493
0.000163174
0.000163363
0.000163092
0.00019589
0.000163437
0.000163283
0.00016307
0.00016352
0.000162783
0.000162537
0.000163243
0.000162779
0.000162968
0.000163386
0.000163102
0.000163506
0.000162848
0.000162544
0.000162981
0.000162869
0.000163902
0.000163344
0.000167715
0.000163722
0.000163263
0.000162854
0.000162952
0.000163384
0.000162896
0.000163788
0.000163225
0.0001634
0.000163331
0.000163481
0.000163201
0.000162869
0.000162932
0.000162756
0.000163054
0.000163002
0.000162914
0.000163451
0.000163287
0.000162861
0.000162915
0.00016707
0.000163258
0.000163106
0.000163805
0.000163028
0.000163154
0.00016314
0.000163006
0.000162871
0.000163015
0.000162711
0.000163008
0.000163219
0.000162278
0.000163191
0.000162526
0.000162866
0.000163252
0.000162922
0.000163005
0.00016279
0.000163252
0.000162764
0.000163295
0.000170814
0.000163825
0.000163344
0.000163011
0.000163511
0.000162925
0.000163473
0.000163215
0.000163021
0.000163294
0.000166779
0.000163445
0.000163493
0.000163209
0.000162786
0.000163418
0.000162774
0.000163021
0.000163032
0.000162973
0.000162895
0.000163498
0.000162981
0.000167582
0.000163284
0.000163139
0.000163732
0.000162749
0.000163101
0.000163279
0.000163627
0.000163054
0.000163287
0.000162956
0.000163247
0.000163296
0.000163156
0.000162939
0.000162939
0.000163245
0.000162827
0.00016321
0.000163444
0.000162838
0.00016294
0.000162832
0.000166906
0.000163082
0.000162855
0.000163217
0.000163316
0.00016356
0.000162773
0.000162967
0.000163033
0.000163345
0.000163152
0.000163303
0.000163414
0.000163877
0.000163259
0.000163212
0.000162635
0.000163318
0.000163503
0.000163674
0.000163185
0.000163387
0.000163584
0.000171249
0.000163521
0.000162629
0.000163057
0.000163426
0.000162835
0.000162549
0.00016305
0.000163212
0.000163038
0.000162722
0.000162625
0.000163627
0.000163126
0.000162892
0.000162684
0.000163006
0.000162857
0.000162854
0.00016345
0.000163208
0.000162934
0.000163508
0.000167453
0.00016379
0.000163029
0.000163217
0.000162567
0.000163034
0.000163112
0.000162947
0.000163159
0.000163096
0.000163402
0.00016284
0.000162831
0.000162849
0.00016667
0.000163028
0.000163117
0.000162984
0.00016298
0.000163031
0.00016333
0.000163003
0.000163622
0.000163469
0.000163845
0.000162811
0.000163413
0.000163196
0.000162991
0.000163431
0.000163163
0.000163153
0.000163492
0.000162842
0.000163112
0.000163124
0.000163305
0.000163143
0.000162767
0.000162924
0.000163162
0.000162967
0.000163229
0.000163664
0.000163197
0.000163108
0.000163298
0.00017043
0.000162911
0.000162637
0.000162788
0.000163581
0.000162934
0.000163369
0.00016264
0.000163125
0.000162916
0.000163231
0.000163076
0.000163809
0.000162732
0.000163518
0.000163166
0.000163156
0.000162697
0.000163072
0.000162742
0.000162894
0.000163405
0.000163362
0.000167481
0.000163538
0.000163109
0.000163163
0.000162741
0.000162995
0.000163609
0.000162751
0.000163419
0.000163604
0.000162761
0.000162804
0.000162881
0.000162809
0.000163203
0.000162904
0.00016307
0.00016338
0.00016277
0.000163385
0.000162925
0.000163474
0.000163119
0.000166818
0.00016341
0.000163575
0.000162597
0.00016367
0.000162686
0.000162685
0.000162794
0.000163611
0.000162638
0.000163117
0.000162894
0.000169175
0.000162853
0.000162534
0.00016314
0.000163252
0.000162776
0.000166801
0.000163183
0.000163449
0.000162929
0.000162852
0.000171508
0.000163053
0.00016326
0.00016324
0.000163258
0.000162984
0.000162886
0.000162744
0.000163144
0.000163587
0.000162598
0.000162871
0.000162734
0.000163064
0.000163314
