0.000451709
0.000433581
0.000431971
0.000429532
0.000430778
0.000430514
0.000430655
0.00043005
0.000451236
0.000431451
0.00046466
0.000582511
0.000494911
0.000468839
0.000433675
0.000429077
0.000397654
0.000185101
0.000184633
0.000184437
0.00018466
0.000185106
0.000184833
0.000184793
0.000184557
0.000184992
0.000184754
0.000184447
0.000184625
0.000184583
0.000184652
0.000195946
0.000184391
0.000184674
0.000184545
0.000184479
0.000202657
0.000185197
0.000184931
0.000184565
0.000184253
0.000185429
0.000184834
0.000184952
0.000184267
0.00018432
0.000184526
0.000184258
0.000184332
0.000184532
0.000184875
0.000184474
0.000185418
0.000184633
0.000185156
0.000184356
0.000201683
0.000185679
0.000184811
0.000185468
0.000184722
0.00018437
0.000184948
0.000184694
0.000184829
0.000184713
0.000184638
0.000183931
0.00018462
0.000184334
0.000184663
0.00018413
0.000184186
0.00018435
0.000184555
0.000184783
0.000184287
0.000196448
0.00018466
0.000184649
0.000190152
0.000185098
0.000184475
0.000184938
0.000184569
0.000185045
0.000184094
0.000184413
0.000184347
0.000184826
0.000185145
0.000184356
0.000184878
0.00018491
0.000185009
0.000184473
0.000184354
0.000198622
0.000185211
0.000184463
0.000184273
0.000184952
0.000184359
0.000184723
0.000194158
0.000184854
0.000184376
0.000184968
0.000184918
0.000184359
0.000184728
0.000184487
0.000184581
0.000184031
0.000184973
0.000200514
0.000184671
0.00019354
0.000185325
0.000184387
0.000184488
0.000184515
0.000184372
0.000184904
0.000184555
0.0001848
0.000184234
0.000184987
0.000185051
0.000184899
0.000184495
0.000184795
0.000185251
0.000184588
0.000184499
0.000184619
0.000184387
0.00018492
0.000204351
0.000185855
0.000185745
0.00018409
0.000184414
0.000184407
0.000185008
0.000185039
0.000185133
0.000184471
0.000184517
0.000184951
0.000184346
0.00018435
0.000183903
0.000184495
0.000185047
0.000184138
0.000184507
0.000184681
0.000194124
0.000185075
0.00018487
0.000184076
0.000184839
0.000184393
0.00018462
0.000184429
0.000184289
0.000184376
0.000184647
0.000184466
0.000185441
0.000184247
0.000184707
0.000184229
0.00018428
0.000184901
0.000184364
0.000184564
0.000184771
0.000199258
0.000185273
0.000184772
0.000184541
0.000184399
0.000185396
0.000184377
0.000184934
0.000185118
0.00018482
0.000184991
0.000184661
0.000184732
0.000184517
0.00018477
0.000184514
0.000185024
0.000184664
0.000184772
0.0001842
0.000193725
0.000184959
0.000184622
0.000185124
0.00018419
0.0001847
0.000184678
0.000184234
0.000183943
0.000184466
0.000184252
0.000184528
0.00018488
0.000184486
0.000184831
0.000184749
0.000183896
0.000184673
0.000185238
0.000184397
0.000184498
0.000188874
0.000184251
0.00018456
0.000184939
0.00018452
0.000184361
0.000185552
0.000184433
0.000184577
0.000184513
0.000185055
0.000183919
0.000184636
0.000184813
0.000184776
0.000184581
0.000184939
0.00018483
0.000184764
0.000184245
0.000184685
0.000188461
0.000184602
0.000184705
0.00018457
0.000184652
0.000184586
0.000184718
0.000184293
0.000184382
0.000184369
0.000184402
0.000184713
0.000184307
0.000184045
0.000184389
0.000185016
0.000184538
0.000184489
0.000184974
0.000184687
0.000192424
0.000184221
0.000184605
0.000184387
0.000184237
0.00018474
0.00018454
0.000184729
0.00018435
0.000184517
0.000184767
0.000184441
0.000183817
0.000185015
0.000184382
0.000184523
0.000184363
0.000184255
0.000184387
0.000184701
0.000184793
0.000190542
0.000185247
0.000184439
0.000183802
0.000189852
0.000185053
0.000184804
0.000184146
0.000185116
0.000184345
0.000184429
0.000184548
0.00018441
0.000184298
0.000184389
0.000184302
0.000184503
0.000184858
0.000185082
0.000184482
0.000188462
0.000184235
0.000184049
0.00018484
0.000184331
0.000184558
0.000184821
0.000184615
0.000184438
0.000184676
0.000184402
0.000185043
0.00018477
0.00018447
0.000184548
0.000184838
0.000184771
0.000184725
0.000184376
0.000184209
0.000185006
0.000193174
0.000184728
0.00018432
0.000184286
0.000184377
0.000184611
0.000184135
0.000184558
0.000184651
0.000184535
0.000184404
0.000184566
0.000184108
0.000184192
0.000184408
0.000184943
0.000184448
0.000185048
0.000184395
0.000184642
0.000188834
0.000184832
0.000184982
0.000184404
0.000184531
0.000184244
0.000184252
0.000183824
0.000184472
0.000184674
0.00018498
0.000185135
0.000184829
0.000184571
0.000184377
0.000183961
0.000184498
0.0001844
0.000184169
0.000184449
0.000184306
0.000188717
0.000184467
0.000184436
0.00018457
0.000183845
0.000184932
0.000184473
0.000192861
0.000184868
0.000184942
0.00018492
0.000184798
0.000184414
0.000184711
0.000184592
0.00018441
0.000184369
0.000184046
0.000184546
0.000184271
0.000192927
0.000184771
0.000184872
0.000184966
0.000183775
0.000184299
0.000184414
0.000184598
0.000184188
0.000184289
0.000185416
0.000184666
0.000185038
0.00018455
0.000184351
0.000184514
0.000184516
0.000184784
0.000184363
0.000184645
0.000184911
0.000188694
0.000198243
0.000185909
0.000223012
0.000206694
0.000220521
0.000194097
0.00018608
0.000184333
0.000184784
0.000184265
0.000184329
0.000184446
0.000184181
0.000184367
0.000184643
0.000184875
0.000184889
0.000184192
0.000184401
0.000191588
0.000185064
0.000184348
0.000184433
0.000184308
0.000185357
0.000184429
0.000184597
0.000185631
0.000185081
0.000184843
0.000184274
0.000184332
0.000184856
0.000185163
0.000184473
0.000184353
0.000184369
0.000184608
0.000184812
0.000193828
0.000184663
0.000184231
0.000184329
0.00018472
0.000184419
0.000184994
0.000184585
0.000184888
0.000185018
0.000188453
0.000183982
0.000183975
0.000184756
0.000184823
0.000185221
0.000245028
0.000190482
0.000184448
0.000184793
0.000194769
0.000184665
0.000184541
0.000185238
0.00018477
0.000184834
0.000184258
0.000184177
0.000184488
0.000184637
0.000184318
0.00018468
0.000184326
0.000184741
0.000184322
0.000184687
0.000184438
0.000184558
0.000184322
0.000185165
0.000184085
0.000189258
0.000184569
0.00018452
0.000184729
0.000184251
0.000184957
0.000184025
0.000184055
0.000184524
0.000184408
0.00018465
0.000184415
0.000184435
0.000184073
0.000185101
0.000184403
0.0001847
0.000185086
0.000185168
0.000184175
0.000192266
0.000185019
0.000184399
0.000184469
0.000183885
0.00018501
0.000184564
0.000184588
0.000184319
0.000183857
0.00018431
0.00018455
0.000184206
0.0001839
0.000184639
0.000184049
0.000184533
0.000184681
0.000184398
0.000184757
0.000184621
0.000189115
0.00018471
0.000184755
0.000185025
0.000184786
0.000184215
0.000184407
0.000184309
0.00018414
0.000184407
0.000184639
0.000184205
0.00018415
0.00019234
0.000184275
0.000184207
0.000185156
0.000184252
0.000184471
0.000184767
0.000184715
0.00018835
0.000184746
0.000185346
0.000184315
0.000183702
0.000183983
0.000184699
0.000184891
0.000184079
0.000184643
0.000184235
0.000184475
0.000184499
0.000184467
0.00018436
0.000184446
0.000184306
0.000184527
0.000184911
0.000184529
0.000192855
0.000184867
0.000184315
0.000184603
0.000184355
0.000184256
0.000185382
0.000184077
0.000184762
0.000184436
0.00018376
0.000185346
0.000184611
0.000184524
0.000184063
0.000184846
0.00018502
0.00018409
0.000184481
0.000184742
0.000184673
0.000188172
0.000184932
0.000184246
0.000184481
0.000185099
0.000184489
0.000184404
0.000184164
0.000185135
0.000184623
0.000184424
0.000184564
0.000184154
0.000184572
0.000184737
0.000184214
0.000183844
0.000184393
0.000184882
0.000183905
0.00018863
0.000184672
0.000184205
0.000184139
0.000184988
0.000184547
0.000184569
0.000184897
0.000184556
0.000184737
0.000184658
0.00018493
0.000184445
0.000184085
0.000184475
0.000184065
0.000184858
0.000187518
0.000184569
0.000183877
0.000184963
0.000192033
0.000184949
0.000184341
0.000184255
0.000184285
0.000184459
0.000184564
0.000184833
0.0001849
0.000184648
0.000184633
0.000185089
0.000184182
0.000184742
0.000184545
0.000184715
0.000185062
0.000184199
0.000185292
0.000184554
0.000188557
0.000185117
0.000184033
0.000184431
0.000184358
0.000184635
0.000184969
0.000184172
0.000184709
0.000184503
0.0001843
0.000184929
0.000184796
0.000184812
0.00018456
0.000184179
0.000185247
0.000184728
0.000184631
0.000184504
0.00018482
0.000188447
0.000184548
0.000184539
0.000184883
0.000184405
0.000184471
0.000184906
0.00018484
0.000184457
0.000184468
0.000184503
0.00018425
0.000184231
0.000184528
0.000184163
0.000184557
0.00018395
0.000184769
0.000184224
0.000185177
0.000184512
0.000193197
0.000185085
0.000184279
0.000184603
0.000184605
0.000184577
0.000184305
0.000184934
0.000184689
0.000185141
0.00018422
0.00018452
0.000184758
0.000184435
0.000184568
0.000184085
0.000184243
0.000184548
0.000184589
0.000192621
0.000188996
0.000184758
0.000184479
0.000184971
0.00018487
0.000184425
0.000184287
0.000184919
0.000184663
0.000184379
0.000183802
0.000184971
0.000185026
0.000185213
0.000184454
0.000184729
0.000184357
0.000184537
0.000183712
0.000184022
0.000183949
0.000188537
0.00018503
0.000185038
0.000184668
0.00018427
0.000184108
0.000184458
0.000184684
0.000184137
0.000184189
0.000184383
0.00018445
0.00018446
0.000184341
0.000184256
0.000184536
0.00018512
0.000184481
0.000184322
0.000184004
0.000192579
0.000184957
0.000184699
0.000184088
0.000184378
0.000183919
0.000184456
0.000184325
0.000183886
0.000184291
0.000184537
0.000185042
0.000184679
0.000184365
0.000184153
0.000184389
0.000184437
0.000184416
0.000184242
0.000184904
0.000184059
0.000188524
0.000184868
0.000184138
0.000184176
0.000184428
0.000184722
0.000184159
0.000184315
0.00018438
0.000184288
0.000184253
0.000184849
0.00019283
0.000185942
0.000184728
0.000184317
0.000184534
0.000183879
0.000184598
0.000184523
0.000188367
0.000184674
0.00019232
0.000184156
0.000184631
0.000184415
0.000183857
0.000184574
0.000184012
0.000184733
0.000184004
0.000184327
0.000184328
0.000184914
0.000184482
0.000184291
0.000184247
0.000184561
0.000184913
0.000184706
0.000184365
0.000192585
0.000184454
0.000183854
0.000184476
0.000184594
0.000185144
0.000185459
0.000184766
0.000184752
0.000184086
0.00018466
0.000184285
0.000185437
0.00018465
0.000184427
0.000184393
0.000184777
0.000184491
0.00018426
0.00018422
0.000184442
0.000188509
0.000184852
0.000184222
0.000184604
0.000184541
0.000184533
0.000184618
0.000184419
0.000184501
0.000184301
0.000184913
0.00018431
0.000184046
0.000184331
0.000183958
0.000184227
0.000184668
0.000184233
0.000184537
0.000184326
0.000188322
0.00018437
0.000184428
0.000184209
0.000184198
0.000184533
0.000184163
0.000184281
0.000184071
0.000184573
0.000184124
0.000184374
0.0001841
0.000184556
0.00018449
0.000184758
0.000184451
0.000184417
0.000184458
0.000184654
0.000184456
0.000192079
0.000185337
0.000184302
0.000184812
0.00018397
0.000186642
0.000184371
0.000184625
0.000184502
0.000184615
0.000184676
0.000184704
0.000184274
0.000184838
0.000184397
0.000184374
0.000184599
0.000184171
0.00018428
0.000184283
0.000189381
0.000184569
0.000184925
0.00018388
0.000184295
0.000185366
0.000184715
0.000184254
0.000184875
0.000184022
0.000184161
0.000183883
0.000184347
0.000184311
0.00018449
0.000184537
0.000183771
0.000184612
0.000184687
0.000184163
0.000185011
0.0001881
0.000184706
0.000184657
0.000184036
0.000184365
0.000184798
0.000184233
0.000184291
0.000184752
0.000184584
0.000184208
0.000183989
0.000184491
0.000184479
0.000185391
0.000185036
0.00018444
0.000184098
0.000184517
0.000184056
0.00018413
0.000194321
0.000184493
0.000184865
0.000184263
0.000184547
0.000184061
0.000184671
0.000184909
0.000183875
0.000184263
0.000184428
0.000184223
0.000184363
0.000184418
0.000184094
0.000184428
0.000184407
0.000184186
0.000184183
0.000185007
0.00018869
0.000184521
0.000184292
0.000184642
0.000184389
0.000184174
0.000183798
0.00018412
0.000193979
0.000184688
0.000185299
0.000184795
0.000184209
0.00018469
0.000194299
0.000185018
0.000185349
0.000184244
0.000184573
0.000185815
0.000184434
0.000193213
0.000185
0.000184154
0.000184113
0.000183953
0.000184224
0.000184801
0.000184295
0.000184338
0.000184485
0.000184513
0.000184644
0.00018431
0.000185251
0.000184223
0.000184561
0.000184605
0.000184552
0.000185544
0.000184214
