0.00330911
0.00324795
0.00322932
0.00332577
0.00335285
0.00327938
0.0032453
0.00323929
0.00327726
0.0032745
0.00323993
0.00324023
0.00324713
0.00323957
0.00323509
0.00324573
0.00325017
0.0032418
0.00324478
0.00324895
0.00323781
0.00324353
0.00326956
0.00324694
0.00324311
0.00324193
0.00346615
0.00326869
0.00327044
0.00327283
0.0032468
0.00323956
0.00323529
0.00323992
0.00324837
0.00323936
0.00323978
0.00324472
0.00323347
0.00324573
0.00324025
0.00324316
0.0032397
0.00325037
0.00325469
0.00325963
0.00324104
0.0032421
0.0032483
0.00324379
0.00324231
0.00324111
0.00325557
0.00328946
0.00324442
0.00323553
0.00324957
0.00324762
0.00325081
0.00325009
0.00323904
0.00323823
0.00325086
0.0032462
0.00324313
0.00323815
0.00324315
0.0032321
0.00323675
0.00324106
0.00324396
0.00323944
0.00323981
0.00323235
0.00324586
0.00324117
0.00323921
0.00324495
0.00323321
0.00324596
0.00324591
0.00324451
0.0032424
0.00325114
0.00325914
0.0032485
0.00324163
0.00324189
0.00325093
0.00325111
0.00323574
0.00324204
0.00325029
0.00323932
0.00324458
0.00324541
0.00323817
0.00324266
0.00324544
0.00324762
0.00324853
0.00323892
0.00323087
0.00324363
0.00324501
0.00323853
0.00324888
0.00323267
0.00324503
0.00324529
0.00324374
0.00323822
0.00324167
0.00663939
0.00326491
0.00324393
0.0032523
0.00324094
0.00324908
0.00325121
0.003249
0.00324076
0.00324156
0.00324984
0.00323537
0.00323973
0.00324574
0.00324611
0.00324799
0.00324118
0.0032336
0.00324697
0.00323941
0.00324982
0.00325423
0.00323065
0.00323048
0.0032369
0.00324793
0.00323756
0.00323896
0.00323312
0.00324436
0.00324411
0.00324663
0.00327065
0.00323883
0.0032374
0.00324437
0.00324743
0.00324822
0.00324099
0.0032531
0.00323498
0.00324247
0.00324094
0.00324761
0.00324031
0.00324396
0.0032348
0.00323907
0.00323845
0.0032407
0.00324979
0.00323516
0.00324222
0.00327441
0.00325306
0.00324679
0.00324446
0.00324976
0.00325365
0.00324047
0.00324302
0.00324129
0.00324695
0.00326375
0.00327381
0.00324723
0.00323758
0.00325437
0.00324629
0.00323478
0.00327958
0.00323889
0.00324438
0.00323961
0.00325206
0.00326211
0.00324809
0.0032417
0.00324112
0.00324403
0.00324356
0.00323255
0.00324171
0.00324317
0.00323926
0.00325421
0.00323435
0.00324597
0.00323888
0.00323981
0.00324769
0.00324703
0.00323773
0.00327592
0.00326446
0.00324229
0.00323927
0.00324073
0.00324343
0.00324939
0.00324153
0.00324714
0.00323834
0.00324022
0.0032366
0.0032501
0.0032381
0.00324012
0.00324381
0.00323734
0.00324015
0.00324735
0.00324504
0.00324313
0.00324202
0.00323559
0.00324661
0.00324283
0.00324414
0.00324707
0.0032425
0.00323502
0.0032403
0.00324351
0.00326982
0.00324565
0.00324563
0.00323552
0.00324126
0.00324668
0.00325385
0.00323814
0.00323946
0.00323137
0.0032492
0.00324348
0.00324008
0.00324345
0.00323239
0.00323249
0.00323845
0.00324546
0.00323768
0.00323866
0.0032317
0.00324597
0.0032462
0.0032471
0.00324664
0.00324173
0.00323419
0.00324443
0.0032465
0.00324305
0.00323793
0.00327486
0.00323776
0.00324162
0.00323968
0.00324685
0.00325439
0.00324501
0.00323528
0.00324563
0.00324648
0.00324797
0.00324559
0.00323463
0.00324084
0.00324067
0.00329225
0.00333088
0.00324136
0.00323443
0.00324222
0.00324041
0.0032425
0.00323954
0.00327247
0.00323306
0.00324187
0.00324978
0.00324158
0.00327137
0.0032458
0.00323527
0.00329892
0.00326163
0.00325203
0.00324958
0.0032509
0.00324374
0.00325102
0.00324211
0.00324015
0.00324663
0.00324401
0.00323231
0.0032413
0.00324355
0.00324109
0.0032651
0.00324443
0.00323174
0.00323552
0.0032396
0.00325008
0.00323917
0.00323476
0.00323992
0.00324579
0.00324212
0.00323771
0.00324491
0.00323193
0.00324147
0.00327644
0.00333636
0.00332246
0.00334537
0.0033457
0.00351219
0.00327916
0.00326958
0.00329709
0.00329464
0.0041418
0.00371785
0.003264
0.00323806
0.00325836
0.00327075
0.00324512
0.00324014
0.00326954
0.00323886
0.00324266
0.00328146
0.00324653
0.00323709
0.00327644
0.00323344
0.00324283
0.00327905
0.00355791
0.00329148
0.00324673
0.00327167
0.00323432
0.00324379
0.00325024
0.00360563
0.00328927
0.0032479
0.00323376
0.00333243
0.00348317
0.00326214
0.00324214
0.00326605
0.00326538
0.0032349
0.00324194
0.00324532
0.00324586
0.00324694
0.00323666
0.00324635
0.00323986
0.00326041
0.00324647
0.00323994
0.00323668
0.00326995
0.00324808
0.0032381
0.00323682
0.00325556
0.00324999
0.00324664
0.00323826
0.00325488
0.00324011
0.0032476
0.00323306
0.00324738
0.00323952
0.0032412
0.00324394
0.00324085
0.00322972
0.0032599
0.00327814
0.00324505
0.00324981
0.00323534
0.00324854
0.00324001
0.00323842
0.00324598
0.00324111
0.003234
0.00324495
0.00324554
0.00323993
0.00324689
0.00324785
0.00323248
0.00325316
0.00326736
0.00325018
0.00324024
0.00323975
0.00323718
0.00325324
0.00324352
0.00323616
0.00326062
0.00324041
0.00323113
0.00326152
0.00325124
0.00326281
0.00324007
0.00323343
0.0032558
0.00323855
0.00325188
0.00324787
0.00323974
0.00324137
0.00324275
0.00325153
0.00324113
0.00323983
0.00325118
0.00323376
0.00323935
0.0032437
0.00325662
0.00324626
0.00324218
0.00323444
0.00325031
0.00324739
0.00325876
0.00324477
0.00323887
0.00323325
0.0032383
0.00324975
0.00323949
0.0032372
0.00323281
0.00324367
0.00324323
0.00323814
0.00324172
0.00327321
0.00323359
0.00324347
0.00323762
0.00323962
0.00324717
0.00324728
0.0032394
0.00324247
0.00324237
0.00324626
0.00324099
0.00325501
0.00325905
0.00324931
0.00323614
0.00324084
0.00326109
0.00324109
0.0032391
0.00323903
0.00324516
0.00324548
0.00324383
0.00323329
0.00324356
0.00323815
0.00324355
0.00324512
0.00323587
0.00323147
0.00323823
0.00324665
0.00323617
0.0032593
0.00324242
0.00323243
0.00324485
0.00323833
0.00324316
0.00324108
0.00324446
0.00323797
0.00325836
0.00329814
0.00330255
0.00324857
0.00324484
0.00323953
0.00325304
0.0032452
0.00324168
0.00324556
0.00323448
0.00323425
0.00324265
0.00324077
0.00324787
0.0032437
0.00324744
0.00323931
0.00324475
0.00324479
0.00323946
0.00324437
0.00323271
0.00324575
0.00363881
0.00328969
0.00324563
0.00323959
0.00323188
0.00323332
0.00323735
0.00327225
0.00324531
0.00324747
0.00328361
0.00324259
0.00325225
0.0032465
0.00323873
0.00325697
0.00323584
0.00324309
0.00323897
0.00324557
0.00324663
0.00323979
0.00323428
0.00324656
0.0032385
0.00324866
0.00324606
0.0032396
0.00324179
0.00324068
0.00324898
0.00323583
0.00323611
0.00323075
0.00323102
0.00324712
0.00323582
0.00324271
0.00326724
0.00323021
0.00325054
0.00324399
0.00323761
0.00325158
0.00324429
0.00323656
0.00325096
0.00324224
0.00324557
0.00323867
0.0032454
0.00323117
0.00324994
0.00324084
0.00324079
0.00325121
0.00323987
0.00323383
0.00323653
0.00324366
0.00324709
0.003241
0.00323484
0.00324591
0.00324592
0.0032439
0.00326954
0.00323946
0.00323371
0.00327098
0.00324896
0.00323841
0.0032387
0.00324283
0.00324282
0.00324823
0.00323826
0.00324493
0.00324035
0.00323943
0.00323643
0.00324901
0.0032512
0.00324086
0.00324702
0.00324482
0.00323582
0.00323915
0.0032467
0.00323956
0.00324592
0.00323483
0.00332157
0.00324238
0.00323845
0.00324888
0.0032384
0.0032357
0.00326108
0.00324717
0.00327583
0.00324364
0.00324372
0.00323225
0.00324031
0.00324786
0.00324821
0.00324042
0.00323883
0.00323482
0.00325083
0.00323878
0.00324082
0.00324448
0.00323927
0.00323892
0.00323933
0.0032479
0.00324866
0.00324088
0.00323906
0.00324956
0.00324036
0.00324781
0.00324899
0.00325109
0.0032345
0.00324041
0.00324807
0.0032496
0.00324673
0.00327682
0.00323731
0.00324143
0.00324216
0.00325129
0.00325538
0.00323778
0.00323178
0.00324537
0.00324141
0.00323753
0.0032413
0.00323788
0.00323004
0.00324053
0.00324227
0.00323903
0.00323634
0.00323233
0.00324628
0.00323754
0.00323775
0.00324612
0.00324694
0.00323931
0.00324288
0.00324981
0.00324251
0.00324135
0.00324927
0.00323393
0.00326944
0.00324141
0.00324758
0.00324466
0.00323723
0.00324221
0.00325631
0.00324397
0.00325151
0.00324845
0.0032468
0.00323852
0.00323771
0.0032507
0.00324061
0.00323869
0.00323171
0.0032443
0.00323985
0.00343653
0.00351462
0.00324758
0.00323915
0.0032357
0.00324653
0.00323863
0.00323924
0.00324433
0.00328676
0.00324177
0.00325497
0.00326468
0.0032412
0.00324808
0.00324605
0.00323315
0.00324745
0.00325103
0.00324902
0.00324132
0.00323503
0.00324016
0.00324541
0.00324525
0.00324003
0.00324664
0.00323942
0.00324903
0.00323995
0.00324515
0.00323966
0.00323775
0.00322999
0.0032522
0.00323902
0.00323683
0.00324493
0.00325572
0.00324113
0.00324079
0.00324228
0.00325172
0.00325628
0.0032355
0.00324029
0.00324172
0.00323841
0.00325608
0.00324574
0.00323685
0.00324138
0.00324657
0.0032405
0.00325743
0.00324788
0.00323579
0.00324385
0.00324101
0.00324841
0.00324167
0.0032393
0.00323449
0.00325131
0.0032447
0.00323906
0.00324373
0.00323959
0.00323401
0.00324277
0.00324542
0.00323705
0.00323731
0.00324355
0.00327434
0.00323679
0.00323894
0.00324478
0.00323758
0.00324242
0.0032498
0.00325103
0.00324403
0.0032383
0.00325049
0.00323604
0.00324197
0.00323821
0.00324569
0.00324092
0.00324021
0.00323332
0.00324851
0.00323903
0.0032453
0.00324466
0.0032422
0.00323603
0.00323914
0.00325152
0.00324092
0.00323886
0.0032319
0.00324737
0.00325333
0.00326315
0.0032455
0.00324076
0.00323185
0.00324249
0.00324917
0.00324674
0.00323781
0.00324512
0.00323627
0.00323939
0.00323876
0.00324909
0.00324268
0.00324541
0.00323853
0.00324502
0.00324103
0.00324114
0.00324834
0.00323615
0.00323567
0.00324008
0.00324739
0.00324369
0.0032446
0.00323887
0.00324738
0.00324009
0.00324551
0.00325738
0.00326768
0.00323267
0.00323824
0.00324581
0.00323595
0.00324851
0.00324781
0.00323225
0.00324426
0.00323909
0.00324269
0.0032383
0.00323758
0.0032376
0.00324446
0.00323766
0.00323979
0.00324996
0.00324428
0.00324113
0.00323764
0.0032447
0.00323925
0.00326422
0.0032358
0.00325655
0.00323964
0.00324279
0.00324914
0.00323952
0.00324627
0.00325223
0.00324528
0.00324519
0.00323977
0.00324609
0.00326006
0.00324591
0.00324123
0.00324512
0.00323825
0.00323863
0.00323415
0.0032493
0.00324547
0.00327284
0.00358655
0.00327911
0.00323296
0.00324981
0.00324334
0.00323824
0.0032378
0.00330017
0.00325439
0.00324152
0.00323914
0.0032471
0.00324547
0.00323909
0.00323307
0.00328078
0.00324313
0.00324585
0.00324805
0.00323408
0.00323672
0.00324993
0.00325777
0.00324411
0.00323877
0.00323899
0.00325173
0.00324292
0.00323863
0.0032462
0.00328543
0.00323246
0.00324244
0.0032417
0.00323999
0.00323579
0.00324358
0.00323479
0.00324031
0.00323621
0.00324255
0.00323775
0.00323968
0.00323674
0.00325275
0.00323899
0.00326729
0.00324982
0.00323202
0.00323408
0.00323862
0.00324586
0.00325576
0.00323965
0.00323562
0.00324929
0.00324018
0.00324281
0.00324221
0.00323996
0.00323194
0.00324411
0.00324989
0.00323845
0.00323701
0.00324337
0.00323032
0.00324177
0.00323748
0.00324548
0.00323812
0.00323284
0.00323563
0.00324316
0.00323783
0.00323881
0.00324283
0.0032639
0.00324172
0.00324092
0.00324791
0.00324339
0.00324343
0.00324215
0.00325548
0.00324043
0.00324298
0.00324858
0.00324322
0.0032357
0.00324224
0.00324654
0.00324463
0.00323834
0.0032435
0.00323391
0.00324293
0.00324521
0.0032485
