0.000507439
0.00048803
0.000487371
0.000519504
0.000487002
0.000486235
0.000488663
0.000486349
0.000485821
0.000506375
0.000606006
0.000225375
0.000208412
0.000239902
0.000218854
0.000208872
0.000208621
0.000208657
0.000209011
0.000208407
0.000208682
0.000208778
0.000208526
0.000208216
0.000208022
0.000208023
0.000208538
0.000208137
0.000220786
0.000208818
0.000207836
0.000207922
0.000207924
0.000208005
0.000208468
0.000207861
0.000208422
0.000208799
0.00020819
0.000209182
0.000208825
0.000208331
0.000208608
0.000208358
0.000208126
0.000207967
0.000218194
0.000209063
0.000208532
0.000208055
0.000212582
0.000208583
0.00020867
0.000208193
0.000207881
0.000208757
0.000207975
0.000208197
0.000208454
0.000208118
0.000208554
0.000208351
0.000207874
0.000208188
0.000220871
0.000208558
0.000208172
0.000208264
0.000208195
0.000208024
0.000208434
0.000208454
0.000208226
0.000208056
0.000208124
0.000208241
0.000208613
0.000208608
0.000254322
0.000284356
0.000218089
0.00024664
0.000222297
0.000208727
0.000208334
0.000214647
0.000277284
0.000283293
0.000295951
0.000284543
0.000254248
0.000231663
0.00020941
0.000208866
0.000208524
0.000208398
0.000209002
0.000208859
0.000225055
0.000208329
0.000210929
0.000208469
0.000209008
0.000208809
0.000208785
0.000208544
0.00020776
0.000208103
0.000208336
0.000208427
0.000208145
0.000207965
0.000208198
0.000208374
0.000208405
0.000209344
0.000221552
0.000208581
0.000208933
0.000208646
0.000208383
0.000208412
0.000208886
0.000208342
0.000208628
0.000207988
0.000208967
0.000208627
0.000208466
0.000208065
0.000208687
0.00020868
0.000208237
0.0002082
0.000212513
0.000208716
0.000208561
0.000208847
0.000208364
0.000208257
0.000208146
0.000208707
0.00020809
0.000208575
0.000209036
0.000208944
0.00020832
0.000208966
0.000208833
0.000208658
0.000209351
0.000208625
0.000208632
0.000212976
0.00020825
0.000209119
0.000208865
0.000208737
0.000208439
0.000208324
0.000208533
0.000208122
0.000208614
0.000207797
0.000208156
0.000208238
0.000208269
0.000208479
0.000208298
0.000208656
0.000208219
0.00021638
0.000208732
0.000208579
0.000208218
0.000208182
0.000208484
0.000209115
0.000208426
0.000208362
0.00020835
0.000208507
0.000209253
0.000208189
0.000208155
0.000208233
0.000207946
0.000208452
0.000208216
0.000212721
0.000208416
0.000208796
0.000208204
0.000208303
0.000208862
0.000208783
0.000208499
0.000208064
0.000228183
0.00020967
0.000208919
0.000208628
0.000208284
0.000208831
0.000208319
0.000208763
0.000230792
0.000213778
0.000208614
0.000208259
0.000208049
0.000208956
0.000208576
0.000208093
0.000208696
0.000208277
0.000223218
0.000209858
0.000208522
0.000208076
0.000208561
0.000209521
0.000208867
0.000208613
0.000208329
0.000208442
0.000218638
0.000208302
0.000208463
0.000208209
0.000208827
0.000208561
0.000208224
0.000208606
0.000208481
0.00020831
0.00020821
0.000208176
0.000208411
0.0002087
0.000208534
0.000208843
0.00020802
0.000208308
0.000212487
0.0002082
0.000208286
0.0002083
0.000208252
0.000208871
0.000208324
0.000208148
0.000208087
0.000208895
0.000208486
0.000208552
0.000208304
0.000209271
0.000208284
0.000208274
0.000208116
0.000208398
0.000212566
0.000242397
0.000209719
0.000208744
0.00020839
0.000208557
0.000208195
0.00020854
0.000209058
0.000208553
0.000208518
0.00020861
0.000217516
0.00020855
0.00020871
0.000208809
0.000208107
0.000208845
0.000218969
0.000208662
0.000208786
0.000208234
0.000208321
0.000208392
0.000208751
0.000208297
0.000208223
0.000208426
0.000208129
0.000208481
0.000208239
0.000208812
0.000208182
0.000208402
0.000208319
0.000208542
0.000208005
0.000212625
0.000207805
0.000208412
0.000208074
0.000208521
0.0002084
0.000208966
0.000209176
0.000208764
0.000208067
0.000208713
0.000208405
0.000208266
0.000208635
0.000208444
0.000208011
0.000208168
0.000208656
0.000214233
0.00020884
0.000208387
0.00020779
0.000209178
0.000208724
0.000208782
0.000208637
0.00020882
0.000208484
0.000208231
0.000208271
0.000207959
0.00020862
0.000207815
0.000207614
0.000208804
0.000208785
0.000216211
0.000208519
0.00020833
0.000208968
0.000208597
0.000208302
0.000208215
0.000208035
0.000208437
0.000208637
0.000208319
0.000208285
0.000208623
0.000208553
0.000212316
0.000208657
0.000208614
0.000207994
0.000213354
0.0002096
0.000208556
0.000208374
0.000208591
0.000208606
0.000208695
0.000208739
0.000208323
0.000208193
0.000208521
0.000208134
0.000208071
0.00020829
0.000208671
0.000208333
0.000208976
0.000208307
0.000208762
0.000212563
0.000208832
0.000208098
0.000208285
0.000208138
0.000207832
0.000208429
0.000209036
0.000208382
0.000208031
0.000208407
0.000208651
0.000208808
0.000208945
0.000208376
0.000208189
0.000209547
0.000208311
0.000216608
0.000208307
0.000209092
0.000208743
0.000208417
0.000208529
0.00020802
0.0002083
0.000224603
0.000209144
0.000208784
0.000208591
0.000208717
0.000208524
0.00020826
0.000208489
0.000208789
0.000209061
0.000213271
0.000208818
0.000208917
0.000208163
0.000208479
0.00020791
0.000208371
0.000208498
0.000208689
0.000208453
0.000212696
0.000247759
0.000209362
0.000208791
0.000208574
0.000208635
0.000208174
0.000212516
0.000218937
0.000208644
0.000208362
0.000208792
0.000208704
0.000208285
0.00020865
0.000208127
0.000208541
0.00020853
0.000208626
0.000209146
0.000208446
0.000208417
0.000208169
0.000208651
0.00020883
0.000208097
0.000208245
0.00021713
0.000208256
0.000208282
0.000208531
0.000209132
0.000208403
0.000208446
0.000208796
0.000208593
0.000208051
0.000209157
0.000208332
0.000208145
0.000208269
0.000208951
0.000208425
0.000208005
0.000208624
0.000212348
0.000208515
0.000208603
0.000208615
0.000208432
0.000208372
0.000207877
0.000208256
0.000208352
0.000208935
0.000208816
0.000208732
0.000208116
0.000208323
0.000208701
0.000208164
0.000208913
0.000208526
0.000212223
0.00020866
0.000208237
0.000208644
0.000208104
0.000208054
0.000208038
0.000207953
0.000208634
0.000208804
0.000223959
0.000209254
0.000209343
0.000208634
0.000208605
0.00020876
0.000208527
0.00020893
0.000217899
0.000208521
0.000212213
0.00020856
0.000208754
0.000208618
0.000208365
0.000208016
0.00020847
0.000208788
0.00020808
0.000208762
0.000208774
0.000208564
0.000207981
0.000207731
0.000208407
0.000208069
0.000208613
0.000213217
0.000208558
0.000208268
0.000208283
0.000208923
0.000208972
0.000208844
0.000208534
0.000208136
0.00020863
0.000208598
0.000208627
0.000208177
0.000208835
0.000208617
0.000208301
0.000208417
0.000208688
0.000222443
0.000208913
0.000207945
0.000208736
0.000209027
0.00020787
0.000208666
0.000208672
0.000209189
0.000208557
0.000208714
0.000208387
0.000208815
0.000208914
0.00020859
0.000208715
0.000208257
0.000208562
0.000220815
0.000209626
0.00020841
0.000207973
0.000208243
0.000208495
0.000208283
0.000208946
0.000208393
0.000208576
0.00020932
0.000208706
0.000208673
0.000209014
0.000208254
0.000208095
0.000208441
0.000208297
0.000208627
0.000208562
0.000209127
0.00020826
0.000208889
0.000212838
0.000208784
0.000208685
0.00020824
0.000208954
0.00020816
0.000208851
0.000208567
0.000207808
0.00020829
0.000208383
0.000208177
0.00022602
0.000209187
0.000213046
0.00020858
0.000208946
0.000208958
0.000209073
0.000208395
0.000208275
0.000208765
0.000208219
0.000209322
0.000208582
0.000208849
0.000208668
0.000208719
0.000208328
0.000208392
0.00020832
0.000209039
0.000217172
0.000208493
0.000208957
0.000208789
0.000208318
0.0002088
0.000208923
0.000208459
0.000208741
0.000208274
0.000208206
0.000208059
0.000208873
0.000207943
0.00020828
0.000208282
0.000208426
0.000208638
0.000212543
0.000208389
0.000208324
0.000208583
0.000208215
0.000208405
0.000208676
0.00020885
0.000208697
0.000208733
0.000208755
0.000208383
0.000208701
0.000208436
0.000208311
0.000207879
0.000208697
0.000208502
0.000208287
0.000212287
0.000208192
0.000208576
0.000208529
0.000207929
0.000208524
0.000209038
0.000212621
0.000208334
0.000208774
0.000208079
0.000208374
0.000208349
0.000208513
0.000208331
0.00020841
0.000208707
0.000208632
0.000216239
0.000208475
0.000208463
0.000207941
0.000208151
0.000208825
0.000208343
0.000208388
0.000208518
0.000208873
0.00020844
0.000208524
0.000208612
0.000208915
0.000209187
0.000208863
0.000208096
0.000208775
0.000212206
0.00022405
0.000209518
0.000208251
0.000209049
0.000208741
0.000207962
0.000208835
0.000208486
0.000208575
0.000208663
0.000208704
0.000208565
0.000208616
0.000208194
0.000208843
0.000208303
0.000207993
0.000212714
0.000208875
0.000208376
0.000208556
0.000208941
0.000208355
0.000208324
0.000208594
0.000208404
0.000208112
0.000208782
0.000208577
0.000208338
0.000208324
0.000208617
0.000209188
0.000209038
0.00020837
0.000208686
0.000216561
0.00020866
0.000208654
0.000208407
0.000208425
0.000207969
0.000208635
0.000209063
0.000208558
0.000212437
0.000208584
0.000208351
0.000208428
0.000208595
0.000209008
0.00020821
0.000208004
0.000208565
0.000212854
0.000207951
0.000208856
0.000208357
0.000208165
0.000208454
0.000208489
0.000208173
0.000208742
0.000208677
0.000208527
0.000208388
0.000207933
0.000208264
0.000208442
0.000207757
0.000208544
0.000208381
0.000212092
0.000208183
0.000208561
0.000208932
0.00020796
0.000208513
0.000207932
0.000208555
0.000208632
0.000208338
0.000207859
0.000208585
0.000208263
0.00020814
0.000208749
0.000208724
0.000208492
0.000208907
0.000208576
0.000216553
0.000209029
0.000209165
0.000209037
0.0002086
0.000208379
0.000208329
0.000208408
0.000209013
0.0002085
0.000209715
0.000208233
0.000208368
0.000208724
0.000208379
0.00020891
0.000208878
0.000208478
0.000213189
0.000209076
0.000208464
0.000208478
0.000208561
0.000208337
0.000208656
0.000208443
0.000208277
0.000208366
0.000207866
0.000208955
0.000211271
0.000208375
0.000208864
0.000208389
0.000209022
0.000208542
0.000212657
0.000208685
0.000208294
0.000209063
0.00020813
0.000208469
0.00020837
0.000208446
0.000208356
0.000208205
0.000208847
0.000208107
0.000208254
0.000208974
0.000208757
0.000208382
0.000208159
0.000208471
0.000208531
0.000209177
0.000208479
0.000209036
0.000208301
0.000208453
0.00020916
0.000208231
0.000208828
0.00020823
0.000208512
0.000208051
0.000208616
0.000209693
0.000208621
0.00020814
0.000208505
0.000208729
0.000208336
0.000212252
0.00020839
0.000208981
0.000208304
0.000208513
0.000208296
0.000208404
0.000208689
0.000208811
0.000208828
0.000208537
0.000208123
0.000208472
0.000208347
0.000208397
0.0002087
0.000208594
0.00020901
0.000215114
0.000208623
0.000208467
0.000208343
0.000208148
0.000208362
0.000208655
0.000208054
0.000243033
0.000209475
0.000208922
0.000208494
0.00020861
0.000207986
0.000208312
0.000212319
0.000208745
0.000209085
0.000220551
0.000208674
0.000209058
0.000220293
0.000209014
0.000209013
0.000208942
0.000208686
0.000230475
0.000208899
0.000208828
0.000208412
0.000208672
0.000208755
0.000208768
0.000208289
0.00020872
0.000208063
0.000213438
0.000208806
0.000208694
0.00020894
0.000208358
0.000208628
0.000208288
0.000208449
0.000208566
0.000208244
0.000208186
0.000209136
0.000208044
0.000208431
0.000208345
0.000208332
0.000208616
0.000208413
0.00020813
0.000212564
0.000208959
0.000208981
0.000208801
0.000208202
0.000208609
0.000208249
0.000208406
0.000208086
0.000208488
0.00020848
0.00020861
0.000208852
0.000208205
0.000208388
0.000208665
0.000208904
0.000208052
0.000217111
0.000208812
0.000208049
0.000208364
0.000208072
0.00020822
0.000208496
0.000208647
0.000207943
0.000208703
0.000208526
0.000208637
0.000208624
0.000208138
0.000208722
0.000207859
0.000208436
0.000208199
0.000215585
0.000208197
0.000209309
0.000208297
0.000208287
0.000208414
0.000208221
0.000209447
0.000207944
0.000208997
0.000208842
0.000208346
0.000208499
0.000208919
0.000208471
0.000208157
0.000208405
0.000208333
0.000208969
0.000208695
0.000208301
0.000208627
0.000208101
0.000208901
0.000209041
0.000208616
0.000208817
0.000208184
0.000208723
0.00020898
0.000208709
0.000208341
0.000208566
0.000208532
0.000208736
0.000208793
0.000209121
0.000216522
0.000208606
0.000208064
0.000208788
0.000208586
0.000209157
0.000208835
