0.00370705
0.00379817
0.0036991
0.00367439
0.00363333
0.00363362
0.00362863
0.00362174
0.00367748
0.00364008
0.00361383
0.003649
0.00362685
0.00362486
0.00361845
0.00362795
0.0036222
0.00362058
0.0036219
0.00365974
0.0036219
0.00363621
0.00362934
0.00384596
0.00363666
0.00365265
0.0036246
0.00361849
0.00363489
0.00364776
0.00362941
0.00362741
0.0036209
0.0036228
0.00362497
0.00361749
0.00361835
0.00361898
0.00361248
0.00361962
0.00362213
0.00362492
0.00363427
0.00362236
0.00362408
0.00361904
0.00362514
0.00362874
0.00362142
0.00363665
0.00361603
0.0036179
0.00362169
0.00362
0.0036255
0.0036208
0.00362222
0.00364246
0.00363065
0.00363057
0.00362993
0.00362261
0.00361951
0.00362851
0.00361592
0.00361745
0.0036211
0.00362491
0.00361761
0.00362376
0.00362641
0.00362089
0.00361947
0.00363048
0.00364298
0.00362064
0.0036332
0.00362025
0.00363269
0.00361884
0.00362529
0.00361967
0.00362641
0.00362539
0.00362035
0.00365459
0.00364855
0.00363123
0.00361937
0.00362444
0.00361441
0.00362387
0.00362127
0.00363792
0.00362368
0.00361652
0.00362766
0.00362142
0.00361914
0.0036926
0.00362462
0.0036216
0.00362676
0.00361532
0.00361361
0.00363079
0.00363256
0.0036165
0.00361903
0.00362868
0.00362698
0.00362436
0.00365578
0.00363026
0.00362441
0.00362409
0.0036209
0.00361618
0.00362582
0.00362594
0.00361969
0.00362214
0.00362023
0.00362378
0.00362031
0.00362609
0.00362101
0.00362529
0.00363081
0.00361723
0.00361324
0.00362028
0.00363164
0.0036286
0.00362847
0.00364594
0.00362608
0.00362203
0.00362577
0.00362493
0.00363515
0.003646
0.00362267
0.00361216
0.00363469
0.00364222
0.0036192
0.00361869
0.00362502
0.00362892
0.00362021
0.00363035
0.00362226
0.00361973
0.00362958
0.00362029
0.00371515
0.00364237
0.00368977
0.00362223
0.00362134
0.00367053
0.00364431
0.00362293
0.0036271
0.00362262
0.00361998
0.00363517
0.00365963
0.00362097
0.00361395
0.00362421
0.00362417
0.00361827
0.00362406
0.0036195
0.00362104
0.00362348
0.00362706
0.00362523
0.00362716
0.00362382
0.00361648
0.00361566
0.00362695
0.00362669
0.00364155
0.00363041
0.00361871
0.00363324
0.00363605
0.00361905
0.00361884
0.00362551
0.00362345
0.00387273
0.00367145
0.00362632
0.00361275
0.00363333
0.00362581
0.00361988
0.00361843
0.00363434
0.0036153
0.00363397
0.00362651
0.00361801
0.00362664
0.00362516
0.00361774
0.0036116
0.00362703
0.00364168
0.00362198
0.00362182
0.0036273
0.00363674
0.00363714
0.00363538
0.00362767
0.00362484
0.00363114
0.00363828
0.00362278
0.00362061
0.00363273
0.00361858
0.00362176
0.00362847
0.00363968
0.0036202
0.00362352
0.00361941
0.00362018
0.00362876
0.00361932
0.0036141
0.00361986
0.00364995
0.0036211
0.00362093
0.00362633
0.00362559
0.00363749
0.00362817
0.00362559
0.00363517
0.00362841
0.00362004
0.00361446
0.00364861
0.00362869
0.00362019
0.00361808
0.00362746
0.00362066
0.00362248
0.00362738
0.00362198
0.00362115
0.00363048
0.00361912
0.00361278
0.00361873
0.00363214
0.00362136
0.00377768
0.00365072
0.00362518
0.00363133
0.00363211
0.00362692
0.00362017
0.00362459
0.00362216
0.00364581
0.00361386
0.00363666
0.0036317
0.00361779
0.00364839
0.00362721
0.00361811
0.00362555
0.00361964
0.00362093
0.00362391
0.00362073
0.00361799
0.00362475
0.00361164
0.00361797
0.00362119
0.00362388
0.00367966
0.00372824
0.00368625
0.00367681
0.00365529
0.00371015
0.00366538
0.00367764
0.00394907
0.00364611
0.00362028
0.0036576
0.00364584
0.00361856
0.0036217
0.00362426
0.00361997
0.00361853
0.00362626
0.00361901
0.00365946
0.00365217
0.00362119
0.00366884
0.00371456
0.00364759
0.00361327
0.0036111
0.00364796
0.00367569
0.00364624
0.00363311
0.00362018
0.00364334
0.00363634
0.00362198
0.00362132
0.00363264
0.00370379
0.00362973
0.00361464
0.00361421
0.00362071
0.00361808
0.00362617
0.00361782
0.00361964
0.00363501
0.00362032
0.0036192
0.00362585
0.00362195
0.00361859
0.00361334
0.00361737
0.00363045
0.00363165
0.00362914
0.00362085
0.0036191
0.00363135
0.00363591
0.00362126
0.00363016
0.00361846
0.00363054
0.00364603
0.00362254
0.00361958
0.00362244
0.00362619
0.0036187
0.00363296
0.00362783
0.00366199
0.00362233
0.00362957
0.00362115
0.00362315
0.00362359
0.00361423
0.00361724
0.00362255
0.00362609
0.0036172
0.003622
0.00362328
0.00362542
0.00361949
0.00364093
0.00362407
0.00361884
0.00362767
0.00361291
0.00364384
0.00361957
0.00363015
0.00361857
0.00362033
0.00362495
0.0036179
0.0036206
0.00362606
0.0036199
0.00361786
0.00362896
0.00362105
0.00362324
0.00363708
0.0036252
0.00362439
0.00361785
0.00362506
0.00361877
0.00362946
0.00362346
0.00361988
0.00363976
0.00362802
0.00361981
0.0036141
0.00364022
0.00363711
0.00363086
0.00363037
0.00362655
0.00361698
0.00362038
0.00362354
0.00361988
0.00361706
0.00362419
0.0036169
0.00361216
0.00361943
0.00362365
0.00363006
0.00362133
0.00362489
0.00361926
0.00362226
0.00363119
0.00361863
0.00361729
0.00362373
0.0036191
0.00361236
0.00361952
0.0036228
0.00364389
0.00363149
0.00362569
0.00361749
0.00361871
0.00362824
0.0036163
0.0036168
0.0036295
0.0036296
0.00361478
0.00361706
0.00362801
0.00363887
0.00363993
0.00362369
0.00361916
0.00362199
0.00362446
0.00361946
0.00361805
0.00362405
0.00361932
0.00361867
0.00363064
0.00363359
0.00362636
0.00361782
0.00364334
0.0036323
0.00361626
0.00362305
0.00362266
0.00361545
0.00362406
0.00361527
0.00361257
0.00375694
0.00370294
0.00363494
0.00362259
0.0036248
0.00363089
0.00367087
0.00362353
0.00363269
0.00365311
0.00363155
0.00362037
0.00361972
0.00361981
0.00362447
0.00363545
0.00362718
0.00362533
0.00364541
0.00363251
0.00362785
0.00363783
0.00362828
0.0036415
0.00362187
0.00362207
0.00361555
0.00362149
0.00361959
0.00362091
0.00362501
0.00362438
0.00361819
0.00362364
0.00361811
0.00361742
0.00363103
0.00361887
0.00362072
0.00361341
0.00362496
0.00362035
0.00362189
0.0036321
0.00362634
0.00362692
0.00365051
0.00362947
0.00362059
0.00362875
0.00362246
0.00361857
0.0036253
0.00361483
0.00362414
0.00361917
0.00362725
0.00363248
0.00362436
0.00362713
0.00362275
0.00362104
0.00362434
0.00362655
0.00361758
0.00362475
0.00361364
0.00362359
0.00362041
0.00362571
0.00361573
0.00362857
0.00363668
0.0036203
0.00365312
0.0036435
0.00362313
0.00362011
0.0036253
0.00361587
0.00361883
0.00362913
0.00362491
0.00361847
0.00362093
0.0036325
0.00361821
0.00361792
0.00362417
0.00362124
0.00362236
0.00363317
0.00361945
0.00362211
0.00362537
0.00362278
0.00361703
0.00361942
0.00362399
0.00363486
0.00361974
0.00362767
0.00365945
0.00362436
0.0036266
0.00361219
0.00362062
0.0036227
0.00363063
0.00362518
0.00361957
0.00362513
0.00362412
0.0036219
0.00362729
0.00361999
0.00362459
0.0036239
0.00361193
0.00361949
0.00362226
0.00362772
0.00362036
0.0036172
0.00362705
0.00362506
0.00362552
0.00363808
0.0036205
0.00364247
0.00363666
0.0036142
0.00361633
0.00362056
0.00362999
0.00362069
0.00361977
0.00362449
0.00362007
0.00362049
0.00362521
0.00361908
0.0036206
0.00363789
0.00361316
0.003611
0.00362298
0.00362663
0.00362256
0.00361796
0.00362569
0.00361881
0.00362377
0.0036264
0.00362221
0.0036335
0.00362455
0.00363389
0.00362575
0.00369822
0.00364091
0.00362397
0.00362132
0.00385281
0.00367302
0.00362244
0.0036254
0.00361838
0.00361609
0.00362396
0.00365227
0.00361835
0.00361146
0.00362686
0.00362107
0.00361973
0.00362625
0.00365861
0.00362043
0.00362828
0.00362842
0.00361764
0.00362299
0.00363325
0.00362486
0.00365077
0.00361478
0.00361747
0.0036218
0.00362784
0.00361609
0.00361685
0.00362546
0.00362164
0.00362547
0.00363196
0.00361773
0.00362136
0.00361131
0.00361352
0.00362162
0.00361924
0.00364175
0.0036265
0.00364905
0.00365104
0.0036238
0.00361757
0.00362515
0.00361765
0.00361666
0.00365054
0.00364292
0.00363256
0.00362212
0.00363104
0.00361972
0.00362089
0.00362745
0.0036198
0.00362478
0.00362609
0.00362084
0.00361928
0.00363009
0.00361335
0.00361886
0.00362782
0.00363728
0.00362527
0.00362122
0.00362571
0.00361975
0.00365975
0.00362609
0.00362317
0.00361728
0.00362945
0.00361299
0.00362617
0.00365092
0.0036363
0.00362602
0.00362161
0.00362278
0.00362709
0.00364786
0.00363015
0.00362199
0.00362036
0.00362708
0.00361816
0.00361561
0.00362016
0.00382616
0.00365297
0.00364138
0.00363328
0.00362788
0.00362103
0.00362936
0.00361999
0.00362783
0.00365501
0.00362645
0.00361836
0.00361143
0.00363366
0.00366358
0.00362402
0.00362296
0.00361876
0.00362075
0.00362814
0.00362051
0.00362027
0.00362693
0.00361884
0.00362968
0.00361642
0.00363899
0.00362237
0.00362297
0.00362657
0.00361745
0.00362053
0.00362282
0.00362451
0.00363926
0.00362567
0.00362308
0.00362523
0.00361292
0.00363043
0.00362122
0.00365159
0.00364579
0.00362948
0.00361815
0.00362284
0.00362179
0.00361647
0.0036364
0.00362773
0.00361698
0.00361811
0.00362592
0.00361803
0.00361714
0.00362968
0.00361827
0.00361882
0.00362178
0.00361992
0.00364503
0.00362783
0.00361929
0.00361753
0.00361867
0.0036277
0.00361885
0.00362049
0.00362407
0.00366032
0.00362751
0.00372179
0.00376729
0.00364486
0.00362991
0.00361925
0.00362219
0.00368238
0.00363681
0.0036122
0.00362034
0.00362611
0.00362328
0.00361881
0.00362357
0.00361997
0.00362115
0.00362229
0.00361989
0.00361911
0.00362518
0.0036224
0.00361142
0.00361909
0.00363138
0.00362631
0.00362065
0.00367165
0.00362655
0.00361943
0.00362876
0.00362898
0.00361962
0.00362463
0.00362012
0.00361106
0.00361589
0.00362669
0.00361932
0.00362738
0.00362209
0.00362364
0.00362347
0.00363103
0.00364941
0.00361956
0.0036234
0.00361773
0.0036139
0.00361669
0.00362668
0.00361986
0.00362052
0.00362498
0.00364213
0.00363424
0.00362915
0.00362414
0.00362197
0.00363467
0.00362053
0.00361707
0.00362021
0.003627
0.00362329
0.00361981
0.00362831
0.00361957
0.00361503
0.00362312
0.00362284
0.00362034
0.00362506
0.00361775
0.00361222
0.00362093
0.00363475
0.00362039
0.00362057
0.00363028
0.0036217
0.00361912
0.00364177
0.00364541
0.00362502
0.00362303
0.00362011
0.00361402
0.00361693
0.00362525
0.00361698
0.00361726
0.00362158
0.00363514
0.0036178
0.0036267
0.00362025
0.00362037
0.0036211
0.00361524
0.00361418
0.00361438
0.0036313
0.00361969
0.00362087
0.00366132
0.00362316
0.00362075
0.00362741
0.00361954
0.00364031
0.00365605
0.00362055
0.00361869
0.00361505
0.00363047
0.00361945
0.00361833
0.00362307
0.00361999
0.00362351
0.00362591
0.00361825
0.00361977
0.00362871
0.00361913
0.0036202
0.0036209
0.00362876
0.00362535
0.00362019
0.00362491
0.0036194
0.00362532
0.00362369
0.00362006
0.00362134
0.0036247
0.0036477
0.00363128
0.00361444
0.00363124
0.0036286
0.00362141
0.00363167
0.00362461
0.0036197
0.00363315
0.00362612
0.00362338
0.00362577
0.00364099
0.00362229
0.00361358
0.00362581
0.00361863
0.00362977
0.00362395
0.00361985
0.00362122
0.00362701
0.00362203
0.00362906
0.00362662
0.00387938
0.00368545
0.00363892
0.00362377
0.00361515
0.0036274
0.00362797
0.00365045
0.00361955
0.00362585
0.0036186
0.00362057
0.00362576
0.00362009
0.0036465
0.00365305
0.00361705
0.00361315
0.00362839
0.00362386
0.00361904
0.00361925
0.00362452
0.00362724
0.00361706
0.00362902
0.00361873
0.0036268
0.00362769
0.0036199
0.00362405
