0.00154169
0.00151389
0.00152326
0.00150902
0.00153958
0.00151936
0.00151309
0.00169146
0.00151948
0.00154057
0.00153375
0.00150894
0.00151762
0.00150936
0.00154081
0.00150994
0.00150895
0.00151515
0.00150891
0.00152993
0.00150971
0.0015087
0.00152144
0.00150855
0.00151653
0.00150994
0.00153033
0.00151585
0.00152446
0.00151793
0.0015229
0.00150971
0.00151549
0.00150998
0.00151004
0.0015169
0.0015106
0.00153032
0.00151078
0.00151022
0.00151687
0.00151236
0.00151608
0.00151155
0.00151001
0.00152179
0.00158946
0.00157106
0.00151051
0.00151075
0.00151581
0.00150994
0.00151019
0.00152394
0.00151022
0.00153257
0.00151147
0.00151026
0.00151897
0.00151149
0.00152108
0.00151072
0.00151025
0.00152463
0.00151055
0.00151643
0.00151078
0.00151045
0.00152224
0.00151544
0.00151048
0.00152608
0.00151148
0.00151397
0.00150936
0.0015094
0.00152205
0.00151115
0.00151508
0.00151774
0.00150923
0.0015149
0.00150944
0.00150964
0.0015101
0.00150956
0.00151403
0.00150963
0.00151042
0.00151548
0.0015152
0.00152111
0.00150853
0.00151025
0.00151561
0.00150993
0.00151434
0.00150911
0.00150941
0.00152001
0.00151148
0.00151837
0.00150998
0.00150897
0.00151569
0.00150933
0.0015101
0.00152157
0.00150954
0.00151604
0.00151121
0.00151309
0.00151519
0.00150888
0.00152016
0.00151037
0.00151069
0.00151663
0.00152537
0.00153188
0.00152425
0.00151068
0.00155245
0.00151138
0.00151063
0.00151749
0.00150994
0.00151544
0.00150987
0.00151019
0.00152168
0.00151018
0.00151486
0.00151631
0.00150942
0.00151638
0.00151046
0.00152009
0.00151044
0.00150956
0.00151643
0.00150879
0.00151568
0.00153544
0.00151104
0.00154096
0.00150906
0.00150944
0.00152695
0.00150962
0.0015171
0.00151041
0.00151058
0.00152291
0.00154079
0.0015161
0.00150996
0.00150974
0.00151557
0.00151052
0.00151319
0.00152083
0.00150824
0.00151621
0.00153063
0.00151696
0.00151381
0.00150814
0.00151991
0.0015284
0.00150943
0.00151571
0.00150966
0.00151427
0.00150934
0.00151404
0.00151997
0.0015085
0.00150808
0.00151626
0.00151026
0.00151448
0.00150961
0.00151069
0.0015196
0.00152382
0.00153376
0.0015105
0.00150857
0.00151602
0.00150985
0.00151939
0.00151018
0.00151021
0.00151518
0.00150872
0.00151082
0.00151455
0.00150922
0.0015209
0.00151013
0.00151034
0.00151557
0.00151028
0.00151754
0.00150951
0.0015118
0.00152885
0.00151074
0.00151486
0.00150896
0.00151207
0.00151523
0.00150969
0.00151043
0.00152198
0.00150935
0.00151624
0.00151405
0.00151047
0.00151581
0.0015093
0.00152148
0.00151114
0.00150997
0.00151627
0.00151016
0.00151409
0.00151876
0.00150899
0.00152083
0.00151084
0.00151109
0.00151678
0.00151068
0.00151718
0.00150979
0.00150941
0.0015215
0.00151309
0.00151552
0.00150946
0.00150989
0.00151597
0.0015104
0.00152148
0.00151101
0.00151041
0.00151569
0.00151044
0.00152366
0.00152443
0.00150984
0.00151921
0.00150994
0.00150914
0.00151461
0.00151421
0.00151548
0.00150924
0.00151579
0.00152017
0.00151123
0.00151514
0.00150941
0.00150902
0.00151474
0.00150921
0.00150925
0.00152251
0.00150935
0.00152152
0.00150856
0.00150876
0.00151502
0.00150823
0.00152024
0.0015109
0.00150926
0.00151655
0.00151078
0.00151476
0.00151314
0.00151044
0.00152014
0.00150878
0.00150776
0.00151657
0.00151003
0.0015145
0.00150977
0.00151085
0.00152852
0.00151211
0.00151497
0.00151147
0.00151082
0.00151629
0.00151093
0.00152196
0.00150986
0.00151062
0.00151627
0.00151573
0.00151101
0.0015168
0.00151084
0.00152162
0.00150975
0.00151197
0.00151612
0.00151055
0.00151589
0.00151037
0.00151885
0.00152498
0.00151079
0.00152241
0.00150992
0.00151007
0.00151705
0.00151185
0.00151077
0.00152251
0.00151716
0.00151692
0.00150965
0.00151082
0.00151654
0.00151113
0.00151936
0.00151017
0.00151046
0.00151635
0.00151086
0.00152111
0.00150956
0.00151135
0.00152097
0.00151006
0.0015097
0.00151694
0.0015089
0.00151422
0.00150891
0.00150977
0.00152373
0.0015087
0.00151548
0.00151068
0.0015087
0.0015148
0.00150913
0.00150811
0.00151117
0.00150995
0.00152387
0.0015096
0.00150857
0.00151457
0.00150904
0.00152023
0.00151072
0.00150969
0.00151367
0.00151063
0.00151516
0.00151455
0.0015092
0.00152
0.00151018
0.00150969
0.00151591
0.00150977
0.00151316
0.00151032
0.00164591
0.00154696
0.00152842
0.00153296
0.00151735
0.00152059
0.00153
0.00151152
0.00152296
0.00150945
0.0015111
0.00151614
0.00152664
0.00151608
0.00151154
0.00151121
0.00152244
0.00151093
0.00151163
0.00151001
0.00150929
0.00151565
0.00151084
0.00153657
0.00152761
0.00150908
0.00151611
0.00151113
0.00151329
0.00151572
0.00151107
0.0015202
0.00151062
0.00151092
0.00152477
0.00151152
0.00151073
0.00151001
0.00151158
0.00152193
0.00151032
0.00151056
0.00151724
0.00151043
0.00152063
0.00151
0.00151102
0.00152143
0.0015103
0.00151562
0.0015123
0.00150905
0.00151588
0.0015096
0.00150961
0.00151893
0.00151016
0.00151505
0.00150945
0.00150887
0.00151523
0.00151032
0.00152047
0.00150959
0.00151021
0.00151406
0.00151569
0.00151596
0.00150878
0.00152389
0.00153258
0.00150825
0.00150972
0.00150889
0.00150825
0.00151442
0.00151543
0.00150814
0.00152096
0.00150782
0.00151431
0.00150865
0.00151025
0.00151321
0.00150755
0.00151962
0.00150964
0.00151257
0.00151348
0.00150935
0.00150743
0.00151369
0.00150967
0.00151703
0.00150986
0.00150903
0.00151518
0.00150875
0.00152227
0.00151125
0.00150854
0.00151914
0.00150903
0.00151464
0.00150924
0.00150903
0.00151489
0.00151031
0.0015147
0.00152071
0.00150944
0.00151715
0.00150905
0.00151056
0.00151552
0.00151033
0.00152088
0.00151101
0.00150972
0.0015232
0.00150948
0.00151488
0.00150935
0.00150885
0.00151889
0.00151113
0.00150924
0.0015161
0.00150841
0.00151456
0.00151431
0.00150875
0.00151926
0.00150922
0.00152705
0.00151062
0.00150869
0.00151441
0.00150995
0.00151997
0.00151565
0.00150942
0.00151449
0.00150875
0.00150748
0.001515
0.00150885
0.00151934
0.0015076
0.00150928
0.00151426
0.00151333
0.00151634
0.00150727
0.00150942
0.00152066
0.00150812
0.00151347
0.00150796
0.00150895
0.00151318
0.0015101
0.00151743
0.00152032
0.00150824
0.0015125
0.00150856
0.0015074
0.00151426
0.00150939
0.00151846
0.00150778
0.00151381
0.00151493
0.00150787
0.00150936
0.00150947
0.0015079
0.00151934
0.00150827
0.00151078
0.0015158
0.0015082
0.00153145
0.00150972
0.00150776
0.00152217
0.00150903
0.00151714
0.00150877
0.00150844
0.00151441
0.00150929
0.00150962
0.00152833
0.00150984
0.00151712
0.00151027
0.00150951
0.00152867
0.00151039
0.00153471
0.00151119
0.00150923
0.00152252
0.00151114
0.00151617
0.00150955
0.00151059
0.00152166
0.00151111
0.00150903
0.00151242
0.0015098
0.00151447
0.00151856
0.00151105
0.00152303
0.00151162
0.00151747
0.00150946
0.00150978
0.00151657
0.00151168
0.00152163
0.00151096
0.00151846
0.0015166
0.00150956
0.00150953
0.00151634
0.0015114
0.00152029
0.00151028
0.00151051
0.00151601
0.00151449
0.00151463
0.00150887
0.00150943
0.00151965
0.00150849
0.00151413
0.00151025
0.00151051
0.00151447
0.00150856
0.00151942
0.0015201
0.00150937
0.00151577
0.00150998
0.00150899
0.00151571
0.00150973
0.00152049
0.00151026
0.00150916
0.00152235
0.0015099
0.00151431
0.00151012
0.00151016
0.00152015
0.00151545
0.00150919
0.00152415
0.00150856
0.00152156
0.00150824
0.0015094
0.00152299
0.0015084
0.00151573
0.00150932
0.00150882
0.00151595
0.00150915
0.00151932
0.00151353
0.00150842
0.00154347
0.00151141
0.00150899
0.00152126
0.00151018
0.00153341
0.00150972
0.00150922
0.00151597
0.00151755
0.00151479
0.00150983
0.00151199
0.00152092
0.00151195
0.00151619
0.00151227
0.00151016
0.00151507
0.00151607
0.00151032
0.00152154
0.00150826
0.00151477
0.00151036
0.00150878
0.00151533
0.0015091
0.00151979
0.00150928
0.00151651
0.00151554
0.00151047
0.00151354
0.00150989
0.00151062
0.00151931
0.00150791
0.00150885
0.0015153
0.00150875
0.00151976
0.00150901
0.00150969
0.00151975
0.00150859
0.0015133
0.00150862
0.00152368
0.00152828
0.00150862
0.00152826
0.00150811
0.0015084
0.00151336
0.00150832
0.0015088
0.0015152
0.00150854
0.00151972
0.00150718
0.00150806
0.00151792
0.00150856
0.00151415
0.00150812
0.00151013
0.00151934
0.00150923
0.00151427
0.0015087
0.001509
0.00151653
0.00151787
0.00150843
0.00152228
0.0015099
0.00151309
0.00150609
0.0015095
0.00151615
0.00150988
0.00152077
0.00151653
0.00150958
0.00151396
0.00150913
0.00151532
0.00151019
0.00150898
0.00152056
0.00150977
0.00150928
0.00151612
0.00151489
0.00151478
0.00150922
0.00150847
0.00151999
0.00150892
0.00151643
0.00150785
0.00151031
0.0015157
0.0015101
0.00155852
0.00160684
0.00151917
0.00155736
0.00152028
0.00152348
0.00151074
0.00150936
0.00152395
0.00151788
0.00152487
0.0015232
0.00151085
0.00151547
0.00151034
0.00150971
0.00152057
0.00151123
0.00152088
0.00151615
0.00150929
0.0015153
0.00150904
0.00151994
0.00150958
0.00150874
0.0015157
0.00150977
0.00151063
0.00151596
0.00150808
0.00152267
0.00151015
0.00150892
0.00151359
0.00150883
0.00151441
0.00150983
0.00150906
0.00151958
0.00150982
0.00151488
0.00151755
0.0015104
0.00151549
0.00150944
0.00150954
0.00152154
0.00151064
0.00151606
0.00150839
0.00150948
0.00151518
0.00151375
0.00152006
0.00150941
0.00150895
0.00151538
0.00150776
0.00150912
0.00151
0.00150972
0.00151974
0.00151966
0.00150988
0.00151708
0.00151112
0.00151632
0.00151154
0.00151039
0.00152192
0.00151096
0.00151607
0.00151074
0.00152972
0.00152669
0.00151092
0.00151054
0.00151086
0.00150908
0.00151539
0.00151031
0.00150938
0.00151668
0.00150964
0.00152889
0.00150974
0.00151006
0.00151587
0.00151094
0.00151476
0.0015089
0.00150976
0.00151952
0.00151085
0.00151409
0.00151049
0.00150995
0.00151513
0.00150821
0.00151026
0.00152216
0.00150979
0.00151415
0.0015088
0.00151021
0.00152384
0.0015107
0.00151995
0.00150869
0.00150877
0.00151271
0.00150943
0.00150995
0.00150856
0.00150929
0.0015187
0.00151366
0.00150838
0.00151489
0.00150801
0.00151411
0.00150913
0.00150702
0.0015189
0.00150941
0.00151306
0.00151717
0.00150861
0.00151402
0.00150859
0.00150789
0.0015222
0.00150965
0.00151419
0.00150744
0.00150768
0.00151366
0.0015142
0.00151979
0.00151315
0.00150914
0.00151973
0.00150757
0.00151353
0.00150838
0.0015086
0.00152012
0.00150781
0.00151854
0.00151498
0.00150932
0.00151394
0.00150913
0.00150959
0.00151934
0.00150878
0.00151429
0.00150812
0.00151197
0.00151521
0.00150982
0.00152061
0.00151007
0.00150964
0.00151544
0.00151014
0.00150974
0.00151575
0.00150953
0.00152659
0.00150924
0.0015095
0.00151486
0.00150988
0.0015134
0.0015086
0.00150972
0.00152045
0.00150869
0.00151478
0.00151407
0.00150996
0.00151443
0.00150967
0.0015095
0.0015229
0.00150983
0.00151411
0.00150976
0.00150899
0.00151425
0.00151002
0.0015202
0.00150879
0.00151
0.00151479
0.00150836
0.00151311
0.00150858
0.00150901
0.00151816
0.00151306
0.00150928
0.00151648
0.00152287
0.00153219
0.00150721
0.00150866
0.00151904
0.00150958
0.00151419
0.00150768
0.00151748
0.00151464
0.00150797
0.00151887
0.00150955
0.00150668
0.00151236
0.00150923
0.00150827
0.00151523
0.00150925
0.00152275
0.00150727
0.00150926
0.00151361
0.00150819
0.00151472
0.00150843
0.00150944
0.00151859
0.00150939
0.00151698
0.00150872
0.00150968
0.00151296
