0.000693976
0.000639164
0.000514737
0.000512584
0.000511058
0.000511363
0.000511404
0.000510141
0.000519718
0.00052403
0.000512263
0.000512359
0.000512777
0.000512554
0.000511873
0.000522493
0.000373974
0.00029267
0.000291888
0.000291508
0.000292053
0.000292337
0.000291984
0.000296032
0.000292564
0.000292297
0.000292749
0.000291811
0.000297453
0.000292259
0.000292022
0.000292026
0.000292187
0.000292174
0.000291807
0.000292558
0.00029215
0.000292748
0.00029164
0.0002914
0.000292391
0.000301791
0.00029277
0.000292044
0.000292292
0.000292813
0.000291784
0.000292714
0.000292314
0.000292472
0.00029257
0.000292171
0.000292692
0.000292089
0.000296493
0.000291943
0.000291935
0.000291709
0.000291832
0.000292082
0.000291661
0.000292517
0.0002917
0.000291447
0.000292205
0.000291665
0.000292508
0.000322615
0.0002937
0.000292165
0.000292567
0.000292121
0.000291755
0.000292514
0.000291973
0.000291717
0.000291755
0.000293023
0.000292309
0.00029164
0.000302219
0.000292627
0.000292592
0.000291745
0.000292094
0.000292134
0.000292125
0.000292255
0.000291727
0.000292054
0.000291951
0.000292179
0.000292118
0.000296515
0.000292555
0.000291996
0.000292447
0.000291905
0.000292676
0.000291745
0.000291845
0.000292283
0.000291367
0.000291781
0.000292207
0.000292218
0.00029665
0.000291533
0.000300249
0.000292145
0.000291958
0.000292029
0.000292635
0.0002913
0.000292316
0.000292064
0.000292035
0.000292163
0.000292237
0.000302933
0.00029314
0.000296337
0.000292234
0.000291812
0.000292162
0.000292074
0.00029224
0.000291441
0.000291471
0.0002916
0.000292122
0.000291921
0.000296448
0.000292031
0.000292327
0.000291735
0.000291539
0.00029172
0.000291535
0.00029185
0.000292447
0.00029257
0.000292026
0.000291832
0.000292429
0.000296938
0.00029253
0.000292072
0.00029203
0.000291764
0.000292708
0.000292416
0.000291636
0.000291822
0.000292559
0.000292024
0.000291546
0.000292101
0.000300794
0.000292458
0.000292034
0.000291148
0.000292004
0.000292251
0.000292025
0.000291594
0.000352985
0.000297448
0.000291678
0.000292467
0.000293095
0.000305016
0.000292383
0.000291525
0.000292894
0.000293841
0.000291932
0.000291245
0.000291837
0.000292416
0.000291737
0.00029233
0.000291994
0.000291675
0.000296528
0.000292213
0.000292051
0.000291443
0.000291455
0.000291527
0.000291245
0.000291886
0.000291749
0.000291218
0.000291156
0.000291396
0.000291906
0.000301165
0.000292774
0.000291942
0.000291279
0.000292029
0.00029231
0.000291455
0.000292198
0.000291899
0.000291806
0.000292118
0.00029148
0.000291628
0.000296674
0.000292116
0.000291536
0.00029129
0.000291984
0.000291913
0.00029193
0.000292296
0.00029127
0.000300107
0.000291806
0.000292028
0.000292487
0.000297037
0.000291981
0.00029223
0.000291865
0.000291533
0.000292175
0.000337679
0.00029264
0.000292452
0.000291815
0.00029202
0.000292886
0.000292066
0.000302412
0.000291827
0.000308187
0.000291809
0.000291921
0.000292211
0.000292155
0.00029225
0.000292131
0.000292827
0.000292144
0.000292116
0.000292532
0.000300728
0.000292018
0.000292526
0.000291752
0.000291997
0.000293073
0.00029221
0.000292413
0.000291143
0.000291579
0.000292091
0.000292202
0.000292306
0.000296846
0.000292681
0.000292357
0.000291692
0.00029161
0.000292203
0.000292348
0.000292859
0.000291761
0.000292264
0.000292599
0.000292435
0.000292265
0.000301151
0.000292976
0.000292202
0.000292198
0.000292517
0.000291952
0.00029245
0.000292316
0.00029309
0.000291804
0.000291844
0.000291971
0.000292057
0.000296443
0.000292302
0.000292399
0.00029208
0.000292232
0.000291964
0.000291697
0.000292266
0.000292174
0.000291815
0.000291983
0.000292225
0.000291608
0.000296755
0.00029226
0.000292186
0.00029172
0.000292564
0.000291998
0.000292485
0.000291452
0.00029198
0.000292288
0.000291408
0.000291349
0.000291598
0.000302011
0.000292493
0.000291927
0.000291737
0.000292369
0.000291165
0.00029185
0.000292124
0.000292029
0.00029253
0.000291562
0.000291958
0.000292529
0.000296022
0.000292122
0.000291953
0.00029188
0.000291658
0.000292344
0.000291989
0.000292218
0.000291267
0.000295927
0.000291976
0.000291264
0.000292156
0.00029692
0.000292972
0.000292429
0.000292334
0.000291929
0.000293082
0.000292826
0.000292461
0.000291821
0.000291803
0.000291797
0.000292246
0.000291942
0.000301048
0.000293301
0.000292201
0.000292175
0.000292354
0.000292033
0.000292075
0.000291977
0.000292314
0.000291495
0.000291847
0.000292689
0.00029234
0.000297239
0.000292608
0.000292932
0.000292442
0.00029235
0.000292059
0.00029124
0.000292104
0.000292177
0.000292078
0.000291793
0.000292162
0.000291554
0.000296418
0.000291639
0.000292106
0.000291845
0.000292471
0.000293199
0.000292132
0.000291878
0.000291747
0.00029212
0.000292513
0.000293651
0.000292044
0.000302553
0.000292518
0.000292599
0.000292227
0.000292161
0.00029221
0.000291932
0.000292171
0.000292135
0.000292201
0.000291992
0.000292017
0.00029274
0.000297923
0.000292324
0.000291986
0.000291856
0.000292939
0.000291949
0.000292322
0.000291844
0.000291986
0.000292099
0.000291883
0.000292194
0.000292118
0.000296148
0.000292386
0.00029173
0.000291441
0.000291795
0.000292022
0.000292189
0.000291621
0.000292424
0.000292193
0.000291755
0.000291683
0.000292207
0.00030152
0.000292932
0.000292446
0.000292213
0.000292382
0.000292133
0.000291873
0.000291792
0.000291969
0.000292704
0.000292671
0.000292228
0.00029213
0.000299457
0.000291651
0.000291652
0.00029243
0.000291869
0.000292461
0.000291974
0.000292205
0.000291563
0.000291803
0.00029235
0.000292069
0.000291977
0.000296606
0.000292752
0.000291976
0.000292542
0.000291713
0.000292916
0.000292221
0.000291841
0.000291812
0.000291844
0.000291791
0.000291604
0.000292568
0.000300505
0.000292673
0.000291638
0.000292615
0.000291525
0.000292107
0.000291883
0.000291883
0.000291771
0.00029229
0.000292197
0.000292094
0.000291585
0.000296498
0.000292477
0.000291711
0.000291747
0.00029219
0.000292331
0.000291967
0.000291996
0.000291721
0.000340932
0.000300643
0.000292757
0.000303114
0.000292652
0.000299407
0.000293744
0.000292168
0.000292027
0.000292344
0.000292554
0.00029275
0.000292017
0.000292072
0.000292531
0.000291944
0.000301714
0.000293191
0.000292435
0.000292044
0.000292926
0.000292395
0.000292004
0.000292059
0.000291861
0.000292324
0.000292339
0.000291788
0.000293116
0.000298885
0.00029173
0.000292641
0.000291774
0.000291717
0.000292064
0.000291805
0.000291654
0.000291935
0.000292146
0.00029215
0.000292555
0.000292225
0.000296873
0.000292409
0.00029171
0.000292846
0.000292153
0.000292595
0.00029167
0.000292558
0.000292507
0.000292006
0.000292161
0.000298467
0.00029287
0.000301618
0.000292548
0.000292324
0.00029215
0.000292343
0.000295244
0.000292755
0.000292178
0.000291876
0.000292025
0.000292376
0.000292412
0.000291561
0.000296457
0.000320716
0.000291949
0.000292061
0.000292349
0.000292014
0.000293215
0.000291991
0.000292253
0.000292567
0.000307757
0.000292554
0.000293163
0.000297789
0.000292528
0.000292031
0.000292081
0.000291964
0.000292025
0.000292782
0.000292293
0.000292717
0.000292273
0.000291659
0.000291718
0.000292351
0.00030145
0.000292795
0.00029194
0.000291906
0.000292037
0.000292657
0.000292005
0.000292188
0.000292295
0.000291583
0.000292666
0.000292159
0.000292214
0.000297434
0.000292216
0.000292311
0.00029128
0.000290705
0.000292418
0.000293647
0.0002921
0.000291806
0.00030364
0.000293161
0.000292553
0.000291902
0.000296971
0.000292824
0.000292417
0.000292557
0.000292347
0.000292373
0.000292227
0.000292626
0.000292868
0.000292638
0.000292355
0.000292101
0.000292164
0.000301945
0.000292769
0.000292117
0.00029181
0.000292285
0.000292368
0.000292101
0.00029264
0.000292305
0.00029225
0.000292535
0.000291916
0.000292437
0.000297109
0.000292448
0.000292639
0.000292804
0.000291814
0.000292393
0.000292076
0.000291543
0.000291764
0.000292204
0.000291875
0.000292237
0.000292818
0.000297329
0.000292965
0.000291618
0.000292282
0.000292098
0.000291763
0.000292114
0.000292391
0.000295977
0.00029241
0.000291298
0.000292906
0.00029267
0.000304128
0.000292813
0.000292276
0.000292223
0.000292612
0.000292102
0.000292221
0.000292219
0.000291808
0.000291658
0.000292009
0.000292272
0.000292016
0.000297331
0.0002923
0.000292462
0.000292032
0.000291972
0.000292308
0.000292393
0.000293175
0.000293134
0.000292387
0.000292219
0.000292242
0.000292291
0.000297408
0.000292388
0.000292291
0.000292138
0.000292757
0.000292709
0.000292207
0.000291636
0.000292235
0.000292359
0.000292024
0.000292643
0.000292328
0.000300872
0.000292339
0.000292136
0.000292028
0.000291548
0.000292004
0.000292576
0.000292228
0.000292004
0.000292592
0.000294127
0.000292909
0.00029266
0.000297685
0.000303147
0.000381189
0.000283245
0.000282506
0.000282156
0.000284375
0.000282031
0.000282628
0.000282392
0.00028253
0.000282471
0.000287407
0.000282753
0.00028216
0.000281867
0.000281744
0.000282231
0.000282145
0.000282693
0.000283471
0.000282847
0.000282057
0.000282366
0.000282345
0.000291866
0.000281864
0.000282574
0.000282581
0.000282443
0.000282337
0.000283008
0.00028312
0.000282436
0.000283225
0.000282272
0.000281897
0.00028381
0.000282254
0.000293347
0.000282783
0.000282811
0.000282726
0.000282449
0.000282726
0.000283336
0.000282275
0.000282529
0.000282155
0.000282195
0.000282466
0.000285904
0.000287209
0.000282467
0.000282235
0.000282733
0.000282617
0.0002825
0.00028202
0.000282469
0.000297485
0.000291213
0.000282961
0.000282112
0.000282747
0.00028194
0.000292679
0.000282634
0.000282413
0.000282977
0.000282458
0.000282826
0.000282747
0.000282412
0.000282112
0.00028225
0.000282409
0.000282578
0.000283074
0.000281746
0.000287463
0.000282407
0.000282407
0.000282147
0.000282254
0.000282121
0.000282683
0.000283125
0.000304183
0.000282901
0.000281964
0.000282815
0.000282608
0.000287774
0.000282929
0.000282462
0.000282268
0.000281969
0.000282306
0.000282477
0.000282329
0.000282222
0.00028281
0.000282288
0.000282203
0.000286287
0.000282628
0.000294294
0.000286018
0.000283298
0.000282333
0.000282289
0.000282454
0.000282699
0.000282371
0.000282172
0.000282357
0.000282848
0.000282513
0.000282933
0.000287482
0.00028275
0.000282456
0.000282581
0.00028255
0.000281831
0.00028216
0.000282111
0.000282403
0.000282394
0.000282296
0.000283017
0.000282862
0.000282614
0.000286643
0.000282608
0.000282643
0.00028275
0.000282377
0.000283033
0.000282682
0.000283079
0.000282737
0.000282709
0.000282406
0.000282915
0.000282117
0.000282427
0.000290013
0.000282781
0.000281967
0.000282866
0.000282725
0.00028266
0.000282553
0.000282428
0.000282494
0.000282875
0.000282882
0.000282719
0.000282872
0.00028606
0.000282579
0.000282641
0.000286707
0.000283064
0.000282214
0.000282663
0.000282605
0.000282333
0.000283278
0.000282734
0.000282117
0.00028323
0.000282456
0.000285888
0.000282237
0.000282738
0.000282969
0.000282241
0.000282355
0.000282617
0.000282461
0.000282719
0.000310945
0.000283199
0.0002825
0.000282861
0.000290922
0.00028287
0.000283182
0.000282503
0.000282505
0.000295581
0.000282412
0.000282409
0.00028215
0.000282397
0.000282304
0.000282532
0.000282345
0.000282328
0.000286087
0.000282296
0.000283046
0.00028256
0.000282959
0.000282335
0.000282418
0.000281986
0.000282363
0.00028293
0.000282146
0.000282503
0.000282556
0.000282837
0.000286302
0.000283494
0.000282736
0.000282377
0.000285621
0.000283247
0.000282536
0.000282577
0.000282648
0.000282603
0.000282369
0.000282718
0.000282847
0.000290991
0.000282601
0.000283049
0.000282538
0.000283121
0.000282214
0.000282076
0.000282606
0.00028192
0.000282172
0.000282441
0.000282521
0.000282905
0.000283934
0.000287106
0.000282262
0.000282545
0.000283393
0.000282684
0.000282564
0.000282173
0.000282367
0.000282565
0.000283112
0.000282186
0.000282587
0.000282435
0.000282337
0.000286676
0.000282531
0.000282816
0.000282083
0.000281897
0.000282264
0.000282095
0.000281931
0.000282688
0.000282325
0.000282319
0.000282188
0.000281991
0.000290015
0.000283623
0.000282719
0.000282703
0.000282162
0.000282339
0.00028232
0.000286344
0.000282068
0.00028274
0.000282284
0.000282373
0.00028301
0.000283357
