0.0012055
0.00097994
0.00098218
0.00111762
0.000979593
0.000979649
0.000983565
0.00100688
0.000980592
0.00097857
0.000979038
0.00100835
0.000605637
0.00060753
0.000606676
0.000606261
0.000605742
0.000605073
0.000615208
0.000606601
0.00060591
0.000608362
0.000615921
0.000605869
0.000618708
0.00060743
0.00060756
0.000606168
0.000610485
0.000605623
0.000635083
0.000607318
0.00060575
0.000605717
0.000604735
0.00060599
0.000605311
0.000618271
0.000605561
0.000605077
0.000605304
0.000605658
0.000606643
0.000610153
0.000606217
0.000605825
0.000605524
0.00060565
0.000605508
0.000605739
0.000614114
0.000612783
0.000606277
0.000605024
0.00060563
0.000608554
0.00061073
0.0006056
0.000606293
0.000605206
0.000606596
0.000605612
0.000605595
0.000610522
0.000605766
0.00060504
0.000605838
0.000605584
0.000605086
0.000613938
0.000605626
0.000606626
0.000604726
0.000605347
0.0006054
0.000610039
0.000604944
0.00060497
0.000604512
0.000605913
0.000604883
0.000616261
0.000623012
0.000605143
0.000604945
0.000605536
0.00060507
0.000605234
0.00061536
0.000604446
0.000606043
0.000605877
0.00060546
0.000605801
0.000604477
0.000609449
0.000604621
0.000605803
0.000606746
0.000605956
0.000605575
0.000609832
0.000605636
0.000604994
0.000605195
0.000604771
0.000606364
0.000605825
0.000618331
0.000605888
0.000605646
0.000603739
0.000604284
0.000605106
0.000622718
0.000605021
0.000605264
0.000604253
0.000604168
0.00060559
0.000610484
0.000606532
0.000605475
0.000605007
0.000605158
0.000605242
0.000606362
0.000614193
0.000605584
0.000605604
0.000605237
0.000605412
0.000605783
0.000610812
0.000605785
0.000608051
0.000605146
0.000606173
0.000605325
0.000605759
0.000609582
0.000605751
0.000651021
0.000606007
0.000606307
0.000605972
0.000619672
0.000604974
0.000606532
0.000605353
0.000606857
0.000604726
0.000610128
0.000604359
0.000605213
0.000604467
0.000605273
0.000605685
0.000605127
0.000614557
0.000606312
0.000611171
0.000605542
0.000605642
0.000605652
0.000615977
0.000605516
0.000605955
0.000605085
0.000604311
0.000605548
0.000605862
0.000609305
0.000606064
0.00060549
0.000606084
0.00060482
0.00060457
0.000610465
0.000606208
0.000604375
0.000605307
0.000606276
0.000604826
0.00060583
0.000616631
0.000606339
0.000628747
0.0006411
0.000679514
0.000606162
0.00061322
0.00060713
0.000604804
0.00060594
0.000605218
0.000605548
0.000611199
0.000606223
0.000605877
0.000604985
0.000606477
0.000605601
0.000606244
0.000616171
0.000606292
0.000605527
0.000606042
0.00060499
0.000605977
0.000610323
0.000606329
0.000605623
0.000605609
0.000614375
0.000606899
0.000609873
0.000606424
0.000605162
0.000605536
0.000605651
0.000605144
0.000604992
0.000614763
0.000606192
0.000606047
0.000606912
0.00060481
0.000605567
0.00060952
0.00060646
0.000605982
0.000606505
0.000605654
0.000605437
0.000605605
0.000610278
0.000606917
0.000605525
0.000605221
0.000605348
0.000608373
0.000615324
0.000606621
0.000606956
0.000605059
0.000607318
0.000605462
0.000606534
0.000609959
0.000606349
0.000605881
0.000605139
0.000604692
0.000605447
0.000610878
0.000605218
0.00060637
0.000606752
0.000605014
0.000605595
0.000614543
0.000606216
0.000624817
0.000606384
0.000605706
0.000606174
0.000605677
0.00061758
0.000605692
0.000605447
0.000605353
0.000605741
0.000605453
0.000609544
0.000605672
0.000605711
0.000605562
0.000606125
0.000605658
0.000604842
0.000616784
0.000605554
0.000607004
0.000605697
0.000606106
0.000606174
0.000611906
0.000605258
0.000604085
0.000605136
0.000606305
0.000606049
0.000606707
0.000615304
0.000606063
0.00060508
0.000605379
0.00060537
0.000605213
0.000614817
0.000605664
0.000605249
0.000605869
0.000610109
0.000604407
0.000616616
0.000605414
0.000605172
0.000605972
0.000605924
0.00060652
0.00060675
0.000610015
0.000605029
0.000605913
0.000606224
0.000606344
0.000605966
0.000614344
0.000605937
0.000612835
0.000605756
0.000605808
0.000605619
0.00060526
0.00061071
0.000606003
0.000605392
0.000605729
0.000605086
0.000605972
0.000609056
0.000605299
0.000605753
0.000606498
0.000605577
0.000605603
0.000605512
0.000614333
0.000605148
0.000605707
0.000604974
0.000606396
0.00060479
0.000609166
0.000606061
0.000605835
0.000608459
0.000605525
0.000606008
0.000610888
0.000606068
0.000605698
0.000605026
0.000604957
0.000606317
0.000604639
0.000615534
0.000606331
0.000605192
0.000605346
0.000605047
0.00060493
0.000609422
0.000605795
0.000605427
0.000606511
0.000605539
0.000605371
0.000605509
0.000610046
0.000606011
0.000606113
0.00061226
0.000612991
0.000606207
0.000614555
0.000606179
0.000604638
0.000606349
0.00060648
0.000605586
0.000605427
0.000609639
0.000605563
0.000605532
0.000606208
0.000606615
0.000606646
0.0006106
0.000605805
0.000604769
0.000605342
0.000605401
0.000605355
0.000614936
0.000605939
0.000606734
0.000606125
0.000606127
0.000609092
0.000605552
0.000610826
0.0006048
0.000606113
0.000603375
0.000604702
0.000605434
0.000609856
0.00060503
0.000604819
0.000606428
0.000606178
0.000605317
0.000604904
0.000618997
0.00060565
0.000604338
0.000605238
0.00060563
0.000604861
0.000611142
0.000606527
0.000605854
0.000605471
0.000604955
0.000613314
0.000606409
0.000611648
0.00060633
0.000605727
0.00060619
0.000605216
0.000606995
0.000615091
0.000605891
0.000604926
0.000606036
0.000606349
0.000607036
0.000610634
0.000606275
0.000606438
0.000603988
0.000605538
0.000606382
0.000605278
0.000609902
0.000606096
0.000606804
0.000605421
0.000605395
0.000605809
0.000621001
0.000606257
0.000605385
0.000606331
0.000605866
0.00060637
0.000605635
0.000610776
0.000605559
0.000605003
0.000605546
0.000605326
0.000643311
0.000615829
0.000606115
0.000605547
0.000606354
0.000605583
0.000605265
0.000614859
0.000606972
0.000606371
0.000605699
0.000606173
0.000605517
0.000605346
0.00061075
0.000613408
0.000605698
0.000606533
0.000606781
0.000605727
0.000610618
0.000606206
0.000604834
0.000606125
0.000606642
0.00060568
0.000606962
0.000615814
0.000606648
0.00060631
0.00060513
0.000606164
0.000605247
0.00061068
0.000605356
0.000604719
0.000605334
0.000605723
0.000605736
0.00060551
0.000610025
0.000610152
0.000604893
0.00060462
0.000605527
0.000606716
0.000614782
0.000605932
0.000606322
0.000605662
0.000605652
0.000605786
0.000610902
0.000605928
0.000605483
0.000605252
0.000605476
0.00060487
0.000605636
0.000609806
0.000605716
0.000606349
0.000606954
0.000606931
0.000605414
0.000614198
0.000605799
0.000605352
0.000608937
0.000605903
0.000606595
0.000605326
0.000610483
0.000606459
0.000605403
0.000606745
0.000605578
0.000605846
0.000609901
0.000606101
0.000606387
0.000605899
0.000605739
0.00060567
0.000606453
0.000615051
0.000606218
0.00060548
0.000605992
0.000606356
0.000606129
0.000610037
0.000604741
0.000605962
0.000606671
0.000610499
0.000606035
0.000605724
0.000605832
0.000605847
0.000605764
0.000606661
0.000606084
0.000605567
0.000613559
0.000606488
0.000606264
0.000605758
0.000605695
0.000606435
0.00061066
0.00060562
0.000605349
0.000605252
0.000605299
0.000605256
0.000606233
0.000611196
0.000606216
0.000605752
0.000604808
0.000612679
0.000606477
0.00061486
0.000606323
0.000606978
0.000606468
0.000605605
0.000605831
0.000605366
0.000609619
0.00060547
0.000605164
0.000606296
0.000606655
0.000605259
0.000609435
0.00060528
0.000606436
0.000606807
0.000605293
0.000606856
0.000606042
0.000614053
0.000605369
0.000606425
0.000604953
0.000605901
0.000609587
0.000613296
0.000605875
0.000605965
0.000605899
0.000605203
0.000606772
0.000610988
0.000605757
0.000605364
0.000605889
0.000605251
0.00060613
0.000605832
0.000614911
0.000614745
0.000605846
0.000604812
0.000605674
0.000606858
0.000620622
0.00060571
0.000606478
0.000605546
0.000604894
0.000604286
0.00060586
0.000617762
0.00060589
0.000605181
0.000605632
0.000605426
0.000605479
0.000614602
0.00060684
0.000605797
0.000605078
0.000605207
0.000604765
0.000605776
0.000605865
0.000605811
0.000605221
0.000606546
0.000606084
0.000605053
0.00060984
0.000605277
0.000606136
0.000605395
0.000606043
0.000604901
0.00061424
0.000611451
0.000605558
0.000606371
0.000604942
0.000604852
0.00060558
0.000610812
0.000605662
0.000605114
0.000605076
0.000604483
0.000606592
0.000610747
0.000605652
0.000605207
0.000605192
0.000605944
0.000606026
0.000605996
0.000615385
0.000606021
0.000606082
0.000605747
0.000607065
0.000607716
0.000610984
0.000605518
0.000613961
0.000605458
0.000605955
0.000605381
0.000605419
0.000610827
0.000605809
0.000606084
0.000605508
0.000605672
0.000606017
0.000614714
0.000605369
0.000605168
0.000605084
0.000606165
0.000606199
0.000610507
0.000605783
0.000605808
0.000604988
0.000604798
0.000606967
0.000605765
0.000609408
0.000605946
0.000605789
0.000609607
0.000604831
0.000604607
0.000614147
0.000604989
0.000605114
0.000605445
0.000605648
0.000604625
0.000606984
0.00060959
0.000605222
0.000606849
0.000605987
0.000605268
0.000605388
0.000610957
0.000605611
0.000605711
0.000605551
0.000605543
0.000606242
0.000605352
0.000614995
0.000605784
0.000605573
0.00061375
0.000606381
0.00060661
0.000609038
0.000605877
0.0006055
0.000605574
0.000605525
0.000605469
0.000608624
0.000605222
0.000605097
0.000605202
0.000605319
0.000604966
0.000606084
0.000614273
0.000605893
0.000606163
0.000606906
0.000605475
0.000606091
0.000609815
0.000605817
0.000606858
0.000605586
0.000604812
0.000608665
0.000605842
0.000610678
0.000605581
0.000624683
0.00060608
0.000606143
0.000604385
0.000616043
0.000604975
0.000604321
0.000604982
0.000604386
0.000605472
0.000604425
0.000610303
0.000605609
0.000605121
0.000642678
0.000605727
0.000606212
0.000616442
0.000605853
0.000606769
0.00060594
0.000605479
0.000605783
0.000616032
0.000605528
0.000606326
0.000606025
0.000606654
0.000604881
0.000605872
0.00060975
0.000605118
0.000605336
0.000604961
0.000605481
0.000605994
0.000610055
0.000605174
0.000607519
0.000605842
0.000606051
0.000605458
0.000605778
0.000614321
0.000605276
0.000605254
0.000606204
0.000605648
0.000605633
0.000614016
0.000605242
0.000605354
0.000606118
0.000604653
0.000605932
0.000607166
0.000605821
0.00060631
0.000604795
0.000605409
0.000606075
0.000605278
0.000614363
0.000605881
0.000605528
0.000605624
0.000605605
0.000605415
0.000609896
0.000605451
0.000605662
0.000604277
0.000606157
0.000605384
0.000606397
0.000610872
0.000613598
0.000605876
0.000604978
0.000604483
0.000605317
0.000614075
0.000606274
0.000605104
0.000604954
0.000606044
0.000606751
0.000605605
0.00060929
0.00060625
0.000605055
0.00060549
0.000605327
0.000605383
0.000609915
0.000605694
0.000604892
0.000604829
0.000605803
0.00060517
0.000604372
0.00061472
0.000606022
0.000611386
0.000606084
0.000604728
0.000604907
0.000609934
0.000605042
0.000605073
0.000604737
0.000604897
0.000605397
0.000609085
0.000605305
0.000605096
0.000604866
0.000605809
0.000606101
0.000604869
0.000614858
0.000606301
0.000606038
0.000605571
0.000605224
0.000605173
0.000609585
0.000605938
0.000605907
0.000614104
0.000606329
0.000605585
0.000605727
0.00060965
0.000605259
0.000606138
0.000605482
0.000606147
0.00060581
0.000615242
0.00060616
0.000605862
0.000605516
0.000605068
0.000605979
0.000603989
0.000609065
0.000606963
0.000606182
0.000605084
0.000604475
0.000605641
0.000610301
0.000605609
0.000605364
0.000606239
0.000608872
0.000607763
0.000615143
0.00060595
0.000606243
0.000604968
0.000605552
0.000605373
0.000606103
0.000610535
0.000620024
0.000654668
0.000606638
0.000623862
0.000626108
0.000680509
0.000607083
0.000605988
0.000627208
0.000606351
0.000604529
0.000627377
0.000607545
0.000606957
0.00060511
0.000604965
0.000612311
0.000606347
0.000615315
0.000606139
0.000606506
0.00060562
0.000604894
0.000606356
0.00061623
0.000604357
0.000606084
0.000606081
0.000605649
0.000604997
0.00060603
0.000615229
0.000606608
0.000606447
0.000605391
0.000605143
0.000606897
0.000610653
0.000607073
0.000604861
0.00060474
0.000605926
0.000605463
0.000610562
0.000604722
0.000606179
0.00060601
0.000605995
0.000605818
0.000606371
0.000615088
0.000607334
0.000606278
0.000606431
0.000606157
0.000606731
