0.00111348
0.00107781
0.0010754
0.00109658
0.0010767
0.00107622
0.00109335
0.00107702
0.00108712
0.00107666
0.00108783
0.00120345
0.00110311
0.00114752
0.00110787
0.00107669
0.00107778
0.00109721
0.00107621
0.00107571
0.00107703
0.00108929
0.00107644
0.00108939
0.00108188
0.00107616
0.00107618
0.00107725
0.00108234
0.00107548
0.00110178
0.00108739
0.00107754
0.00108677
0.00107536
0.00108205
0.00107609
0.00107638
0.00109433
0.00108175
0.00107642
0.00107628
0.00108577
0.00107579
0.00107647
0.00107573
0.00108796
0.00107487
0.00107731
0.00107693
0.00108093
0.00107624
0.00107641
0.00109395
0.00107545
0.00107758
0.00107646
0.00108247
0.0010761
0.00107751
0.00108172
0.00107747
0.00110318
0.00107668
0.00108633
0.00107612
0.00107565
0.0010769
0.00109251
0.00107662
0.00107642
0.00108157
0.00107648
0.00107718
0.00107686
0.00108665
0.00107565
0.00107634
0.00136234
0.001119
0.00107619
0.00107724
0.00109038
0.00108172
0.00107556
0.00107534
0.00108856
0.00107671
0.00107745
0.00108101
0.001076
0.00107681
0.00107624
0.00108213
0.00107557
0.00107644
0.00108606
0.00107497
0.00108446
0.0010759
0.00108229
0.00107613
0.00107651
0.00107619
0.00108343
0.00107627
0.00107665
0.00108658
0.00107663
0.00107672
0.00107714
0.0010818
0.00107654
0.0010815
0.00107659
0.00108126
0.00107597
0.0010774
0.00108556
0.00107628
0.00107596
0.00107589
0.00108124
0.0011008
0.00107676
0.00109179
0.00107656
0.00107585
0.00108055
0.00108729
0.00107677
0.00107562
0.0010758
0.00108127
0.00107635
0.00107695
0.0010804
0.00107728
0.0010746
0.00107545
0.00109308
0.00107522
0.00107635
0.00108072
0.00108156
0.00107586
0.00107677
0.00108291
0.00107753
0.00107655
0.00107709
0.00108765
0.00107659
0.00107676
0.00107654
0.00107648
0.00107666
0.00107715
0.00108507
0.00107711
0.00107642
0.0010756
0.00108791
0.00107617
0.00107591
0.00108218
0.0010764
0.00107728
0.00107706
0.00108023
0.00112342
0.0010771
0.00107664
0.00109466
0.00107674
0.00107709
0.00108208
0.00107688
0.00107584
0.00107736
0.00108094
0.00107581
0.00107648
0.00107468
0.00107585
0.00107667
0.00107654
0.00107965
0.00107897
0.0010766
0.00107635
0.00108092
0.00107601
0.0010773
0.00108719
0.00107588
0.00107723
0.00107613
0.00108106
0.00107542
0.00107715
0.00107734
0.0010825
0.00107952
0.00107754
0.00108592
0.00107562
0.00107606
0.00107716
0.00108176
0.00107557
0.00107541
0.00107672
0.00108132
0.00107705
0.00107606
0.00110767
0.00107693
0.00108851
0.00107617
0.00108383
0.00107555
0.00107575
0.00108053
0.00107623
0.00107608
0.00107704
0.00108606
0.00107809
0.00107627
0.00107631
0.00108128
0.00107591
0.00108018
0.00108193
0.00107636
0.00107558
0.00107713
0.00108695
0.00107518
0.00107614
0.0010759
0.00108084
0.00107775
0.00107721
0.00108153
0.00107699
0.00107691
0.00107953
0.00108724
0.00107651
0.00107631
0.0010811
0.00107643
0.00107577
0.00107671
0.00108176
0.00107626
0.00107659
0.00107574
0.00108698
0.00107681
0.00107653
0.0011006
0.00107743
0.00107781
0.00107559
0.00108279
0.00107703
0.00107665
0.00107545
0.00108563
0.00107561
0.00107654
0.00108043
0.00107624
0.00107526
0.00107742
0.00108061
0.00107917
0.00107622
0.00107612
0.0010857
0.00107623
0.00107634
0.00108172
0.00107559
0.00107522
0.00107592
0.00108104
0.00107527
0.00107718
0.00108519
0.00107685
0.00107927
0.00107618
0.00108138
0.00107588
0.00107598
0.00107579
0.00108186
0.00107599
0.0010758
0.00108601
0.0010765
0.00107564
0.00107654
0.0010811
0.00107638
0.00108203
0.00107694
0.00109135
0.00107648
0.00107657
0.00108608
0.00107769
0.00107648
0.00107499
0.00108152
0.00107759
0.00107617
0.0010801
0.00107709
0.00107709
0.00108037
0.00108544
0.0010764
0.00107602
0.00107525
0.00108083
0.00107762
0.0010756
0.00108047
0.00107708
0.00107597
0.0010771
0.00108741
0.00107569
0.00107655
0.00107821
0.00108117
0.00107541
0.00107588
0.00108085
0.00107661
0.00107617
0.00107626
0.00108605
0.00107676
0.00107655
0.0010764
0.00108203
0.00107559
0.0010757
0.00108486
0.00111793
0.0010749
0.00107673
0.00109019
0.00107618
0.00107653
0.00108198
0.00107616
0.00107549
0.00107657
0.00108132
0.00107629
0.00107613
0.00107673
0.00108859
0.00107716
0.00107656
0.00108114
0.00107768
0.0010774
0.0010762
0.00108035
0.00107658
0.00107722
0.00107643
0.00108577
0.001076
0.0010773
0.00112171
0.00107888
0.0010751
0.00108009
0.00108231
0.00107668
0.00107616
0.00108603
0.00107661
0.00107649
0.00107554
0.00108423
0.00107605
0.0010769
0.00107682
0.00108055
0.00107963
0.001077
0.00110595
0.0010756
0.00107586
0.00108641
0.00108145
0.00107561
0.00107701
0.00107715
0.00108166
0.00107625
0.00107666
0.00108743
0.00107525
0.00107974
0.0010776
0.00108117
0.0010761
0.00107542
0.00108147
0.00107711
0.00107636
0.00107533
0.00108539
0.00107632
0.00107661
0.00107672
0.00108145
0.00107523
0.00108108
0.00111215
0.00107726
0.00107607
0.00107723
0.00108725
0.00107543
0.00107665
0.00107507
0.00108111
0.0010766
0.00107516
0.00108078
0.00107694
0.00107627
0.00107925
0.00108648
0.00107571
0.00107707
0.00109116
0.00107681
0.00107652
0.00107594
0.00108226
0.00107625
0.00107614
0.00107544
0.00108674
0.00107708
0.00107605
0.00108443
0.00107562
0.00107747
0.00107715
0.00108129
0.00107695
0.00107591
0.0010754
0.00108634
0.00107697
0.00107565
0.00108293
0.00107586
0.0010769
0.00107603
0.00108418
0.00107715
0.00107666
0.00107594
0.0010859
0.00107643
0.00107602
0.00108108
0.00107605
0.00107622
0.00107663
0.00108139
0.00107607
0.00107633
0.00108493
0.0010799
0.00107501
0.00107549
0.00108088
0.00107581
0.00107604
0.00109771
0.00108088
0.00108446
0.00107626
0.00108531
0.00107582
0.00107574
0.00107617
0.00107992
0.00108038
0.00107595
0.00107642
0.00108103
0.00107461
0.00107588
0.00108538
0.00107686
0.00107642
0.00107574
0.00108052
0.00107518
0.00107561
0.00107593
0.00107567
0.00108
0.0010768
0.00108711
0.00107554
0.00107639
0.00107567
0.00108108
0.00107602
0.00107577
0.00108134
0.00107536
0.00107606
0.00118863
0.00109448
0.0010782
0.00108721
0.00107521
0.00109786
0.00107552
0.00107601
0.00108115
0.00113111
0.00107702
0.00107603
0.00109194
0.00107667
0.0010759
0.00108207
0.00107705
0.00107679
0.00109351
0.00108129
0.00107658
0.00107724
0.00107654
0.00108598
0.00107591
0.00107653
0.0010812
0.00107669
0.00107598
0.00107585
0.00108164
0.00107609
0.00107642
0.00107754
0.00108533
0.00107602
0.00107569
0.00108333
0.00107777
0.00107672
0.00107602
0.00108053
0.00107737
0.00107606
0.00108638
0.00107631
0.00107542
0.001076
0.00108695
0.00107599
0.00108366
0.00107555
0.00108212
0.00107565
0.0010763
0.00108627
0.00110192
0.00107601
0.00107715
0.00109094
0.00107621
0.00107746
0.00107673
0.00108644
0.00107675
0.00107545
0.00108552
0.00107628
0.00107583
0.00107612
0.00108136
0.00107578
0.0010761
0.00108098
0.00107696
0.00107664
0.00107579
0.001085
0.00107916
0.00107687
0.00107634
0.00107986
0.00107674
0.00107601
0.00108137
0.00107524
0.00107613
0.00107575
0.00108686
0.00107699
0.001076
0.0010758
0.0010806
0.0010768
0.00107949
0.00108236
0.0010769
0.00107566
0.00107654
0.00108642
0.0010763
0.00107595
0.00109491
0.00107661
0.00107718
0.00107521
0.00108164
0.00107596
0.00107631
0.00107898
0.00108652
0.00107528
0.00107613
0.00108123
0.00107556
0.0010761
0.00107549
0.0010804
0.00107597
0.0010763
0.00107755
0.00108703
0.00107527
0.00107659
0.00108467
0.00107522
0.00107648
0.001077
0.0010823
0.00107579
0.00107631
0.00107638
0.00108613
0.00107595
0.00107691
0.0010816
0.00107598
0.00107704
0.00107672
0.00108411
0.00107537
0.00107553
0.0010879
0.00107607
0.00107531
0.00107672
0.00108285
0.00107651
0.00107603
0.00107617
0.00108076
0.0010771
0.00108632
0.00108793
0.00107929
0.00107602
0.00107611
0.00108181
0.00107617
0.00107572
0.00107663
0.00108144
0.00107619
0.00107514
0.00108609
0.00107633
0.00107598
0.00107664
0.00108187
0.00107878
0.00107504
0.00107705
0.00107628
0.00107567
0.001076
0.00108672
0.00107678
0.00111184
0.00107561
0.00109569
0.00107703
0.00107603
0.00109172
0.00107717
0.0010848
0.00107582
0.00108716
0.00107654
0.00107689
0.00107748
0.00108853
0.00253985
0.00261517
0.00194841
0.00107585
0.00108024
0.00107671
0.00108815
0.00107665
0.00107628
0.00109556
0.00108743
0.00107442
0.00107746
0.00108716
0.00107622
0.00107523
0.00108171
0.001118
0.00107631
0.00108058
0.00108666
0.00107597
0.00107559
0.00107569
0.00108561
0.00108827
0.00107619
0.00108237
0.00107685
0.00107493
0.0010768
0.00108109
0.00107585
0.00107555
0.00108073
0.00108652
0.00107626
0.00107716
0.00108073
0.00110314
0.00107534
0.00109339
0.00110891
0.00107569
0.00107604
0.00108654
0.00107771
0.00107709
0.00107735
0.00108676
0.00107516
0.00107623
0.00107642
0.00108391
0.00107692
0.00107718
0.00108645
0.00107627
0.00107524
0.00107499
0.00108121
0.00107681
0.00107676
0.0010762
0.00108649
0.00107716
0.00107617
0.00108521
0.00107627
0.00111685
0.00108791
0.0010918
0.00107571
0.00107733
0.00108592
0.0010744
0.00107631
0.00110896
0.00109078
0.001079
0.00107707
0.00107683
0.00108094
0.00107704
0.00107661
0.00108198
0.0010766
0.00107615
0.00107659
0.0010865
0.00107622
0.00107508
0.00111959
0.00107631
0.00107929
0.00107524
0.00108158
0.00107554
0.00107613
0.00107588
0.00108615
0.00107671
0.0010758
0.00108094
0.00107531
0.00107535
0.00107577
0.00108
0.00107655
0.00107922
0.00107572
0.00108555
0.00107592
0.0010746
0.00108054
0.00107652
0.00107592
0.00107501
0.00107922
0.00107625
0.00107676
0.00107593
0.00108525
0.0010754
0.00108033
0.00108036
0.00107603
0.00107578
0.00107603
0.00108079
0.00107635
0.00107505
0.00108481
0.00107717
0.00107565
0.00107676
0.00108146
0.00107711
0.00107726
0.00108049
0.00108072
0.00107619
0.00107585
0.00108621
0.00107646
0.00107599
0.0010749
0.00107984
0.00107572
0.00107523
0.00107555
0.00108209
0.00121545
0.00107794
0.00109242
0.00107668
0.00107465
0.00107627
0.00108144
0.00107602
0.00107591
0.00108013
0.00107649
0.00107566
0.0010766
0.00108587
0.001076
0.00107584
0.00107676
0.00109109
0.0010759
0.00107589
0.00108063
0.00107648
0.0010768
0.00107619
0.00108574
0.00107637
0.00107637
0.00107573
0.00108005
0.00107638
0.0010764
0.0010807
0.00110914
0.00107703
0.00107697
0.00109067
0.00107656
0.00107655
0.00108196
0.00107598
0.00107609
0.00107665
0.00108064
0.00107625
0.00107577
0.00107593
0.00108602
0.00108509
0.00107599
0.00108033
0.00107637
0.00107676
0.0010755
0.00108099
0.00107647
0.00107722
0.00107598
0.00108749
0.00107553
0.00107687
0.0010815
0.00107736
0.0010816
0.00108056
0.00108234
0.00107668
0.00107704
0.00108439
0.00107621
0.00107646
0.00107659
0.0010816
0.00107749
0.0010747
0.00107642
0.00108169
0.00107659
0.00108347
0.0010863
0.00107656
0.00107692
0.0010755
0.00108153
0.00107696
0.00107647
0.00107559
0.00108115
0.00107663
0.00107585
0.00108575
0.00107755
0.00107585
0.00108278
0.00108117
0.0010759
0.00107632
0.00107722
0.00108019
0.00107663
0.0010759
0.00108546
0.00107731
0.00107572
0.00107592
0.00108031
0.00107659
0.00107557
0.00108084
0.00107676
0.00107804
0.00107598
0.00108607
0.0010779
0.00107614
0.00107736
0.00108123
0.0010766
0.00107591
0.00108093
0.00107573
0.00107775
0.00107606
0.00108584
0.00108232
0.00107603
0.00110441
