0.00206753
0.00206095
0.00203983
0.00205662
0.00206376
0.00219199
0.0024433
0.00208306
0.00205477
0.00204039
0.0020545
0.00203774
0.00204351
0.00203674
0.00204338
0.00203668
0.00205007
0.0020362
0.00204299
0.00205654
0.00204327
0.00207789
0.00204985
0.00203854
0.00220955
0.00203917
0.00205807
0.00203856
0.00204046
0.00205947
0.00211506
0.00206441
0.00203805
0.00205352
0.00204057
0.00204552
0.00205026
0.00204307
0.00204109
0.00204965
0.00205093
0.00209608
0.00205354
0.00205564
0.00204263
0.00205935
0.00203678
0.00205095
0.00204876
0.00204126
0.00204837
0.00203947
0.00207007
0.00203953
0.00204486
0.00204004
0.00205339
0.00203808
0.00204661
0.00204146
0.00204792
0.00203993
0.00204829
0.0020403
0.00204493
0.00203929
0.00204389
0.0020403
0.0020588
0.00204684
0.00204025
0.00204298
0.00203826
0.00204806
0.00203822
0.00204213
0.00204089
0.00204143
0.00203947
0.00204715
0.00203892
0.00204018
0.0020388
0.00204163
0.00204052
0.00204788
0.00203922
0.00204658
0.00203625
0.0020829
0.00204047
0.00205547
0.00205883
0.00203923
0.0020423
0.00203863
0.00205033
0.00203752
0.00204231
0.00203716
0.00204569
0.00205824
0.00204873
0.00203815
0.00204401
0.00204002
0.00204129
0.00203844
0.00205441
0.0020396
0.00204576
0.00203984
0.00204577
0.00203826
0.00203991
0.00204575
0.00204279
0.00204865
0.00204018
0.00205638
0.00204195
0.00204723
0.00204144
0.00204427
0.0020442
0.00205144
0.00204026
0.00204558
0.0020398
0.0020436
0.00204008
0.00205229
0.0020473
0.00204482
0.00204104
0.0020702
0.00205166
0.00204052
0.00205779
0.00204316
0.00204545
0.00203929
0.00204888
0.00203978
0.00204612
0.00204044
0.00204451
0.00204581
0.00205151
0.00203761
0.00206328
0.00204859
0.00204475
0.00203843
0.00204991
0.00203985
0.00204546
0.00204265
0.00203938
0.00205054
0.00203692
0.00205734
0.00205962
0.00204678
0.00203912
0.00204822
0.00203962
0.00204413
0.0020399
0.0020425
0.00203786
0.00205286
0.0020389
0.00204548
0.00203827
0.00204199
0.0020397
0.0020515
0.00203965
0.00204751
0.00204499
0.00203912
0.00204813
0.00203875
0.00204403
0.00203888
0.00204617
0.00208844
0.00205677
0.00204178
0.00206231
0.00204006
0.00205762
0.00204219
0.00205105
0.00204336
0.00204563
0.00203974
0.00204591
0.0020555
0.00206451
0.00204757
0.00204761
0.00204599
0.00203965
0.00205561
0.00203938
0.0020779
0.00204187
0.00205193
0.00204402
0.00205521
0.0020615
0.00204615
0.00203948
0.00205146
0.0020416
0.00205388
0.00204157
0.00217502
0.00205088
0.00204736
0.00205257
0.00203942
0.00204746
0.00204277
0.0021004
0.00204929
0.00205375
0.00205374
0.00207505
0.00203958
0.00209331
0.00203923
0.00206072
0.0020479
0.00205034
0.00210003
0.00204868
0.00204292
0.00203834
0.00204124
0.00204927
0.00210042
0.00203967
0.00205542
0.00203639
0.00213308
0.00205855
0.00205729
0.00209552
0.0020566
0.0020379
0.00205026
0.00204004
0.00204311
0.00205442
0.00205513
0.00204638
0.00203929
0.00204941
0.00203926
0.0020547
0.00204017
0.00205355
0.00204507
0.00205753
0.0020397
0.00205788
0.00204162
0.00205031
0.00204685
0.002044
0.00204737
0.00205862
0.00204553
0.00205177
0.00203896
0.0020531
0.00240881
0.00216792
0.00208519
0.00204437
0.00209333
0.00206046
0.00206352
0.00204756
0.00205382
0.00204657
0.00207038
0.00204246
0.0020605
0.00204099
0.00205105
0.00204534
0.00203759
0.00208114
0.00205116
0.00205949
0.00204682
0.00204513
0.00204434
0.00205138
0.00205175
0.00205956
0.00204862
0.00204829
0.00203721
0.00205212
0.00203777
0.00204275
0.0020532
0.00204936
0.00204771
0.00205477
0.00205669
0.00203896
0.00204944
0.00203923
0.00205369
0.00203831
0.00204643
0.00210442
0.00204578
0.00204578
0.00205513
0.0020448
0.0020897
0.00205822
0.00205385
0.00204241
0.00205252
0.00205133
0.00205367
0.00208674
0.00203999
0.00205349
0.00204188
0.00204881
0.00203806
0.00209161
0.00203997
0.00205756
0.0020405
0.00205068
0.00205982
0.00205609
0.00204652
0.00205864
0.00204403
0.00204693
0.0020531
0.00204595
0.00205043
0.00205321
0.00204529
0.00203915
0.00206072
0.00204036
0.00205489
0.00204018
0.00206126
0.00204136
0.0020471
0.00205469
0.00205877
0.00204101
0.00205191
0.00204278
0.0020463
0.00205495
0.00205293
0.00204698
0.00205203
0.00203982
0.00209422
0.00206122
0.00204809
0.00205082
0.00204004
0.00210222
0.00208471
0.00206434
0.00203749
0.00205173
0.00203967
0.00208788
0.00204907
0.00204913
0.00204438
0.00204243
0.00210388
0.00205607
0.00204587
0.00206851
0.00206356
0.00203915
0.00210546
0.00204109
0.00205453
0.00204653
0.00204722
0.00203899
0.00210579
0.0020398
0.0020559
0.00203977
0.00204388
0.00204844
0.00204396
0.00208224
0.00205347
0.00204149
0.00204322
0.00204453
0.002039
0.00209866
0.00204614
0.00204433
0.00207783
0.00206616
0.00204068
0.00205933
0.00204769
0.00205083
0.00204281
0.00204724
0.0020453
0.00205299
0.00205944
0.00205968
0.002047
0.0020515
0.00204613
0.00205378
0.00204707
0.00203998
0.00204504
0.00203899
0.00205433
0.0020452
0.00204704
0.00203873
0.00206739
0.00204782
0.00205028
0.00203973
0.00205293
0.0020374
0.00204969
0.00203655
0.00204947
0.00204497
0.00204687
0.00204323
0.0020491
0.00204623
0.00203872
0.00204345
0.00204497
0.00205799
0.00204515
0.00205656
0.00204554
0.00204781
0.00203721
0.00205118
0.00203654
0.0020552
0.00203677
0.00204126
0.00204805
0.00204999
0.00203909
0.0020527
0.00203727
0.00205041
0.00203878
0.00208546
0.00206715
0.00204037
0.00204438
0.00204506
0.00204475
0.00204475
0.0020481
0.00204476
0.00204583
0.00204503
0.00204326
0.00204224
0.00204884
0.00206115
0.00205395
0.00203963
0.00205539
0.00204195
0.00205205
0.00204651
0.00204731
0.0020499
0.00203758
0.00205581
0.00204584
0.00205081
0.0020376
0.00204995
0.00203862
0.00205546
0.00203961
0.00204767
0.00204649
0.00206258
0.00203983
0.00205734
0.00203958
0.0020515
0.00204219
0.0020527
0.00204315
0.00205648
0.00204398
0.00205447
0.00205
0.0020368
0.0020557
0.00204064
0.00207847
0.00204804
0.00204824
0.00204136
0.00204817
0.00204665
0.00204316
0.00204584
0.00204831
0.00207047
0.00205042
0.00204927
0.00204605
0.00211693
0.00205951
0.00206031
0.00203708
0.00204955
0.00203725
0.00205655
0.0021006
0.00205144
0.0020442
0.002053
0.00203973
0.00207265
0.00204071
0.0020572
0.00203907
0.00205118
0.00203864
0.00206989
0.00204046
0.0020567
0.00204515
0.00204453
0.00206644
0.00203981
0.00215623
0.00211536
0.00208941
0.00204412
0.00205113
0.00207954
0.00205095
0.00204502
0.00205116
0.00205519
0.0020458
0.00209533
0.00207283
0.00204653
0.00203899
0.00205007
0.00204012
0.00208989
0.00206489
0.0020477
0.00204244
0.00205048
0.00204025
0.00205345
0.00205971
0.00205949
0.00204086
0.00205264
0.00203977
0.00205095
0.00204569
0.00205043
0.00204611
0.00205362
0.00205645
0.00204025
0.00205048
0.00203983
0.00205317
0.00204125
0.00205256
0.00205286
0.00205027
0.00204147
0.00205246
0.00204081
0.00205534
0.00204667
0.00204746
0.00204759
0.00204687
0.00204044
0.00205501
0.00204111
0.00204969
0.00203887
0.00204543
0.00204923
0.00204213
0.00204319
0.00205847
0.00205606
0.00206424
0.00204989
0.00204688
0.00204434
0.00204339
0.00204489
0.00204468
0.00204823
0.00204534
0.00204619
0.00204632
0.00205921
0.00205024
0.00205354
0.00204578
0.00203788
0.00204247
0.00204299
0.00205935
0.00204361
0.00204392
0.0020374
0.00204947
0.00203732
0.00205521
0.00203885
0.00205498
0.00204421
0.00204342
0.00204603
0.00205172
0.00204622
0.00204573
0.00204774
0.00205508
0.00204328
0.00206071
0.00204375
0.00203785
0.00204791
0.00204004
0.00205787
0.00204618
0.00205333
0.00204087
0.00205056
0.00204165
0.00210063
0.00204049
0.00205907
0.00204842
0.00204533
0.00204659
0.00205089
0.00203977
0.00205258
0.00204064
0.00205145
0.00206015
0.00204528
0.002065
0.00205149
0.00205416
0.00203962
0.00205296
0.0020453
0.00205973
0.00207497
0.0020503
0.00204595
0.00205395
0.00203788
0.00204781
0.00204476
0.00204713
0.00204544
0.00204977
0.00203871
0.00204708
0.00204728
0.00203824
0.00205663
0.00203926
0.00204739
0.0020393
0.0020644
0.00203925
0.00205657
0.00203905
0.00204614
0.00204466
0.00204455
0.00204384
0.00205047
0.00204428
0.00204477
0.00204917
0.00210231
0.00203739
0.00208663
0.00204576
0.0020429
0.00204613
0.0020416
0.00204926
0.00204459
0.00204602
0.00203715
0.00205381
0.00203957
0.00205975
0.00204099
0.00205046
0.00204396
0.00204999
0.00203933
0.00205035
0.00204349
0.00204596
0.00204536
0.00204582
0.00205827
0.0020404
0.0020477
0.00203963
0.00204412
0.00204625
0.00204947
0.00204811
0.00205303
0.00204108
0.00204642
0.00204435
0.0020523
0.0020449
0.00204675
0.00204684
0.00205273
0.00204706
0.00204993
0.00203767
0.00204899
0.0020443
0.00204531
0.00205177
0.00209419
0.00205352
0.00204341
0.00205009
0.00203984
0.00205143
0.00204214
0.00206085
0.0020496
0.00204904
0.00203742
0.00205339
0.00203595
0.00204727
0.00208904
0.00204696
0.00204954
0.00204975
0.00205188
0.00203558
0.00204635
0.00203657
0.00206773
0.00204368
0.00204768
0.00204596
0.00204923
0.00203783
0.00205433
0.00203853
0.00204804
0.00204185
0.00204869
0.00204317
0.00204888
0.00204853
0.00204836
0.00203868
0.00204721
0.00204845
0.00204402
0.0020465
0.00204622
0.00204451
0.00207001
0.00208262
0.00204608
0.00208315
0.00208562
0.00209442
0.00207047
0.00207501
0.00205822
0.00205425
0.00204048
0.00205557
0.00204049
0.0020552
0.0020404
0.00206779
0.00204563
0.00205784
0.00205795
0.00205488
0.00204717
0.00203919
0.00205227
0.00205585
0.00206384
0.00204411
0.00204433
0.00204238
0.00205129
0.00206671
0.00208112
0.00205775
0.00205269
0.00204
0.00205222
0.00211728
0.00215838
0.00208862
0.00204386
0.00204512
0.0020472
0.0020514
0.00204304
0.00204873
0.0020357
0.00204544
0.00203803
0.00204974
0.00204613
0.00204958
0.00203856
0.00209242
0.00204302
0.00209596
0.00205657
0.002039
0.00204874
0.00204451
0.00207651
0.00204131
0.00207005
0.00206794
0.00207477
0.00207132
0.00208106
0.00205073
0.00206377
0.00203766
0.00207776
0.00203889
0.00205936
0.00203895
0.00203741
0.00205143
0.00205606
0.00205885
0.00204123
0.00205303
0.00205147
0.00206686
0.00204865
0.00205895
0.00204455
0.0020523
0.00203899
0.00205207
0.00204479
0.00205694
0.00204031
0.00205167
0.00204801
0.00205003
0.00203986
0.00204714
0.00204489
0.00204449
0.00204579
0.0020469
0.00205131
0.00204664
0.00204539
0.00204484
0.00205982
0.00204761
0.0020518
0.00204416
0.00204899
0.00204235
0.002045
0.00203975
0.0020567
0.0020411
0.00205078
0.00204204
0.00206347
0.00207056
0.00205041
0.00204533
0.00204537
0.00204535
0.00204228
0.00207571
0.00204875
0.00205203
0.00204404
0.00205006
0.00204228
0.00204894
0.00204501
0.00204184
0.00204857
0.00204198
0.00204129
0.00205327
0.00204438
0.00204496
0.00204474
0.00204688
0.00205659
0.00204321
0.00204348
0.00204506
0.00204398
0.00204348
0.00204945
0.00204776
0.00204524
0.00204584
0.00204346
0.0020435
0.00205069
0.00209057
0.00205208
0.00205547
0.00205002
0.00203919
0.0020579
0.00204487
0.00203659
0.00204827
0.00204789
0.00205669
0.00204024
0.00208704
0.00205468
0.00205678
0.00204021
0.00205826
0.00205415
0.00205295
0.00204138
0.00204947
0.00204045
0.00205353
0.00206484
0.0020453
0.00204495
0.00204847
0.00205088
0.00204009
0.0020513
0.00204408
0.00204304
0.00204606
