0.00243925
0.00244691
0.00243692
0.00243422
0.00244618
0.00243541
0.00241517
0.00243261
0.00241578
0.00242597
0.00242005
0.00242042
0.00242872
0.00241417
0.00243061
0.00241861
0.00241317
0.00242003
0.0024246
0.00241468
0.00253963
0.00247235
0.00241478
0.00241703
0.00240439
0.00240965
0.00240863
0.00241007
0.00241563
0.00240242
0.0024107
0.00241029
0.00242863
0.00241659
0.00241663
0.00243463
0.00241063
0.00241142
0.00242842
0.00241634
0.00240552
0.00241755
0.00240304
0.00241559
0.00241152
0.00240457
0.00240911
0.00240216
0.00242201
0.00241023
0.00240509
0.00241097
0.00241337
0.00240482
0.00241855
0.00240459
0.00240953
0.00241614
0.00240397
0.00241031
0.00240484
0.00241634
0.00241507
0.00240409
0.00240907
0.00240823
0.00240543
0.0024158
0.00241235
0.00241093
0.00240981
0.00240359
0.00241411
0.00240505
0.0024114
0.00241533
0.00240567
0.00242028
0.0024107
0.00240675
0.00240748
0.00241357
0.00241513
0.00240928
0.00240519
0.00241399
0.00240432
0.00241532
0.00241131
0.00240448
0.00240895
0.00241574
0.00240665
0.00243885
0.00240364
0.00241375
0.00243182
0.00240746
0.00241203
0.00242445
0.00241231
0.00242086
0.00240414
0.00240922
0.00240681
0.00240497
0.00241382
0.00240488
0.00241409
0.002408
0.00240511
0.00241412
0.00240392
0.00241038
0.00240799
0.00240487
0.00241708
0.00241337
0.00240411
0.00240956
0.00240215
0.00241571
0.00241663
0.00240355
0.00241492
0.00240626
0.0024145
0.00240971
0.00241478
0.00241172
0.00240373
0.00240536
0.00248671
0.00241376
0.0024109
0.00241753
0.00240244
0.00241104
0.00240264
0.00241054
0.00241293
0.00240491
0.00241351
0.00618629
0.00241691
0.00240958
0.0024117
0.00241805
0.00241651
0.00240631
0.0024093
0.00240561
0.00241206
0.00241237
0.00240987
0.00241056
0.00241202
0.00241767
0.00242545
0.00242001
0.00240975
0.00242156
0.00240548
0.00241647
0.00240604
0.00240948
0.00241108
0.00241017
0.00241264
0.0024051
0.00241217
0.00240938
0.0024042
0.00262525
0.00244329
0.0024061
0.00242148
0.0024053
0.00242297
0.00241153
0.00240431
0.00241391
0.00242049
0.00241333
0.00241281
0.00240218
0.00240931
0.00242292
0.00240408
0.00240675
0.00240224
0.00240708
0.00241494
0.00240314
0.00241341
0.00240873
0.00240302
0.0024201
0.00240385
0.00241767
0.00240859
0.00241112
0.00241266
0.00240275
0.00241128
0.00240804
0.00240165
0.00241279
0.00241609
0.00240298
0.0024114
0.00240284
0.00241392
0.00240972
0.00240718
0.00240769
0.00240433
0.00241648
0.00241409
0.00240662
0.00240982
0.00241151
0.00240425
0.00240826
0.00240259
0.0024089
0.00241303
0.00240032
0.00241294
0.00240314
0.0024088
0.00241267
0.00240454
0.00240717
0.00240325
0.002424
0.00244052
0.00241554
0.00241703
0.00241582
0.00240342
0.00243177
0.00240531
0.00241084
0.00241032
0.00240418
0.00241565
0.00240769
0.00243149
0.0024083
0.00240618
0.00242718
0.0024094
0.00240365
0.00241685
0.00241629
0.00241739
0.00240989
0.00240524
0.00240872
0.00241327
0.00240701
0.00241456
0.0024034
0.00241168
0.00241575
0.00240499
0.00240732
0.00240823
0.00241151
0.00241633
0.00240489
0.00240939
0.00240505
0.00240595
0.00241901
0.00240251
0.00241221
0.00240926
0.0024216
0.00241956
0.00240227
0.0024115
0.00241014
0.00240427
0.00241446
0.00240462
0.00240393
0.00241544
0.00240524
0.00241566
0.00240933
0.00240307
0.00241085
0.00240624
0.0024202
0.00241055
0.00240613
0.00240908
0.00240391
0.0024138
0.0024101
0.00241203
0.00241257
0.00241224
0.00240387
0.0024098
0.00240324
0.00240855
0.00241792
0.00240416
0.00241101
0.00240374
0.00240757
0.00241468
0.00241155
0.00240864
0.00240819
0.00240322
0.00241481
0.00241067
0.00241499
0.00241426
0.00240458
0.00241461
0.00240386
0.0024104
0.00240828
0.0024037
0.00242236
0.00240997
0.00240229
0.00240818
0.00240319
0.00241301
0.00240793
0.00240596
0.00240873
0.00240393
0.00241605
0.0024091
0.00240469
0.0024162
0.00241275
0.00240496
0.00240734
0.00240503
0.00240931
0.00242042
0.00241003
0.00240772
0.00240477
0.00240783
0.00241377
0.00240239
0.00241035
0.00241531
0.00240344
0.00241515
0.0024028
0.00240773
0.00241343
0.00240546
0.00242492
0.00240504
0.00240924
0.00240898
0.00240426
0.00241573
0.00241271
0.00240383
0.00240742
0.00240208
0.00241235
0.00242719
0.00240608
0.00241498
0.00240365
0.00241692
0.00240901
0.00240402
0.00241038
0.00240494
0.00241259
0.00240961
0.00240371
0.00241092
0.00241357
0.00240477
0.00241029
0.00240763
0.00241156
0.00241484
0.00240641
0.00240807
0.00240455
0.0024136
0.00241678
0.00240563
0.00241175
0.00240921
0.00240532
0.00241412
0.00241721
0.00241804
0.00241104
0.00240356
0.00241745
0.00240449
0.00240925
0.00241896
0.00240531
0.0024151
0.0024095
0.00240255
0.0024098
0.00240283
0.00241983
0.00241147
0.00240609
0.00241025
0.00240496
0.00241576
0.00241748
0.00240435
0.00240853
0.00241236
0.00240555
0.0024106
0.0024043
0.00241336
0.00241524
0.00240412
0.00241179
0.00240667
0.00241304
0.0024169
0.00242074
0.00240885
0.00241005
0.00240562
0.00241398
0.00240577
0.00241077
0.00242168
0.0024052
0.00241801
0.002406
0.00241095
0.00241011
0.00241174
0.00241703
0.00240811
0.00240461
0.00240971
0.00240388
0.00241708
0.00241782
0.00240466
0.00241325
0.00240437
0.00241734
0.00241063
0.00240589
0.00241303
0.00241599
0.0024033
0.00241114
0.00240605
0.00240764
0.00241456
0.00241338
0.00240767
0.00240511
0.00241162
0.00241341
0.00240555
0.00241554
0.00240924
0.00241268
0.00243462
0.0024363
0.00241721
0.00241036
0.00240844
0.00241855
0.00240619
0.00241807
0.00241735
0.00240406
0.00241393
0.00240922
0.00240547
0.00240909
0.00240402
0.00241393
0.00241092
0.00240515
0.00242547
0.00240304
0.00241663
0.00242044
0.00240377
0.00240989
0.00241781
0.00240505
0.00242003
0.0024129
0.00241169
0.00241529
0.00240638
0.00241215
0.0024031
0.00240857
0.00241497
0.00240427
0.00241053
0.00240867
0.00240811
0.00241383
0.00240571
0.00240754
0.00240968
0.00240473
0.00242325
0.00240203
0.00241008
0.00242185
0.00240412
0.00241717
0.00240896
0.00240921
0.00241054
0.00240485
0.00241593
0.0024083
0.00240262
0.00240836
0.00241356
0.00241923
0.00241094
0.00240355
0.00241091
0.0024148
0.00240378
0.00241489
0.00240335
0.00241071
0.00241406
0.0024028
0.0024103
0.00241089
0.00241058
0.00241518
0.00240703
0.00240848
0.00241082
0.00240243
0.00241951
0.00240496
0.00240768
0.0024122
0.00240406
0.00241455
0.00240652
0.00241849
0.00240852
0.00240484
0.00241708
0.0024034
0.00240328
0.00240773
0.0024137
0.00241599
0.00241053
0.00240443
0.00241113
0.00240531
0.00242378
0.00241068
0.00256113
0.00241698
0.0024176
0.00240467
0.00240912
0.0024089
0.00241018
0.00241649
0.00240423
0.00241072
0.00240415
0.00241248
0.00242913
0.00240716
0.00241147
0.00240704
0.00240222
0.00241746
0.00240761
0.00241753
0.00240968
0.00240262
0.00241633
0.00240395
0.00241266
0.00241811
0.00240378
0.00241561
0.00241156
0.0024091
0.00241763
0.00240315
0.00242062
0.00241655
0.00240786
0.00241318
0.00240528
0.00241887
0.00241074
0.00241184
0.00241085
0.00241292
0.00240333
0.00240938
0.00240631
0.00244393
0.00241678
0.00240535
0.00240807
0.00240378
0.00241225
0.0024146
0.00241167
0.00240808
0.00241115
0.00240359
0.00241495
0.0024039
0.00241
0.00241523
0.00240266
0.0024165
0.002405
0.00241277
0.00240934
0.0024037
0.00242332
0.00240879
0.00240441
0.00241201
0.00240834
0.00241759
0.00241022
0.0024054
0.00241082
0.00240648
0.00241603
0.00241031
0.00240439
0.00241767
0.00240384
0.00240799
0.0024098
0.00240614
0.00240987
0.00241488
0.00240604
0.00241092
0.00240452
0.00240999
0.00241476
0.00240283
0.00240991
0.00241228
0.00240685
0.00241542
0.00240588
0.00240885
0.00241108
0.00241029
0.00241773
0.00240375
0.00241454
0.00241091
0.00240417
0.00241653
0.00241613
0.00241111
0.00240875
0.00240362
0.00241367
0.00241555
0.002404
0.00241978
0.00240362
0.0024162
0.002409
0.00240599
0.00241118
0.00240493
0.00242328
0.00240953
0.00240593
0.00241
0.00241467
0.00240479
0.00241897
0.00240536
0.00241207
0.00241575
0.00240415
0.00240828
0.00240551
0.00241833
0.00241835
0.00240551
0.00241028
0.00240857
0.00240579
0.00241673
0.00241282
0.00241083
0.00241246
0.00241458
0.00242795
0.00242409
0.00241239
0.00242751
0.00240414
0.0024165
0.00240965
0.00240316
0.0024241
0.00240562
0.00242068
0.00241065
0.00240502
0.00240859
0.00240327
0.00241582
0.00241337
0.00240422
0.00241028
0.00241739
0.00240596
0.00240887
0.00240421
0.00241993
0.00241676
0.00240469
0.00241228
0.00240226
0.002412
0.00241732
0.00241207
0.00241204
0.00240917
0.00240748
0.00243334
0.00240583
0.00241772
0.00240853
0.00240533
0.00241463
0.00240527
0.00241018
0.00240929
0.00240915
0.00241442
0.00240907
0.0024022
0.00240971
0.00240441
0.00242151
0.00242414
0.00240473
0.00240996
0.00240319
0.00241687
0.00241245
0.00240473
0.00241557
0.00241599
0.00240362
0.00241223
0.0024063
0.00240927
0.00242255
0.00240478
0.00241105
0.00240557
0.00241033
0.00241589
0.0024064
0.00241385
0.00241056
0.00240407
0.00241686
0.00240387
0.00241018
0.00241113
0.00241237
0.00241717
0.00240512
0.0024099
0.00241233
0.00240384
0.00241486
0.00241454
0.0024072
0.00240977
0.00240489
0.00241503
0.00240955
0.00241815
0.00241506
0.00240654
0.00241698
0.0024093
0.0024065
0.00240979
0.00241777
0.00240632
0.00241119
0.00240472
0.00241207
0.00241727
0.0024073
0.00241916
0.00240581
0.00241088
0.00241545
0.00240481
0.00240929
0.0024097
0.00240295
0.00241808
0.00240362
0.00240899
0.00240897
0.00240472
0.00242429
0.00240456
0.00241994
0.00241018
0.00240381
0.00241615
0.00240437
0.00241458
0.00241012
0.00240624
0.00241606
0.002409
0.00240344
0.00240872
0.00241284
0.00241911
0.00240825
0.00240449
0.0024093
0.00240607
0.00241279
0.00240877
0.00240322
0.00241347
0.0024142
0.00240443
0.0024108
0.00241335
0.00241086
0.00241655
0.00240408
0.00241098
0.00240389
0.00241177
0.00242283
0.00240585
0.00240902
0.00240987
0.00240526
0.00241408
0.00240571
0.00241838
0.00241088
0.0024049
0.00241536
0.00240253
0.00240986
0.0024148
0.00240603
0.00241492
0.0024099
0.00240282
0.00240938
0.00240549
0.00242649
0.00241547
0.00240494
0.00241439
0.00240605
0.00241732
0.0024099
0.00240849
0.0024101
0.00242498
0.00242653
0.00241267
0.00241431
0.00240885
0.00242272
0.00240386
0.00241029
0.00240563
0.00241194
0.00241391
0.00240982
0.00241081
0.00240958
0.00240289
0.00241395
0.00240588
0.00240887
0.00241675
0.00240388
0.00241371
0.00240311
0.002409
0.00241204
0.00240436
0.00241749
0.00242819
0.00240414
0.00240994
0.0024032
0.0024157
0.00241757
0.00241301
0.00241167
0.00241147
0.00242108
0.00241025
0.0024037
0.00241693
0.0024135
0.00240504
0.00241035
0.00240549
0.00241065
0.0024152
0.00241208
0.00241025
0.00240597
0.00241065
0.00241623
0.00240488
0.00240885
0.00241569
0.00240415
0.00241614
0.00240452
0.00241038
0.00241041
0.00240369
0.00242062
0.00240216
0.0024123
0.00240977
0.00240246
0.0024271
0.00243422
0.00241351
0.00242314
0.00242653
0.00242384
0.00242126
0.00240729
0.00242438
0.00240375
0.00241374
0.00241448
0.00240225
0.00241423
0.00241332
0.00240152
0.00240967
0.00240379
0.00242009
0.00242229
0.00240554
0.00241375
0.00240479
0.00240964
0.00241586
0.00241632
0.0024106
0.00241037
0.00241331
0.00241306
0.0024063
0.00240929
