0.00285493
0.00279907
0.00280711
0.00281699
0.00284613
0.00278869
0.00280122
0.00280744
0.00278399
0.00279082
0.00279011
0.00284232
0.00280276
0.00279207
0.00279053
0.00278566
0.00279678
0.002791
0.00279955
0.00278663
0.00280147
0.00279347
0.00278747
0.00279482
0.00280352
0.00280509
0.00280378
0.00279543
0.00279944
0.00285113
0.00281088
0.00280531
0.00279411
0.00278581
0.00278906
0.00279012
0.00278925
0.00279586
0.00279174
0.00279013
0.00278436
0.00279797
0.00279327
0.00278592
0.00278964
0.00279669
0.00278718
0.00283214
0.00280467
0.00279703
0.00278611
0.00278928
0.00279031
0.002789
0.00279561
0.00278853
0.00279161
0.0027849
0.00279581
0.00279414
0.00278484
0.00279257
0.00279578
0.00279065
0.0027875
0.00280166
0.00281071
0.0027852
0.00279007
0.00278912
0.0027946
0.00278892
0.00279121
0.00279004
0.00278547
0.00279642
0.00279501
0.00279526
0.00278585
0.00279666
0.00282309
0.00278912
0.00279718
0.0028297
0.00280844
0.00278666
0.00279214
0.00279583
0.00278765
0.00279274
0.00279259
0.00279716
0.00278684
0.00279212
0.00279481
0.00278554
0.00279933
0.00279353
0.00278874
0.00278549
0.00279624
0.00284844
0.00278573
0.00279006
0.0027969
0.00278538
0.00278656
0.00279086
0.00279407
0.00278215
0.00278934
0.00279671
0.00278343
0.00279623
0.00278962
0.00278999
0.00278527
0.0028
0.00279077
0.00281327
0.00280625
0.00280235
0.00280271
0.00278711
0.00279044
0.00279694
0.00278395
0.00279003
0.00279255
0.00280212
0.00278566
0.00279287
0.00279352
0.00278678
0.00279826
0.00279642
0.00279226
0.00279444
0.00280456
0.00279191
0.00278753
0.00278896
0.00279542
0.0027904
0.00278403
0.00279146
0.00279924
0.00278463
0.0027923
0.00279299
0.00279328
0.00278748
0.00279272
0.00279066
0.00278414
0.00282234
0.00280469
0.00278881
0.00278873
0.00279374
0.00279204
0.00278601
0.00278805
0.00279647
0.00278923
0.00279018
0.00278888
0.00279509
0.00278053
0.00278875
0.00279793
0.00278424
0.00279887
0.00284719
0.00279423
0.00278678
0.00279721
0.00279207
0.0027878
0.00279122
0.00279229
0.00279598
0.00278663
0.00278877
0.00279796
0.00278726
0.00278921
0.00279215
0.00279464
0.00278455
0.0027958
0.00281659
0.00280014
0.00279916
0.00279162
0.00278881
0.00278649
0.00279948
0.00279077
0.00278921
0.00279171
0.00279781
0.00279001
0.00278766
0.00280801
0.00282479
0.00281564
0.00280651
0.00279095
0.00281252
0.00278802
0.00279068
0.00279128
0.00278729
0.00279784
0.00279145
0.002825
0.00278777
0.00286438
0.00279782
0.0027862
0.00279209
0.00280044
0.00279197
0.00278582
0.0027892
0.00279612
0.00282116
0.00280804
0.00279293
0.00281527
0.002787
0.00279025
0.00279104
0.00279006
0.00279545
0.00278959
0.00279003
0.00278519
0.00279963
0.00279133
0.00278323
0.00278812
0.0027949
0.00278568
0.00284501
0.00279755
0.00279559
0.00278548
0.002793
0.00279131
0.00278964
0.00279479
0.00279134
0.00278837
0.00278397
0.00281684
0.00279773
0.00278514
0.00279154
0.00279827
0.00279074
0.00278463
0.00283414
0.00281865
0.00278502
0.0027939
0.00279688
0.00279799
0.00278891
0.00279089
0.00279246
0.00278802
0.00279964
0.00280653
0.00279138
0.00278685
0.00279642
0.00279133
0.00278828
0.00279554
0.00282046
0.00279415
0.00278802
0.00279164
0.00279706
0.00279542
0.00279085
0.00279253
0.002798
0.00278422
0.00279058
0.00279501
0.00279022
0.00279933
0.00279212
0.00279263
0.00278395
0.00280612
0.00282076
0.0027991
0.00279158
0.00279739
0.00279531
0.00278528
0.00279321
0.00279443
0.00278265
0.00278787
0.00279499
0.00278513
0.00279566
0.00278879
0.00278905
0.00278513
0.00280161
0.00279362
0.00281825
0.00279791
0.00279502
0.002794
0.00278932
0.00278712
0.00279633
0.00278484
0.00278855
0.00279081
0.0027958
0.0027835
0.00279126
0.00281141
0.00278659
0.00279943
0.002794
0.00278814
0.00281401
0.00281196
0.00279117
0.00278996
0.0027918
0.00279775
0.00279414
0.00282877
0.0028139
0.00282137
0.00278531
0.00279489
0.00279043
0.00279661
0.00292069
0.00280475
0.00279905
0.00278626
0.00280912
0.00280194
0.00280496
0.00279064
0.00279929
0.00279385
0.00278618
0.00279128
0.00279567
0.00280325
0.00279362
0.00279003
0.00279505
0.00278348
0.00279417
0.00278827
0.00279207
0.00278347
0.0028281
0.00280256
0.00278764
0.00279512
0.00279088
0.00279013
0.00278489
0.00279544
0.00279245
0.00278628
0.00279087
0.00279499
0.00278789
0.00288966
0.00289973
0.00288851
0.00307889
0.00281017
0.00286047
0.00285047
0.00281978
0.00282592
0.00282548
0.00281049
0.0027865
0.00282613
0.0028175
0.00278801
0.00280113
0.00279137
0.00279349
0.0027918
0.00279871
0.00280532
0.00278856
0.0028363
0.00281251
0.00279533
0.00278771
0.00279052
0.00279496
0.00278498
0.00279135
0.00282938
0.00283991
0.00280073
0.00282169
0.0027908
0.00278551
0.00279868
0.00279804
0.0028278
0.00279453
0.00280255
0.0028238
0.00279083
0.00279002
0.00279784
0.0028121
0.00278708
0.0028385
0.00279768
0.00278405
0.00278201
0.00278795
0.00279567
0.00278146
0.00278883
0.00278901
0.00278301
0.00279712
0.00283379
0.00281207
0.00278475
0.00279399
0.00278916
0.00278384
0.00279247
0.00279604
0.00278848
0.00278186
0.00279092
0.00279223
0.00279084
0.00278898
0.00279005
0.00279452
0.0027818
0.00279098
0.0027923
0.00283486
0.00280473
0.00279446
0.00278993
0.00278246
0.00280295
0.00279142
0.00278475
0.00279053
0.0027956
0.00279005
0.00278634
0.0027931
0.00279513
0.00278366
0.00279525
0.00279194
0.00283451
0.00279854
0.00279094
0.00279006
0.00278569
0.00280068
0.00279007
0.00278602
0.00278402
0.00279511
0.00279276
0.00278804
0.00279009
0.00279706
0.00278399
0.00279232
0.00279016
0.00279691
0.00278765
0.00279805
0.00280681
0.00278341
0.00279524
0.00279496
0.00279029
0.002784
0.00279503
0.00278865
0.00278378
0.00279301
0.0027967
0.00278924
0.00278112
0.00278853
0.0027936
0.00278545
0.0028175
0.00280377
0.00279304
0.00278163
0.00279349
0.00279113
0.00278424
0.00279707
0.0027906
0.00278937
0.00278979
0.00279623
0.00279083
0.00278335
0.00278837
0.00280067
0.00279561
0.00278718
0.00279026
0.00285379
0.00278921
0.00279382
0.00279607
0.00278687
0.00278546
0.00279127
0.00279091
0.00278409
0.00280145
0.00279141
0.00278379
0.00279311
0.00279889
0.00279615
0.00278703
0.00279268
0.00282579
0.00279835
0.00278872
0.00279964
0.00279542
0.00278448
0.00279092
0.00279348
0.00278693
0.00280102
0.00279368
0.00280187
0.00278608
0.0027956
0.00278982
0.00278469
0.00279076
0.00279591
0.00285142
0.00279554
0.00279796
0.00281594
0.00278398
0.00279202
0.0027916
0.00279655
0.00278419
0.00279506
0.00278975
0.00278513
0.00279625
0.0027909
0.0027926
0.00278314
0.00279409
0.00278958
0.00281139
0.00280319
0.00279847
0.00279131
0.00278183
0.00278805
0.00279453
0.00278365
0.00279202
0.00279131
0.00278643
0.00278507
0.00278979
0.00278954
0.00278646
0.00279856
0.00278928
0.00278589
0.00279056
0.00284836
0.00279745
0.00280663
0.0027903
0.00280068
0.00278608
0.00279334
0.00279179
0.00279635
0.00278659
0.00279251
0.00279161
0.00279258
0.00280092
0.00279028
0.00279335
0.00278538
0.00282876
0.00283197
0.00279262
0.00279163
0.00282015
0.00281198
0.00280919
0.00281504
0.00279553
0.00278401
0.00278971
0.00279135
0.00279513
0.00278331
0.0027916
0.0027906
0.00278449
0.00279737
0.00279089
0.00281677
0.00278521
0.00279718
0.00278917
0.00278462
0.00279875
0.00279616
0.00279562
0.00278532
0.00279104
0.00279614
0.00279223
0.00279476
0.00278829
0.00279266
0.00278438
0.00279015
0.00283382
0.00279958
0.00280102
0.00279306
0.0027963
0.00278558
0.00279786
0.00279264
0.00278357
0.00279201
0.00279651
0.00278778
0.0027904
0.00279027
0.00279819
0.00278521
0.00278887
0.0027916
0.00278755
0.00282516
0.00280194
0.00279162
0.00278415
0.00280144
0.00279172
0.00278616
0.00279086
0.00279807
0.00279261
0.00278724
0.00279381
0.00279954
0.00278625
0.00279384
0.0027904
0.00280287
0.00281513
0.00280529
0.00279106
0.00278411
0.00279563
0.00279171
0.00278702
0.00278505
0.00279122
0.00278862
0.00278255
0.00279376
0.00279402
0.00279062
0.0027845
0.00278723
0.00279693
0.00278464
0.00278793
0.0028084
0.00280016
0.00278274
0.00279158
0.00279128
0.00278273
0.00279476
0.00279118
0.00279196
0.00278949
0.00279378
0.00279038
0.00278298
0.0027908
0.0027935
0.00279118
0.00278894
0.00282334
0.00281271
0.00278697
0.00279145
0.0027951
0.00278716
0.00279541
0.00279132
0.00279207
0.00278557
0.00280019
0.00279261
0.00278545
0.00279191
0.00279612
0.00279634
0.00278667
0.00279051
0.00279634
0.0028231
0.00280213
0.0027938
0.0027988
0.00278631
0.00279264
0.00279098
0.00278432
0.00280197
0.0027932
0.00279085
0.00278381
0.00280041
0.00279074
0.00278857
0.00278905
0.00279547
0.00282017
0.002803
0.00278994
0.00280036
0.00278274
0.00279072
0.00278679
0.0027956
0.00278535
0.0027905
0.00278838
0.00278217
0.00279505
0.00278912
0.00279385
0.00278299
0.00279378
0.00280962
0.00278146
0.00279931
0.00283001
0.002783
0.00278558
0.00279038
0.00279566
0.00278682
0.00279751
0.00279203
0.00278435
0.00280049
0.00279107
0.00279159
0.00278955
0.00279676
0.00279267
0.00278494
0.00282167
0.00281527
0.00279523
0.0027838
0.00279195
0.00280572
0.0028161
0.00279925
0.00279028
0.00279539
0.00278452
0.00279213
0.0027915
0.00278829
0.00279944
0.00279058
0.00281899
0.00279948
0.00279762
0.00284003
0.00278839
0.00279266
0.0028054
0.00279096
0.00278658
0.00279458
0.00279733
0.00278491
0.00279
0.00279039
0.00279477
0.00279154
0.00279065
0.00278523
0.00278195
0.00285338
0.00284818
0.00281783
0.0027846
0.00279724
0.00279092
0.00278612
0.00279162
0.00279546
0.00279049
0.00278451
0.00279235
0.00279721
0.00281521
0.00279182
0.00279033
0.00279699
0.00278521
0.00279142
0.00279572
0.00279385
0.00280394
0.00278815
0.00279691
0.00279967
0.00279673
0.0027902
0.00278489
0.00278793
0.00279249
0.00279658
0.00279045
0.00279105
0.00279877
0.00278475
0.00279221
0.00283298
0.00280062
0.00278506
0.0027895
0.0027928
0.00278341
0.00280211
0.00279251
0.00278653
0.00279288
0.00279768
0.00278928
0.00278792
0.00279163
0.00279609
0.00278674
0.0027956
0.00278989
0.00279784
0.00278594
0.002831
0.00280335
0.00278327
0.00279842
0.00279098
0.00278815
0.00278447
0.00279398
0.00278793
0.0027842
0.00279516
0.00279391
0.00279043
0.00278256
0.00278881
0.00279868
0.00281399
0.00280302
0.00278958
0.00279496
0.00278349
0.00279262
0.00278904
0.00278328
0.0027988
0.00278767
0.00279009
0.00285509
0.00280025
0.002791
0.0027857
0.00278783
0.00279757
0.00278956
0.00278578
0.00279274
0.00281594
0.002784
0.00278877
0.00279499
0.00278424
0.0027953
0.00279066
0.00279096
0.00278475
0.00279791
0.00278984
0.00278382
0.00279402
0.00279578
0.00279408
0.00278481
0.00282079
0.00280977
0.00278417
0.00279251
0.00279415
0.00279356
0.00278365
0.00278772
0.00278961
0.0027853
0.00280169
0.00279212
0.00279161
0.00279022
0.00280171
0.00279461
0.00278698
0.00279235
0.00279655
0.00278882
0.00281937
0.00279898
0.00280017
0.00278608
0.00279609
0.00278859
0.0027937
0.00278888
0.00279133
0.00278965
0.00279098
0.0027944
0.0027919
0.00279539
0.00278913
0.00279687
0.00282133
0.00279967
0.00279282
0.00279603
0.002791
0.00278246
0.00279078
0.00280735
0.0027863
0.00279145
0.00278907
0.0027812
0.00280236
0.00279207
0.0027906
0.00278841
0.00279969
0.00278924
0.00278593
