0.00409074
0.00365788
0.00327799
0.00329277
0.00329097
0.00327913
0.00325785
0.00325793
0.00326274
0.00325865
0.00327229
0.00332019
0.00327442
0.00325563
0.00325881
0.00326501
0.00325241
0.00324962
0.00325714
0.00326356
0.00326315
0.00325347
0.00326147
0.00325096
0.00325818
0.00332263
0.00327738
0.00325896
0.00342977
0.00326686
0.00328634
0.00325973
0.00325439
0.00326158
0.00325971
0.00325817
0.0032566
0.00326437
0.00325787
0.00325935
0.00326778
0.0032517
0.00325925
0.00326406
0.00328502
0.00326466
0.00327288
0.00326279
0.00326191
0.00325647
0.00326016
0.00326403
0.00325654
0.00325142
0.00325649
0.00329474
0.0032959
0.00326146
0.00326217
0.00325049
0.00326841
0.00325686
0.00326632
0.00325583
0.00326622
0.00326636
0.0032481
0.00325666
0.00325806
0.00326088
0.00327172
0.00325644
0.00325283
0.00329933
0.00325693
0.00326185
0.00326414
0.00325554
0.00325322
0.00325877
0.00326679
0.00325567
0.00329645
0.00326582
0.00325209
0.00326122
0.00330803
0.00327315
0.0032584
0.00325396
0.00325199
0.00327768
0.00325408
0.00325685
0.00326944
0.00325994
0.00324841
0.0032585
0.00326385
0.00326093
0.00326392
0.0032629
0.00325199
0.00328541
0.00326824
0.00326011
0.0033072
0.00325901
0.00325113
0.00327021
0.0032625
0.00325778
0.00326565
0.00325468
0.00326001
0.00325837
0.00329829
0.00327856
0.00326674
0.00326772
0.00324977
0.0032693
0.00325623
0.00326431
0.00326707
0.00325648
0.0032536
0.00326384
0.00325648
0.00326304
0.00326345
0.00326047
0.00324965
0.00325302
0.0032877
0.00327093
0.00326111
0.0032621
0.00325741
0.00325666
0.003258
0.00326478
0.00325594
0.00325533
0.0032651
0.0032499
0.00325583
0.00330776
0.00327561
0.00326945
0.00325606
0.00325317
0.00327743
0.00325957
0.0032697
0.00326152
0.00325567
0.00325036
0.00325726
0.00327198
0.00325647
0.00325427
0.00326429
0.00324998
0.00327794
0.00326839
0.00326748
0.00325677
0.00325432
0.00325304
0.00326479
0.00326192
0.00325938
0.0032599
0.00327813
0.00327108
0.00329922
0.00329491
0.00330083
0.00325671
0.0032648
0.00324945
0.00327594
0.0032563
0.0033263
0.00325891
0.00325732
0.00324852
0.00326078
0.00328439
0.00327412
0.00326365
0.00325641
0.00325068
0.00325853
0.00327887
0.00326312
0.0032635
0.00326062
0.00325446
0.00325318
0.00325721
0.00326283
0.003258
0.00325973
0.00326326
0.0032489
0.00326209
0.00330851
0.00328119
0.00325944
0.0032547
0.00325236
0.00327633
0.00325801
0.00325648
0.00326166
0.00325851
0.00325636
0.003259
0.00326243
0.0032598
0.00325721
0.00326552
0.00325321
0.0032666
0.00327964
0.00327472
0.00326009
0.00325602
0.00324794
0.003266
0.00326217
0.00325989
0.00326563
0.00325783
0.00325408
0.00325738
0.00330481
0.00327656
0.00325473
0.00326143
0.00325656
0.00328937
0.00325934
0.00326784
0.00325724
0.00325591
0.00326154
0.00326701
0.00325847
0.00325691
0.00326435
0.00326317
0.00324844
0.00325765
0.0032871
0.00326728
0.00325966
0.00326379
0.00325465
0.00325909
0.0032592
0.0032676
0.00325527
0.0032557
0.00325249
0.00326242
0.00328905
0.0032777
0.00326223
0.00325733
0.0032508
0.00327437
0.00326464
0.0032574
0.0032557
0.00326192
0.00326046
0.0032537
0.00325762
0.00326276
0.00336658
0.00331337
0.00326
0.0032469
0.00325421
0.0032741
0.00327232
0.00329877
0.00326283
0.00325009
0.00326342
0.00325655
0.00325531
0.0032577
0.00327847
0.00341991
0.00328243
0.0032755
0.00326077
0.00326038
0.00326089
0.0032525
0.0032534
0.00325203
0.00325843
0.00325182
0.00325778
0.00324842
0.00326147
0.00325218
0.00325372
0.00325982
0.00327562
0.00324634
0.00325424
0.00326559
0.00328789
0.00326502
0.00326006
0.00324833
0.00325346
0.00325763
0.0032605
0.00325297
0.00325276
0.00326216
0.00335381
0.00422275
0.00344442
0.00331161
0.00330778
0.00326361
0.0042527
0.00338
0.00327457
0.00325425
0.00329282
0.00326423
0.00325202
0.00325714
0.00325407
0.00324589
0.00325457
0.00325976
0.0032509
0.00325618
0.0032979
0.0032615
0.00328252
0.00325464
0.00326346
0.00326173
0.00328407
0.00327372
0.00326552
0.00325581
0.00325702
0.00328711
0.00330438
0.00326421
0.00328666
0.00326632
0.00325132
0.00325516
0.00325941
0.00328251
0.0032902
0.00328803
0.0032598
0.00325484
0.00325483
0.00324853
0.00326103
0.00325633
0.00325497
0.00326566
0.0032823
0.0032582
0.00325693
0.00325997
0.00325681
0.00325474
0.00325686
0.00325283
0.00326202
0.00326118
0.00325908
0.0032527
0.00325351
0.00325852
0.00326928
0.00325197
0.00325436
0.00326304
0.0032545
0.00325251
0.00325477
0.0032607
0.00325482
0.00325506
0.00325473
0.00325533
0.00325948
0.00325318
0.00325784
0.00326275
0.00324654
0.00325526
0.00325645
0.00326633
0.00327555
0.00325973
0.00324636
0.00325691
0.00325372
0.00326402
0.00325133
0.0032539
0.00324704
0.00326238
0.00326641
0.00326202
0.00325852
0.00325446
0.00325294
0.0032582
0.00326044
0.00325377
0.00325109
0.00325715
0.00325503
0.00325586
0.00325317
0.00325776
0.00325365
0.00325619
0.00324592
0.00326664
0.0032738
0.00326106
0.00326232
0.00325339
0.00324789
0.00325396
0.00325765
0.00325281
0.00325183
0.00325644
0.00324702
0.00325293
0.00324829
0.00326643
0.00325187
0.00325326
0.0032475
0.00327036
0.00325211
0.0032523
0.0032586
0.00325119
0.00324568
0.00325381
0.00325637
0.00325259
0.00325361
0.00324649
0.00325794
0.00325284
0.00325382
0.00327943
0.00326412
0.00324452
0.00325053
0.00326205
0.0032545
0.00325092
0.00326601
0.00324816
0.00327539
0.00327568
0.00327643
0.00382372
0.00490108
0.00427917
0.00427004
0.0043376
0.00520616
0.0044402
0.00328971
0.00327831
0.00327862
0.0032879
0.00328814
0.00325402
0.00329563
0.0032595
0.00325366
0.00327025
0.00326351
0.00325952
0.00325387
0.00325395
0.00324935
0.00324883
0.00325414
0.0032535
0.00325871
0.00326209
0.00326779
0.00325962
0.00325787
0.00327566
0.00332312
0.00329131
0.00325735
0.00326659
0.00325516
0.00328075
0.00325898
0.00325354
0.00325638
0.00324505
0.00327084
0.00324941
0.00325655
0.0032514
0.00327849
0.00327012
0.00330232
0.0032618
0.00328512
0.00328245
0.00328066
0.00324743
0.00325541
0.00325767
0.00325917
0.0032535
0.00325958
0.00324506
0.0032519
0.00328501
0.00327155
0.00325604
0.00328216
0.00325819
0.00327076
0.00325669
0.00325325
0.00325608
0.00325339
0.00325193
0.00325109
0.00325653
0.00325494
0.00325383
0.00325225
0.00324759
0.0032763
0.00326516
0.00326251
0.00325759
0.00325751
0.00325431
0.003258
0.00325196
0.00325417
0.00325802
0.00324866
0.00325244
0.00325283
0.0032615
0.00326151
0.003256
0.00327306
0.00328559
0.00325679
0.00325381
0.00326001
0.00325165
0.00325747
0.00325903
0.00326142
0.00325581
0.0032665
0.00326295
0.00325085
0.00325374
0.00325402
0.0032788
0.00326427
0.00325742
0.00324786
0.00326116
0.00325703
0.00325444
0.00326212
0.00326111
0.00326082
0.00325417
0.00325862
0.00325896
0.00325539
0.00327013
0.00324804
0.00325276
0.00325581
0.00326077
0.00325598
0.00325236
0.00324766
0.00326587
0.00326146
0.00325029
0.00326008
0.00325799
0.00325619
0.00325323
0.00326126
0.00325259
0.00326788
0.00327132
0.00324868
0.00325331
0.00325198
0.00325895
0.00325721
0.00325275
0.00324803
0.00325956
0.00325723
0.00325663
0.00325854
0.00325103
0.0032633
0.00325965
0.0032631
0.00325396
0.00327053
0.00325262
0.00326157
0.00328724
0.00325425
0.00325808
0.00325359
0.0032483
0.00325778
0.00325826
0.00325094
0.00325455
0.00325776
0.00328859
0.00327252
0.00326123
0.00326103
0.00325287
0.00325899
0.00324779
0.00326149
0.003254
0.00325147
0.0032629
0.00325167
0.00324938
0.00326046
0.00328992
0.00325954
0.00325318
0.00326119
0.00325915
0.00325564
0.00325968
0.00325907
0.00325543
0.00325543
0.0032465
0.00328394
0.0032514
0.00325401
0.00325853
0.00325126
0.00324825
0.00326796
0.00325964
0.00325425
0.00325244
0.00326661
0.0032544
0.00325264
0.00325242
0.00325901
0.00325576
0.00325118
0.00324587
0.00326648
0.00326143
0.00325624
0.00326922
0.00325472
0.00324541
0.00325458
0.00326122
0.00325197
0.00325632
0.00326277
0.00325135
0.00326511
0.00327017
0.00325834
0.00325333
0.00326061
0.00327994
0.00331589
0.00326042
0.00325141
0.00325838
0.00324994
0.00324578
0.00325056
0.00325674
0.00325103
0.00327817
0.00328598
0.00328816
0.00325333
0.00326632
0.00326248
0.00325078
0.0032465
0.00324533
0.00325671
0.00325427
0.00324979
0.00325635
0.00324704
0.00325086
0.00325255
0.00325596
0.00325231
0.00325159
0.00325225
0.00326376
0.00325142
0.00326928
0.00326602
0.00324974
0.0032514
0.00325183
0.00325657
0.0032494
0.00325195
0.00325942
0.00324459
0.00325547
0.00325067
0.00325714
0.00326939
0.00324965
0.00324989
0.00328009
0.00325418
0.00325468
0.00325919
0.00325404
0.00324649
0.0032533
0.00326653
0.00325065
0.0032501
0.003254
0.00324643
0.00325469
0.00325036
0.00325465
0.00326722
0.00325907
0.00325624
0.00326051
0.00325322
0.00329467
0.00325763
0.00327443
0.00324697
0.00326407
0.00326004
0.00325322
0.00325554
0.00326629
0.00324858
0.00325313
0.00325128
0.003263
0.00325135
0.00324656
0.00325839
0.00326163
0.00325586
0.0032526
0.00325797
0.00324865
0.00325064
0.00325565
0.00325813
0.00325396
0.00325423
0.00326648
0.00327735
0.00325515
0.00325298
0.00325799
0.00325445
0.00325208
0.00325871
0.00326126
0.00325239
0.00325471
0.00328288
0.00324844
0.00326719
0.00325889
0.00326163
0.00325507
0.0032513
0.00324798
0.00325927
0.00325299
0.00328137
0.00326513
0.00325793
0.00324972
0.00326717
0.00326698
0.00325415
0.00325041
0.00325772
0.00324542
0.00327518
0.00325307
0.00325985
0.00325684
0.00325074
0.00325182
0.00325987
0.00325563
0.00325298
0.00325737
0.00325978
0.00324964
0.00325902
0.00327462
0.00325301
0.00325842
0.00325641
0.0032483
0.00325543
0.00325245
0.00326556
0.00325346
0.00324671
0.00324703
0.00325787
0.00325792
0.00325136
0.00325756
0.00324909
0.0032568
0.00328695
0.00327218
0.00325569
0.00325091
0.00324856
0.00326189
0.00325426
0.00325366
0.00325881
0.00325251
0.0032524
0.00325363
0.00325763
0.00325479
0.00326886
0.0032641
0.00324763
0.0032601
0.0032644
0.00325888
0.00326018
0.00325357
0.00324697
0.00326001
0.00325317
0.00327759
0.00330778
0.00325837
0.00324745
0.003257
0.00325967
0.00328199
0.00326514
0.00326071
0.00324785
0.00327739
0.00326996
0.0032593
0.00325325
0.00325466
0.00324577
0.00325903
0.00325369
0.00325227
0.00329525
0.00326131
0.00324826
0.00326329
0.0032579
0.0032677
0.00325485
0.00325785
0.00324626
0.00326517
0.00325835
0.00325717
0.00325588
0.00325383
0.00324689
0.00326969
0.00325352
0.00325204
0.00327615
0.00326258
0.00325085
0.00325578
0.00326126
0.00325434
0.00325571
0.00326233
0.00324606
0.00325949
0.00325519
0.00326036
0.00325523
0.0032642
0.00324816
0.00325926
0.00325269
0.00325669
0.00325988
0.00324609
0.00324702
0.0032522
0.00326296
0.0032523
0.003253
0.00324814
0.00325852
0.0032636
0.00325455
0.00325811
0.00325379
0.00326075
0.00326722
0.00325813
0.00325597
0.00325162
0.00326108
0.0032518
0.00325542
0.00328929
0.00326088
0.00325234
0.00325894
0.00324676
0.00327164
0.00326837
0.00325669
0.00326548
0.00325284
0.00324939
0.00325479
0.00325625
0.00326003
0.0032496
0.00325763
0.0032454
0.00325411
0.0032577
0.00325745
0.00325374
0.00325207
0.00324557
0.00329919
0.00325987
0.00325298
0.00325782
0.00325516
0.00325276
0.00325498
0.00325817
