0.00368942
0.00363315
0.00395935
0.00384683
0.0036284
0.00361898
0.00362848
0.00361838
0.00362192
0.00364972
0.00361504
0.00364144
0.0036564
0.00362188
0.00360875
0.00361746
0.00361206
0.00360894
0.00363007
0.00361208
0.00360881
0.00363104
0.00366411
0.00361609
0.00362877
0.00365704
0.00362049
0.0036344
0.00361445
0.00361538
0.00362649
0.0036605
0.00363491
0.00362661
0.0036176
0.00360639
0.00362745
0.00361729
0.00360559
0.00362163
0.00361314
0.00360793
0.00362335
0.00360949
0.00360982
0.00363134
0.00363319
0.00361545
0.00362602
0.0036126
0.00372808
0.00362724
0.00361532
0.00365156
0.00364404
0.00360424
0.00361014
0.00363034
0.00360971
0.00361257
0.00362822
0.00361293
0.00361105
0.00364154
0.00360988
0.00360524
0.00362683
0.00360935
0.00360577
0.00362194
0.00361512
0.00360454
0.00362311
0.00361448
0.00360748
0.00361916
0.0036185
0.0036105
0.0036804
0.00361568
0.00361788
0.00365891
0.0036271
0.00361712
0.00362148
0.00360839
0.00362003
0.00362327
0.0036102
0.0036189
0.00362955
0.00362145
0.00361602
0.00363841
0.00360429
0.00361561
0.00363527
0.00361969
0.00360909
0.0036295
0.00361055
0.00360592
0.00362539
0.00361041
0.00361217
0.00362606
0.00365497
0.00360166
0.00362321
0.00363373
0.003608
0.00362255
0.00361683
0.00361222
0.00362913
0.00362126
0.00361056
0.00362767
0.00361891
0.00360739
0.00362005
0.00361337
0.00362565
0.00362556
0.00361094
0.00361049
0.00362709
0.00361229
0.0036131
0.00365769
0.00361291
0.0036223
0.00362553
0.00360436
0.00365826
0.00363987
0.00364703
0.00361951
0.00362789
0.0036092
0.00360644
0.00362627
0.00360876
0.00360775
0.00363011
0.00382188
0.00367177
0.0036258
0.0036278
0.0036231
0.00362788
0.00361905
0.00361086
0.00362497
0.00361633
0.00360898
0.00362425
0.0037311
0.00371631
0.00364298
0.00361954
0.00360719
0.00367844
0.0036198
0.00366312
0.0036635
0.00363002
0.00361614
0.00362644
0.00360837
0.00361535
0.0036274
0.0036107
0.00361217
0.00362307
0.00361568
0.00361446
0.0036294
0.00360893
0.00360674
0.00363142
0.00360925
0.00360986
0.00363773
0.00362132
0.00360936
0.00362607
0.00361185
0.00360559
0.00363232
0.00365752
0.00361899
0.00364154
0.00362203
0.00361835
0.00362251
0.00362006
0.00360492
0.003627
0.00362088
0.0036193
0.0036149
0.00360512
0.0036163
0.00361885
0.00360888
0.00361042
0.00362791
0.0036095
0.00361223
0.00361811
0.00361197
0.00361353
0.00362293
0.00360301
0.00359916
0.00363328
0.00361681
0.00364879
0.00363941
0.00362799
0.00360811
0.00362718
0.00361354
0.003607
0.00362998
0.00362654
0.00362313
0.00362264
0.0036294
0.00361174
0.00362189
0.00361983
0.00361094
0.00365368
0.00361983
0.00360597
0.00362446
0.00362935
0.00362799
0.003635
0.00360376
0.00362316
0.00362385
0.00360928
0.00361238
0.00366645
0.00366683
0.00362852
0.00362188
0.00360756
0.00363807
0.00362854
0.00360992
0.00360407
0.00363423
0.00361681
0.00360832
0.00362969
0.00361131
0.00361191
0.003632
0.00361044
0.00360624
0.00362785
0.00361051
0.00360727
0.00361731
0.0036455
0.00361449
0.00362328
0.00361808
0.00361489
0.00362343
0.00365952
0.00365676
0.00362276
0.00361551
0.0036112
0.00362257
0.00361743
0.00359846
0.00362269
0.00361198
0.00360911
0.00362874
0.00361899
0.00361949
0.0036261
0.00361029
0.00361276
0.0036192
0.00361465
0.00360212
0.00361838
0.00360977
0.00361381
0.00362746
0.00361249
0.00360891
0.0036315
0.00361461
0.003709
0.00364775
0.00360985
0.00361053
0.00363014
0.00360448
0.00360936
0.00362234
0.00361824
0.00360866
0.00362187
0.00361633
0.00360876
0.0036237
0.00361792
0.00360745
0.00362266
0.00362016
0.0036418
0.00373708
0.00363057
0.0036154
0.0036233
0.00361367
0.00361315
0.00362328
0.00364113
0.0036149
0.00371556
0.00362915
0.00361918
0.00362646
0.00360509
0.00360923
0.00364647
0.00364334
0.00360486
0.00362852
0.00360898
0.00361018
0.00362744
0.00360892
0.00360366
0.00362846
0.0036134
0.00360481
0.00362406
0.00362198
0.00360959
0.00362225
0.00361707
0.00360742
0.00363339
0.0036235
0.00360847
0.00362288
0.00370371
0.00361443
0.0036178
0.00361349
0.0036326
0.00362405
0.00363312
0.00361548
0.00362073
0.00361489
0.00362007
0.00362418
0.00361083
0.00363044
0.00362054
0.00360838
0.00360114
0.00363064
0.00360934
0.00361103
0.00362539
0.00361036
0.00360685
0.00362412
0.00361583
0.00360648
0.00363309
0.00364509
0.00366564
0.00362129
0.00362637
0.00361351
0.00362751
0.00361786
0.00360909
0.00362325
0.00361695
0.00361004
0.00362198
0.00361601
0.00360977
0.00362596
0.00360508
0.00361363
0.00362175
0.00360957
0.00361856
0.00362484
0.00361086
0.0036136
0.00362374
0.00361107
0.00361423
0.00362396
0.00360851
0.00363985
0.00367913
0.00362186
0.00360832
0.00362823
0.00361254
0.00360659
0.00362632
0.00361102
0.00361743
0.003635
0.0036108
0.00360777
0.00362174
0.0036167
0.00361066
0.00362258
0.00361685
0.00361404
0.00362741
0.00362276
0.00360778
0.00362641
0.00361754
0.0036079
0.00361816
0.00360561
0.00362153
0.00366379
0.00365926
0.00362867
0.00363036
0.00361321
0.0036136
0.00361828
0.00360953
0.00361434
0.00362278
0.00360879
0.00360267
0.00363139
0.00361478
0.0036062
0.00362981
0.00362188
0.00361551
0.00362956
0.00361108
0.00360849
0.00363271
0.00361333
0.00360981
0.00361754
0.00365206
0.00361307
0.00362406
0.00366546
0.00366607
0.00362776
0.00361768
0.0036097
0.00363548
0.00361532
0.00360991
0.00361954
0.00360286
0.00360086
0.00362613
0.00361018
0.00362148
0.00367209
0.00365398
0.00361367
0.00362463
0.00361033
0.00361333
0.00365261
0.00361068
0.00364823
0.00362574
0.00361067
0.00361425
0.0036294
0.00365627
0.00362218
0.00367817
0.00361168
0.00360992
0.00363091
0.00361397
0.0036145
0.00363146
0.0036045
0.00360131
0.00362702
0.00363438
0.00360878
0.00364517
0.00361589
0.00361026
0.00362236
0.00361822
0.00360531
0.00362444
0.00362261
0.00360306
0.00361765
0.00361178
0.003617
0.00362286
0.00360987
0.00364646
0.00364462
0.00366349
0.00360958
0.00362605
0.00361135
0.00361654
0.0036236
0.00360573
0.00360754
0.00363103
0.00363767
0.00361243
0.00362927
0.00361098
0.00365382
0.00362564
0.0036304
0.00361151
0.00365194
0.00361146
0.00360052
0.00362311
0.0036194
0.00360813
0.00362356
0.00361799
0.0036071
0.00367963
0.00361389
0.0036529
0.00362414
0.00361949
0.00360714
0.00361447
0.00360827
0.00362712
0.00362911
0.003613
0.0036141
0.00362255
0.00361439
0.00361359
0.00362346
0.00361127
0.00361662
0.00362595
0.00360483
0.00360766
0.00363069
0.00361443
0.00360907
0.00363102
0.00361681
0.00360708
0.00366443
0.0036247
0.00360771
0.0036684
0.00361753
0.00360313
0.00361556
0.00361572
0.00360427
0.00362377
0.00361587
0.00360541
0.00367625
0.00362755
0.0036113
0.00364872
0.00362168
0.00360766
0.0036278
0.00360532
0.00361605
0.00362408
0.00361461
0.00361542
0.00362623
0.00360984
0.00361584
0.00362586
0.00364346
0.00362811
0.00362226
0.0036532
0.00361301
0.00363144
0.00361181
0.00360499
0.00363297
0.00361247
0.00360574
0.0036298
0.0036126
0.00360548
0.00362654
0.00360831
0.00360492
0.00362269
0.0036152
0.00360818
0.00361756
0.00362491
0.00361882
0.00362831
0.00361865
0.00362604
0.00362721
0.00363251
0.00365868
0.0036233
0.00361232
0.00364399
0.00363222
0.00361377
0.00361924
0.00363002
0.0036117
0.00361588
0.00383377
0.00366684
0.00361695
0.00362664
0.00360912
0.00361197
0.00361768
0.00360567
0.00360724
0.00362897
0.00365403
0.00360952
0.00362907
0.0036096
0.00360464
0.00363089
0.00361198
0.0036646
0.00367702
0.00361432
0.00360253
0.00368805
0.00362744
0.00361561
0.00362383
0.00361327
0.00361217
0.00362159
0.00361931
0.00361044
0.00362324
0.00361789
0.0036122
0.00361933
0.00361438
0.00362623
0.00362405
0.00361115
0.00361262
0.00362106
0.00360865
0.00381211
0.0036445
0.00367019
0.00362687
0.00367151
0.00363114
0.00360193
0.0036277
0.00367028
0.00361665
0.00362831
0.00364144
0.00361135
0.00363112
0.00361519
0.00361041
0.00363172
0.00361086
0.00361403
0.00362106
0.0036045
0.00361053
0.00362421
0.00362143
0.0036052
0.00362686
0.00361695
0.00361396
0.0036311
0.00361549
0.00360508
0.00362126
0.00367054
0.00360077
0.00362376
0.0036119
0.00365233
0.0036327
0.00361183
0.00361241
0.00362284
0.00361533
0.00361233
0.00362222
0.0036096
0.00362431
0.00362528
0.0036115
0.0036224
0.00364509
0.00362109
0.00360987
0.00366765
0.00363846
0.00361235
0.00362941
0.00361094
0.00360998
0.00362732
0.00364397
0.00360873
0.00363694
0.00362758
0.0036152
0.0036622
0.00362027
0.00378352
0.00362882
0.0036199
0.00360434
0.00362321
0.0036142
0.0036091
0.00361807
0.00361074
0.0036485
0.00361825
0.0036143
0.0036114
0.00362984
0.00362274
0.00361801
0.00362245
0.00361235
0.00361577
0.00362541
0.00360386
0.00364421
0.00364422
0.00361322
0.00361487
0.00362916
0.00365387
0.00361014
0.00363281
0.00361164
0.00361493
0.00363715
0.00360804
0.00360373
0.00361421
0.00362097
0.00361
0.00362603
0.00361487
0.00360847
0.00361865
0.00361592
0.00361018
0.00361973
0.00361334
0.00360499
0.00362094
0.00360912
0.00363186
0.00367458
0.00361137
0.00361546
0.0036239
0.00361082
0.00365545
0.00372737
0.00373197
0.0036278
0.00363154
0.00361273
0.00360364
0.00361793
0.00363259
0.00360973
0.00368088
0.00365072
0.00360752
0.00362527
0.0036096
0.00360961
0.00362747
0.00360946
0.00360349
0.0036366
0.00360222
0.00361211
0.00366577
0.00363128
0.00360847
0.00362153
0.00361482
0.00360802
0.00368393
0.00362658
0.00360984
0.00362422
0.0036182
0.00360601
0.00362678
0.00361089
0.00361392
0.00362664
0.00361031
0.00361771
0.00362593
0.00360905
0.00362085
0.00362184
0.00361354
0.00361969
0.00362559
0.00360639
0.00360981
0.00362524
0.00364457
0.0036271
0.00362481
0.00361072
0.00360631
0.0036862
0.00365673
0.00361022
0.00363245
0.00361044
0.00360482
0.00362243
0.0036223
0.0036213
0.00362575
0.00361203
0.00361079
0.00362507
0.00369238
0.00362272
0.00362605
0.00361888
0.00360655
0.00362302
0.00361192
0.00361826
0.00361949
0.00361329
0.00367589
0.00363258
0.00362415
0.00361175
0.00362212
0.00361049
0.00365957
0.00362364
0.0036052
0.00360769
0.0036304
0.00361074
0.00360831
0.00363127
0.00364367
0.00360897
0.00362218
0.0036129
0.00362377
0.00364507
0.00362361
0.00360156
0.00362362
0.00362034
0.00360618
0.00365788
0.00361968
0.00363556
0.00363923
0.00361813
0.00360767
0.00362243
0.00361856
0.00360782
0.00366668
0.00361042
0.00362719
0.0036241
0.0036117
0.00361683
0.00362484
0.00360934
0.00361001
0.00362114
0.00361306
0.00361383
0.00362126
0.00360625
0.00360152
0.00362821
0.00361291
0.00360689
0.00362896
0.00362201
0.00360843
0.00366628
0.00362539
0.00361128
0.00363141
0.00361216
0.00360868
0.00361946
0.00366149
0.00362162
0.00362453
0.00361665
0.00360934
0.00362628
0.00361636
0.0036097
0.00362885
0.00362264
0.00360724
0.00368194
0.00360944
0.00361699
0.00362417
0.00361167
0.00361152
0.0036219
0.00361699
0.00361025
0.00361958
0.0036489
0.00361405
0.0036316
0.00364182
0.00367433
0.00364829
0.00361614
0.00367656
0.00363168
0.00361136
0.00360879
0.00367378
0.00361244
0.00360841
0.003628
0.00361731
0.00360746
0.00363138
0.00360227
0.00360651
0.0036275
0.00362187
0.00362092
0.0036243
0.00361877
0.00360547
0.00361909
0.00366095
0.00362199
0.00362679
0.00361631
0.00360259
0.00361747
