0.00209411
0.00204649
0.00205853
0.00203514
0.00205646
0.00205318
0.00207679
0.00204913
0.00206915
0.00204072
0.00207404
0.00204002
0.0020573
0.0020357
0.00204043
0.00205102
0.00207329
0.00204166
0.00203571
0.0020391
0.00206568
0.00205219
0.00203249
0.00203966
0.00203496
0.00205512
0.0020528
0.00205843
0.00204368
0.00205379
0.00209454
0.00206021
0.00203391
0.00205122
0.00203398
0.00205916
0.0020446
0.00204725
0.00204362
0.00203743
0.00205771
0.00209
0.0020975
0.00203805
0.002047
0.00205112
0.00204674
0.00203349
0.00204099
0.00203436
0.00205814
0.00204421
0.00203964
0.00203321
0.00204098
0.00205193
0.00205177
0.00203388
0.00203474
0.00204355
0.00205321
0.00204987
0.00204378
0.00204063
0.00203471
0.00205654
0.00204141
0.00206737
0.00203455
0.00203998
0.00205056
0.00204589
0.00203539
0.00204441
0.00203523
0.00206046
0.00203756
0.00203925
0.00203206
0.0020464
0.00205643
0.00203851
0.00204165
0.00204017
0.00204624
0.00205203
0.00204585
0.00203337
0.00203946
0.0020353
0.00206474
0.00205281
0.00204699
0.00203579
0.00204014
0.00205208
0.00205022
0.00203366
0.00204079
0.00203614
0.00206816
0.00206069
0.00203624
0.00204609
0.00203457
0.00205631
0.00204162
0.00205389
0.00203443
0.00203875
0.00205362
0.00204242
0.00203647
0.00206207
0.00203414
0.0020684
0.00204011
0.00204159
0.00203359
0.00204615
0.00205287
0.00204604
0.00203925
0.00203796
0.00204566
0.00205302
0.00204492
0.0020334
0.00204662
0.00203491
0.00206215
0.00204883
0.002042
0.00203494
0.00204234
0.0020526
0.00204957
0.002036
0.00203791
0.00204029
0.00211239
0.00204088
0.00204985
0.00203377
0.00203479
0.00205579
0.00204103
0.00205237
0.00203417
0.00204086
0.00205051
0.00204842
0.00203603
0.00204604
0.0020388
0.00205753
0.0020397
0.0020432
0.00203408
0.00204343
0.00205074
0.00204518
0.00203818
0.0020407
0.00203286
0.00205982
0.0020417
0.00203176
0.00203828
0.00203393
0.00206773
0.00203959
0.00203953
0.00203436
0.0020408
0.00204902
0.00205108
0.00203302
0.00204412
0.00203357
0.00205632
0.00203913
0.00204693
0.00203479
0.0020415
0.00205091
0.00205325
0.00203668
0.00203345
0.00205415
0.00204748
0.00204608
0.00203567
0.00204532
0.0020385
0.0020565
0.00203826
0.0020423
0.00203416
0.00204629
0.00205162
0.00204529
0.00204346
0.00203894
0.00203438
0.00206539
0.00204099
0.00204657
0.00203512
0.00203863
0.00206156
0.00203693
0.00204059
0.0020361
0.00203871
0.00204793
0.0020512
0.00203399
0.00204902
0.00203512
0.00205703
0.00204016
0.00204641
0.0020362
0.00204098
0.00205287
0.0020472
0.00203644
0.00204725
0.00203427
0.00205647
0.00206638
0.0020334
0.00204415
0.00204331
0.00205456
0.00203827
0.00203882
0.00208342
0.00205017
0.00205074
0.002046
0.00203997
0.00204035
0.00203345
0.00206056
0.00203783
0.00204023
0.00203366
0.00203927
0.00205899
0.00205126
0.00203496
0.00203522
0.00203817
0.0020523
0.0020482
0.00203367
0.00203708
0.00203341
0.00205602
0.00203832
0.00204632
0.00203285
0.00204048
0.00205647
0.00204449
0.0020361
0.00204666
0.00203329
0.00205647
0.00204004
0.0020432
0.00203829
0.00204804
0.0020562
0.0020389
0.00204099
0.00203376
0.00204601
0.0021282
0.00208203
0.00212356
0.00206139
0.00203636
0.00206701
0.00203825
0.00205487
0.00203593
0.00205764
0.00205098
0.0020522
0.00203338
0.00204272
0.00203962
0.00205225
0.00205163
0.00203589
0.00204172
0.00203415
0.00205733
0.00203918
0.00204754
0.0020342
0.00204213
0.00205432
0.00204446
0.0020404
0.00206015
0.002034
0.00205699
0.00203837
0.00204069
0.00204355
0.00204925
0.00205819
0.00203901
0.00204146
0.00203514
0.00204435
0.00205358
0.0020482
0.00203272
0.00204104
0.00203563
0.00206135
0.00203862
0.00203994
0.00203456
0.0020484
0.00204941
0.00204824
0.00203451
0.00203892
0.00203493
0.00206006
0.00207906
0.00204283
0.0020396
0.00203413
0.0020561
0.0020387
0.00207003
0.00203348
0.00203894
0.00205561
0.00204343
0.00203635
0.00204578
0.00203487
0.00205614
0.00203944
0.00204498
0.00203464
0.00204462
0.00205256
0.00204639
0.00203547
0.00203888
0.00204563
0.00205867
0.00204484
0.0020353
0.0020404
0.00203489
0.00205766
0.00204213
0.00204255
0.0020409
0.00204192
0.00204966
0.0020509
0.00203642
0.00203975
0.00203499
0.0020573
0.00204433
0.00204834
0.00203656
0.00204041
0.00205674
0.00203792
0.00204595
0.00203497
0.00204799
0.00205723
0.00205187
0.00203572
0.00204907
0.00203442
0.002058
0.00204032
0.00204456
0.00203451
0.00204675
0.00205245
0.00204472
0.0020335
0.00203912
0.00203463
0.00206162
0.00203923
0.00204137
0.00203849
0.00203434
0.00206104
0.00203591
0.00203982
0.00204324
0.00206
0.00205093
0.00205283
0.00203305
0.00204419
0.00203559
0.00205792
0.00204617
0.00204438
0.0020348
0.00203754
0.00204891
0.00204342
0.0020351
0.00204617
0.00204241
0.00205169
0.00204508
0.00203486
0.00204527
0.00203462
0.00206015
0.00203901
0.00205156
0.0020339
0.00207925
0.00205045
0.00205483
0.00203516
0.00204074
0.00203328
0.00206867
0.00203921
0.00204084
0.002035
0.00203994
0.00206281
0.00204095
0.00204087
0.00203969
0.00203798
0.00205165
0.00205232
0.00203436
0.00203941
0.00203416
0.00205769
0.00204355
0.00204585
0.00203552
0.00203988
0.00205213
0.00204347
0.00203423
0.00205461
0.00203441
0.0020582
0.00204207
0.00204244
0.00204661
0.00203483
0.00205765
0.00204076
0.00203923
0.00203428
0.00204453
0.00205224
0.00204507
0.00204532
0.00204
0.00204279
0.00205805
0.0020385
0.00204106
0.0020405
0.00204708
0.00205176
0.00204891
0.00204
0.00204111
0.00203953
0.00205249
0.00205019
0.00203472
0.00204066
0.00203375
0.0020633
0.00203742
0.00204562
0.00203483
0.00203958
0.00205126
0.00204507
0.00203676
0.00205107
0.00203367
0.00206515
0.0020456
0.0020677
0.00203456
0.00205214
0.00205752
0.00205418
0.00204191
0.00203365
0.00204819
0.0020534
0.00204584
0.00203578
0.00204321
0.00204451
0.00205684
0.00204298
0.00204426
0.00203314
0.00203857
0.00205149
0.00205194
0.00204336
0.00204307
0.00203438
0.0020589
0.00203827
0.00208655
0.0020468
0.00203549
0.0020622
0.00203809
0.00204679
0.00203628
0.00204123
0.00205079
0.00204396
0.00203412
0.00205363
0.00203606
0.00205596
0.00204313
0.00205169
0.00203691
0.00204952
0.00205029
0.00205221
0.00203532
0.00203521
0.00205185
0.00205098
0.00204623
0.00203403
0.00203869
0.00204287
0.00206112
0.00203949
0.00203982
0.00203452
0.00203781
0.0020501
0.00205402
0.00203451
0.0020544
0.00204341
0.00209662
0.00203901
0.00205008
0.00203495
0.00204728
0.00205664
0.00203932
0.00204644
0.00203367
0.0020409
0.00205559
0.00205229
0.00203602
0.00204625
0.00203458
0.00205818
0.00203733
0.00205062
0.00203997
0.0020463
0.00205496
0.00204452
0.00203633
0.00204202
0.00203599
0.0020591
0.0020462
0.00203484
0.00204312
0.00203516
0.00206128
0.00203993
0.00204243
0.00203575
0.00204143
0.00205251
0.00205887
0.00203449
0.00204117
0.00203458
0.00205825
0.00203785
0.00204618
0.00203486
0.00204191
0.00204994
0.0020446
0.00203458
0.00203448
0.00204039
0.0020523
0.00204459
0.00204233
0.00204578
0.00203483
0.00205517
0.00203804
0.00204009
0.00203521
0.00208117
0.00205326
0.0020534
0.00203447
0.00204009
0.00203501
0.00205748
0.00203895
0.00204176
0.00204241
0.00203903
0.00206325
0.00203945
0.00203876
0.00203481
0.00204206
0.00205085
0.0020529
0.00203356
0.00204144
0.00203228
0.0020548
0.00203821
0.00204546
0.00203345
0.00204744
0.00205223
0.00204369
0.0020356
0.00204693
0.00203306
0.00205939
0.00204368
0.00203956
0.0020457
0.00203368
0.00205137
0.00203928
0.00204051
0.00203711
0.00204547
0.00205097
0.00204557
0.00203534
0.00204054
0.00203655
0.00206154
0.00203874
0.00204603
0.0020401
0.00204747
0.00205145
0.00205103
0.00203501
0.00204033
0.00203931
0.00205472
0.00205084
0.00203873
0.00203959
0.00203463
0.00205539
0.00203917
0.00204569
0.0020459
0.00204078
0.00205203
0.0020446
0.00203507
0.00204742
0.00203567
0.00205759
0.00204555
0.00204202
0.00203218
0.00603254
0.00204651
0.00203367
0.00205426
0.00203747
0.00205731
0.00203864
0.00204071
0.00203755
0.00204579
0.00205126
0.0020479
0.00203455
0.00203917
0.00203385
0.00206183
0.00203859
0.0020405
0.00203277
0.00204394
0.0020528
0.00208431
0.00203535
0.00203331
0.00203881
0.0020477
0.00204953
0.00204255
0.00204071
0.00203467
0.00205606
0.00203773
0.0020451
0.00203458
0.00203923
0.00206056
0.00204504
0.00203401
0.00204515
0.00203399
0.00205642
0.00203626
0.00204012
0.00203824
0.00204883
0.00205245
0.00203808
0.00204127
0.00203265
0.00204521
0.00204989
0.00205235
0.00203431
0.00203841
0.00203321
0.00205995
0.00204002
0.00204185
0.0020338
0.00204318
0.00204824
0.00204933
0.00203527
0.00204267
0.00203588
0.00205654
0.00203723
0.00204238
0.00203928
0.00203453
0.00207095
0.00203886
0.00204998
0.00203287
0.0020407
0.00205528
0.00204686
0.00203603
0.0020455
0.00203412
0.00205613
0.00204095
0.00204168
0.00203394
0.00204614
0.00205327
0.00204529
0.00203367
0.00204006
0.00204246
0.0020558
0.0020504
0.00203372
0.00203957
0.00203362
0.0020563
0.00204
0.00203921
0.00204314
0.00203807
0.00205133
0.00205029
0.00203438
0.00203867
0.00203562
0.0020568
0.00204183
0.00204705
0.0020337
0.00204068
0.00205168
0.0020382
0.00204802
0.00203575
0.00204453
0.00207763
0.002043
0.00203442
0.00204809
0.00207101
0.00206015
0.00204107
0.00204665
0.00203197
0.00204729
0.00205342
0.00204503
0.00203438
0.00204103
0.00203471
0.0020684
0.00203854
0.00203389
0.0020402
0.00203616
0.00205775
0.00203916
0.00204094
0.00203866
0.00204006
0.00205156
0.00205186
0.00203522
0.0020402
0.00203491
0.00205502
0.00204818
0.00204545
0.00203662
0.00205032
0.00206892
0.00206748
0.00204537
0.0020379
0.0020535
0.00205058
0.00215419
0.00215889
0.00204652
0.00203703
0.00205029
0.00203907
0.00203981
0.00203531
0.00205214
0.00206082
0.002044
0.00203747
0.00205526
0.00203535
0.00206585
0.00203928
0.00203609
0.00204005
0.00203553
0.00206181
0.00204102
0.00204711
0.0020349
0.00204257
0.00204782
0.00206889
0.00203524
0.00203912
0.00203457
0.00206463
0.00203914
0.00204545
0.00203539
0.00203916
0.00205321
0.0020434
0.00203218
0.0020539
0.00203991
0.00204963
0.00204484
0.00203379
0.00204573
0.00203397
0.00205517
0.00204457
0.00203871
0.00203477
0.00204826
0.00205318
0.00204409
0.00203489
0.00204076
0.00204284
0.00206259
0.00203843
0.00204
0.00203354
0.0020407
0.00205068
0.00203903
0.0020893
0.0020355
0.00203985
0.00205107
0.00205198
0.0020343
0.00203928
0.00203284
0.00206359
0.00203992
0.00204639
0.00203359
0.0020416
0.00205211
0.0020448
0.00203533
0.00205152
0.00203528
0.00206021
0.00203895
0.00203544
0.00204658
0.00203449
0.00206279
0.00204765
0.00204095
0.00203509
0.00204872
0.00204875
0.00204356
0.00203416
0.0020396
0.00203542
0.00206167
0.00203866
0.00206236
0.00203505
0.00204068
0.00204396
0.00205133
0.00204148
0.00203968
0.00204
0.00204978
0.00204988
0.00203564
0.00203994
0.00203451
0.00205704
0.00206203
0.00205263
0.00203566
0.00203959
0.00205122
0.00204397
0.00203546
0.00205608
0.00203414
0.002056
0.00203703
0.00205171
0.0020335
0.00205383
0.00206361
0.00203864
0.00203851
0.00203414
0.00204822
0.00205466
0.00204389
0.00203475
0.00204498
0.0020351
0.00206235
0.00203804
0.00204209
0.00203535
0.00203996
0.0020508
