0.00245693
0.00243138
0.00241185
0.00242035
0.00240736
0.00242734
0.00244843
0.0024519
0.00251938
0.00241159
0.00239797
0.00241188
0.0023975
0.00240715
0.00240372
0.00242159
0.00240703
0.00239578
0.00243892
0.00243121
0.00240742
0.0024015
0.00241045
0.00239571
0.00240167
0.00239593
0.00240342
0.00240748
0.0025758
0.00241084
0.00240498
0.00239635
0.00241213
0.00239448
0.00240175
0.00241881
0.00239758
0.00240548
0.00239742
0.00239996
0.00240344
0.00239483
0.00241378
0.00239439
0.00239527
0.00240253
0.00239405
0.00240901
0.00241446
0.00240168
0.00240231
0.00239912
0.0024097
0.00240062
0.00239913
0.00242077
0.00240055
0.00240866
0.00239916
0.00243692
0.00241517
0.00240848
0.00239966
0.00240489
0.00239474
0.00240444
0.00240678
0.0023979
0.00240126
0.00240127
0.00240205
0.00240854
0.00239694
0.00240351
0.00240232
0.00239842
0.00241225
0.00240629
0.002419
0.00240242
0.00239482
0.00240706
0.00239767
0.00240131
0.00240216
0.00239573
0.00240815
0.00239633
0.00240422
0.0024077
0.00239641
0.0024082
0.00240289
0.00239509
0.00240288
0.0023948
0.00241116
0.00240036
0.00239468
0.00240217
0.00239575
0.00244142
0.00241491
0.00239688
0.00240042
0.00240579
0.0023947
0.00240171
0.00239478
0.00251233
0.0024126
0.00239616
0.00240849
0.0023972
0.00240195
0.00240738
0.00240281
0.0024035
0.0024023
0.00240412
0.00240947
0.00239475
0.00239976
0.00240224
0.00239702
0.00240669
0.0023972
0.0024638
0.00240451
0.00239899
0.00241131
0.00239972
0.00239542
0.00240077
0.00239648
0.00240828
0.0024036
0.00239776
0.00240415
0.00239853
0.00240647
0.00240203
0.00239683
0.00243661
0.0024093
0.0024116
0.00240496
0.00239775
0.00240217
0.00240655
0.00241291
0.0024064
0.00239487
0.00240183
0.00240633
0.00239448
0.00240387
0.00240184
0.00240326
0.00240916
0.00239865
0.00241127
0.00240404
0.00239685
0.00241177
0.00239709
0.00240247
0.00240406
0.002399
0.00240647
0.00240253
0.00240163
0.00240253
0.00239372
0.00240741
0.00239619
0.00240243
0.00240456
0.00239651
0.00240886
0.00240281
0.00239517
0.00240269
0.00239487
0.00244371
0.00240321
0.00241117
0.00240225
0.00239449
0.00241073
0.00240441
0.00239966
0.00241668
0.0024064
0.00239651
0.00240382
0.00242358
0.00240527
0.00240342
0.00239879
0.00240975
0.00239673
0.00240168
0.00241833
0.00240062
0.00240305
0.00239631
0.00240284
0.00240657
0.00239505
0.00240174
0.00243182
0.00242202
0.00241427
0.00239965
0.00241126
0.00240295
0.00239794
0.00241295
0.0023962
0.00240685
0.00240254
0.00239767
0.00240844
0.00240639
0.00239883
0.00243231
0.00241014
0.00240731
0.00240213
0.00239746
0.0024057
0.00239893
0.00241065
0.00240258
0.0024029
0.00240053
0.0024077
0.00240212
0.00252927
0.0024968
0.00242818
0.00241211
0.00239765
0.00240729
0.00241092
0.00239811
0.0024075
0.00239519
0.00240128
0.00240388
0.00244575
0.00242679
0.0023987
0.00240295
0.0024049
0.00239911
0.00240653
0.0024011
0.00240256
0.00240248
0.00239602
0.00240782
0.0024004
0.00239826
0.00240655
0.00239819
0.00240809
0.00244502
0.00241115
0.00240655
0.00241463
0.0024109
0.00240504
0.00239901
0.00240309
0.00240615
0.00239723
0.00240688
0.00239929
0.00240432
0.00240563
0.00239802
0.00240227
0.00239823
0.00241284
0.00241123
0.0023968
0.00240287
0.00240158
0.00239683
0.00240766
0.00240308
0.00239937
0.00240206
0.00239783
0.00240906
0.00239719
0.00240299
0.00240688
0.00239792
0.00240951
0.00239728
0.00240432
0.00240269
0.00240149
0.00241086
0.002409
0.00239719
0.00242919
0.00239872
0.00242503
0.00240602
0.00242506
0.0025091
0.00239904
0.00241378
0.00241007
0.00239481
0.00240224
0.00240403
0.00239867
0.00240168
0.00239783
0.00240119
0.00241022
0.00240014
0.00240806
0.00239549
0.00240455
0.00240661
0.0023968
0.00240585
0.0024013
0.00239543
0.00240436
0.00239589
0.00240319
0.00240273
0.00240246
0.00240639
0.00239496
0.00240232
0.00240283
0.00239754
0.002408
0.00239982
0.00240565
0.0024023
0.00239756
0.00240843
0.00243217
0.00241457
0.00240842
0.00239823
0.00240671
0.00240445
0.00239885
0.00240271
0.00240141
0.00241422
0.0024024
0.00239381
0.00240358
0.00240436
0.00239635
0.00240629
0.00240029
0.00240924
0.00240611
0.00239763
0.00240424
0.00239812
0.00240638
0.00240926
0.00239957
0.00240156
0.00239431
0.0023955
0.00240979
0.00240134
0.00240295
0.00240236
0.00239595
0.00240773
0.00239663
0.0024061
0.00240269
0.00239466
0.00240661
0.00239696
0.0024048
0.00240348
0.00243122
0.00242448
0.00240207
0.00239881
0.00240396
0.002399
0.00240748
0.00240426
0.00239684
0.00240121
0.00239892
0.00241214
0.00240144
0.00239736
0.00240631
0.00239708
0.00240319
0.00241099
0.00239663
0.00240327
0.00240968
0.0023989
0.00240451
0.00239903
0.00240433
0.00241109
0.00239898
0.00241003
0.00239852
0.00240534
0.00241879
0.00239729
0.00240472
0.00240336
0.00240145
0.00240904
0.00239788
0.00240379
0.00240217
0.00239926
0.00240824
0.00240209
0.00243236
0.00241809
0.00239521
0.00240995
0.00240386
0.00240067
0.00240347
0.00239749
0.00240987
0.00240084
0.00239561
0.00240362
0.0024008
0.00240866
0.00240269
0.00240377
0.00241169
0.00239701
0.00240806
0.00240396
0.00240001
0.00240325
0.00240816
0.0023975
0.00240425
0.00239813
0.00240534
0.0024102
0.00239766
0.00240479
0.00239746
0.00240458
0.0024096
0.00239934
0.00240296
0.00240158
0.0023975
0.0024119
0.00239521
0.00240859
0.00240347
0.00242713
0.002419
0.00240917
0.00240207
0.00240315
0.00239965
0.00240914
0.00249761
0.00247622
0.00245588
0.00240915
0.00242038
0.00240097
0.0023968
0.00244407
0.00240454
0.00244458
0.00241043
0.002398
0.00240219
0.0024071
0.00239721
0.00240117
0.00239533
0.00240583
0.0024106
0.00239708
0.00240051
0.00239738
0.00240223
0.00240852
0.00239639
0.00241084
0.00240325
0.00239449
0.00240631
0.00239648
0.00240864
0.0024039
0.00240391
0.00241075
0.00239638
0.0024486
0.00241857
0.00239661
0.00241232
0.00240358
0.0024032
0.00240233
0.00239702
0.00240842
0.00240258
0.00240181
0.0024043
0.00239722
0.00240696
0.00240841
0.00239883
0.00246674
0.0024014
0.00239766
0.00240209
0.00239802
0.00240448
0.00240795
0.00239725
0.00240726
0.00239704
0.00240598
0.00240724
0.00239932
0.00240287
0.0024011
0.00240475
0.00240941
0.00239695
0.00240485
0.00240141
0.00239761
0.00241325
0.00239615
0.00240259
0.00240172
0.00240093
0.00243676
0.00241237
0.00240742
0.00240474
0.00239773
0.00240825
0.00240268
0.00239706
0.00240334
0.002401
0.00240627
0.00240463
0.00239961
0.00240654
0.00240059
0.0024142
0.00240787
0.00239989
0.0024049
0.00239883
0.00240771
0.0024037
0.00239967
0.00240316
0.00240682
0.00239918
0.00240148
0.00239681
0.00240191
0.0024086
0.00239509
0.00241141
0.00239564
0.00240506
0.00240804
0.00240201
0.00240956
0.00240188
0.00239656
0.00241868
0.00239637
0.00243131
0.00240471
0.00241412
0.00240776
0.00239724
0.00240307
0.00240042
0.00239605
0.00241142
0.00239517
0.00240513
0.00240287
0.00239548
0.00241275
0.00240846
0.00239916
0.00240166
0.00239661
0.0024082
0.00240447
0.00239692
0.00240031
0.002397
0.00240794
0.0024016
0.00239946
0.002404
0.00240655
0.00239921
0.00240814
0.00239833
0.00240024
0.00240421
0.00239521
0.00240179
0.0024033
0.00240178
0.00240879
0.00239544
0.00240163
0.00239681
0.00240435
0.00243876
0.00241147
0.00240436
0.00240058
0.00239829
0.00241255
0.00239925
0.00241321
0.00246091
0.00240001
0.00241156
0.00239853
0.00243069
0.00241086
0.00240171
0.0024278
0.00240099
0.0023967
0.00240316
0.00240021
0.00241299
0.00240594
0.00239869
0.00240081
0.00240027
0.0024123
0.00240138
0.00240311
0.00240064
0.00240645
0.00239946
0.00240383
0.00239931
0.00240327
0.00240678
0.00240199
0.00241015
0.00246955
0.00242253
0.00241577
0.00239851
0.00241159
0.00244462
0.00241237
0.00240648
0.00239528
0.00240316
0.00240411
0.00239587
0.0024082
0.0023969
0.00242301
0.0024028
0.00240253
0.00241493
0.00240205
0.00239797
0.00240483
0.00239689
0.00240946
0.00241761
0.00239924
0.00240685
0.00241496
0.00240837
0.00240188
0.00239725
0.00240149
0.00240332
0.00240083
0.00240449
0.00239666
0.00240518
0.00240783
0.0024013
0.00240353
0.00239747
0.00240432
0.00240885
0.0023964
0.00240416
0.00240133
0.00243383
0.00252626
0.00243054
0.00242551
0.00242982
0.00241834
0.00241352
0.00239493
0.00240235
0.00239746
0.00239471
0.00240782
0.00243756
0.00239828
0.00241643
0.00240508
0.00240684
0.00240074
0.00239767
0.002409
0.00239762
0.0024081
0.00240134
0.00239948
0.00240107
0.00239553
0.00241389
0.00240108
0.002398
0.00240203
0.00240455
0.00239503
0.00240358
0.00239919
0.00240277
0.00240665
0.00239832
0.00240286
0.00239588
0.00240508
0.00241468
0.00239913
0.00240264
0.00244425
0.00241297
0.00240997
0.00240307
0.00240302
0.00240413
0.00239726
0.00241248
0.00239835
0.002404
0.00241264
0.00239808
0.00241041
0.00239601
0.00239483
0.00240227
0.00239418
0.00240729
0.00240538
0.00239819
0.00240353
0.00239599
0.00240948
0.00240379
0.00240082
0.00240339
0.00239574
0.00240818
0.00240386
0.00240103
0.0024106
0.00240941
0.00239768
0.0024013
0.00239447
0.00240203
0.0024044
0.00240244
0.00240452
0.0023974
0.00240361
0.00240834
0.00242502
0.0024162
0.00239995
0.00239432
0.00240568
0.00239467
0.00240164
0.0024025
0.00239821
0.00240836
0.00240467
0.00241137
0.0024028
0.00239651
0.00240959
0.00240027
0.00241297
0.00239826
0.0023967
0.00240976
0.00240284
0.00239732
0.00240719
0.0023969
0.00240903
0.00240269
0.00239447
0.00240122
0.002394
0.00241109
0.00240195
0.00239466
0.00240131
0.00239487
0.00240773
0.00240078
0.00239925
0.00240312
0.00240723
0.0023963
0.00240089
0.00239661
0.00243663
0.00242295
0.00239744
0.00240255
0.00239344
0.0024031
0.00240662
0.00240145
0.00240165
0.00241062
0.0023948
0.00241126
0.00239487
0.0024022
0.00240728
0.00239258
0.00240701
0.00239589
0.00240255
0.00240247
0.00239618
0.00240987
0.00239678
0.00239644
0.00240191
0.00239495
0.00240728
0.00240338
0.0023957
0.00240331
0.00239759
0.002408
0.00240466
0.00239475
0.00240596
0.00239462
0.00240801
0.00240111
0.00239477
0.00240208
0.00240685
0.00240205
0.00240996
0.00241192
0.00240012
0.00240653
0.00239756
0.00239882
0.00240036
0.00240133
0.00241293
0.00239536
0.0024077
0.00239432
0.00239489
0.00241055
0.00239673
0.00240353
0.00240007
0.00239561
0.00240644
0.0024015
0.00240104
0.00240024
0.00239426
0.002407
0.0023962
0.00240295
0.00249678
0.00239688
0.00241042
0.00240151
0.00239647
0.00240072
0.00239915
0.00241344
0.00240354
0.00239799
0.00242315
0.00239634
0.00241063
0.0024082
0.00240138
0.00243266
0.00242197
0.00239931
0.00240444
0.00239704
0.00240886
0.00246184
0.00239814
0.00240608
0.00239944
0.00241119
0.00241391
0.00240115
0.00240258
0.00240416
0.00239774
0.00240623
0.00239682
0.00240293
0.00240484
0.00239958
0.00241118
0.00239862
0.00240124
0.00240293
0.00247323
0.00241346
0.00240234
0.00239865
0.00240307
0.00239618
0.00240909
0.00240795
0.00239779
0.00240112
0.00239757
0.00241083
0.0024017
0.00240953
0.00242643
0.00242797
0.00240375
0.00244287
0.00241189
0.00240216
0.00240614
0.00239651
0.00240134
0.00239599
0.00240607
0.00241291
0.00239541
0.00240124
0.00243302
0.00240391
0.00240817
0.00241382
0.00240834
0.00240373
0.00240134
0.00240716
0.00239499
0.00240216
0.0024072
0.00239677
