0.00283338
0.00281435
0.00277726
0.00298392
0.0032536
0.00283996
0.00278127
0.00279179
0.00278194
0.00277614
0.00278266
0.00278817
0.00278198
0.002777
0.00279554
0.00278877
0.00281075
0.00278888
0.00278145
0.0027888
0.00277435
0.00278046
0.00285774
0.00277708
0.00279153
0.00278318
0.00278532
0.0027802
0.00278819
0.00290178
0.00282191
0.00279387
0.00278783
0.00279398
0.0028007
0.00278306
0.00278359
0.00277442
0.00278282
0.00278766
0.00280977
0.00278614
0.00277952
0.00278111
0.00277517
0.00279121
0.00278001
0.00277648
0.00277693
0.00278727
0.00278039
0.00277996
0.00279624
0.00278877
0.00277672
0.00278243
0.0027796
0.00279151
0.00277641
0.00278012
0.00278096
0.00277266
0.00279474
0.00278043
0.0027813
0.00277483
0.00281581
0.00279001
0.00278291
0.00278218
0.00278796
0.00278361
0.00277594
0.00278046
0.00278902
0.00277625
0.00279674
0.00282068
0.00280181
0.00279883
0.0027924
0.0027844
0.00277681
0.0028114
0.00278339
0.00279882
0.00278527
0.0027868
0.00278069
0.00277756
0.00278222
0.0027885
0.00278078
0.00278827
0.00277949
0.00278982
0.00277733
0.00278338
0.00278077
0.00277508
0.00279145
0.0027821
0.00281518
0.00278056
0.00278566
0.00278242
0.00277356
0.00278401
0.00278619
0.00278285
0.00277713
0.00277859
0.00278602
0.00279716
0.00279198
0.00278292
0.00277788
0.00278745
0.0027818
0.0027821
0.00277784
0.00278684
0.00278187
0.0027731
0.00278077
0.00278788
0.002776
0.00278023
0.00278165
0.00278343
0.00277833
0.00278155
0.00278501
0.00279065
0.00277781
0.00278333
0.00278328
0.0027749
0.00281458
0.00278864
0.00277527
0.0027768
0.00278655
0.00278292
0.00278132
0.00278369
0.00278941
0.00277606
0.00278107
0.00280411
0.00280287
0.00277759
0.00278128
0.00278246
0.00277765
0.00278867
0.00278573
0.00278057
0.00277445
0.00281987
0.00278235
0.00277639
0.00278407
0.00278665
0.00278451
0.00277671
0.00278646
0.00278771
0.00278698
0.0027802
0.00278151
0.00277684
0.00277726
0.00278492
0.00281182
0.00277726
0.00278651
0.00278097
0.00277633
0.00279877
0.00278919
0.0027807
0.00277397
0.00278273
0.00278663
0.00279799
0.00279206
0.00278262
0.00278446
0.00277691
0.00278221
0.00278477
0.00277575
0.002795
0.00278209
0.00277934
0.00277611
0.00279218
0.00278094
0.00277664
0.002787
0.00278833
0.00277858
0.00278677
0.0027824
0.00288511
0.00328814
0.00281556
0.00279172
0.00279297
0.0028014
0.00278989
0.00278173
0.00277674
0.0028257
0.00278457
0.00278005
0.00277439
0.0027875
0.00278183
0.00277809
0.00280926
0.00279884
0.00278134
0.00277536
0.00278209
0.0027914
0.00277677
0.00278001
0.00278194
0.00278613
0.00277717
0.00278705
0.00280477
0.00277472
0.00278927
0.00277952
0.0027868
0.00277472
0.00278732
0.00277929
0.00277543
0.00278123
0.00278893
0.00277454
0.00278299
0.00281056
0.00279035
0.00277454
0.00278936
0.00278266
0.00277684
0.00278898
0.00278101
0.00278063
0.00277818
0.00278605
0.00280089
0.00278784
0.00278042
0.00278848
0.00278637
0.00277482
0.00278264
0.0027866
0.00277556
0.00278587
0.0028161
0.00277404
0.00279415
0.00278059
0.00277882
0.00277964
0.00281341
0.00278102
0.00277846
0.00278308
0.00278524
0.00278788
0.00277723
0.00277966
0.00278638
0.00280374
0.00279204
0.00280282
0.00278769
0.00277717
0.00278286
0.00278075
0.00277724
0.00278799
0.00278243
0.00277902
0.00279598
0.00279871
0.00278432
0.00277955
0.00278178
0.00278773
0.00278537
0.00277876
0.00278095
0.00279284
0.00277695
0.00278139
0.00278261
0.00277753
0.00278675
0.00278454
0.0027812
0.00277516
0.00278482
0.00278165
0.00277949
0.00278481
0.00278637
0.00278021
0.0027772
0.00280734
0.0027966
0.00277599
0.00278331
0.00278303
0.00278669
0.00277518
0.00278249
0.00278172
0.00277503
0.00278562
0.00279683
0.00278709
0.00277998
0.0027862
0.00278604
0.00283823
0.00279232
0.00278898
0.00277851
0.00278306
0.00278153
0.00278703
0.00277895
0.00278332
0.00278669
0.00277611
0.0027898
0.00278222
0.00278332
0.00277881
0.00278819
0.00278413
0.00277567
0.00278277
0.00278928
0.00281955
0.00277729
0.00278168
0.00278612
0.00277665
0.00278145
0.00278473
0.00278627
0.00277831
0.00278083
0.00278081
0.00279259
0.00281334
0.00278247
0.00277562
0.00278282
0.00278753
0.00278193
0.00278041
0.00278114
0.0028292
0.00277576
0.00278216
0.00278512
0.00279382
0.00277766
0.00278224
0.00278123
0.00277538
0.00279163
0.00278208
0.00278173
0.00277637
0.00278582
0.00278105
0.00278058
0.00280769
0.0027914
0.00278161
0.00277557
0.00278208
0.00279853
0.00277819
0.00278159
0.00278189
0.00277921
0.0027906
0.00280426
0.00279179
0.00277698
0.00278537
0.00278106
0.0027754
0.00278674
0.00278476
0.00278132
0.0027976
0.00278481
0.0027983
0.00278267
0.00278333
0.00278346
0.00278648
0.00278597
0.00280863
0.0028103
0.00277565
0.00278659
0.00278209
0.00278158
0.0027786
0.0027858
0.00281853
0.00277561
0.00279445
0.00279018
0.00279642
0.00277966
0.00280769
0.00278542
0.00277922
0.00278264
0.00278462
0.00279262
0.00279606
0.00278642
0.00278029
0.00277796
0.00279177
0.00278105
0.00277631
0.00278462
0.00278609
0.00278449
0.00277847
0.00278195
0.00278797
0.00277371
0.00278046
0.00278221
0.00280283
0.00278817
0.00278365
0.00278095
0.00277823
0.00278946
0.00277949
0.00278086
0.00279998
0.00279235
0.0027834
0.0027808
0.00278507
0.00279131
0.00277519
0.00278371
0.00278112
0.00278941
0.00277578
0.00279545
0.00278995
0.00277471
0.00278977
0.00278473
0.00278129
0.00277402
0.00278442
0.0027812
0.00277793
0.00278595
0.00278679
0.00277949
0.0027739
0.00278098
0.00278538
0.00278427
0.00279583
0.00278428
0.00277781
0.00277713
0.00278335
0.00277816
0.00277626
0.00278644
0.00296702
0.00280927
0.00278138
0.0027903
0.00277858
0.00277333
0.00278271
0.00278439
0.00278017
0.00278109
0.00278171
0.00280263
0.00278494
0.00278164
0.00278438
0.00277605
0.00278809
0.00278118
0.0027818
0.00277642
0.0027865
0.00278095
0.00277422
0.00278423
0.00278707
0.0027807
0.00278202
0.00278107
0.00278665
0.00277766
0.00277966
0.00278296
0.00277717
0.00278356
0.0027921
0.00278103
0.00280379
0.00279688
0.00278297
0.00277772
0.00278324
0.00278704
0.00278187
0.00278087
0.00278059
0.00278469
0.00277666
0.0028054
0.00279444
0.00279468
0.00277505
0.00278017
0.00277829
0.00277508
0.00278791
0.00278457
0.00278259
0.00277894
0.00278944
0.00278141
0.00277556
0.00278236
0.00278735
0.00277607
0.00277907
0.00277963
0.00279257
0.00277863
0.00278074
0.00278475
0.00277613
0.00278846
0.00281484
0.00278532
0.00277573
0.00278723
0.00278005
0.00277455
0.00278256
0.00278854
0.00277781
0.00277574
0.00278166
0.00280308
0.0027922
0.00278008
0.00278084
0.00278649
0.00277414
0.00278166
0.00278067
0.00277694
0.00278607
0.00278084
0.00277379
0.00278114
0.00279023
0.00278262
0.00277961
0.00277991
0.00278888
0.00277833
0.00278487
0.00278104
0.00278664
0.00277655
0.0027826
0.0027868
0.00281134
0.00279623
0.00278342
0.00278203
0.00277558
0.00278809
0.00278126
0.00277443
0.00278018
0.00278616
0.00277283
0.00279827
0.00279358
0.00278551
0.00277897
0.00278041
0.00277807
0.00278088
0.00278762
0.0027807
0.00278286
0.0027766
0.00278872
0.00280721
0.00281074
0.00282003
0.00279598
0.00278186
0.00277288
0.00278139
0.00278659
0.00277363
0.00277894
0.00277814
0.00281368
0.00277649
0.00280644
0.0027895
0.00277382
0.00278552
0.00280551
0.00278321
0.0027747
0.00278474
0.00278036
0.00277485
0.00278149
0.00281217
0.00278488
0.00277554
0.0027815
0.0027894
0.00278406
0.00277872
0.0027794
0.00277578
0.00278558
0.00278014
0.00278245
0.00278142
0.00278811
0.00278294
0.00277717
0.00277896
0.00278884
0.00277843
0.00277479
0.00278045
0.00278732
0.00277649
0.00278622
0.00278179
0.00281703
0.00277913
0.0027907
0.00278427
0.00277463
0.00278986
0.00277876
0.00277701
0.00278279
0.00279039
0.00278185
0.00279437
0.00279049
0.00278702
0.0027772
0.00278808
0.00278111
0.00278539
0.00277651
0.00278074
0.00278286
0.00277817
0.00278907
0.00278056
0.00278184
0.0027753
0.00278574
0.00278767
0.0027742
0.00278079
0.00278601
0.00278452
0.00277528
0.00278745
0.00278585
0.00277462
0.00280511
0.00279041
0.00277865
0.00278815
0.00278077
0.00278249
0.00277565
0.00278732
0.00278443
0.0027763
0.00278158
0.00278618
0.00287572
0.00278999
0.00278512
0.00278753
0.00277927
0.00278392
0.00278298
0.00278659
0.00278052
0.00277945
0.00278109
0.00277635
0.00279027
0.0027801
0.00277762
0.00277406
0.00278736
0.00278102
0.00277551
0.00278104
0.00278864
0.00277681
0.00278248
0.00278138
0.00281479
0.00278088
0.00278306
0.00278446
0.00277851
0.00278872
0.00278042
0.00278781
0.00277722
0.00278852
0.00278227
0.00277709
0.0028024
0.00280236
0.00278502
0.00277649
0.0027815
0.00278739
0.00277406
0.0027852
0.00278255
0.00277818
0.0027775
0.00278309
0.00278228
0.00277953
0.00278437
0.00277862
0.00277558
0.00278234
0.00279035
0.00278562
0.00277335
0.00279833
0.0027849
0.00277539
0.00281449
0.00278768
0.0027874
0.00277473
0.00278135
0.00278054
0.002778
0.00278832
0.00277776
0.00278197
0.00277517
0.00278819
0.00280508
0.0027874
0.002781
0.00278768
0.0027763
0.00278187
0.00278785
0.00278763
0.00277657
0.00277982
0.00278059
0.00277579
0.00279424
0.00278165
0.00278343
0.0027773
0.00278686
0.00278063
0.00278226
0.00278334
0.00278593
0.00278172
0.00277628
0.00278068
0.00281964
0.00277657
0.00278873
0.0027809
0.00278717
0.00277564
0.00278009
0.00278371
0.00277916
0.00278766
0.0027792
0.00277774
0.0027958
0.00279345
0.00277812
0.00277714
0.00278129
0.00279061
0.00285944
0.00291411
0.00281
0.00278923
0.00277703
0.00278171
0.00277969
0.00277597
0.00278742
0.00277989
0.00277914
0.00281977
0.00278857
0.00278133
0.00277729
0.00278363
0.00278423
0.00278517
0.00280491
0.00278872
0.002787
0.00277565
0.00278751
0.00278186
0.00280489
0.00277852
0.00278172
0.00278296
0.00277983
0.00278591
0.00280099
0.00279463
0.00277535
0.00279103
0.00278507
0.00277734
0.00278033
0.00278583
0.00277631
0.00278388
0.00279934
0.00278758
0.00277834
0.00278959
0.00278312
0.00277493
0.00280115
0.00278286
0.00278229
0.00277673
0.00278809
0.00278248
0.00278244
0.00278428
0.0028168
0.00278134
0.00277486
0.00279291
0.00278694
0.00277501
0.00278273
0.00278248
0.00278643
0.00277928
0.00278265
0.00278119
0.00279191
0.00279644
0.00278325
0.00277956
0.00278416
0.00278488
0.00278176
0.00277491
0.00278189
0.00278844
0.00277863
0.00278326
0.00278225
0.00278473
0.00277746
0.00278785
0.00278209
0.00277599
0.00278824
0.00278151
0.00278204
0.00278002
0.00278905
0.00278155
0.00280885
0.00279327
0.00279095
0.00277645
0.00277605
0.00278265
0.00278786
0.00277433
0.00278746
0.00278661
0.00277381
0.0027898
0.00279718
0.00279527
0.00278294
0.00278711
0.00278101
0.00277698
0.0027815
0.00278762
0.00278326
0.00277762
0.00278279
0.0027876
0.0027775
0.00278143
0.00278388
0.00278724
0.00277821
0.00278242
0.00278098
0.00277541
0.00278883
0.00278385
0.00280039
0.00278966
0.00282056
0.00279053
0.00278119
0.00278205
0.0027857
0.00277452
0.00277992
0.00278454
0.00278628
0.00277559
0.0027821
0.00278339
0.0027935
0.002804
0.00278777
0.0027805
0.00277829
0.00278787
0.00278277
0.00277765
0.00278408
0.00278817
0.00280205
0.00279105
0.00278007
0.00278867
0.00277548
0.00278127
0.002781
0.00277428
0.00277746
0.00279012
0.00278354
0.00277514
