0.0508179
0.0437507
0.0354341
0.0343035
0.0515927
0.0177493
0.0173247
0.0169384
0.0347123
0.0177993
0.0179838
0.0162276
0.0174375
0.0162919
0.0178075
0.0161939
0.0177771
0.016914
0.0164089
0.0344799
0.0162478
0.0176551
0.0164727
0.0175121
0.0302476
0.0363611
0.0302022
0.0345966
0.0181753
0.0179385
0.0167294
0.0170609
0.0163451
0.0175625
0.017039
0.0164425
0.0177177
0.0166541
0.0341514
0.0164517
0.0167633
0.0176229
0.0165007
0.0291023
0.0174059
0.017019
0.0168259
0.0167505
0.0354718
0.0357641
0.0526369
0.0340766
0.0807219
0.0388573
0.0535842
0.0423715
0.0545811
0.0182594
0.0167384
0.0171912
0.0177659
0.0159982
0.0176622
0.0164426
0.0175773
0.0167765
0.0167537
0.0288347
0.0163473
0.0185406
0.016816
0.0178338
0.0465064
0.0285203
0.035897
0.0174897
0.0176757
0.0178569
0.0175563
0.0181826
0.0406937
0.0171402
0.0167597
0.0175315
0.0164284
0.0353806
0.0172968
0.016266
0.0167048
0.0178339
0.0172851
0.0289551
0.0170109
0.0166046
0.0173768
0.016252
0.0242001
0.0167558
0.0166436
0.0172738
0.0532316
0.0239492
0.0275035
0.0177616
0.0162801
0.0180816
0.0171307
0.0171005
0.0168684
0.0165261
0.0352598
0.0182184
0.0179604
0.0165267
0.0175881
0.0288392
0.0170606
0.0174196
0.016404
0.0176078
0.0401943
0.0175968
0.0183134
0.0167804
0.0167371
0.0173874
0.0165761
0.0175388
0.0216485
0.0476378
0.0284281
0.0173134
0.0174246
0.0168402
0.0355238
0.016875
0.0169609
0.0175388
0.01649
0.0293113
0.0168088
0.0174992
0.0169348
0.0163498
0.0176903
0.0240288
0.0181005
0.0169818
0.0163449
0.017269
0.0346859
0.016731
0.0171176
0.0176277
0.0163374
0.0295227
0.0341404
0.0347558
0.0244205
0.0167021
0.0176696
0.0168057
0.0161697
0.0179536
0.033361
0.017485
0.0163407
0.0169749
0.0178584
0.0284845
0.0180941
0.0177675
0.0169507
0.0170341
0.0413456
0.0164703
0.017264
0.0173753
0.0168803
0.0158227
0.0184684
0.0172261
0.0173265
0.0169531
0.0169928
0.0311705
0.0380783
0.0260865
0.0237278
0.0177083
0.0165466
0.0174183
0.0172776
0.0165563
0.0360424
0.0171116
0.0169904
0.0165408
0.0174751
0.0283852
0.0174729
0.0169591
0.0165097
0.0176213
0.0169457
0.0247695
0.0177398
0.0183943
0.0168629
0.0350658
0.0163871
0.0176038
0.017392
0.0166564
0.018045
0.0416033
0.027517
0.0185034
0.0352329
0.0176856
0.017388
0.0170301
0.0160682
0.0301539
0.0163681
0.0172349
0.0175629
0.0173325
0.0403669
0.0164921
0.0181279
0.0165982
0.0166273
0.0167623
0.0172028
0.0176749
0.0164665
0.0160827
0.0180512
0.0408684
0.0159687
0.0176598
0.0164718
0.0420073
0.0204065
0.0372245
0.0220168
0.0289953
0.0178489
0.0165161
0.0176118
0.016941
0.01623
0.0245944
0.0172189
0.0182445
0.016816
0.0167756
0.0340552
0.0180708
0.0168354
0.0166771
0.017659
0.0270721
0.0178065
0.0166937
0.0171449
0.0170195
0.017427
0.0232369
0.0184815
0.0183268
0.0699696
0.0174731
0.0179396
0.0172746
0.0158657
0.0181522
0.0162617
0.0172529
0.0166103
0.0167485
0.0358561
0.0173428
0.0171943
0.0170677
0.0161426
0.0177249
0.0279705
0.017957
0.0164123
0.0175319
0.0164305
0.0401151
0.0174547
0.0170133
0.0170204
0.0172209
0.0165365
0.0175305
0.0248056
0.0335872
0.0266687
0.0341206
0.0180013
0.0349284
0.0168123
0.0165965
0.0172487
0.0175585
0.0276654
0.0175093
0.0171677
0.0161154
0.0175772
0.017002
0.0244252
0.0179854
0.0173935
0.0168926
0.0175177
0.0349729
0.0179439
0.0167401
0.0164692
0.0177989
0.0283605
0.0350509
0.0301807
0.0180869
0.0226654
0.0177378
0.017036
0.0165903
0.0165484
0.0357355
0.0168202
0.0176851
0.0168901
0.0163803
0.0173681
0.0163259
0.0173914
0.0167926
0.0176471
0.0171561
0.0353988
0.0162632
0.0168311
0.0176192
0.0167326
0.0290694
0.0172364
0.0172374
0.0168478
0.016383
0.0577301
0.0339614
0.0167141
0.0173672
0.0169367
0.0179242
0.0168935
0.0167704
0.0399166
0.0172526
0.0171554
0.016999
0.0171211
0.0358877
0.0166416
0.0170211
0.0174291
0.016174
0.029033
0.0154937
0.0181229
0.0168301
0.0170464
0.0172842
0.0234482
0.0166568
0.0170598
0.0171528
0.015816
0.036458
0.0294834
0.0360395
0.0218068
0.0289013
0.018566
0.0165474
0.0169173
0.0171747
0.0235819
0.017105
0.016658
0.017425
0.0162453
0.0383477
0.020636
0.0176233
0.0176082
0.0177982
0.0172459
0.016695
0.0168135
0.0170702
0.0171769
0.0169088
0.0394539
0.0164952
0.0172357
0.0566666
0.0167938
0.0389175
0.0209494
0.0337093
0.0277043
0.0309083
0.0378514
0.0181509
0.0186722
0.0321896
0.0392505
0.0174859
0.0187958
0.0255575
0.0176382
0.0304013
0.0176432
0.0181984
0.0172918
0.0201783
0.0231872
0.0184243
0.0181118
0.0357754
0.0568398
0.0220493
0.0184297
0.0182605
0.0265255
0.0265814
0.0209976
0.037149
0.0181683
0.0180846
0.0186481
0.0186327
0.0289788
0.0181916
0.020696
0.0176637
0.0173644
0.0412137
0.0177598
0.0175029
0.0167939
0.0179389
0.016997
0.0168656
0.0217705
0.0353228
0.0355178
0.0176164
0.017316
0.0175746
0.0176669
0.0407217
0.0169412
0.016315
0.0176791
0.0169089
0.017179
0.0164206
0.017159
0.0181291
0.0169554
0.0400517
0.0171824
0.0177181
0.0172234
0.0172598
0.035034
0.0174288
0.0172489
0.0179476
0.0160914
0.0297264
0.038421
0.031478
0.016948
0.0236761
0.0166747
0.0184853
0.0171795
0.0176233
0.0289687
0.0171808
0.0171207
0.0167195
0.0182536
0.0225619
0.017921
0.0185637
0.0170451
0.0178585
0.0338084
0.0168393
0.0166233
0.0174906
0.0172314
0.0161556
0.0279717
0.0173653
0.017416
0.0169965
0.0171979
0.0172227
0.0230464
0.016933
0.0167114
0.0180867
0.0163149
0.035206
0.0172366
0.0170098
0.0179047
0.0163994
0.01745
0.0176649
0.0172405
0.0170731
0.0170007
0.0353742
0.0163922
0.0182648
0.0171394
0.0177156
0.0167824
0.029369
0.017439
0.0162573
0.0179998
0.0405495
0.0174049
0.0166127
0.017538
0.0171657
0.0173383
0.017197
0.0161965
0.0182446
0.0165911
0.0169663
0.0405479
0.0189497
0.0163346
0.0182431
0.01649
0.0348167
0.0169648
0.0167408
0.0175157
0.0165638
0.0286519
0.0175961
0.0169258
0.017834
0.016945
0.0172328
0.022601
0.017632
0.017262
0.0165486
0.0168969
0.0345487
0.0170783
0.0173105
0.0155671
0.0182245
0.0293877
0.0173472
0.0166567
0.0172711
0.0165472
0.0166943
0.0233608
0.0174221
0.017683
0.0173969
0.0195065
0.0344775
0.0171962
0.0170657
0.0181652
0.0177322
0.0175422
0.0177009
0.0165679
0.0175313
0.0171501
0.0354241
0.0171298
0.0174254
0.0177821
0.0163868
0.0177194
0.0293582
0.0194278
0.0170902
0.0181657
0.0392645
0.0177017
0.016829
0.0164313
0.0174636
0.0166702
0.0174084
0.0177816
0.0229407
0.0165877
0.0171139
0.0282708
0.0168033
0.0171607
0.0174167
0.0174023
0.0398207
0.0169832
0.0163272
0.0177512
0.0164221
0.0350683
0.0170102
0.0180918
0.015898
0.017621
0.0175458
0.0161506
0.0174089
0.0162274
0.0178965
0.017187
0.0345561
0.0166667
0.0168377
0.0179767
0.0242743
0.030424
0.0178341
0.0178366
0.0162545
0.0411699
0.0170705
0.0170647
0.0168861
0.017777
0.0170584
0.018653
0.0177155
0.0170804
0.0180962
0.0165339
0.0174658
0.0289503
0.016806
0.0177371
0.01667
0.0407377
0.0172262
0.0170273
0.0163964
0.0177158
0.0347371
0.0169045
0.0168874
0.0180785
0.0171104
0.0157289
0.0180522
0.0164861
0.0176338
0.0174461
0.0161842
0.0336583
0.0168044
0.0177455
0.0166482
0.0172825
0.0173177
0.0289727
0.017461
0.0169124
0.0161618
0.0407963
0.0176175
0.0164639
0.017015
0.0175913
0.0170166
0.0170763
0.0171635
0.0179453
0.0171988
0.0165999
0.0403387
0.0178376
0.0169005
0.0169718
0.0176474
0.0348193
0.0171844
0.016716
0.0164087
0.0170636
0.0290125
0.0166921
0.0171646
0.0173443
0.0163873
0.017979
0.0231303
0.0178988
0.0169818
0.0160792
0.0172656
0.0355564
0.0159257
0.0180776
0.016862
0.0161916
0.0301254
0.0163446
0.0176387
0.0171327
0.0186381
0.0172762
0.0229717
0.0171874
0.0169623
0.0173992
0.0168159
0.0289034
0.0164015
0.0174147
0.0167536
0.0169446
0.0170207
0.0252481
0.0180395
0.0172334
0.0170237
0.0171901
0.0358328
0.0167981
0.0168524
0.0169303
0.0176404
0.0285501
0.0173465
0.0166997
0.0180293
0.0167281
0.0171511
0.0220717
0.0164874
0.0172334
0.0168548
0.0180774
0.0285991
0.0168445
0.0176733
0.0165363
0.0161557
0.0236243
0.0173239
0.0168334
0.0158282
0.0176174
0.0174629
0.0353951
0.0165652
0.0177178
0.0174177
0.016579
0.0294253
0.0171391
0.0173148
0.0166066
0.0170338
0.0174803
0.0234294
0.0167478
0.0165609
0.0182342
0.0389993
0.0169862
0.0164417
0.0176323
0.0164445
0.0174406
0.0174807
0.0170419
0.0173124
0.0162153
0.0179997
0.0350799
0.0172067
0.0173257
0.0171646
0.0167851
0.0168123
0.0303913
0.0176456
0.0176173
0.0164895
0.0403874
0.0165911
0.0175299
0.0171972
0.0163625
0.017617
0.017353
0.0168327
0.0170593
0.0170858
0.0172485
0.0444155
0.032337
0.0174585
0.0174283
0.0358705
0.017206
0.0160816
0.0178971
0.0171278
0.0293049
0.0176455
0.0175353
0.0171828
0.0164738
0.0225618
0.0178863
0.0169103
0.0178656
0.0166507
0.0165001
0.0301757
0.0165241
0.0173813
0.0172967
0.0409346
0.0167133
0.0175941
0.0173717
0.016469
0.0177055
0.0169585
0.0160893
0.0171654
0.0168306
0.017663
0.0390757
0.0167677
0.0167821
0.0173181
0.0177672
0.0339918
0.0176826
0.0159668
0.017999
0.017251
0.0297332
0.0174183
0.0182675
0.0169885
0.0168702
0.0172893
0.0215652
0.016761
0.0180213
0.0163538
0.0176604
0.0286305
0.0176009
0.0174263
0.0161224
0.0178305
0.0167523
0.0234515
0.0163947
0.0166631
0.0174844
0.0164083
0.0347119
0.0171145
0.017448
0.0163818
0.0175691
0.028472
0.018002
0.0164549
0.0174953
0.0168877
0.0405302
0.0167385
0.017752
0.0173547
0.0162666
0.018279
0.0162298
0.0178566
0.0168313
0.0160995
0.0416437
0.0172722
0.0164899
0.0167868
0.0176193
0.0343514
0.0165358
0.017246
0.0171004
0.015883
0.0186803
0.0282413
0.0172369
0.0171363
0.0172393
0.0167737
0.0230456
0.0175305
0.0171912
0.0170687
0.0171418
0.035476
0.0174561
0.0178033
0.0167638
0.017152
0.0173493
0.0271191
0.0179466
0.0169082
0.0158347
0.0180279
0.0385984
0.0164212
0.0179262
0.0165212
0.0176862
0.016777
0.0172657
0.0168561
0.0165373
0.0177078
0.0399349
0.0175505
0.0156871
0.0177827
0.0170261
0.0347993
0.016035
0.0179739
0.016909
0.0163704
0.0178236
0.0289165
0.016369
0.0172546
0.0180173
0.0165471
0.0230434
0.0166546
0.0169857
0.0176282
0.0163614
0.0353234
0.0169188
0.0172242
0.0166219
0.0178728
0.0168533
0.0287906
0.0165985
0.0175866
0.0169038
0.0166105
0.0242362
0.0166765
0.0167714
0.0172437
0.0171242
0.0347493
0.0161727
0.0178453
0.0167708
0.0175277
0.0167295
0.0174336
0.0170329
0.0154428
0.0177843
0.0185151
0.035017
0.0161953
0.0175226
0.0176472
0.0165354
0.017586
0.0290521
0.0169324
0.0166763
0.0175406
0.0405565
0.0171896
0.016742
0.0180702
0.0164722
0.0170721
0.0167756
0.0170934
0.0171121
0.0163915
0.0178739
0.0407925
0.0171003
0.0161678
0.0177889
0.016324
0.0344265
0.0183252
0.0176045
0.017232
0.0168696
0.0291636
0.0174878
0.0170695
0.0165535
0.0170444
0.0172758
0.0233269
0.0166942
0.0168447
0.0173467
0.0164494
0.0351942
0.017442
0.0173702
0.0182398
0.018017
0.0285337
0.0185043
0.0164532
0.0170699
0.0173711
0.0160507
0.0236629
0.0166916
0.0175914
0.0169672
0.0167025
0.0350179
0.0172053
0.0172921
0.0162713
0.017926
0.016319
0.0177025
0.0164696
0.0175105
0.0167567
0.0167406
0.0347023
0.0185561
0.01768
0.0175161
0.0180748
0.0290101
0.0169539
0.0176849
0.0170023
0.0161335
0.0400778
0.0165005
0.0174034
0.0171218
0.0167994
0.0174667
0.0165816
0.0178465
0.0172738
0.0169218
0.0399919
0.0162445
0.0180167
0.0182136
0.0178192
0.0343782
0.0175602
0.0163154
0.0169784
0.0175533
0.0282755
0.0172438
0.0167888
0.0170975
0.0174804
0.015718
0.024326
0.0166754
0.018134
0.0167539
0.0171832
0.0349218
0.0172229
0.017189
0.0163824
0.018228
0.0163372
0.0293099
0.0167771
0.0175762
0.0171492
0.0172024
0.0227644
0.0174077
0.017223
0.0170503
0.0186991
0.034739
0.0177337
0.0167036
0.0177717
0.0172573
0.0162557
0.0175624
0.0170113
0.017819
0.0173015
0.0164422
0.0350747
0.0171281
0.017089
0.0169523
0.0183915
0.0292173
0.0176514
0.0166035
0.0165596
0.0176825
0.0405918
0.0178938
0.017303
0.017076
0.0170065
0.0173837
0.0156429
0.0182493
0.016114
0.0177091
0.0169549
0.0290025
0.016605
0.0170627
0.0161553
0.0181848
0.0396607
0.0170455
0.0163027
0.0175671
0.0167425
0.0172204
0.0169605
0.0170744
0.0170718
0.0166804
0.0167999
0.0398976
0.0176616
0.0167455
0.016791
0.0168356
0.0350744
0.0173358
0.0165767
0.01758
0.0168001
0.0290491
0.0182821
0.0174718
0.0170749
0.0176823
0.0168052
0.0229383
0.0170709
0.0164143
0.0168866
0.0178833
0.0286334
0.0165234
0.0174712
0.0171368
0.0163854
0.017048
0.023213
0.0173647
0.0167137
0.0166163
0.017449
0.0332919
0.0174205
0.0165325
0.0176193
0.017084
0.0287828
0.0165845
0.016725
0.0176951
0.0168444
0.0161287
0.0252684
0.0163836
0.0183738
0.0172225
0.0175687
0.0334458
0.0183129
0.0160799
0.0173579
0.0168402
0.0170162
0.0175495
0.0164141
0.016684
0.0175093
0.016378
0.0337977
0.0168899
0.0170321
0.0177272
0.0170757
0.0287741
0.0174478
0.0168198
0.0177588
0.0163883
0.0404846
0.0164317
0.0171331
0.016869
0.0169674
0.0176807
0.0169831
0.0168023
0.0169709
0.0174726
0.041205
0.0170298
0.0167756
0.0180777
0.0169134
0.0352554
0.0171954
0.0185451
0.017204
0.0162039
0.0290659
0.0164361
0.017611
0.0174452
0.0197439
0.0169567
0.0223289
0.0175154
0.0170374
0.0179963
0.0167204
0.0347081
0.0173927
0.0168772
0.0173293
0.0165958
0.0295447
0.0161689
0.0180675
0.0161157
0.0171304
0.0179856
0.0227629
0.0174586
0.0162081
0.017589
0.0173743
0.0168895
0.0176523
0.0165001
0.0172231
0.017042
0.0171785
0.0413745
0.0171356
0.0168242
0.0174433
0.0173752
0.0345154
0.0170959
0.017163
0.017835
0.0159367
0.0181527
0.0170398
0.0166363
0.0174327
0.0162929
0.0357679
0.0332246
0.0189783
0.0173945
0.0173445
0.0291942
0.0170035
0.0167528
0.0173577
0.0348845
0.0170165
0.0175209
0.0164512
0.0181136
0.0170476
0.0163723
0.0177006
0.016396
0.0172642
0.0167677
0.0344464
0.0171255
0.0167277
0.0168854
0.0175066
0.0170949
0.029222
0.0170679
0.0165468
0.0180825
0.0408315
0.017674
0.0173833
0.0170533
0.0170342
0.0349245
0.0165795
0.0172478
0.0167733
0.0174406
0.0171129
0.0167917
0.0176952
0.0161475
0.0176266
0.0174377
0.0345659
0.0171191
0.0163148
0.0176604
0.0161094
0.0298314
0.0171263
0.0165326
0.0175394
0.0165566
0.0407287
0.0173992
0.0186993
0.0157159
0.0180706
0.0337813
0.0173957
0.0168375
0.0167052
0.0177474
0.0169231
0.0279604
0.0165697
0.0173207
0.0163249
0.0173053
0.0236138
0.0172837
0.0187783
0.0173834
0.0165688
0.0352809
0.0164326
0.017285
0.0165127
0.0180606
0.0171546
0.0163109
0.0180638
0.0164687
0.0166896
0.0174748
0.0355835
0.0173887
0.0166958
0.0173488
0.0163951
0.0284139
0.018454
0.0163619
0.0170353
0.0175803
0.0384207
0.0173901
0.016864
0.0172906
0.0175718
0.0171627
0.0165906
0.0177803
0.0165161
0.0175104
0.0171556
0.0385824
0.0174181
0.0162813
0.0176779
0.017101
0.0341149
0.0163422
0.0171004
0.0177342
0.0164201
0.0291258
0.0173055
0.0164578
0.017305
0.0163665
0.0172944
0.0234242
0.0170245
0.0164342
0.0173414
0.0174761
0.0336843
0.0180606
0.0161683
0.0177178
0.0170369
0.0297603
0.0167305
0.0169863
0.0175081
0.0169798
0.0179548
0.0225593
0.0179473
0.0159399
0.0175669
0.0165711
0.0350652
0.0182921
0.0172046
0.0173043
0.0170452
0.0174136
0.0163795
0.016709
0.0183801
0.0162162
0.0174243
0.0341648
0.016451
0.0175762
0.0155383
0.0181432
0.0281805
0.017255
0.0170853
0.0165778
0.0177676
0.0402693
0.0167194
0.017616
0.0170262
0.0159924
0.017988
0.0158664
0.0178471
0.0165002
0.0172234
0.0179749
0.0400342
0.0167854
0.0170534
0.0176593
0.0168499
0.0348641
0.0177276
0.0167555
0.0162111
0.0174734
0.0281037
0.0184039
0.0169891
0.0162034
0.0173919
0.0170122
0.0236709
0.0167861
0.0166937
0.0183222
0.0164922
0.0348063
0.0170305
0.0172842
0.0164298
0.017353
0.0284885
0.0175581
0.0166007
0.0167797
0.0181053
0.0168871
0.0231548
0.0158259
0.0179353
0.0171238
0.0186843
0.0345325
0.0175817
0.0170842
0.0171902
0.0176525
0.016515
0.0171101
0.0167308
0.0167656
0.0178592
0.0159421
0.03543
0.0171587
0.0176857
0.0165413
0.0171587
0.0281895
0.0189863
0.0167398
0.0174647
0.0184803
0.0393473
0.017666
0.0165452
0.0170357
0.0176618
0.016131
0.0170867
0.0180292
0.0176291
0.0169987
0.0414229
0.0164929
0.0175613
0.0165252
0.0171508
0.0179866
0.0167844
0.016977
0.0160933
0.017499
0.0174718
0.0298283
0.0172004
0.0177626
0.0170821
0.0170079
0.0176629
0.0228825
0.0178462
0.016905
0.0163734
0.0177703
0.0347522
0.0174327
0.017229
0.0165085
0.0178332
0.0287779
0.0175659
0.0161102
0.0172939
0.0173236
0.0165108
0.0253425
0.017539
0.0176031
0.0173603
0.0166916
0.0346953
0.0174817
0.017326
0.0164231
0.0170477
0.0173572
0.0163595
0.017621
0.0190295
0.0184373
0.0178774
0.0375821
0.0167415
0.0176025
0.0173844
0.0167733
0.0303108
0.0172796
0.0172231
0.01679
0.0407763
0.0164508
0.0174509
0.0171368
0.0163601
0.0175894
0.0166341
0.0165754
0.0169417
0.0178023
0.0171216
0.0405345
0.01792
0.0173826
0.0168068
0.0165614
0.0348405
0.0171763
0.0171113
0.0169046
0.0163849
0.0293229
0.0159472
0.0178601
0.0172134
0.0161673
0.0182045
0.0221934
0.0179043
0.0161397
0.0179715
0.0169082
0.0347838
0.0170016
0.0156359
0.0180402
0.0175991
0.0291065
0.0160566
0.017862
0.016475
0.0171127
0.0177135
0.0232484
0.0184668
0.0184055
0.0161791
0.017182
0.0352513
0.017269
0.0161855
0.0177081
0.0162525
0.0175942
0.0174298
0.0165526
0.017394
0.0171951
0.0161757
0.0341775
0.0172363
0.0172402
0.0165482
0.0163903
0.0295729
0.0166872
0.0175175
0.0168466
0.016934
0.040772
0.0165601
0.0172932
0.0171635
0.0171509
0.0172776
0.0163891
0.0166243
0.0172544
0.0174144
0.0170699
0.0173188
0.0289456
0.0168626
0.016208
0.0183144
0.0407183
0.0169141
0.0160699
0.0179433
0.0164636
0.0175267
0.0164238
0.0175419
0.0167899
0.0164761
0.0172791
0.0451847
0.0171835
0.0171636
0.0168741
0.0163789
0.0329204
0.017597
0.0162518
0.017685
0.0164237
0.0284231
0.0167907
0.0170916
0.0175131
0.016432
0.0169877
0.0235505
0.0173362
0.0187409
0.0164236
0.0170237
0.0344432
0.0166869
0.0180923
0.0173244
0.017076
0.0175621
0.0170498
0.0163351
0.0180638
0.0173925
0.017121
0.0338058
0.0174143
0.0163669
0.0174106
0.0174129
0.0282198
0.0174615
0.0163845
0.017239
0.0169819
0.0406632
0.0166797
0.0168857
0.0163347
0.0171373
0.0169922
0.0171858
0.0155856
0.0184016
0.0162605
0.0420287
0.0367939
0.0171219
0.0174304
0.0337096
0.0168405
0.0172163
0.0166629
0.0176355
0.0162775
0.0285012
0.0160331
0.0180334
0.0171968
0.0156082
0.0242656
0.0169847
0.017129
0.016854
0.0169351
0.0345552
0.0176032
0.0169228
0.0169427
0.0190893
0.0177908
0.0286527
0.0167082
0.0178584
0.0164353
0.016679
0.0238668
0.0168582
0.017576
0.0171065
0.0163502
0.0354159
0.0172092
0.0163627
0.0173815
0.0168658
0.0163674
0.0171002
0.0171083
0.0171955
0.0175583
0.016454
0.0352518
0.016708
0.0173975
0.0185556
0.0189719
0.0279557
0.0175835
0.0168086
0.0171128
0.0173243
0.0345495
0.0169731
0.0174571
0.0163953
0.0175224
0.0166878
0.0176664
0.0169064
0.0170423
0.0178409
0.0160674
0.0355205
0.017127
0.0162857
0.0176994
0.0161071
0.0298989
0.0162353
0.0186165
0.0163687
0.0179425
0.0401574
0.0166819
0.0175912
0.0169369
0.0166774
0.0174794
0.0163802
0.017607
0.0168568
0.0171584
0.0168587
0.0400513
0.0173756
0.0165161
0.0176973
0.0183386
0.0336602
0.0174835
0.0164272
0.0171385
0.0176464
0.0287347
0.0182852
0.0178571
0.0168938
0.0162745
0.0178554
0.022287
0.0163569
0.0173995
0.0167324
0.0168671
0.0354208
0.0168039
0.0171628
0.0168652
0.0170093
0.0294244
0.0166037
0.0171372
0.0167278
0.0161418
0.0182165
0.0218394
0.0183267
0.0168605
0.0164569
0.0168819
0.0344542
0.01746
0.0167562
0.0165867
0.0172556
0.017004
0.0168349
0.0177203
0.0159856
0.0180402
0.016835
0.0345401
0.0165786
0.0175672
0.0167933
0.0180538
0.0281673
0.0189209
0.0172077
0.0174646
0.0169936
0.0398144
0.0163902
0.0171223
0.0173002
0.0170656
0.016518
0.0178676
0.0166492
0.0170971
0.0163968
0.0404166
0.0170341
0.0172275
0.0173647
0.0169758
0.0158347
0.0180908
0.0171184
0.016741
0.0169313
0.0166024
0.0406871
0.0165556
0.0178333
0.0169138
0.015686
0.034358
0.0164885
0.0174684
0.0169881
0.0163692
0.0302308
0.016824
0.0176206
0.0169795
0.0168489
0.0179634
0.0223342
0.0191799
0.0161683
0.017342
0.0176342
0.03481
0.0170024
0.0163957
0.0171674
0.0166003
0.0291458
0.0174911
0.0172133
0.0167929
0.0166213
0.0411078
0.0173139
0.0160352
0.0179625
0.0161905
0.0354976
0.0168734
0.0176464
0.0169488
0.016143
0.0176163
0.0169172
0.0172999
0.0163096
0.016941
0.0180557
0.0349182
0.0163919
0.0166639
0.0174345
0.0170232
0.0290253
0.0165753
0.016015
0.0179983
0.0163976
0.0403167
0.0172554
0.0174963
0.0171229
0.0166941
0.0175519
0.0175325
0.016908
0.0168827
0.0167599
0.0167065
0.0292851
0.0166725
0.0173942
0.017543
0.0161347
0.0414435
0.0171915
0.0173023
0.015679
0.0186306
0.0170023
0.0171809
0.0171699
0.0176977
0.0169946
0.0168217
0.0557647
0.0220564
0.0177931
0.0172578
0.0347506
0.0168841
0.0164091
0.0174478
0.0166987
0.0285469
0.0171549
0.0163123
0.0176067
0.016233
0.01666
0.0243996
0.0169901
0.0181969
0.0166506
0.0174876
0.0346343
0.0170381
0.0177368
0.0168394
0.0170266
0.0165482
0.0174529
0.0173198
0.0165799
0.0178981
0.0333072
0.0175224
0.017249
0.0164643
0.0176686
0.0167517
0.0292423
0.0169378
0.0173436
0.017179
0.0163501
0.0405792
0.0169213
0.0176825
0.0167982
0.0161752
0.0180569
0.0163423
0.0182479
0.0171225
0.0172105
0.0405986
0.0167914
0.0166406
0.0176024
0.0168874
0.0345054
0.0176218
0.0174177
0.0173111
0.0165468
0.0290019
0.0162091
0.0183614
0.0168948
0.0166216
0.0168971
0.0223473
0.0179544
0.0169398
0.017108
0.0166046
0.034807
0.0163205
0.0174902
0.0173075
0.0179988
0.0301088
0.0179329
0.017365
0.0157621
0.0183482
0.0160848
0.0238244
0.01737
0.0157767
0.01792
0.0170196
0.0351544
0.0163249
0.0179788
0.016689
0.0163107
0.0170898
0.0171813
0.0199669
0.0199482
0.0294656
0.0363206
0.0175729
0.0180846
0.0185051
0.0183324
0.0293811
0.0182757
0.0184331
0.0177709
0.0457441
0.0179285
0.0181821
0.0197678
0.0182211
0.0177251
0.0184363
0.0174371
0.0184026
0.0180095
0.0407128
0.0164155
0.0172411
0.016785
0.0174621
0.0334176
0.016423
0.0182262
0.0164261
0.017533
0.0286771
0.0176995
0.0176868
0.0173603
0.0175028
0.0158333
0.0244179
0.0159728
0.0185017
0.0173574
0.016757
0.0342913
0.0187659
0.0177784
0.0161092
0.0176473
0.0264252
0.0173412
0.0166494
0.0167308
0.017946
0.0170355
0.0232106
0.016686
0.0172818
0.0171001
0.0168099
0.0348209
0.0164593
0.0176637
0.0163542
0.0174255
0.0170513
0.0168812
0.0172754
0.0171266
0.016878
0.0168543
0.0354417
0.0169121
0.016575
0.0167919
0.0172222
0.030254
0.0174727
0.0173967
0.0170058
0.0158389
0.0410257
0.0173764
0.0167362
0.0158024
0.018063
0.0177311
0.0170834
0.0167379
0.0178149
0.0164033
0.0163209
0.0414803
0.0177049
0.0168344
0.0169002
0.0169036
0.035432
0.0180825
0.0156652
0.0176853
0.0172043
0.0303072
0.0165681
0.0178343
0.0169019
0.0165179
0.0175983
0.0224231
0.0174729
0.0162828
0.016511
0.0176726
0.0347981
0.0163097
0.0167087
0.0176987
0.0169504
0.0290352
0.0171999
0.0164159
0.0168464
0.0171808
0.017589
0.0232255
0.0177478
0.0174191
0.0172008
0.0174414
0.0344463
0.0163502
0.0172997
0.0183418
0.0175833
0.0162125
0.0177402
0.0165696
0.017388
0.016718
0.0175873
0.0398243
0.0175469
0.0174411
0.016702
0.0165679
0.0360731
0.0172055
0.0164893
0.0167774
0.0177443
0.0280148
0.0177829
0.0168009
0.0167982
0.0162791
0.0166243
0.0248267
0.0174771
0.0175959
0.0181286
0.0169322
0.0353333
0.0167826
0.0173389
0.0174478
0.0163352
0.0296104
0.0167676
0.0181938
0.0166317
0.0172767
0.0166639
0.0226298
0.0172527
0.0164888
0.0176523
0.0163529
0.0350683
0.016772
0.0179527
0.0168455
0.0171112
0.0162694
0.0168245
0.0178326
0.0171114
0.0153741
0.018232
0.0348166
0.0172084
0.0161504
0.0176917
0.0172351
0.0288186
0.0162014
0.0175916
0.0166289
0.0175531
0.0415174
0.0175235
0.0159234
0.0175963
0.0175202
0.034338
0.0170279
0.0183209
0.0171049
0.0168595
0.0297102
0.0157799
0.0176237
0.0174452
0.0175041
0.0171054
0.0228086
0.0168803
0.0166668
0.0175949
0.016631
0.0348852
0.0168947
0.0172066
0.0164649
0.0174205
0.0168392
0.0163126
0.0181086
0.0163481
0.0165734
0.016811
0.0355393
0.0169559
0.0161576
0.0175175
0.0163437
0.0295627
0.0165384
0.0174804
0.0170486
0.0165205
0.0405704
0.0177945
0.0171932
0.0162209
0.0181862
0.0161919
0.0179227
0.0160571
0.0192528
0.0176355
0.0163309
0.0307503
0.0172586
0.0175608
0.0190753
0.0176062
0.040842
0.0176741
0.0170188
0.0162538
0.0171957
0.0173543
0.0167743
0.0173228
0.0164899
0.0174571
0.0166035
0.02938
0.0173594
0.0164161
0.0173118
0.0164365
0.0171586
0.0232673
0.0173644
0.0162773
0.0176335
0.0173195
0.0334476
0.0170799
0.0169416
0.0167183
0.0178617
0.0282759
0.0174927
0.0176784
0.0166149
0.018318
0.0178117
0.0232147
0.0171439
0.0168559
0.0170853
0.0165154
0.0358896
0.0154802
0.0181722
0.0172933
0.0169377
0.0286985
0.0173988
0.0169711
0.0166661
0.0173324
0.0421094
0.0176154
0.0162528
0.0176728
0.0169145
0.0347924
0.0379432
0.0183132
0.057661
0.0173576
0.0163351
0.0172585
0.034753
0.0174513
0.0165187
0.0163558
0.0184759
0.0293226
0.0177539
0.0178623
0.016265
0.0172985
0.0171957
0.0224055
0.0164469
0.0178194
0.0164335
0.0174417
0.0292527
0.0186687
0.0167176
0.0170083
0.017366
0.0225162
0.0175704
0.0171494
0.016985
0.0169135
0.0172826
0.0350302
0.0161432
0.0181513
0.016487
0.0174295
0.0289215
0.0182291
0.0180405
0.0163923
0.0175732
0.0161322
0.0232054
0.0173977
0.0154576
0.0183444
0.0172147
0.0339609
0.0176855
0.0174294
0.0168676
0.0164243
0.0173862
0.0163457
0.0170298
0.0179081
0.0168257
0.0351679
0.0165211
0.0170443
0.0170276
0.0173404
0.0167972
0.028572
0.0173787
0.0206244
0.0188879
0.0338828
0.0177579
0.0171404
0.0170848
0.0161372
0.0174756
0.0168028
0.0168952
0.0173969
0.0166145
0.0178091
0.0380018
0.0239835
0.0180509
0.0170891
0.0163307
0.0302825
0.0168146
0.0170962
0.017077
0.0415965
0.0171952
0.0165227
0.0167862
0.0173544
0.0168275
0.0161281
0.0182392
0.0167178
0.0172756
0.0161997
0.0176022
0.0282396
0.0186409
0.0172712
0.0163705
0.0172398
0.0579449
0.0189734
0.0164654
0.0170774
0.0176129
0.0166938
0.016706
0.0175051
0.0170068
0.0460845
0.0340339
0.0176041
0.0169323
0.0407821
0.0167173
0.0162975
0.0179872
0.0167543
0.0335171
0.016082
0.0180752
0.017108
0.0160811
0.0176923
0.0173288
0.0173684
0.0173668
0.0164212
0.0180429
0.0344223
0.0169689
0.0161239
0.0179166
0.0168041
0.0288281
0.0178573
0.015554
0.0175033
0.0176188
0.0415779
0.0176927
0.0175736
0.0178396
0.0176743
0.0164813
0.0169351
0.0163665
0.018209
0.0172849
0.0402407
0.0169926
0.0170749
0.0164736
0.0176188
0.0347681
0.0170356
0.017034
0.0165338
0.0173059
0.029285
0.0170775
0.0162391
0.0174307
0.017345
0.0402728
0.0165266
0.0174273
0.0167359
0.0182524
0.0174105
0.0169073
0.0181029
0.0173149
0.017117
0.0171091
0.0294806
0.0172209
0.0166736
0.0164691
0.017494
0.0342036
0.0175482
0.0168201
0.016331
0.0182059
0.019624
0.0180214
0.0170539
0.0185571
0.017146
0.016012
0.0345827
0.0167585
0.0176355
0.0169084
0.0155239
0.0300571
0.0162673
0.0171208
0.0165753
0.0180178
0.0405711
0.0167974
0.0164606
0.0173828
0.0169278
0.0165718
0.0175958
0.0168992
0.0170565
0.0162708
0.0415316
0.0163494
0.0177702
0.0165576
0.0174044
0.0351394
0.0176235
0.0181004
0.0166529
0.0175689
0.0171133
0.027373
0.0176163
0.0161952
0.018366
0.0170816
0.0235866
0.017283
0.0163973
0.0173454
0.0162374
0.0354433
0.0165361
0.0184398
0.0163998
0.017933
0.016958
0.0165057
0.0175614
0.0165221
0.0162726
0.0178557
0.0350652
0.0170451
0.0182239
0.0175724
0.0166204
0.0170344
0.0278281
0.0168199
0.0175252
0.0169005
0.0405899
0.0177931
0.0182839
0.0167736
0.0165739
0.0167605
0.0177313
0.0169979
0.0167646
0.0174165
0.0169555
0.0163702
0.0307055
0.0169732
0.017082
0.0170509
0.0395752
0.0173952
0.0165522
0.0171028
0.016902
0.0168043
0.0177652
0.0163073
0.0179163
0.0169234
0.0170226
0.0411321
0.0169927
0.0168576
0.0175806
0.0168271
0.0346594
0.0171544
0.0167657
0.0171849
0.0161319
0.0299062
0.0166641
0.0173798
0.016816
0.0172336
0.0169188
0.021789
0.0180027
0.0164362
0.0174149
0.0165384
0.0361847
0.0178452
0.0173377
0.0162435
0.0176623
0.0170584
0.0169302
0.0176663
0.0167516
0.016916
0.0169456
0.033169
0.0176027
0.0174397
0.0155731
0.0180912
0.0280717
0.0186199
0.0180957
0.0174141
0.017402
0.0396021
0.0171305
0.0164723
0.0175181
0.0163935
0.0164185
0.0183931
0.0170044
0.0174034
0.0170316
0.0421577
0.0169846
0.0185716
0.0169408
0.016978
0.0339756
0.0170086
0.0172966
0.0163886
0.0175622
0.0160348
0.0286446
0.0168075
0.0173001
0.016735
0.0180864
0.0226788
0.0182235
0.0173807
0.0178053
0.0165892
0.0363105
0.0163882
0.0171006
0.0167974
0.0169011
0.0174663
0.028454
0.0176916
0.016581
0.0176122
0.0165484
0.0227409
0.0167295
0.0172211
0.017324
0.0172596
0.0170244
0.0347013
0.0174853
0.0166
0.0170172
0.0167486
0.0168268
0.0179957
0.0169918
0.0157464
0.0184631
0.0347165
0.0183643
0.0168495
0.0173948
0.016845
0.0177737
0.0166325
0.0165626
0.0181349
0.0169055
0.0168567
0.0347151
0.0176126
0.0176197
0.0163712
0.0177206
0.027639
0.0178255
0.0173604
0.0173727
0.0171231
0.0350521
0.0163733
0.0171265
0.0179181
0.0166095
0.0175067
0.0168078
0.0166194
0.0173847
0.0165927
0.0170883
0.034673
0.0172987
0.0168154
0.0163645
0.0179629
0.029977
0.0173878
0.0178423
0.0172196
0.0170009
0.0399622
0.0169389
0.0168705
0.0175549
0.0164188
0.0172661
0.0165096
0.0171749
0.0175994
0.0164965
0.0177098
0.0377
0.017466
0.0175607
0.0169731
0.0157954
0.0354287
0.0173793
0.0185556
0.0170197
0.0174708
0.0277286
0.0181639
0.0166076
0.0171812
0.0182468
0.0248427
0.0167556
0.0173955
0.016755
0.0164103
0.0177364
0.0346367
0.0166077
0.0172065
0.0173806
0.0171197
0.0158026
0.0183714
0.016761
0.0180118
0.0168688
0.0350689
0.0163592
0.0170399
0.0175951
0.017282
0.0179531
0.0271881
0.0177947
0.0174249
0.017186
0.0401166
0.0178576
0.0166642
0.0171816
0.0168469
0.0165687
0.0173295
0.0174602
0.0159635
0.0179209
0.0166546
0.0414825
0.0168106
0.016497
0.0169185
0.017716
0.0345292
0.0189822
0.0168809
0.0168673
0.0168798
0.0288697
0.0170393
0.0157567
0.0183917
0.0167895
0.0170133
0.0235504
0.0165357
0.0172025
0.0172
0.0168074
0.0342573
0.0175933
0.0165345
0.0162576
0.0179506
0.0279841
0.018326
0.0168152
0.0178871
0.0172183
0.0161692
0.0230309
0.0170014
0.0173698
0.0165042
0.0166412
0.0347441
0.0175101
0.0169137
0.0158215
0.0177803
0.0167141
0.0176775
0.0161498
0.017105
0.0174523
0.0165167
0.0360933
0.0175866
0.0173231
0.0166079
0.0180049
0.0286354
0.0162472
0.0179534
0.016787
0.015994
0.0347239
0.0177422
0.0168401
0.0169827
0.0176431
0.0167496
0.0166374
0.0178676
0.0165262
0.0176136
0.0163868
0.0347406
0.0163912
0.0179394
0.0169065
0.0162849
0.0295702
0.0167206
0.0187775
0.0162733
0.0173397
0.0387608
0.0184102
0.0165572
0.0170715
0.0170744
0.0160347
0.0178015
0.0163589
0.0159712
0.0182616
0.0172077
0.0400316
0.0165928
0.0179559
0.0170376
0.0165782
0.0341537
0.0168363
0.0165461
0.0177072
0.0171356
0.0286343
0.0172091
0.0174387
0.0175916
0.016086
0.0179743
0.0226292
0.0173745
0.0171933
0.0160868
0.0181884
0.0342218
0.0168426
0.0177726
0.0169983
0.0156833
0.0301564
0.0176114
0.0172265
0.0165802
0.0173528
0.0165647
0.0240915
0.0178512
0.0177678
0.0178418
0.0167481
0.0350123
0.0165647
0.0176592
0.0166272
0.0166567
0.017639
0.0160234
0.0172602
0.017155
0.0162962
0.0178943
0.0345648
0.0172989
0.0164989
0.0171835
0.017412
0.0274317
0.0168873
0.0178777
0.0166605
0.0161559
0.0347036
0.0172665
0.0174939
0.0162398
0.0178631
0.0168124
0.0163621
0.0177355
0.0167131
0.0180193
0.0168391
0.0350425
0.0168797
0.0165162
0.017344
0.0161789
0.0292996
0.0167949
0.0182454
0.0168386
0.0171022
0.0394437
0.018544
0.0160623
0.0176918
0.0165303
0.0169373
0.0181381
0.0166302
0.016165
0.0179879
0.0175473
0.0295752
0.0169252
0.0168291
0.0170602
0.0176861
0.0404766
0.0182488
0.0159387
0.0175931
0.0171586
0.0168362
0.0172302
0.0165905
0.0175768
0.0172566
0.0389566
0.0172985
0.0165447
0.0179045
0.0172602
0.034583
0.0252812
0.0262639
0.0181202
0.0170686
0.0285047
0.0163033
0.0178342
0.0168918
0.0164152
0.0249291
0.016858
0.0180717
0.0171354
0.0156472
0.0357995
0.0172031
0.0171061
0.0177028
0.0181773
0.0169449
0.0176741
0.0169947
0.0170815
0.0178545
0.0165916
0.0389928
0.0170724
0.016146
0.0177609
0.016197
0.0292677
0.0165282
0.0170563
0.0176002
0.0163325
0.0412601
0.0173452
0.0167029
0.0161792
0.0180283
0.0165518
0.0169445
0.0179855
0.0166934
0.0169265
0.0408543
0.0163903
0.0164731
0.0176221
0.0172365
0.0159554
0.0182994
0.0166865
0.0177623
0.0165145
0.0171822
0.0403284
0.0178088
0.0161939
0.0180489
0.0163182
0.0346465
0.0171778
0.0174898
0.0162741
0.0166725
0.0306984
0.0167759
0.017909
0.0161728
0.0173886
0.0171479
0.0220114
0.0183537
0.016317
0.0175801
0.0167747
0.0347442
0.0171735
0.0168398
0.0172859
0.0161758
0.0170544
0.0169962
0.0174521
0.0163657
0.0172548
0.0162753
0.0349312
0.0172914
0.0161902
0.0173026
0.0175087
0.0291131
0.0163956
0.0166929
0.0176537
0.0166862
0.0406294
0.0178615
0.0169299
0.0171916
0.017216
0.0165763
0.017435
0.0167519
0.0166648
0.017717
0.0172262
0.0284924
0.0168778
0.0162958
0.0175482
0.0174383
0.0404524
0.0171138
0.0170176
0.0165661
0.0176103
0.0177467
0.0177011
0.0182431
0.0172273
0.0165476
0.0167321
0.0427841
0.0170621
0.0168596
0.0180188
0.0168449
0.0174068
0.0166542
0.0169063
0.0174759
0.0166974
0.0281102
0.0170296
0.0162493
0.0174474
0.0166303
0.0171047
0.0249747
0.01703
0.018122
0.0167632
0.0178786
0.0346913
0.017463
0.0164359
0.017177
0.0175502
0.0167127
0.0189475
0.0174057
0.0172663
0.0164834
0.0364975
0.0168916
0.0165016
0.0174158
0.0169295
0.017015
0.0284171
0.0161137
0.0179001
0.0164837
0.0411456
0.0247091
0.025641
0.0170425
0.0180106
0.0167439
0.0171988
0.0171863
0.0161733
0.018253
0.0166398
0.027337
0.0166759
0.0172625
0.0173152
0.0166167
0.0329991
0.0168876
0.016603
0.0179651
0.0167081
0.0171398
0.0170445
0.0160596
0.0175485
0.0169769
0.0167758
0.0339328
0.0179816
0.0166446
0.0160528
0.018046
0.027875
0.0173903
0.0172916
0.0170266
0.0167071
0.0417052
0.0364359
0.0162906
0.0181563
0.0166931
0.0166482
0.0173706
0.0166989
0.0174389
0.0421203
0.0172834
0.0164606
0.0164261
0.0186187
0.0341828
0.0174385
0.0167759
0.0164243
0.0181941
0.028162
0.0169923
0.016968
0.0176597
0.0167882
0.0170062
0.0236352
0.021835
0.0179921
0.0169961
0.0177848
0.0347761
0.0170854
0.0164027
0.0177467
0.0170501
0.0160008
0.0171479
0.0179693
0.0173873
0.0190243
0.0158535
0.03671
0.0182389
0.0166024
0.0160572
0.0182168
0.0270332
0.0184041
0.016414
0.0178657
0.016901
0.0396387
0.0171491
0.0172575
0.0166757
0.0177669
0.0166392
0.0161153
0.0182903
0.0190007
0.0178162
0.0407606
0.0167276
0.0162168
0.0180006
0.0162316
0.0351492
0.0172427
0.0169952
0.0162562
0.0172864
0.0286445
0.017622
0.0167727
0.0172425
0.0169213
0.0166941
0.0230169
0.0167836
0.0168902
0.0171032
0.0160975
0.0353504
0.016555
0.0176191
0.0162809
0.0176951
0.0162039
0.029203
0.0166104
0.0175592
0.0170102
0.0163155
0.0238003
0.0170215
0.0184004
0.0170694
0.0169804
0.0353583
0.0177452
0.0170467
0.0166414
0.0172326
0.0178803
0.017451
0.0170414
0.0167652
0.0177619
0.0164122
0.0351674
0.0166102
0.0168563
0.0177184
0.0173437
0.0282738
0.0162616
0.0172919
0.0170755
0.0165454
0.0402268
0.0166709
0.0175247
0.0171286
0.0165489
0.0175471
0.0169355
0.0160498
0.0173617
0.016606
0.0176722
0.040314
0.0170488
0.0168001
0.0172689
0.0166171
0.0348093
0.0168408
0.0170242
0.0165269
0.0167041
0.0300984
0.0177049
0.0169398
0.0156931
0.0182797
0.016763
0.0217688
0.0175994
0.016815
0.0167077
0.0167747
0.0289331
0.0179226
0.0169916
0.0173343
0.0164355
0.0395876
0.0170737
0.0164577
0.017519
0.0163987
0.017008
0.0176778
0.0164842
0.0175395
0.0167667
0.0452489
0.031498
0.0208288
0.0173556
0.041101
0.0168173
0.0171183
0.0165167
0.017121
0.033593
0.0169528
0.0174952
0.0167602
0.0171005
0.0171299
0.0169844
0.0164867
0.0180477
0.0169858
0.0171866
0.0341818
0.0173363
0.0168974
0.0162468
0.0176446
0.0289685
0.0177331
0.0175268
0.0173351
0.0174378
0.0399398
0.0171208
0.017206
0.0172943
0.0161738
0.0181911
0.0168481
0.017215
0.0167557
0.0167978
0.0404474
0.0166697
0.01727
0.0166173
0.0168285
0.0174742
0.0352345
0.0171549
0.0172208
0.0160399
0.0183028
0.029022
0.0176329
0.0173627
0.0173859
0.0167114
0.0244916
0.0164612
0.0176254
0.0167198
0.0166382
0.0178066
0.0339408
0.0174913
0.0166554
0.016948
0.0172561
0.0169089
0.0166619
0.0166967
0.0170573
0.0173182
0.0345629
0.0171359
0.0173134
0.0163112
0.0178374
0.0171316
0.0286245
0.0174187
0.017601
0.0184048
0.0423452
0.0165692
0.0173553
0.0166117
0.0170959
0.0178484
0.0164089
0.0169348
0.017564
0.0163981
0.0175799
0.0397749
0.0176631
0.0162335
0.0174663
0.0175588
0.0348564
0.0172185
0.0179326
0.0168947
0.0169359
0.029285
0.0167065
0.0177425
0.0169468
0.0168488
0.0169028
0.022922
0.0169263
0.0163635
0.0179481
0.0171434
0.0344111
0.0177039
0.0183355
0.0167126
0.0167464
0.029066
0.0173346
0.0169955
0.0169701
0.0174829
0.0165265
0.0232128
0.0166397
0.0165863
0.0175871
0.0166739
0.03452
0.0173967
0.0169794
0.0164194
0.0170827
0.0174491
0.0163569
0.0180817
0.01664
0.0174501
0.0171563
0.034997
0.017916
0.0177066
0.0173201
0.0164078
0.0301361
0.0169849
0.0183742
0.016897
0.0173556
0.0394248
0.0174382
0.0163287
0.0170278
0.0172836
0.0174268
0.015724
0.0184235
0.0166966
0.0171223
0.0385791
0.0162621
0.0180974
0.0162706
0.0175863
0.0338068
0.0180394
0.016702
0.0167131
0.0165729
0.0172744
0.0288312
0.0167231
0.0169719
0.0168469
0.0172348
0.0234795
0.0174297
0.0170625
0.0162891
0.0175036
0.0162413
0.0354149
0.0161592
0.0179512
0.0164349
0.0161822
0.0303999
0.0167141
0.0168833
0.0163458
0.017527
0.0168481
0.0237669
0.0165604
0.0170374
0.0173594
0.0169135
0.0346375
0.0162911
0.0181659
0.0167091
0.0162851
0.0175825
0.0168064
0.0171526
0.0170317
0.0174785
0.0167555
0.0348299
0.0169916
0.0164322
0.0168507
0.0167549
0.0289789
0.016641
0.0176845
0.0167023
0.0165945
0.040878
0.0177402
0.0168325
0.0164365
0.0174191
0.0171221
0.016362
0.0175732
0.0166538
0.017446
0.0162308
0.0295826
0.0161188
0.0178377
0.0165367
0.0170219
0.0404741
0.016818
0.0166979
0.0180324
0.0170913
0.0345454
0.0162941
0.0178567
0.0166727
0.0166883
0.0175379
0.0169741
0.0161213
0.0177133
0.0170358
0.0174563
0.0348492
0.0189718
0.0171555
0.0172852
0.0161974
0.0287852
0.0172761
0.0164716
0.0176013
0.0164502
0.0403305
0.01728
0.0156687
0.0182868
0.0159809
0.0176496
0.0170353
0.0160667
0.0178717
0.0166468
0.0160865
0.0412277
0.0172135
0.0169715
0.0176223
0.0354168
0.0172063
0.0167899
0.0166442
0.0169964
0.0172739
0.02949
0.0171631
0.0166572
0.0172856
0.0174064
0.0169186
0.0224981
0.0171952
0.0171316
0.0170943
0.0172685
0.0349532
0.0166059
0.0174178
0.0170215
0.0161709
0.0289763
0.0165722
0.0178971
0.0162253
0.0171315
0.017031
0.0228414
0.0177457
0.0161647
0.0174546
0.0180233
0.0344123
0.0166443
0.0177471
0.0167565
0.0173396
0.0170331
0.0167053
0.0174845
0.0167349
0.017439
0.0169844
0.0350638
0.0168069
0.0165928
0.0178092
0.0170853
0.0290802
0.0164093
0.0175783
0.0165956
0.0162019
0.0441939
0.0322517
0.0175913
0.0168822
0.0164121
0.0173727
0.0163267
0.017596
0.0170226
0.016017
0.0301179
0.0171243
0.0163163
0.0170651
0.0169233
0.0408559
0.0168369
0.0172501
0.0175231
0.016502
0.0171926
0.0172439
0.0169336
0.017534
0.0173084
0.0414005
0.0174725
0.0178357
0.0171005
0.016509
0.0357941
0.0168601
0.0166005
0.0166529
0.017559
0.0174467
0.0279312
0.0170468
0.0166119
0.0181239
0.0184493
0.0235559
0.017823
0.0222184
0.0194895
0.01972
0.0378314
0.019429
0.0207176
0.0189253
0.022299
0.019604
0.0190247
0.019068
0.0184095
0.0370971
0.0189576
0.0203606
0.0208227
0.0182757
0.0292495
0.0170095
0.0176248
0.0165086
0.0394079
0.018248
0.0169678
0.0176344
0.0172516
0.0164537
0.017752
0.0162962
0.0177617
0.0166312
0.0173156
0.0411192
0.0169052
0.0162857
0.0182243
0.0158599
0.035069
0.017286
0.0176445
0.0164783
0.0161134
0.0297183
0.0168315
0.0169928
0.0168214
0.0173445
0.0165514
0.0230546
0.0168546
0.0170738
0.0165188
0.0173769
0.0347031
0.0168736
0.0176887
0.016471
0.017064
0.0286789
0.0172023
0.0168597
0.0166631
0.017626
0.0166445
0.0232289
0.017279
0.016158
0.0175788
0.0171413
0.0344766
0.0169583
0.0181787
0.0172949
0.0170133
0.0170067
0.0166701
0.0182738
0.0179055
0.0178391
0.0168111
0.0344774
0.0174015
0.0155805
0.018441
0.0161714
0.0294799
0.016503
0.0171535
0.017324
0.0164698
0.0394769
0.0165549
0.0165167
0.0176325
0.0172619
0.0161623
0.0181611
0.0167426
0.0167866
0.0185233
0.0170484
0.0395558
0.0171591
0.0178149
0.0177581
0.0167953
0.0163352
0.0178098
0.0170475
0.0174951
0.0183073
0.0282554
0.0172354
0.0173457
0.0170604
0.0169875
0.0236758
0.0170455
0.0181726
0.0172708
0.0171403
0.0340514
0.0163742
0.0177537
0.0171865
0.0164339
0.0174463
0.0265017
0.0169094
0.017732
0.01656
0.0168844
0.0172226
0.0222018
0.0182967
0.0164023
0.0169191
0.0169766
0.035667
0.018002
0.0170417
0.0168775
0.0171874
0.0173327
0.0160272
0.0179746
0.0169811
0.0156229
0.0177969
0.0344438
0.0176751
0.0170316
0.0161711
0.0179107
0.0280025
0.0192679
0.0167723
0.017795
0.0165974
0.0412107
0.0164598
0.0175872
0.0168985
0.0156914
0.018106
0.0161464
0.0174511
0.0173356
0.0162577
0.0415297
0.0176141
0.0163541
0.016768
0.0182257
0.03403
0.0169866
0.0170559
0.017232
0.017281
0.0303096
0.0176906
0.0172399
0.0166367
0.0169898
0.0180561
0.0237735
0.0176529
0.016615
0.0168102
0.0174561
0.0344191
0.0173495
0.0162626
0.0175892
0.0159328
0.0305066
0.0172715
0.0184188
0.0162704
0.0176484
0.0164695
0.0219928
0.0176182
0.0163533
0.0176701
0.0170967
0.0327351
0.0173497
0.0169072
0.0165013
0.017198
0.0169215
0.0173596
0.0172948
0.0164523
0.0179186
0.0165955
0.0349968
0.0169676
0.0169009
0.0180058
0.016496
0.0290432
0.0164647
0.0173639
0.0173061
0.016261
0.0406036
0.0176303
0.0166263
0.0161377
0.0174246
0.0177573
0.0171702
0.0169487
0.0169133
0.0169264
0.0170801
0.0172063
0.0292987
0.0185144
0.0173005
0.0171127
0.0395529
0.0171972
0.0174408
0.016137
0.017764
0.0162624
0.0170923
0.017656
0.0165311
0.0171747
0.0172028
0.0396847
0.0170018
0.0166595
0.0176542
0.0167982
0.0351359
0.016732
0.0170251
0.0169798
0.0165386
0.0290118
0.0172708
0.0173449
0.0162189
0.0177797
0.0158743
0.0244181
0.0182744
0.0167388
0.0175324
0.0162714
0.0353797
0.0172608
0.0166844
0.018681
0.0169918
0.0178054
0.0171258
0.0159461
0.0188411
0.0162696
0.0170176
0.0341796
0.0180764
0.0171335
0.0164093
0.0176328
0.028545
0.0173485
0.0170302
0.0173724
0.0165355
0.0409062
0.0161478
0.0179522
0.0174233
0.0157656
0.018084
0.0169642
0.0171728
0.016642
0.0173931
0.0410677
0.0178041
0.0163888
0.0178331
0.0168601
0.0346228
0.0166256
0.0169591
0.0176119
0.0163887
0.0160583
0.0296708
0.0170752
0.0172815
0.0165294
0.0177333
0.0229686
0.0159448
0.0174816
0.0167592
0.0171208
0.0298355
0.0167047
0.0160601
0.0182372
0.0164549
0.0408918
0.0159176
0.0179061
0.0165025
0.0170247
0.0172886
0.0190465
0.0173414
0.0171936
0.0174525
0.0174249
0.030098
0.0166076
0.017469
0.0172849
0.0154505
0.018241
0.0225492
0.0175335
0.0169734
0.0156321
0.0175515
0.0352721
0.0170147
0.0161973
0.0172377
0.0166567
0.0169608
0.0286401
0.0175664
0.0170277
0.0166238
0.017853
0.0228142
0.0170653
0.016769
0.0166429
0.0174876
0.0339185
0.017307
0.0169733
0.0178873
0.0161134
0.0178565
0.0168532
0.0160855
0.0171322
0.0168278
0.0176505
0.0344174
0.0176498
0.0159474
0.0178415
0.0165041
0.0173135
0.0287557
0.0165637
0.0180196
0.0166326
0.041072
0.0161295
0.0174171
0.0176287
0.0169714
0.016786
0.0174444
0.016346
0.017233
0.0174506
0.0173406
0.0407892
0.0159468
0.0181718
0.0160615
0.0176045
0.0342867
0.0171112
0.0169349
0.0164064
0.018002
0.0286336
0.0178276
0.0178137
0.017555
0.0164769
0.0164403
0.022659
0.0176577
0.0174252
0.0165849
0.0163731
0.0298061
0.0164627
0.0181008
0.0169392
0.0169507
0.0403697
0.0171854
0.0174069
0.017715
0.0173819
0.0169727
0.0185043
0.0167951
0.0175335
0.0168584
0.0395618
0.0167004
0.0171704
0.0192039
0.0164665
0.0353689
0.0165651
0.0170592
0.017389
0.0167574
0.0165451
0.0304195
0.0179158
0.0170941
0.0177277
0.0171847
0.0214051
0.0174897
0.0164439
0.0168471
0.0173892
0.0171616
0.0156581
0.0180863
0.0164765
0.0172868
0.0163337
0.0384958
0.0173069
0.016642
0.0173837
0.0168489
0.0343189
0.0174087
0.0162517
0.0174528
0.0170837
0.0169718
0.0172922
0.0167684
0.0158345
0.0180838
0.0167565
0.0344443
0.0169215
0.0166464
0.0175582
0.0167762
0.0284603
0.0173711
0.017269
0.0166492
0.0181228
0.0407324
0.016496
0.0171832
0.0178082
0.0173608
0.0179003
0.0171618
0.0177504
0.0175136
0.0166306
0.0402829
0.016871
0.0167787
0.0173255
0.0167244
0.0332639
0.0170572
0.0160359
0.0178454
0.0171837
0.0156972
0.0301291
0.0161129
0.0175819
0.0166012
0.0173476
0.0224964
0.0171689
0.0170114
0.0166536
0.0176603
0.0163626
0.0352781
0.0163961
0.0170444
0.0174115
0.0169031
0.0175686
0.0167038
0.0165373
0.017267
0.0169653
0.0357114
0.0180586
0.0177427
0.0165648
0.0172818
0.0169878
0.0286827
0.0169329
0.0170692
0.0167405
0.0408068
0.0169721
0.0177051
0.0165729
0.0169411
0.0170205
0.0161162
0.0176305
0.0167415
0.016489
0.0176197
0.0163415
0.0293671
0.0164132
0.0171795
0.0164112
0.0175523
0.0400603
0.0172844
0.0171315
0.0173574
0.0169928
0.015733
0.0181824
0.0165023
0.0170406
0.016878
0.0169216
0.0291667
0.0169729
0.0188876
0.0165306
0.0173605
0.0165634
0.0220694
0.0179396
0.016407
0.017578
0.0165354
0.0349469
0.0168786
0.0166291
0.0180801
0.016742
0.0292822
0.0166313
0.0172047
0.01687
0.0163824
0.018098
0.0228613
0.0165997
0.0169196
0.0174065
0.0180362
0.0354419
0.0162964
0.0174815
0.0172094
0.0161637
0.017307
0.0172335
0.0179234
0.0170097
0.0156995
0.0179511
0.0346162
0.017116
0.0165793
0.0175659
0.0166678
0.0292255
0.0166368
0.0164262
0.0177688
0.0168633
0.0398754
0.0178478
0.0166715
0.0166123
0.0167632
0.017548
0.017421
0.0165426
0.0163785
0.0177782
0.0166796
0.029655
0.0171583
0.0178167
0.0164755
0.0168357
0.0413369
0.016861
0.0177571
0.0165297
0.0166165
0.0174873
0.0168804
0.0172848
0.0165325
0.0159067
0.0183377
0.0172563
0.0289674
0.0164178
0.0175927
0.0165418
0.0172735
0.024425
0.0178803
0.0180563
0.0169909
0.016588
0.0352064
0.0173172
0.0165716
0.016788
0.0174804
0.0170407
0.0291907
0.0178237
0.0173456
0.0167072
0.0173315
0.0229921
0.0168794
0.0165174
0.0170616
0.0176952
0.033148
0.0174302
0.0172608
0.0166327
0.0172272
0.0165668
0.0285423
0.016982
0.0167206
0.0166056
0.0182557
0.0343809
0.0168318
0.0161211
0.0180881
0.0163879
0.0176789
0.01667
0.0170757
0.018351
0.016686
0.0361271
0.0169117
0.0167321
0.0176404
0.0176401
0.0170695
0.0294664
0.0169419
0.0165682
0.0180073
0.040988
0.0161064
0.0173685
0.0168013
0.0171404
0.0177709
0.0164892
0.0161078
0.0181209
0.0163626
0.017573
0.0391312
0.0184362
0.0167867
0.0170667
0.0167846
0.0360044
0.0182099
0.0165241
0.0172349
0.0172683
0.0285913
0.0167939
0.0175235
0.0168794
0.0166717
0.0173584
0.0234343
0.017652
0.0166451
0.0163117
0.0177755
0.0348365
0.0167379
0.0167411
0.017677
0.0167815
0.017488
0.0162233
0.0178486
0.0169144
0.0168162
0.0174845
0.0348596
0.0172996
0.0171584
0.0177515
0.016799
0.0291573
0.0167714
0.0174022
0.0176162
0.0165183
0.042724
0.0179884
0.0165933
0.0158782
0.0179096
0.016721
0.0173336
0.0167487
0.0169295
0.0172859
0.0166806
0.0301647
0.0164733
0.0172339
0.0164279
0.0171533
0.0406602
0.0172241
0.0171094
0.0168976
0.0165463
0.0182528
0.016581
0.0167526
0.0169504
0.0171439
0.0406747
0.0168176
0.0171093
0.0166732
0.0160953
0.0358949
0.0178459
0.0189903
0.0181651
0.0179648
0.0284382
0.0175648
0.0169718
0.0173007
0.0161887
0.0423749
0.0166273
0.0168453
0.0173537
0.0172219
0.0162782
0.0180457
0.0175559
0.017182
0.0170346
0.0164371
0.0411125
0.0163014
0.0170802
0.0173834
0.017418
0.0345793
0.0161939
0.0178357
0.0164847
0.0172607
0.028619
0.0168523
0.0165419
0.0177576
0.0169278
0.0171171
0.0228793
0.0161471
0.0180597
0.0174986
0.0163725
0.0353984
0.0171292
0.0158148
0.0179366
0.0166635
0.0179908
0.0165119
0.0166032
0.0175086
0.0172024
0.0164113
0.0349496
0.0172219
0.0170037
0.0159451
0.0174533
0.0180161
0.0172292
0.0164716
0.0163015
0.0177368
0.0356011
0.0174425
0.0171289
0.0201273
0.0158973
0.0180785
0.0290375
0.0171892
0.0171463
0.0168929
0.0406034
0.0171249
0.0173868
0.0171097
0.0167338
0.0177558
0.0165864
0.0173678
0.0169485
0.0167188
0.0179423
0.0448083
0.0320782
0.0164024
0.016964
0.0349855
0.0169857
0.0175716
0.0166384
0.0161622
0.029777
0.0171015
0.0174348
0.0170743
0.018162
0.0170715
0.0370895
0.0169779
0.0181126
0.0172413
0.0349133
0.0171854
0.0169386
0.016735
0.0165798
0.0299363
0.0167712
0.0180984
0.016618
0.0164268
0.0401099
0.0183864
0.0170149
0.0169589
0.0167975
0.0178458
0.0162835
0.0167597
0.017971
0.0166114
0.0407915
0.0173982
0.0172802
0.0168204
0.0178755
0.0340734
0.0177451
0.0162433
0.0174228
0.0170521
0.0167394
0.0290106
0.0168742
0.0169925
0.0179306
0.0164802
0.022275
0.0171973
0.016433
0.0176142
0.0165763
0.0169082
0.0297741
0.0165608
0.0176179
0.0166476
0.0412638
0.0165836
0.0166081
0.0183055
0.0165192
0.0166962
0.0169107
0.0168698
0.0178757
0.0171225
0.0158427
0.0427647
0.0179732
0.0166065
0.0178801
0.0172055
0.0352198
0.0165077
0.0161039
0.0182468
0.0164665
0.029503
0.0179101
0.0177361
0.0170193
0.0167676
0.0169827
0.0233814
0.017254
0.016593
0.0163356
0.0180031
0.0348428
0.0181411
0.0165544
0.0179733
0.0167903
0.0165614
0.0173202
0.0171674
0.0172812
0.0169793
0.0349781
0.0166136
0.0171759
0.0172677
0.0163663
0.017053
0.0298086
0.016449
0.0175943
0.0169436
0.0169068
0.0388025
0.0164541
0.0187952
0.0165888
0.017215
0.0172823
0.0163604
0.0179674
0.0171015
0.0175852
0.0398179
0.0162281
0.018201
0.0163761
0.0174196
0.0332346
0.0173347
0.0172553
0.0170504
0.0172103
0.0174586
0.0275156
0.0177488
0.0164382
0.0170745
0.0174473
0.0228216
0.0173659
0.0170284
0.0164856
0.0178126
0.0343597
0.0167076
0.0170004
0.0174033
0.0166088
0.0164968
0.0292315
0.0158428
0.018437
0.016658
0.0171208
0.0230827
0.0166223
0.0170326
0.0164378
0.0181045
0.0167844
0.035972
0.016424
0.0176149
0.0172728
0.0176974
0.0198101
0.0165487
0.017535
0.0161994
0.0173966
0.0390471
0.0172489
0.0178622
0.0165967
0.0167295
0.0356902
0.0180274
0.0173463
0.0168177
0.0170473
0.0284763
0.0168459
0.0178045
0.0162356
0.0177435
0.0179314
0.0234955
0.0165792
0.0170916
0.0169755
0.0166624
0.0350653
0.0159897
0.0173515
0.0162465
0.0182287
0.0179146
0.0286863
0.0170746
0.0161441
0.0179456
0.0164491
0.0235595
0.0168228
0.0164153
0.0176074
0.0171446
0.0349165
0.0161515
0.0185124
0.0166256
0.0168713
0.0169789
0.0170562
0.0174091
0.0172244
0.0155786
0.0176615
0.035112
0.0167682
0.0168439
0.0171817
0.0173835
0.016247
0.029396
0.021448
0.0172197
0.0170584
0.0408555
0.0168158
0.0161795
0.0179001
0.0169529
0.0170461
0.0164882
0.0172951
0.0170582
0.0168703
0.0166807
0.0408831
0.0171624
0.0169054
0.0158113
0.0173726
0.0352658
0.0174299
0.0164543
0.017866
0.0167309
0.0288311
0.0155488
0.0182696
0.0172142
0.0172549
0.0163272
0.0234828
0.0172922
0.0165833
0.0170487
0.0169018
0.0357454
0.0169899
0.0171599
0.01653
0.0168119
0.0296818
0.0164978
0.0172415
0.0171167
0.0171203
0.017036
0.024353
0.0187134
0.017368
0.0174814
0.0171302
0.0352264
0.016254
0.0176867
0.0169182
0.0176552
0.0304956
0.0164497
0.0176211
0.0173204
0.0167129
0.0395277
0.0165273
0.0175244
0.0169658
0.0171144
0.0163902
0.0172938
0.0176417
0.0165143
0.0162251
0.0415713
0.0164241
0.0181614
0.0161375
0.0176411
0.0345599
0.0172835
0.0167962
0.0161522
0.0179851
0.0167979
0.028764
0.0169936
0.0170694
0.0172618
0.0162668
0.0235282
0.0161683
0.0180618
0.0165093
0.0173121
0.0176036
0.0345423
0.0166785
0.0173712
0.0163924
0.016222
0.0185272
0.0175227
0.0186881
0.0175019
0.0163602
0.0358311
0.0173854
0.0170428
0.0168505
0.0164686
0.0175197
0.0272664
0.0190422
0.0169287
0.0162348
0.0412991
0.0184013
0.0172689
0.0169932
0.0171278
0.0157161
0.0183071
0.0165952
0.0170601
0.0174038
0.0168482
0.0404487
0.0165239
0.0169661
0.0177257
0.0159299
0.0179035
0.015627
0.0178291
0.0171988
0.0174835
0.0401167
0.0175552
0.0177291
0.0170152
0.0175666
0.0349259
0.0170589
0.0168688
0.0168345
0.0174354
0.0163028
0.0295813
0.016952
0.0154957
0.0181763
0.0171775
0.0244941
0.0165664
0.0170687
0.0170643
0.016787
0.0357908
0.0379081
0.0201148
0.0194188
0.0174209
0.0176391
0.0184597
0.015902
0.0177627
0.0353699
0.0166682
0.0177967
0.0175933
0.0165774
0.0158935
0.030114
0.0160152
0.0176749
0.017159
0.0173301
0.0163006
0.0171517
0.0177393
0.0171062
0.0164373
0.0169441
0.0168163
0.0172215
0.0171149
0.0172413
0.0399867
0.0174254
0.017208
0.0167571
0.0176205
0.0335304
0.0195503
0.0165875
0.0177157
0.017372
0.0290206
0.0174971
0.0158437
0.0186092
0.0165462
0.0179338
0.0230881
0.0180862
0.0172851
0.0168696
0.0175764
0.0334633
0.0178314
0.0168513
0.0175863
0.0174698
0.029205
0.0177416
0.0166475
0.0182119
0.0161474
0.0172815
0.0224734
0.0167832
0.0161443
0.0179126
0.016879
0.0294604
0.0169888
0.0175062
0.016979
0.0163125
0.0190311
0.0218676
0.0169797
0.0165425
0.0165266
0.017873
0.0282561
0.0168719
0.0176013
0.0170458
0.0172088
0.0412757
0.0167329
0.0181821
0.0170937
0.0161912
0.0184908
0.0170003
0.0164884
0.0175678
0.0170613
0.0407186
0.0172074
0.0162406
0.0179135
0.0167578
0.0348408
0.0177329
0.0178342
0.0166409
0.0162677
0.0293702
0.0170015
0.0167416
0.0172291
0.017565
0.016869
0.0222292
0.0173904
0.0174208
0.0162818
0.0182585
0.0337763
0.0177027
0.0167095
0.0170793
0.0171499
0.0173939
0.0164586
0.0165944
0.0175282
0.0167603
0.0169469
0.0344049
0.017309
0.0168728
0.0160972
0.0183646
0.028943
0.0169434
0.0164401
0.0181256
0.0171075
0.040359
0.0167923
0.0173215
0.0165368
0.0163556
0.017972
0.0170672
0.0170994
0.016262
0.0178853
0.0169736
0.0498664
0.0275633
0.016541
0.0174703
0.0335728
0.0161089
0.018292
0.0166862
0.0169468
0.0276482
0.0170937
0.0172937
0.0169115
0.0167959
0.041328
0.017319
0.0165908
0.0174307
0.0165451
0.0347498
0.0170881
0.0169407
0.0175067
0.0172218
0.0188583
0.0164316
0.0175395
0.0169957
0.0166921
0.0176259
0.033485
0.0168953
0.016786
0.0167195
0.0174843
0.0284805
0.0177315
0.0167664
0.0168376
0.0173931
0.040711
0.0167471
0.0166924
0.0175211
0.0165539
0.017641
0.016724
0.0161717
0.0180191
0.016618
0.0404436
0.0165015
0.0180333
0.016698
0.0180077
0.0341907
0.0176239
0.017229
0.0158624
0.0175297
0.0170522
0.0289444
0.0174181
0.016481
0.016991
0.0174893
0.0225794
0.0173209
0.0165567
0.0169015
0.0176088
0.0343248
0.0168182
0.017085
0.0171948
0.0167646
0.0166862
0.0169599
0.0174598
0.0168835
0.0167814
0.0166636
0.0354223
0.0161178
0.0177624
0.016678
0.0176958
0.0375773
0.0175798
0.0174536
0.0169137
0.0170605
0.0533841
0.0242022
0.0166454
0.0159631
0.018247
0.0173383
0.0173758
0.0306032
0.047949
0.0170168
0.0173543
0.0178209
0.0182253
0.0351083
0.0269494
0.0204816
0.0180422
0.028829
0.0170615
0.0166066
0.0302205
0.0391771
0.0231024
0.0169369
0.0165112
0.018947
0.0349327
0.0169555
0.0163044
0.0173954
0.0177873
0.0289149
0.0168144
0.0166741
0.0174538
0.0168912
0.0166305
0.0230395
0.0178216
0.0167314
0.0176675
0.0180027
0.0342565
0.017086
0.017229
0.0170974
0.0178675
0.0178973
0.0172917
0.0168678
0.01656
0.0176423
0.0174427
0.0343433
0.0183859
0.0174574
0.0173232
0.0166117
0.0294511
0.0167428
0.0161029
0.0175662
0.01682
0.0408242
0.0170096
0.0168798
0.0168758
0.0172745
0.017311
0.0165993
0.0181056
0.0170475
0.0162083
0.0169612
0.0289861
0.0172783
0.0165443
0.0174197
0.0169769
0.0419956
0.0176541
0.0178345
0.0165754
0.0170314
0.0167666
0.0166943
0.0177366
0.0165465
0.0160869
0.0422763
0.0171237
0.0176393
0.0181186
0.0167598
0.0338646
0.0173301
0.0187749
0.0167338
0.0174577
0.0163811
0.0342768
0.0398684
0.0329214
0.0238009
0.0172192
0.0169986
0.0173556
0.020093
0.034159
0.0171998
0.0164275
0.0171122
0.0180688
0.0166691
0.0168354
0.0174767
0.0167194
0.0176563
0.034221
0.0177163
0.0171647
0.0167368
0.0172491
0.0165087
0.0298193
0.0165586
0.0173935
0.0174181
0.0169018
0.0403558
0.0186941
0.0163828
0.0172685
0.0165637
0.017678
0.017116
0.0166131
0.0182928
0.0168543
0.0172306
0.0295296
0.0165914
0.0172958
0.0167861
0.0159731
0.0358859
0.0175812
0.0169453
0.0173676
0.016105
0.0184515
0.0160466
0.0176245
0.0166312
0.0174474
0.0169969
0.0228759
0.0170566
0.0169682
0.0173853
0.0169546
0.0348844
0.0164508
0.0174409
0.0166583
0.0168986
0.0172412
0.029026
0.018046
0.0163732
0.0161931
0.0172231
0.0226527
0.0176469
0.0164903
0.0172364
0.0168294
0.0166241
0.0352533
0.0177015
0.0160769
0.0175903
0.01686
0.0166189
0.0173357
0.0165541
0.0159454
0.0181099
0.0164191
0.0348923
0.0167537
0.0172951
0.0179232
0.0165236
0.0304039
0.017654
0.0175535
0.0164679
0.0168549
0.0422325
0.0169011
0.0169287
0.0162558
0.0181205
0.0218572
0.0179945
0.0173461
0.0161158
0.0180313
0.0162577
0.0300411
0.0169432
0.0173645
0.01721
0.040385
0.0170528
0.0173391
0.0167855
0.0161215
0.0180775
0.0164419
0.0176755
0.016298
0.0173225
0.0173859
0.0420324
0.0157943
0.0182631
0.0159538
0.0182798
0.034457
0.0175759
0.0166507
0.0160106
0.0182364
0.0283222
0.0174121
0.016775
0.0165572
0.017649
0.0157581
0.0227656
0.0179908
0.0174093
0.0171205
0.0162256
0.0325018
0.0166077
0.0175729
0.0164837
0.0178004
0.0175014
0.0165491
0.0162604
0.0175947
0.0168075
0.017626
0.0349914
0.0176539
0.0165138
0.0175666
0.0171163
0.0290931
0.0178869
0.0173554
0.0173231
0.0173826
0.0540796
0.0224709
0.0168878
0.0163044
0.0183423
0.0169109
0.0155205
0.0177673
0.0168901
0.040826
0.0352417
0.0171708
0.0168059
0.0339315
0.016599
0.0180478
0.0162978
0.0175592
0.0288727
0.0168164
0.0172502
0.0164078
0.0168169
0.0176374
0.0235818
0.0175642
0.0167199
0.0166464
0.0176967
0.0353955
0.0190129
0.0167486
0.0171465
0.0168412
0.0295928
0.0169093
0.0185458
0.0169146
0.0170498
0.0181345
0.0216144
0.0169574
0.0174649
0.0158258
0.0184757
0.0347591
0.0166957
0.0162973
0.0182753
0.0168349
0.0171406
0.0166086
0.0171537
0.0176029
0.0173037
0.0182654
0.034075
0.0173105
0.0173287
0.0160966
0.0178588
0.0283287
0.0182032
0.0173247
0.0178283
0.0165748
0.0411607
0.0171117
0.0166058
0.017065
0.0165677
0.0163639
0.0175555
0.0168823
0.0166005
0.0173241
0.0449781
0.024795
0.0284688
0.0167977
0.0398838
0.0180481
0.0166948
0.0168436
0.0171242
0.0351635
0.017183
0.0158387
0.0172254
0.017133
0.0174608
0.0164323
0.0169435
0.0179381
0.0170914
0.0154042
0.0355418
0.0175575
0.0159534
0.018055
0.0169845
0.0288556
0.0173973
0.0182001
0.0167028
0.0175802
0.0393508
0.0169784
0.0166945
0.017219
0.0170402
0.0161049
0.018225
0.0163798
0.0174301
0.0162318
0.0176082
0.0412381
0.018033
0.0161548
0.0178939
0.0165981
0.0332389
0.0166325
0.0173583
0.0176233
0.0168174
0.0292966
0.0181182
0.0166015
0.0170913
0.0177441
0.0177607
0.0216673
0.0168955
0.0168865
0.0176474
0.0174878
0.0288366
0.0171202
0.0170292
0.0160849
0.0183373
0.0404781
0.0168799
0.0160112
0.0184638
0.0166524
0.0169673
0.0169654
0.0162422
0.017835
0.0169838
0.0408503
0.0172597
0.0181167
0.016498
0.0171737
0.0348663
0.0163666
0.017997
0.0162989
0.0175765
0.0298524
0.0178552
0.0176349
0.0166268
0.0174992
0.039475
0.017361
0.0168935
0.0186331
0.0162136
0.0171387
0.0173054
0.0167542
0.0174069
0.0174133
0.015888
0.0295776
0.0174578
0.0177843
0.0166473
0.0176315
0.0406121
0.0166181
0.0168462
0.0175717
0.0168111
0.0163701
0.0176223
0.0166542
0.0168472
0.0186193
0.0422781
0.0176255
0.0169331
0.0158144
0.0181304
0.0339068
0.0170134
0.0174426
0.0165168
0.0180488
0.0169919
0.0287988
0.0169391
0.0163856
0.0174988
0.0166248
0.0166666
0.0233357
0.017038
0.0165991
0.0166529
0.0179287
0.0342771
0.0169535
0.0170045
0.017134
0.0173002
0.0286708
0.0168173
0.0174294
0.0164908
0.0175631
0.0417985
0.0185012
0.0171756
0.0164441
0.0169914
0.017446
0.0169736
0.0158679
0.0178849
0.0170731
0.0176192
0.0289327
0.0168866
0.017963
0.0172829
0.0162549
0.0403425
0.0168602
0.0161135
0.0177375
0.0175388
0.0340564
0.0168078
0.0167581
0.0176928
0.0166154
0.0172729
0.0170811
0.0167807
0.0175971
0.0165364
0.0170774
0.035529
0.0175674
0.016752
0.0175583
0.0165106
0.0294163
0.0164776
0.016227
0.0180565
0.0165869
0.0410873
0.016897
0.0167465
0.0168207
0.0170184
0.0175721
0.0175325
0.0177448
0.0179454
0.0166557
0.0411326
0.0165957
0.0165039
0.0181562
0.0178023
0.0351717
0.0174306
0.0168615
0.0170517
0.0172086
0.0281404
0.0177377
0.0168183
0.0165261
0.0172666
0.017227
0.0232086
0.0173359
0.018401
0.0179508
0.0170578
0.0354933
0.0174277
0.0169502
0.0163225
0.0176022
0.0166653
0.016224
0.0180096
0.0163412
0.0174503
0.0165217
0.0353036
0.0156754
0.0180271
0.0162795
0.0175505
0.0290777
0.0168413
0.0172602
0.0163021
0.017539
0.0411488
0.0188146
0.0166304
0.0178344
0.0169682
0.0171817
0.0170814
0.0162855
0.0182504
0.0169923
0.0390684
0.016655
0.0171523
0.0170613
0.0169702
0.0353486
0.0258156
0.0264603
0.0180389
0.0174782
0.028208
0.0163527
0.0175215
0.0172777
0.016902
0.0241798
0.0169975
0.0158687
0.0182895
0.0165573
0.0347643
0.0162892
0.0173432
0.017392
0.0162013
0.0181862
0.0273124
0.0187177
0.0162882
0.0173777
0.0166585
0.0172216
0.0229709
0.0167966
0.0171012
0.0164309
0.0174523
0.0343659
0.0184658
0.0171144
0.0173552
0.0165972
0.016089
0.0182987
0.0168576
0.0166088
0.0176154
0.034331
0.0170833
0.0165814
0.0166403
0.0163038
0.0172322
0.0283832
0.0161802
0.0178233
0.0174068
0.0162756
0.0409545
0.016938
0.015964
0.0183603
0.016923
0.0166154
0.0168269
0.0170151
0.0171703
0.017028
0.0390644
0.0168119
0.0170479
0.0173014
0.0168872
0.0341175
0.0167903
0.0170766
0.0170028
0.0173427
0.0165418
0.0296899
0.0159721
0.0180781
0.0167563
0.0172316
0.0223533
0.0178101
0.016037
0.0178309
0.0169558
0.0163845
0.0358018
0.0176167
0.0166126
0.0175153
0.017353
0.0274137
0.01661
0.0180792
0.0172535
0.0165112
0.0177252
0.0227989
0.0173962
0.0167236
0.0166853
0.0170139
0.0355565
0.0166524
0.0174937
0.0159188
0.0176318
0.0175742
0.0174114
0.0166845
0.0174197
0.0171999
0.0158558
0.0361555
0.0173399
0.0174986
0.0168806
0.0161987
0.0294024
0.0168705
0.0175017
0.0165639
0.017506
0.035229
0.0180392
0.0170681
0.0171026
0.0165183
0.0172015
0.0175585
0.0165419
0.0158651
0.0185282
0.0332796
0.0171426
0.017344
0.016184
0.0181576
0.0161301
0.0285249
0.0169945
0.0164044
0.0170358
0.017525
0.0388574
0.018083
0.017058
0.0172463
0.0170447
0.0159317
0.0179563
0.0164549
0.017258
0.0170802
0.0405506
0.0173735
0.0166188
0.0171397
0.0177173
0.0353361
0.0169415
0.0162396
0.0176742
0.0169486
0.0303176
0.0177386
0.0174666
0.0174172
0.0168922
0.0175313
0.0226656
0.0170289
0.0168695
0.0164701
0.0171869
0.032914
0.0174398
0.017431
0.0163756
0.0178328
0.0163712
0.0280624
0.0170894
0.0169122
0.0174745
0.0169893
0.0217072
0.0173272
0.0168643
0.0159239
0.0182633
0.0163026
0.0349346
0.0167733
0.0176235
0.0170964
0.015561
0.0184863
0.0168313
0.0173787
0.0165333
0.0174441
0.0342013
0.0173604
0.016863
0.0174308
0.0172427
0.0163487
0.0291729
0.017492
0.0174528
0.0172329
0.0409989
0.015828
0.0178982
0.016532
0.0169971
0.0180678
0.0160274
0.0178885
0.0167208
0.0166614
0.0167894
0.0177518
0.0289533
0.0177948
0.0175447
0.0163172
0.0180268
0.038677
0.0185362
0.0167779
0.0169351
0.0167205
0.0170872
0.0175896
0.017403
0.0167899
0.018736
0.0166499
0.0292198
0.0166247
0.0170138
0.0167768
0.0168404
0.017443
0.0231578
0.0174013
0.016925
0.0173973
0.0177198
0.0331486
0.0170217
0.0176565
0.0162538
0.0176983
0.0277167
0.0173775
0.0173984
0.0172579
0.0168045
0.0166915
0.0230564
0.0176775
0.0190478
0.0178304
0.0171971
0.034761
0.0168529
0.0173151
0.0172277
0.0175152
0.0166513
0.0171743
0.0178472
0.0171219
0.0165739
0.0167736
0.0353006
0.0164026
0.0176052
0.0163302
0.0174006
0.0295672
0.0174395
0.0169073
0.0162334
0.0178582
0.0405847
0.0163351
0.017516
0.016365
0.0166251
0.0168569
0.0165119
0.0176533
0.0168624
0.0162264
0.0410086
0.0173728
0.0176298
0.0157723
0.0175044
0.0353234
0.0176383
0.0175647
0.0177141
0.0162492
0.0296627
0.016536
0.0167491
0.0176553
0.0165221
0.0170405
0.0234535
0.0170406
0.0169915
0.016662
0.0175148
0.0347548
0.0167497
0.0172086
0.0173668
0.017166
0.0157772
0.0291397
0.0169059
0.0166204
0.0171144
0.016717
0.0245625
0.0175819
0.0174463
0.0172681
0.0175724
0.0349467
0.0172039
0.0169821
0.0165518
0.0166165
0.0173533
0.028467
0.0167763
0.0162018
0.0183192
0.0419083
0.0176731
0.017491
0.018396
0.0180684
0.021052
0.0220208
0.0182287
0.0166832
0.0162332
0.0405773
0.0180021
0.0166003
0.0164872
0.0175478
0.034837
0.0170095
0.0187542
0.0164824
0.0168003
0.029224
0.0172023
0.016573
0.0170511
0.0176813
0.0173953
0.0227928
0.018467
0.0169323
0.0179647
0.0164082
0.0363328
0.0169942
0.015845
0.0184592
0.016121
0.0177955
0.0161694
0.0176441
0.0164138
0.0168517
0.0175697
0.0340769
0.0171421
0.0167504
0.0177434
0.0176108
0.028792
0.0177162
0.016535
0.0167955
0.0169765
0.040892
0.0164057
0.0175365
0.0176895
0.0165406
0.016806
0.0173923
0.0160782
0.0175821
0.0171622
0.0170024
0.0413433
0.0174
0.0163933
0.0181792
0.0170778
0.0162094
0.0176186
0.017968
0.0176171
0.0171131
0.0173102
0.0290574
0.0182402
0.0176508
0.016956
0.0170227
0.0230407
0.0178788
0.0172635
0.0167083
0.0173887
0.0331548
0.0166556
0.0174593
0.0163607
0.017835
0.0167264
0.029021
0.0170618
0.0160762
0.0176407
0.0170344
0.017026
0.0227788
0.0165694
0.0176545
0.0171707
0.0163858
0.0337397
0.0163763
0.0179161
0.0169525
0.0160882
0.0181571
0.0169639
0.0172455
0.0173434
0.0166373
0.0176651
0.0338563
0.0179513
0.0178257
0.01764
0.0170294
0.0297675
0.017118
0.0178465
0.016935
0.0411459
0.0170464
0.0162168
0.0176347
0.0166092
0.0167357
0.0181533
0.0169193
0.0173421
0.0169195
0.0165318
0.0415058
0.0350272
0.0170654
0.0173391
0.0340674
0.0166187
0.016281
0.018066
0.0163577
0.0286154
0.0167081
0.016542
0.0177645
0.0166076
0.0172259
0.0243078
0.0175004
0.0173939
0.0169131
0.0166854
0.0345732
0.017856
0.0167005
0.0168243
0.0172024
0.02901
0.017123
0.0171117
0.0162744
0.0177992
0.0165968
0.022988
0.0168894
0.0162435
0.0179477
0.0166235
0.0354877
0.0164182
0.0183539
0.0168673
0.0169842
0.0168309
0.0177879
0.016433
0.0163922
0.0182967
0.0168925
0.0363172
0.0171056
0.0164777
0.0175705
0.0169413
0.0275988
0.0173312
0.0160621
0.0176271
0.0167153
0.0354249
0.0160291
0.0176179
0.0160784
0.0176299
0.016517
0.0171539
0.0174249
0.0169147
0.017269
0.0178624
0.034851
0.0169891
0.0163904
0.0189961
0.0173609
0.0297227
0.0164813
0.0168574
0.0177311
0.0162843
0.0411964
0.0176463
0.0169104
0.0174763
0.017072
0.0162534
0.0174293
0.0161921
0.0177535
0.0169883
0.0165882
0.0294094
0.0168487
0.0177343
0.0163104
0.0171485
0.0417368
0.0180645
0.017396
0.0174187
0.0173534
0.0158875
0.0174226
0.017731
0.0166307
0.0176047
0.0389475
0.0168962
0.0170073
0.0171822
0.016848
0.0158179
0.0363856
0.0176221
0.0163411
0.0170942
0.0174495
0.0273965
0.017892
0.0166864
0.0164006
0.0178719
0.0167475
0.0222953
0.0171373
0.0165435
0.017131
0.0168068
0.0289774
0.0164736
0.0175543
0.0173926
0.0156108
0.0182758
0.0224995
0.0173286
0.0166691
0.0170399
0.0176002
0.0351222
0.0168256
0.0167468
0.0174373
0.0173573
0.0289271
0.0165388
0.0175097
0.0166372
0.0170014
0.017366
0.023327
0.0170225
0.0182272
0.0168567
0.0184869
0.0173103
0.0172299
0.0170445
0.0170247
0.0171928
0.0385234
0.0174354
0.0162606
0.0175752
0.0172798
0.034546
0.0161925
0.0174454
0.0173913
0.0165683
0.017558
0.029096
0.0186111
0.0172535
0.0170762
0.0165624
0.0212059
0.0180941
0.0170772
0.0172804
0.0167219
0.0284092
0.016929
0.0177748
0.0164998
0.0174401
0.0408269
0.01665
0.0160957
0.0179221
0.0164196
0.0178489
0.0170219
0.0163231
0.0175403
0.0157819
0.0181096
0.0410556
0.0168509
0.0171299
0.016941
0.0166402
0.0363961
0.0170651
0.0172701
0.0181633
0.0166944
0.0293234
0.0170405
0.0169098
0.0167204
0.0169211
0.0172576
0.0232421
0.0166776
0.0165
0.0181241
0.0169067
0.0340565
0.0170916
0.0164021
0.0174921
0.0170927
0.0173709
0.0170893
0.0174412
0.0164476
0.0160169
0.0352683
0.0162491
0.0177873
0.0169989
0.0163209
0.0172492
0.0284368
0.0178665
0.0173196
0.0167752
0.017771
0.0408946
0.0167355
0.0173417
0.0170211
0.0165949
0.0169823
0.0177306
0.0160119
0.0191534
0.0174792
0.0415023
0.0169383
0.0172462
0.0166346
0.0183385
0.034401
0.0168722
0.0166342
0.0168933
0.0174071
0.02883
0.0170641
0.0158597
0.0200314
0.0163637
0.017617
0.0229321
0.0166072
0.017308
0.0164678
0.0174197
0.0341456
0.017213
0.0172009
0.0169415
0.0171563
0.0298146
0.017413
0.0180675
0.0175585
0.016124
0.0172605
0.023094
0.0178373
0.0169908
0.0169564
0.0165796
0.0354514
0.0169808
0.0165596
0.0174668
0.0173151
0.0163774
0.0178191
0.0165893
0.0171296
0.0176378
0.0154322
0.0362405
0.0173516
0.0165013
0.0159773
0.0183599
0.0277287
0.0182568
0.0160542
0.0173691
0.0170479
0.0403237
0.0166859
0.0175783
0.0166057
0.0167104
0.0167949
0.0173703
0.0166527
0.0174147
0.0165163
0.017301
0.0399987
0.0174461
0.0163559
0.0174792
0.015741
0.0355989
0.0172447
0.0167568
0.0167196
0.0170743
0.0293197
0.0174377
0.0167857
0.0161888
0.0171066
0.0172563
0.0234419
0.0175127
0.0167432
0.0167551
0.0170599
0.0342697
0.0170349
0.0170956
0.0172087
0.0163465
0.0293858
0.0168769
0.033747
0.0170759
0.0164293
0.0232883
0.0170041
0.016637
0.0178181
0.0158221
0.0355029
0.0169402
0.0169803
0.0165953
0.0173848
0.0168221
0.016915
0.017373
0.0171301
0.0165874
0.0170188
0.0352754
0.0168426
0.0163244
0.0166987
0.0180619
0.0285197
0.0169018
0.0175089
0.0155828
0.0178788
0.0411014
0.0168727
0.0160551
0.0178105
0.0165971
0.0168987
0.0171988
0.0168148
0.0174701
0.0172408
0.0156172
0.0520955
0.0252392
0.0169638
0.0170399
0.0335383
0.0165968
0.0178191
0.0170633
0.0167211
0.0285723
0.0168256
0.0167749
0.017446
0.0174694
0.0168281
0.0233021
0.0165073
0.0169909
0.0187602
0.0166256
0.0348628
0.0161738
0.0176601
0.0193184
0.0157379
0.0297729
0.0171457
0.0166318
0.0173696
0.016612
0.0177377
0.0228285
0.0166539
0.0165767
0.0176758
0.0169619
0.0347797
0.0188099
0.0169288
0.0170986
0.0170914
0.0176795
0.0158581
0.0177061
0.0165621
0.0178131
0.0169605
0.033257
0.0176219
0.0165271
0.0172948
0.0174857
0.0287994
0.0169354
0.0169312
0.0174718
0.0173042
0.0401107
0.0169458
0.0174381
0.0161056
0.0172463
0.0172246
0.0173782
0.0178667
0.0163005
0.018152
0.0404787
0.0160974
0.0182163
0.0169527
0.0173546
0.0341131
0.0173581
0.0172369
0.0164256
0.0177862
0.028308
0.017166
0.0167074
0.0176214
0.0167052
0.0165636
0.0237313
0.0163829
0.0178734
0.0163986
0.0169237
0.0349839
0.0175789
0.0169431
0.0175263
0.0168802
0.0165528
0.0308909
0.0176611
0.0174521
0.0159448
0.0173702
0.0220185
0.0175792
0.0168926
0.0171597
0.0173815
0.0325439
0.0188296
0.0165303
0.0173735
0.0172207
0.0169451
0.0162204
0.0182195
0.0165397
0.0173776
0.0171297
0.0347603
0.0167579
0.0161834
0.0174658
0.0173378
0.0172573
0.0287737
0.0175982
0.0164914
0.017467
0.040392
0.0171556
0.01675
0.0177
0.0165496
0.0170103
0.0172962
0.0161862
0.0171334
0.0175028
0.0160546
0.0404165
0.0175615
0.0176774
0.0160015
0.017405
0.035563
0.0166389
0.0171362
0.0176793
0.0165369
0.0290379
0.0168499
0.0170446
0.0163338
0.0175488
0.0176642
0.0238643
0.0169248
0.0164784
0.0176849
0.0169909
0.0341007
0.0170977
0.0170172
0.0167569
0.0166802
0.030106
0.0163301
0.0177094
0.0166697
0.01705
0.0177525
0.021927
0.0177722
0.0165436
0.0188339
0.0173246
0.0353208
0.0168394
0.0175944
0.0168864
0.0174884
0.0287344
0.0167836
0.0172853
0.0164863
0.0173559
0.0401691
0.03016
0.0213812
0.0168477
0.0170919
0.0173373
0.0165467
0.0165435
0.0179748
0.0169285
0.0405935
0.0167162
0.0170084
0.0171449
0.0167111
0.0342363
0.0171584
0.0157414
0.0180162
0.0170985
0.029116
0.017137
0.0165848
0.0173813
0.0167
0.0182919
0.0223783
0.0173087
0.0166701
0.0165399
0.0177823
0.0344981
0.018572
0.0180758
0.0166365
0.0158285
0.017652
0.0171022
0.0173007
0.016817
0.0168249
0.0174339
0.0335106
0.0174544
0.0167737
0.0164743
0.0174611
0.0287661
0.017508
0.0167552
0.0185371
0.0168791
0.0414152
0.0168437
0.0168677
0.0171435
0.0165704
0.0168081
0.0174629
0.0162608
0.0178706
0.0164975
0.0412973
0.0168548
0.0163835
0.0179908
0.0181923
0.0355286
0.0163837
0.0170681
0.0173802
0.017419
0.0294501
0.0157503
0.0178501
0.0173145
0.0157077
0.0181071
0.0220431
0.0183436
0.0166502
0.0167484
0.0173414
0.034745
0.017044
0.016604
0.0178166
0.0162884
0.0180755
0.0291994
0.0172277
0.0168027
0.0161946
0.0175161
0.0232364
0.0167163
0.0170679
0.0175799
0.0165855
0.0345706
0.0172285
0.017316
0.016834
0.0161871
0.0182896
0.0165849
0.0163976
0.0176235
0.0165956
0.0172238
0.0334945
0.0185381
0.0167331
0.0166044
0.0171594
0.0169485
0.0304518
0.0164521
0.0184928
0.0168255
0.0402519
0.0171687
0.0178501
0.0162728
0.0179451
0.0170544
0.0159574
0.0181831
0.0168484
0.0169154
0.0172374
0.0401654
0.0355679
0.0178348
0.0168612
0.0346535
0.0167873
0.0178002
0.0176391
0.0170413
0.028439
0.018281
0.0167403
0.0178547
0.0166464
0.0177756
0.0230035
0.0169101
0.0169201
0.0167499
0.0173379
0.0339322
0.0177715
0.0170204
0.016638
0.0176419
0.0289977
0.0165935
0.0172222
0.0176259
0.0174602
0.0182501
0.0229469
0.0168647
0.0175434
0.0162904
0.0178098
0.0349985
0.016775
0.0165071
0.0175947
0.0169099
0.0174803
0.0163566
0.0166879
0.0184826
0.0173722
0.0181395
0.040218
0.0311021
0.0169279
0.0164527
0.0296443
0.0164481
0.0172648
0.0170477
0.0399359
0.0170512
0.0168529
0.0169135
0.0169694
0.0173834
0.0174048
0.0168604
0.0171373
0.0166727
0.0177805
0.0404211
0.0162359
0.0178411
0.0170937
0.0158018
0.0353393
0.0169693
0.0173071
0.0166317
0.0180049
0.0292775
0.0169675
0.0158422
0.0178972
0.0166626
0.0174598
0.0234034
0.0165519
0.016459
0.0182152
0.0171222
0.034044
0.0173802
0.0169439
0.0182874
0.0170808
0.0165036
0.0307903
0.0169797
0.0183571
0.0163942
0.0171721
0.0229381
0.016502
0.0181261
0.0167281
0.0170872
0.0355413
0.0183853
0.0175345
0.0172187
0.0169164
0.0167373
0.0174569
0.0164551
0.0167517
0.0171078
0.0168833
0.0355191
0.0165045
0.0177884
0.0165044
0.0170855
0.028287
0.0163372
0.0175322
0.0169474
0.0163656
0.0390613
0.0172455
0.017723
0.0170202
0.0167613
0.0177264
0.0164833
0.0172332
0.0167836
0.017551
0.0184393
0.0402923
0.017429
0.0162508
0.0179101
0.0170196
0.0351877
0.0168525
0.017382
0.0166081
0.0160741
0.0296333
0.0162262
0.0179237
0.0180608
0.0181453
0.0240511
0.017178
0.0164619
0.0171667
0.0175186
0.0166201
0.0347034
0.0172812
0.0172439
0.017031
0.0163514
0.0291467
0.0176101
0.0164826
0.0172556
0.0166004
0.0170841
0.0231104
0.0168024
0.016716
0.0169421
0.0169631
0.0348012
0.0157226
0.0181513
0.0163199
0.0175272
0.0171228
0.0167246
0.0175373
0.0163308
0.0163236
0.0180208
0.0342224
0.0170212
0.0171207
0.0171165
0.0163397
0.030681
0.0179986
0.0171689
0.0170997
0.0174503
0.04088
0.0168942
0.0173092
0.0167686
0.0192426
0.0169206
0.0164618
0.0173836
0.0168554
0.0176202
0.0396061
0.017067
0.0170011
0.0160391
0.0174447
0.0344316
0.0175313
0.0168061
0.0178495
0.016106
0.029725
0.0159323
0.0181614
0.0182749
0.0166997
0.0173692
0.022324
0.0177004
0.0165681
0.0172664
0.0167435
0.0345187
0.0178741
0.0178764
0.0166293
0.0161685
0.0182345
0.0281517
0.0186576
0.0163322
0.0173381
0.0182026
0.0227882
0.0181976
0.0165699
0.0169679
0.0177869
0.0331787
0.0167341
0.0173364
0.0171213
0.0169059
0.0167121
0.0179339
0.0164623
0.0167248
0.0174966
0.0173866
0.0342288
0.0188108
0.0166159
0.0164378
0.0178373
0.0290679
0.0174872
0.0177735
0.0168331
0.0177645
0.0394237
0.0180084
0.0165781
0.0160968
0.0172802
0.0172738
0.0175333
0.0166748
0.0168995
0.0179663
0.0168588
0.0409498
0.0166904
0.0176628
0.0166686
0.0164947
0.0343687
0.0181784
0.0172447
0.0157965
0.0181004
0.0288977
0.0163882
0.0173502
0.016794
0.0167955
0.017672
0.0242138
0.0181256
0.0180399
0.0163471
0.035253
0.0163072
0.0174752
0.0172286
0.0161077
0.0176764
0.0291281
0.0173534
0.0169496
0.0175403
0.0172225
0.0166651
0.0227425
0.0170654
0.0171384
0.0174247
0.0157525
0.0360758
0.0177778
0.0175317
0.0175433
0.0169104
0.0167584
0.0174995
0.0169677
0.0169114
0.0172303
0.0392538
0.017353
0.0162514
0.0177709
0.0170414
0.0162605
0.0354802
0.017894
0.0169687
0.0168752
0.0171849
0.0273134
0.0167761
0.0182088
0.0170195
0.0164576
0.0176094
0.0222408
0.0182536
0.0160194
0.0174832
0.0185447
0.0344881
0.0177732
0.0167479
0.0169296
0.0166927
0.0289331
0.0170849
0.016798
0.016746
0.0177935
0.0168725
0.0246296
0.0176862
0.0170029
0.0177461
0.0172717
0.0346602
0.017356
0.0157874
0.0177027
0.0178346
0.0174051
0.0167793
0.0165989
0.0174329
0.0173797
0.0389165
0.0163304
0.0169831
0.0171424
0.016746
0.017401
0.0340486
0.0165733
0.0172326
0.0164741
0.0172008
0.0286233
0.0175119
0.0168467
0.0170314
0.0171737
0.0164125
0.0248265
0.0182021
0.0179293
0.0166529
0.0163404
0.0350986
0.0174925
0.0170969
0.0160467
0.0180779
0.0289498
0.0163578
0.0174275
0.0169132
0.0180857
0.0168344
0.0232723
0.0177539
0.0173061
0.0181097
0.0167908
0.0363797
0.0163635
0.0173852
0.0174782
0.0159563
0.0177711
0.0172662
0.0179182
0.0166975
0.0170894
0.0342088
0.0157936
0.0184169
0.0170566
0.0171012
0.0167078
0.0292771
0.0167713
0.0163464
0.0178542
0.0407521
0.016714
0.0169348
0.0177194
0.0165984
0.0173152
0.0164093
0.0172939
0.0168241
0.0163285
0.0181644
0.0406206
0.0162868
0.0162795
0.0175055
0.0178988
0.0349528
0.0158597
0.0177689
0.0172155
0.0174467
0.0289114
0.0170737
0.0168311
0.0166154
0.0179425
0.0164138
0.023486
0.0170211
0.0160448
0.0177357
0.0162233
0.0354894
0.0176822
0.0165848
0.0161432
0.0176299
0.0174161
0.0295072
0.0165207
0.0181189
0.0169227
0.0168749
0.0227215
0.0168181
0.0177987
0.0167944
0.0166478
0.0352714
0.0167883
0.0164046
0.0172883
0.0167145
0.0169684
0.0170317
0.0171181
0.0165011
0.0178458
0.0165058
0.0350165
0.0161553
0.0181029
0.0168704
0.0166625
0.0175164
0.0289343
0.0182716
0.0163651
0.018086
0.0389529
0.0177279
0.0172865
0.0165114
0.0183345
0.0350122
0.0164067
0.0173506
0.0166222
0.0185768
0.0162904
0.0288054
0.0172502
0.0175084
0.0168242
0.0163812
0.0235304
0.0171429
0.0166363
0.0177796
0.0167746
0.035386
0.0171393
0.0171754
0.0181702
0.0178896
0.0164166
0.0178782
0.0164576
0.0177667
0.0169669
0.0161033
0.0356875
0.0169538
0.0173591
0.0166241
0.0166738
0.0301692
0.0166981
0.0176284
0.0165501
0.0170103
0.0398896
0.0159398
0.0179706
0.0173476
0.0171637
0.0168111
0.0168024
0.0175227
0.0164456
0.0165391
0.0174678
0.0420345
0.0170838
0.0179179
0.0166791
0.0177856
0.0341896
0.0167649
0.0175785
0.0172155
0.0169459
0.0289715
0.0167569
0.0172325
0.0171293
0.0162135
0.0176662
0.0231436
0.0179408
0.0171616
0.0163171
0.0175045
0.0355756
0.0181825
0.0161745
0.0178332
0.0165029
0.0294064
0.0161274
0.0177248
0.0171835
0.0156908
0.0183151
0.0213808
0.0170632
0.016817
0.0168943
0.0166886
0.0355535
0.0177992
0.0170971
0.0178503
0.0166254
0.0163024
0.0181519
0.016658
0.0172464
0.0171663
0.0159074
0.0364191
0.0167121
0.0169671
0.0171654
0.0167193
0.0301378
0.0159659
0.0181514
0.0164238
0.0169734
0.0411042
0.0168136
0.0167789
0.0171941
0.0169061
0.0174185
0.0167428
0.0161946
0.0177461
0.0170995
0.0407235
0.0156547
0.0181473
0.0173313
0.0173469
0.0337753
0.0174032
0.0173091
0.0163696
0.0172321
0.0171847
0.0281868
0.0177108
0.0172033
0.0156403
0.0174956
0.0234164
0.0171725
0.0168332
0.0161522
0.0174438
0.0329216
0.0174133
0.0164664
0.0170988
0.0173418
0.0167928
0.0275248
0.0171433
0.016597
0.0162849
0.0190236
0.0167287
0.0233993
0.0165213
0.0184023
0.0174554
0.0160862
0.0348124
0.0169627
0.0164354
0.018116
0.0166187
0.0168011
0.0168951
0.0162306
0.018727
0.0163665
0.0173299
0.033455
0.0175625
0.0166658
0.0164909
0.0177504
0.030317
0.0170927
0.0164854
0.0176387
0.0171239
0.0401593
0.0167415
0.0175539
0.0164395
0.016715
0.0171814
0.0174122
0.0164413
0.0177192
0.016238
0.0412065
0.0180973
0.0163745
0.0179406
0.0165845
0.0350977
0.0168314
0.0169099
0.017545
0.0168893
0.016285
0.0289644
0.0157297
0.0182586
0.0168142
0.0174285
0.0222169
0.0162545
0.0171774
0.0174499
0.0166339
0.0351905
0.0169322
0.016893
0.0167992
0.01714
0.016289
0.028181
0.017216
0.0173872
0.0161918
0.0184043
0.0161043
0.0253919
0.0172
0.0175907
0.0172308
0.0169153
0.034843
0.0168354
0.0177218
0.0163579
0.016951
0.0172731
0.0169272
0.017606
0.0167759
0.0161542
0.0348602
0.0167724
0.0166959
0.0174754
0.0161611
0.0239924
0.0431974
0.0172866
0.0191919
0.0536974
0.0262829
0.0176037
0.0175516
0.0170195
0.0157433
0.0174551
0.0177976
0.0166366
0.0170972
0.0277011
0.0177201
0.0163339
0.0180358
0.0167062
0.0353849
0.016249
0.0174671
0.0167892
0.016578
0.0178828
0.0167841
0.0163504
0.0169718
0.0171601
0.0171847
0.0339662
0.0182978
0.0176492
0.0169034
0.0170602
0.0292283
0.0171987
0.0174766
0.0182294
0.0171498
0.041631
0.0167077
0.0177933
0.0173295
0.0168768
0.0169535
0.0170515
0.0168767
0.0177685
0.0164816
0.016732
0.0291399
0.0175563
0.018311
0.0170815
0.0164944
0.0176462
0.0233141
0.0178822
0.0164974
0.0163255
0.0179775
0.0343794
0.0179105
0.0167672
0.016363
0.0178099
0.0275727
0.0181556
0.0169426
0.0194359
0.0186945
0.0167656
0.0237711
0.016636
0.0169449
0.0180038
0.0170222
0.034454
0.0173847
0.0169257
0.0162752
0.0173592
0.0168204
0.0175021
0.0166359
0.0170894
0.016767
0.015982
0.0353896
0.0171699
0.0171306
0.0163495
0.0174326
0.027849
0.0180821
0.0168121
0.0166573
0.0169479
0.0411526
0.0163712
0.0171068
0.0165566
0.0170737
0.0170757
0.0172869
0.0161405
0.0177589
0.0162175
0.0414294
0.0343651
0.0186245
0.0178385
0.0336972
0.0171312
0.016968
0.0168985
0.0170392
0.0172409
0.0303463
0.0174594
0.0182858
0.0177768
0.0213689
0.0234845
0.0181441
0.0171593
0.015991
0.0175087
0.0350355
0.0176833
0.0181594
0.0176686
0.0169456
0.0281274
0.016803
0.0166297
0.0177486
0.0162885
0.0409327
0.0173212
0.016482
0.0178539
0.0167013
0.0167086
0.0173935
0.0159988
0.0174854
0.0167788
0.0178022
0.0407015
0.0170128
0.016498
0.0171195
0.0169073
0.034943
0.0186115
0.0169846
0.0168229
0.0173886
0.0282912
0.016838
0.0169073
0.0179914
0.0168129
0.0168359
0.0239327
0.0166133
0.0184583
0.0172328
0.0170488
0.0344592
0.0183918
0.0164717
0.0172732
0.0169673
0.0281589
0.0167886
0.0172734
0.016699
0.0173258
0.0161197
0.0237491
0.016882
0.0173274
0.017066
0.0159776
0.033837
0.0171749
0.0172778
0.0165809
0.0165591
0.0172907
0.0176052
0.0163254
0.0173301
0.0168271
0.0175223
0.0330759
0.0163918
0.0176657
0.0165842
0.0170352
0.0292978
0.0169819
0.0165129
0.0162843
0.0178193
0.0405901
0.016874
0.016834
0.0172993
0.0163101
0.0177325
0.0168228
0.0166809
0.017605
0.0163636
0.040799
0.0180934
0.017732
0.0162729
0.017717
0.0350889
0.0169017
0.0167709
0.0168264
0.0177076
0.0166966
0.029848
0.0168258
0.0168131
0.0175757
0.018191
0.0237486
0.0175971
0.0167654
0.0159808
0.0192242
0.0339274
0.016536
0.0168398
0.01682
0.0173729
0.0173422
0.0279144
0.0165447
0.0174109
0.0166359
0.0172068
0.0171945
0.0227758
0.0168066
0.0172852
0.0169937
0.017302
0.0333732
0.0178791
0.0170616
0.0169151
0.017602
0.0165179
0.0171799
0.0173187
0.0162738
0.0174858
0.0169594
0.0350347
0.0158587
0.0179031
0.0161475
0.0175956
0.0290175
0.0175846
0.0165864
0.0166455
0.0177672
0.0416407
0.0178043
0.0175522
0.0174066
0.0170162
0.0172567
0.0163621
0.0176992
0.0162295
0.0173505
0.0420731
0.016387
0.0181226
0.0164462
0.0180883
0.0350166
0.0176667
0.0169131
0.0169875
0.016777
0.0282177
0.0171658
0.0166002
0.0172809
0.0166521
0.0161117
0.023757
0.0162533
0.0180338
0.0167679
0.0161703
0.0351964
0.0169841
0.0176913
0.0164255
0.0169204
0.0168252
0.0294585
0.0168149
0.0168854
0.0163958
0.0168469
0.0236841
0.0180301
0.0176152
0.0172993
0.0173129
0.0364383
0.0168244
0.0173012
0.017114
0.0172645
0.0179984
0.0160435
0.0173925
0.0173287
0.0164968
0.0171235
0.0351534
0.0172398
0.0171949
0.0170389
0.0165081
0.0289928
0.0164574
0.0173717
0.0188955
0.0173037
0.0405887
0.0183336
0.0162671
0.017437
0.016751
0.0170442
0.0174273
0.0163184
0.0165603
0.0180224
0.016843
0.0289902
0.0165795
0.01736
0.0163221
0.0171826
0.0410545
0.0177909
0.0175905
0.016307
0.0177772
0.0165449
0.0172253
0.0167517
0.0166047
0.01737
0.0162564
0.0302105
0.0169139
0.0157844
0.0181214
0.0176991
0.0169273
0.0218494
0.0182199
0.017339
0.0160886
0.0179657
0.0340192
0.0177979
0.0161317
0.017787
0.0166402
0.0161397
0.0291679
0.0167811
0.0173272
0.0175241
0.0171419
0.0238855
0.0178753
0.017245
0.0168752
0.0165199
0.0353983
0.0164225
0.0177574
0.01575
0.017325
0.016395
0.017689
0.01641
0.0167069
0.0180213
0.0167348
0.03417
0.0164548
0.016986
0.0171876
0.0169509
0.0167833
0.0294195
0.0169263
0.0162647
0.0171619
0.0406732
0.0168513
0.0166898
0.0176153
0.0171579
0.0168056
0.0175921
0.017237
0.0168935
0.0165774
0.017327
0.0172632
0.0287192
0.0175145
0.0181722
0.0167668
0.016925
0.0392037
0.016163
0.017676
0.0173571
0.0171052
0.016962
0.017493
0.016701
0.0161365
0.017995
0.0410695
0.0182529
0.0163278
0.0172557
0.0173434
0.0336796
0.017694
0.0158697
0.0171764
0.0166577
0.0290068
0.0163612
0.0169761
0.016805
0.01669
0.0173842
0.0241009
0.0181667
0.0178416
0.0169421
0.0162972
0.034647
0.0165166
0.0167289
0.0176647
0.0166033
0.0170576
0.0165355
0.017295
0.0173374
0.0169216
0.0158887
0.0355843
0.0165626
0.0174338
0.0167335
0.0164545
0.0305484
0.0163163
0.0176588
0.016495
0.0173339
0.0387457
0.0165603
0.0174723
0.0169193
0.017446
0.0168259
0.0180759
0.0176419
0.01658
0.0169713
0.0177521
0.0406065
0.0164884
0.0173098
0.0167437
0.0166388
0.0351527
0.0157883
0.0181425
0.0167101
0.0168972
0.0291124
0.0172159
0.0167867
0.0162789
0.0175101
0.0173142
0.0234762
0.0166734
0.0180412
0.0175234
0.0168751
0.0356266
0.0166753
0.0170171
0.0176633
0.0164627
0.0282978
0.0173053
0.0169933
0.0164419
0.0185914
0.016238
0.0229868
0.0173612
0.0166427
0.0172397
0.0176964
0.0341876
0.0177586
0.0165395
0.0169564
0.0161993
0.0175566
0.0173583
0.0173599
0.0169518
0.018038
0.0165626
0.0351025
0.0164969
0.0172974
0.0172549
0.0167017
0.0293504
0.0156842
0.0181519
0.0168758
0.0163973
0.0402517
0.0181989
0.0162552
0.0175532
0.0167013
0.0170005
0.0174605
0.0162527
0.0167085
0.0182182
0.0164956
0.0294118
0.0176158
0.0176383
0.0168033
0.0177312
0.0405361
0.0174933
0.01689
0.0169337
0.0175395
0.0166606
0.0186398
0.0188014
0.0158113
0.0180273
0.0169955
0.0282092
0.0167645
0.0172014
0.0173116
0.0167414
0.0181096
0.0225916
0.0176496
0.0170243
0.0162117
0.016955
0.0351084
0.0166132
0.0168592
0.0177106
0.0168671
0.029689
0.0171524
0.0158573
0.0179579
0.0164058
0.01706
0.0234067
0.0166012
0.0163597
0.0172547
0.0172523
0.0361868
0.0170521
0.0182922
0.016649
0.0171217
0.0173212
0.0165707
0.0167366
0.017363
0.0172081
0.0174093
0.0342496
0.0165824
0.0176012
0.0173915
0.0173591
0.0167108
0.0167596
0.0174271
0.0169387
0.016269
0.0182691
0.0356455
0.0167692
0.0172562
0.0348862
0.0406231
0.0295135
0.0187418
0.0415132
0.0160368
0.0177031
0.0170511
0.0174525
0.0170113
0.0169261
0.0174336
0.0170234
0.0164574
0.0176613
0.0402621
0.0169536
0.0168329
0.0169704
0.0167996
0.0355441
0.0161263
0.0172069
0.0174806
0.0182726
0.0293209
0.0173691
0.0164502
0.0166766
0.0174705
0.0173771
0.0244661
0.0174498
0.0173451
0.0167989
0.017915
0.0349083
0.0165683
0.0178459
0.0168516
0.0165568
0.0174872
0.0161481
0.018245
0.0167784
0.0174854
0.0350018
0.0173546
0.0164604
0.01702
0.0167455
0.0176707
0.0285928
0.0172305
0.0168758
0.0173249
0.0167924
0.0450867
0.0319456
0.0163089
0.0364834
0.0166214
0.0166652
0.0173893
0.0168262
0.016681
0.0295028
0.017049
0.0169034
0.017176
0.016722
0.0235361
0.0170212
0.0166595
0.0164466
0.0174797
0.0169627
0.0341
0.0169611
0.0174982
0.0163681
0.0168886
0.0173569
0.0161596
0.0180178
0.016289
0.0176979
0.0342736
0.0174688
0.0170766
0.0158394
0.0178936
0.0164907
0.0295373
0.0172991
0.0172871
0.016811
0.0159335
0.040933
0.017769
0.0168717
0.0161417
0.0180164
0.0165215
0.0172424
0.0166088
0.0178761
0.0186136
0.0176177
0.0292361
0.0174942
0.0172377
0.0171274
0.0171716
0.0411467
0.0167028
0.0160485
0.0175304
0.0175946
0.0159488
0.0177857
0.0164594
0.017237
0.017068
0.0163748
0.0291177
0.0165613
0.0174981
0.0162895
0.016833
0.01727
0.0226432
0.0189538
0.0173682
0.0174188
0.0163852
0.0350628
0.0174048
0.0167446
0.0172443
0.016814
0.0280315
0.0174018
0.0166484
0.0176592
0.0162158
0.0187961
0.022915
0.0181651
0.0177546
0.0172009
0.0171411
0.0350963
0.0170488
0.0164493
0.01649
0.0176653
0.0173655
0.0163833
0.0168267
0.0162681
0.0184574
0.0172628
0.0329974
0.0171425
0.0167509
0.0174612
0.0166062
0.0282112
0.0174061
0.0161428
0.0172803
0.0168267
0.0351496
0.0179653
0.0183242
0.0161345
0.0173894
0.0168819
0.0166052
0.017968
0.0160397
0.0178808
0.0164099
0.0362599
0.0170078
0.0170993
0.0179603
0.0163138
0.0278302
0.0166115
0.0173152
0.0172544
0.0167907
0.0391556
0.0164946
0.0171967
0.0189663
0.0175956
0.0164356
0.0173075
0.0173625
0.0171541
0.0168168
0.0409338
0.0161227
0.0179495
0.017144
0.0160093
0.0356652
0.0173467
0.017923
0.0166372
0.0174947
0.0168314
0.0306731
0.0176624
0.0175038
0.0160844
0.018103
0.0217614
0.0170965
0.0170698
0.0164008
0.0165199
0.0362137
0.0167744
0.0168836
0.0171073
0.0165483
0.0174483
0.029783
0.0176715
0.0160642
0.0181828
0.0165006
0.0228797
0.0165587
0.015754
0.0185198
0.0171762
0.0290532
0.0164293
0.017125
0.0175412
0.0176528
0.0164226
0.0232692
0.0167027
0.0186611
0.0167514
0.0169768
0.0338213
0.0162834
0.0177174
0.016888
0.0159803
0.0179521
0.0296555
0.0177259
0.0178176
0.0173311
0.0157787
0.0242195
0.0167423
0.0166307
0.0173093
0.0159195
0.0359759
0.0170002
0.0169685
0.0159381
0.0180134
0.0167144
0.0159284
0.0175638
0.0174119
0.0169846
0.01707
0.0359424
0.0171941
0.0176423
0.016403
0.0170588
0.0291167
0.0165369
0.0174917
0.0171686
0.0158735
0.0410859
0.0186988
0.016691
0.0173888
0.0170731
0.0169298
0.0169549
0.0188204
0.0239593
0.017315
0.0401172
0.017547
0.0159708
0.0181748
0.0168092
0.0343047
0.0169401
0.0176559
0.016556
0.0170507
0.0328597
0.0175179
0.0171279
0.0163874
0.018492
0.0162207
0.0245524
0.0167364
0.0192198
0.0171078
0.0173105
0.034596
0.0171181
0.0174821
0.0159086
0.0181109
0.0267003
0.0161518
0.0172629
0.017324
0.017389
0.0356768
0.0161046
0.0177209
0.0173852
0.0167467
0.0175089
0.0160084
0.0176254
0.016782
0.0176314
0.016264
0.0344541
0.0171996
0.0158676
0.0179897
0.0170601
0.0298524
0.0172558
0.01822
0.0172288
0.0166019
0.0407267
0.016139
0.0174735
0.0173602
0.016496
0.0174147
0.0179542
0.0174857
0.0168187
0.0170578
0.0406896
0.0173917
0.0167747
0.0173783
0.0167743
0.0355479
0.024174
0.0296023
0.0166745
0.0291789
0.0163525
0.0172974
0.0165475
0.0176802
0.0162835
0.0228947
0.0169358
0.0169644
0.017055
0.0173147
0.0346667
0.0168162
0.0168732
0.0173784
0.0158782
0.0181119
0.0280856
0.0176158
0.0157475
0.0179744
0.0167073
0.0164202
0.0168484
0.0169568
0.0165087
0.0174725
0.0171173
0.0335075
0.0176593
0.017023
0.0177184
0.0166211
0.0171435
0.0171547
0.0173182
0.0159045
0.0200295
0.0357215
0.0173962
0.0161576
0.0175378
0.0164613
0.0178341
0.0301733
0.0166792
0.0162367
0.0193884
0.0402793
0.0168919
0.0197988
0.0163384
0.0173779
0.0170048
0.0175235
0.0166888
0.0163298
0.0178076
0.0166097
0.0414181
0.0157446
0.0178366
0.0169643
0.0174708
0.0358637
0.0173273
0.0170008
0.0168858
0.0168533
0.0284825
0.0163682
0.0170043
0.0177799
0.0174087
0.0157342
0.0239482
0.0172752
0.0171939
0.0174296
0.016657
0.035563
0.0182172
0.0168546
0.0163221
0.0175781
0.0270511
0.017907
0.0163911
0.0173191
0.0173253
0.0163397
0.0237457
0.0170986
0.0172462
0.0171233
0.0160509
0.0360189
0.017133
0.017037
0.015743
0.0182248
0.0169391
0.016209
0.0172079
0.0173177
0.0171573
0.0168953
0.0339934
0.0174476
0.0162243
0.016854
0.0171815
0.0299452
0.0170487
0.0171682
0.0174345
0.0169153
0.0454964
0.0282395
0.018259
0.0170789
0.0170154
0.0176542
0.0167365
0.0175052
0.0172284
0.0403844
0.0304205
0.0215688
0.017295
0.0334214
0.0177366
0.016792
0.0178089
0.0164387
0.0177417
0.0295519
0.0200911
0.0169555
0.0161868
0.0169099
0.022694
0.0175693
0.0176279
0.0167615
0.0174729
0.0344205
0.0173028
0.0164702
0.0177841
0.0166403
0.0167292
0.0298866
0.0192264
0.0164088
0.0174015
0.0167859
0.0220252
0.0173478
0.0163056
0.0163142
0.0188725
0.028303
0.023479
0.0165927
0.0174079
0.0164735
0.0169049
0.0226323
0.0172572
0.0175829
0.0167496
0.0160663
0.0361983
0.0166352
0.018156
0.0167635
0.0173811
0.0287395
0.0165523
0.0170961
0.0174491
0.0162874
0.0179052
0.023049
0.017201
0.0188771
0.0156638
0.0209505
0.0166979
0.0177334
0.0164286
0.0166878
0.0179394
0.0405351
0.0164629
0.0174643
0.0174405
0.0171174
0.0342143
0.0176565
0.0167285
0.0160845
0.0182032
0.0163341
0.0172968
0.0164954
0.0169669
0.0172548
0.017286
0.0345121
0.0165115
0.0172068
0.0173802
0.0166838
0.0296318
0.0170334
0.0184111
0.0180461
0.0169378
0.0413725
0.016735
0.0166899
0.0174569
0.0169774
0.0162997
0.0181677
0.0163506
0.0168468
0.0179232
0.0406743
0.0170953
0.0174574
0.0167327
0.0165744
0.0349378
0.0179162
0.0175799
0.0173688
0.0179061
0.0169011
0.0289175
0.016375
0.0174515
0.0173425
0.0163675
0.0243946
0.017387
0.0172653
0.0173679
0.0168004
0.0351395
0.0167794
0.0167512
0.0171348
0.0172372
0.0172544
0.0165442
0.0180231
0.0157349
0.0175273
0.0168018
0.0349539
0.0169489
0.0161932
0.0176519
0.0165746
0.0289108
0.0161717
0.0174463
0.0167106
0.0176601
0.0403965
0.016819
0.0166977
0.0176432
0.0170725
0.0168487
0.0168121
0.017151
0.0173452
0.016657
0.0166114
0.0180415
0.028115
0.0172832
0.0168312
0.0176199
0.0407462
0.0167209
0.017493
0.0174364
0.0167483
0.0167382
0.0177056
0.0170157
0.0169104
0.0172043
0.0181763
0.0399979
0.0178362
0.0306192
0.0173031
0.0350001
0.0163602
0.0174107
0.0168611
0.0165572
0.0295528
0.0161968
0.0176185
0.0174507
0.0168686
0.0399195
0.017824
0.0172115
0.0164535
0.0165097
0.0178432
0.0168557
0.0167013
0.0175039
0.0170454
0.0167911
0.0395529
0.0184135
0.0160437
0.0172657
0.0175378
0.0347308
0.0173099
0.0181018
0.0172082
0.0173647
0.0297161
0.0169174
0.0182431
0.0168463
0.0168137
0.0229885
0.0174388
0.0170077
0.0168564
0.0168759
0.0167911
0.0298724
0.0178881
0.0171359
0.0173624
0.0408864
0.0174001
0.0168567
0.0157036
0.0181359
0.0165581
0.0174367
0.0166693
0.0167782
0.0169668
0.0174679
0.0169458
0.0278446
0.017061
0.0169354
0.0172256
0.0172165
0.0231265
0.0161811
0.0168159
0.0172652
0.0174351
0.0170682
0.0352776
0.0171767
0.0174413
0.0170296
0.016056
0.0291352
0.0172542
0.0160971
0.0175235
0.0172515
0.0165623
0.0234801
0.0169178
0.0171636
0.0166343
0.0175107
0.0348184
0.0170356
0.0175287
0.0166236
0.0173206
0.0283502
0.0173773
0.0175107
0.0185936
0.0176412
0.0418672
0.0166018
0.0179946
0.0169025
0.0172765
0.016929
0.016674
0.0180315
0.0168487
0.0165858
0.0399748
0.0175584
0.0173057
0.0163797
0.0171147
0.0359727
0.0178105
0.0174311
0.0172122
0.0172527
0.0273408
0.0164858
0.0169043
0.0174331
0.0162333
0.0360771
0.017234
0.0180507
0.0164989
0.0175158
0.0178282
0.0163094
0.0173515
0.0167528
0.0174
0.0168122
0.0342536
0.0169376
0.0170831
0.0169136
0.0168288
0.0297101
0.0168535
0.0175526
0.0179209
0.0165191
0.0401091
0.0169401
0.0171294
0.0168262
0.0177909
0.0169616
0.0165439
0.0171632
0.0171348
0.0164208
0.0171646
0.0427551
0.0169736
0.0171579
0.0171008
0.0341393
0.0168745
0.0164008
0.0180411
0.0166952
0.0176883
0.0280925
0.0163893
0.0185334
0.0163048
0.0166181
0.0181093
0.0230153
0.0178665
0.016351
0.0167686
0.0169239
0.0346577
0.0175583
0.0181298
0.0172393
0.0178009
0.0298986
0.0168312
0.0164015
0.0173015
0.0167408
0.0164158
0.0243992
0.0182396
0.0178003
0.0166458
0.0171745
0.0359467
0.0167823
0.0173088
0.0159691
0.0181244
0.0163173
0.0174342
0.0170123
0.0161185
0.0188925
0.0335957
0.017285
0.0174538
0.0162571
0.0177202
0.0173706
0.0284722
0.0172935
0.0159829
0.0173402
0.0413356
0.0169444
0.0176512
0.0167564
0.0175823
0.0163946
0.0165806
0.0173922
0.0178482
0.016082
0.017521
0.0170835
0.0284171
0.0166886
0.0173096
0.0170148
0.0162366
0.0360217
0.0163778
0.0171807
0.0168204
0.0171841
0.0175193
0.0168599
0.0168593
0.0167347
0.0168527
0.0172251
0.0155814
0.0179453
0.0165767
0.0174297
0.0177096
0.0286796
0.016911
0.0170966
0.0169855
0.0159341
0.0414278
0.0180835
0.017295
0.0169533
0.0170282
0.016752
0.0180533
0.0170812
0.0162257
0.0179547
0.0192333
0.0296281
0.0216001
0.074471
0.0244785
0.0203066
0.0174786
0.0175203
0.0352863
0.017297
0.0168418
0.0173132
0.0172828
0.016835
0.0168793
0.0160791
0.0180881
0.0168603
0.0342902
0.0172404
0.0170929
0.0167665
0.0167849
0.0178877
0.0299896
0.0175708
0.0170013
0.0172056
0.040298
0.017133
0.016849
0.0177146
0.017277
0.0159527
0.0178394
0.0161861
0.0177527
0.0167873
0.0174105
0.0170064
0.0291085
0.0179192
0.0168286
0.018371
0.0163094
0.0227821
0.0165187
0.0160197
0.0178667
0.0171677
0.0173773
0.0338299
0.0172449
0.016176
0.0179758
0.0165935
0.0286911
0.017521
0.0165885
0.0165246
0.01691
0.0172486
0.0233084
0.0168172
0.0166182
0.0175289
0.0168212
0.0345546
0.0160678
0.0173018
0.0168491
0.0175254
0.0169781
0.0177304
0.0164846
0.0167684
0.0165926
0.0180335
0.0350204
0.018372
0.016879
0.0173694
0.0169777
0.0297295
0.0163667
0.0162532
0.0271759
0.0404544
0.0171749
0.0173008
0.0165286
0.0177662
0.0164138
0.016939
0.0169173
0.0169921
0.0174953
0.0176017
0.0168804
0.0290346
0.0164012
0.0166191
0.0174052
0.0422732
0.0178991
0.0169963
0.0174099
0.0158682
0.0181797
0.0170623
0.0162192
0.0177642
0.016853
0.0175189
0.0402146
0.0169084
0.0166756
0.0166096
0.0175748
0.0344001
0.0168704
0.0174775
0.0168253
0.0160285
0.0294703
0.0171219
0.0169686
0.0175544
0.0160267
0.0176077
0.0224231
0.0188119
0.0181834
0.0174884
0.0171656
0.0338239
0.0178165
0.016747
0.0171403
0.0170135
0.0162964
0.0177739
0.0156055
0.0183039
0.0168054
0.0169895
0.0339916
0.0171615
0.017287
0.017059
0.0166738
0.0288159
0.0170325
0.0169511
0.0166806
0.0172281
0.0415132
0.034899
0.0162491
0.0179693
0.0167933
0.0166588
0.0173064
0.0165833
0.0175214
0.0389947
0.0161999
0.0181783
0.0168422
0.0158143
0.0354878
0.0177387
0.0164945
0.0170237
0.017291
0.0168361
0.0297022
0.0174455
0.0161857
0.0169577
0.0170645
0.0230856
0.0172901
0.0170044
0.0172996
0.0162438
0.0171753
0.0342854
0.0175208
0.016999
0.0171868
0.0165185
0.0313307
0.017438
0.0178919
0.0174683
0.0168854
0.0224889
0.0171731
0.0163542
0.017596
0.0170093
0.016623
0.0331843
0.0181048
0.0168126
0.0162605
0.0176628
0.0174724
0.0172255
0.0162892
0.0165365
0.0181203
0.0341796
0.01711
0.016641
0.0180808
0.0168043
0.0157099
0.0299184
0.0161108
0.0172703
0.0173997
0.0172113
0.0406226
0.016659
0.0167133
0.0176333
0.0168022
0.0177607
0.0167267
0.0168891
0.016792
0.0163819
0.0405732
0.0176901
0.0167773
0.0167787
0.0175027
0.0340014
0.036744
0.0170084
0.0178215
0.0275144
0.0171899
0.0182344
0.0174043
0.0169439
0.0169623
0.0236242
0.0172083
0.0166503
0.0175713
0.0159906
0.0357619
0.0161309
0.017012
0.017072
0.0166515
0.0292249
0.017003
0.0166796
0.0174076
0.0167973
0.0160014
0.0241746
0.0162574
0.0173008
0.0175642
0.016309
0.0351382
0.0172333
0.0168247
0.0158928
0.0178575
0.0170079
0.0165742
0.018372
0.0170713
0.0179856
0.0160433
0.0351622
0.0175422
0.0168634
0.0161537
0.0181344
0.0281414
0.0176664
0.0169513
0.0164352
0.0169644
0.0411414
0.0170281
0.0172077
0.0176015
0.016669
0.0177638
0.0170803
0.0168169
0.0170417
0.0163833
0.0175569
0.0405253
0.0171218
0.0170053
0.0171228
0.0162206
0.0350735
0.0165998
0.0176722
0.0169911
0.0173237
0.0283796
0.0175423
0.0166436
0.0164732
0.0172471
0.0172729
0.0231315
0.0173244
0.0161651
0.0170812
0.0173839
0.035061
0.016131
0.0174704
0.0168167
0.0166609
0.0289141
0.0175715
0.0166247
0.0181325
0.0167542
0.0159685
0.0247324
0.017526
0.0183273
0.016878
0.0170375
0.0333815
0.0166481
0.0177754
0.017441
0.0156808
0.0175748
0.0170945
0.0168397
0.0173685
0.0164987
0.0172561
0.0350571
0.0163664
0.0173855
0.0168158
0.0175304
0.0286048
0.0176184
0.0159898
0.017614
0.0166697
0.0409067
0.0160273
0.0175512
0.0170118
0.0166177
0.0166574
0.0175833
0.0166854
0.0164886
0.0180892
0.0161201
0.0301381
0.0169671
0.017234
0.0168579
0.0157785
0.0414732
0.017032
0.0170153
0.0167292
0.0175829
0.0175377
0.0170061
0.0172628
0.0159378
0.0178343
0.0172554
0.0175602
0.0289302
0.0167717
0.0173287
0.0168154
0.0172727
0.0236494
0.0168212
0.0170905
0.0164796
0.0177812
0.0345933
0.0165119
0.0169434
0.0174302
0.0167374
0.0163257
0.0295985
0.0167985
0.0171995
0.0172958
0.0170515
0.0222191
0.0171486
0.0158614
0.0176881
0.0167182
0.0173968
0.02884
0.0169409
0.0171541
0.016726
0.0174689
0.0224572
0.01771
0.0164284
0.0174082
0.0174918
0.0344691
0.0165212
0.0174077
0.0168794
0.0162621
0.0173935
0.0279626
0.0180895
0.0184472
0.0172296
0.0168725
0.0234564
0.0169307
0.01671
0.0168716
0.0176302
0.015672
0.0358539
0.0168454
0.0167451
0.0165476
0.0191856
0.0170043
0.018309
0.0174797
0.0187891
0.0167217
0.0351549
0.0165959
0.0172056
0.0166921
0.0173241
0.0165689
0.0173716
0.0171699
0.0169858
0.0164979
0.0164293
0.0338273
0.0169774
0.0164831
0.0172676
0.0171408
0.0288248
0.0170192
0.016725
0.0174149
0.0163852
0.0407578
0.0173659
0.0168062
0.0173122
0.0167421
0.0169736
0.0168305
0.0164953
0.0181994
0.0182415
0.0164098
0.0420093
0.0167594
0.0179289
0.017136
0.0169548
0.0344892
0.0170357
0.0169804
0.0166304
0.0175821
0.0306054
0.0178498
0.0168538
0.0173597
0.0166184
0.023571
0.0174427
0.0172464
0.017358
0.0164041
0.036163
0.0162615
0.0179332
0.0170155
0.0163513
0.0174299
0.0177383
0.0169528
0.0172881
0.0158789
0.0178101
0.0351028
0.0164952
0.0175546
0.0168181
0.0166802
0.0175455
0.0282348
0.0176945
0.0168287
0.016944
0.039817
0.0171835
0.0165642
0.0172637
0.0176287
0.0163844
0.0192153
0.0180955
0.0174345
0.0173721
0.0189361
0.0422104
0.0175624
0.0167372
0.015773
0.0182051
0.0337696
0.0173793
0.0171938
0.0163578
0.0178997
0.0294241
0.0181669
0.0175953
0.0166457
0.0174478
0.0230411
0.0165104
0.0170987
0.0169376
0.01688
0.0165031
0.03525
0.0174204
0.0164115
0.0170361
0.0179688
0.0275126
0.0170815
