0.00462623
0.00442508
0.00439517
0.004413
0.00444659
0.00448154
0.00444591
0.00441252
0.00441463
0.0043842
0.00439968
0.00444854
0.00441905
0.00440741
0.00438555
0.00438398
0.0043946
0.00438853
0.00438499
0.00441858
0.0043952
0.00439241
0.00444743
0.00442439
0.00439875
0.00439393
0.00438732
0.00439373
0.00439905
0.00438964
0.00440155
0.00439639
0.004392
0.00437904
0.00439293
0.00439455
0.00439102
0.00439577
0.00438507
0.00444191
0.00444411
0.00438042
0.00438788
0.00443682
0.00438096
0.00442122
0.00443735
0.00438526
0.00438985
0.00439109
0.00438801
0.00439178
0.0043904
0.0043913
0.00438404
0.00441434
0.00439048
0.0043805
0.00438873
0.0043947
0.00439108
0.0043976
0.00438863
0.00438778
0.0043955
0.00440013
0.00440004
0.00440501
0.00438662
0.00439934
0.00438881
0.00437794
0.00438726
0.00441726
0.00443785
0.00439259
0.00440236
0.00440935
0.0043771
0.00439524
0.00444811
0.00438463
0.00439465
0.00439214
0.00438622
0.00439669
0.00438234
0.00438259
0.00441835
0.00439707
0.00438144
0.00439818
0.00438556
0.00439286
0.00438975
0.00438584
0.0043901
0.00438707
0.00437974
0.00439437
0.00439243
0.004412
0.0043807
0.00438954
0.00439274
0.00438337
0.00439817
0.00439912
0.00445684
0.00440646
0.00437849
0.00439519
0.0044159
0.00438583
0.00446401
0.00440469
0.00438243
0.00439209
0.0043924
0.00438189
0.00438729
0.00439628
0.00437991
0.00441031
0.00439158
0.00439178
0.00438329
0.00438778
0.00439341
0.00438402
0.00438948
0.00451671
0.00442591
0.00442301
0.00440346
0.00439785
0.00440512
0.0043835
0.00438391
0.00440358
0.00438889
0.00440514
0.00449219
0.00438903
0.00438826
0.00440761
0.00438123
0.0043867
0.00444352
0.00440797
0.00438544
0.00439288
0.00438903
0.00438046
0.00438884
0.00439219
0.00438172
0.00441456
0.00440301
0.00438477
0.0043987
0.00438189
0.00438704
0.00439576
0.00438473
0.00438037
0.00438837
0.00439744
0.00438939
0.00439192
0.0043858
0.00438609
0.00439022
0.00438477
0.00439642
0.00438789
0.0044608
0.00439774
0.00439236
0.00438799
0.00438625
0.00441823
0.00444156
0.00440992
0.00441085
0.00438883
0.00438037
0.00439729
0.00438615
0.00438461
0.00440388
0.00438058
0.00438802
0.00439878
0.00437922
0.00438893
0.004391
0.00438232
0.00439392
0.0043961
0.00439013
0.0043841
0.00439132
0.00439654
0.00440306
0.00439357
0.00440096
0.00438031
0.00440016
0.00438264
0.0044295
0.00443176
0.00438233
0.00439712
0.00440256
0.0043874
0.00441306
0.00444129
0.00438836
0.00439018
0.00439906
0.0043842
0.00440989
0.00445848
0.00439856
0.00439646
0.0044068
0.00440774
0.00438331
0.00438991
0.00440002
0.00438549
0.00440329
0.00438973
0.00438027
0.00445717
0.00439948
0.00438376
0.00440183
0.00438818
0.00439293
0.00439013
0.00438355
0.00439082
0.00449435
0.00453509
0.00458114
0.00453489
0.00467322
0.00452346
0.00464737
0.00454632
0.00451125
0.00443363
0.00442715
0.00444074
0.00441034
0.00438709
0.00440964
0.00441128
0.00438324
0.0043902
0.00439106
0.00438816
0.00447969
0.00444726
0.00440812
0.00438173
0.00439266
0.00440074
0.00438132
0.0043863
0.00443999
0.00452226
0.00455158
0.00454759
0.00464749
0.00451784
0.00449806
0.0043832
0.00440119
0.0044035
0.004393
0.00439466
0.00445216
0.00441305
0.00439305
0.0044053
0.00438352
0.00438893
0.00439094
0.00438093
0.00439152
0.00438829
0.00438598
0.00440569
0.004416
0.00438516
0.00439592
0.00438482
0.0043837
0.00439799
0.00438869
0.0044005
0.00440347
0.00438132
0.00439162
0.00439018
0.00438208
0.00439233
0.00438719
0.0043842
0.00446118
0.00440718
0.00438873
0.00438094
0.00438999
0.00438737
0.00442735
0.00443992
0.00439886
0.00438486
0.00440064
0.00438947
0.00438355
0.00440007
0.00438095
0.00439604
0.00440454
0.00438203
0.0043881
0.00439601
0.00438317
0.00439226
0.00439432
0.00438118
0.00439011
0.00439877
0.00438806
0.00438911
0.00438729
0.00439669
0.00440284
0.00439788
0.00439357
0.0043864
0.00445486
0.00441394
0.00438133
0.00441601
0.00437823
0.00438069
0.00441847
0.00442431
0.00439919
0.00438714
0.00437832
0.00438805
0.00438973
0.00438302
0.00439076
0.00439794
0.0043921
0.00437783
0.00440517
0.00440851
0.0043859
0.00439221
0.00439455
0.00438263
0.00439839
0.00440512
0.0043815
0.00439823
0.00438131
0.00437871
0.00440002
0.00438378
0.00439131
0.00438891
0.00441261
0.00444224
0.00439323
0.00438751
0.00438804
0.00439035
0.00440353
0.0044588
0.00440427
0.00439582
0.0043835
0.0044015
0.00438967
0.00438256
0.00440829
0.00438549
0.00440263
0.00441962
0.00455281
0.00440108
0.00441477
0.0043863
0.004407
0.00440637
0.00438093
0.00439202
0.00439588
0.00438262
0.00438737
0.00439221
0.00441029
0.00439497
0.00438584
0.00439871
0.00440862
0.00446965
0.00439327
0.00438691
0.00446567
0.00438209
0.00438275
0.00446225
0.00438362
0.00438514
0.00440368
0.0043859
0.0043939
0.00439695
0.00437979
0.00438452
0.00438859
0.00438984
0.00438852
0.00440003
0.0044163
0.00438713
0.00439169
0.00439155
0.00438346
0.0044283
0.00442237
0.00438375
0.00440237
0.00438621
0.0043856
0.00441003
0.00439021
0.00438199
0.00441229
0.0044571
0.00439377
0.00439715
0.00438023
0.00438586
0.00439547
0.00444702
0.00440267
0.00441783
0.004393
0.0043854
0.00439604
0.00439981
0.00438069
0.00439242
0.00443608
0.00439131
0.00440371
0.00438493
0.00439346
0.00440729
0.00438022
0.00437963
0.004401
0.00438063
0.00437889
0.00440358
0.00438729
0.0043869
0.00438886
0.00439096
0.00441036
0.00439741
0.00440148
0.00447854
0.00439734
0.00438715
0.00443315
0.00439742
0.00439081
0.00445441
0.00439615
0.00440339
0.00438317
0.00439835
0.00438608
0.00438598
0.00439925
0.0043856
0.0043806
0.00440684
0.00438314
0.00438845
0.00441148
0.00439651
0.00439138
0.00439359
0.00439221
0.0044005
0.0044327
0.00439492
0.00437967
0.00439192
0.00439127
0.00438857
0.00438597
0.0043923
0.00438197
0.00448471
0.00438398
0.00438032
0.00440402
0.00437832
0.00438008
0.00444875
0.00439096
0.00440634
0.00440897
0.00438313
0.00439528
0.00439045
0.00438697
0.00441153
0.00463879
0.00442703
0.00438523
0.00439171
0.00439875
0.00438609
0.00439239
0.00440089
0.00437887
0.00439523
0.00438712
0.00438202
0.00439521
0.00438351
0.00439017
0.00440116
0.00439754
0.00441084
0.00439304
0.00447259
0.00441389
0.00439336
0.00444111
0.00439294
0.00439018
0.00444982
0.00439526
0.00439059
0.00439054
0.00439219
0.00439393
0.00439535
0.00438549
0.0043987
0.00438288
0.0043809
0.00439844
0.00438102
0.00438034
0.00440575
0.00440476
0.00438871
0.0043906
0.00437918
0.00443889
0.00439744
0.00438428
0.00439109
0.00439847
0.0043887
0.00438323
0.00439419
0.00438791
0.00444913
0.00441617
0.00439794
0.00438584
0.00439709
0.00437616
0.00442701
0.00443022
0.00438314
0.00439114
0.00442365
0.00439722
0.00438914
0.00439704
0.00438532
0.00438985
0.00444064
0.00438622
0.0043901
0.00439648
0.00438698
0.00438965
0.00438594
0.00438902
0.0043794
0.00439038
0.00439566
0.00438282
0.00440003
0.00438208
0.00437872
0.00440049
0.00439561
0.00440553
0.00445299
0.00443503
0.00439268
0.00439064
0.00444415
0.00439007
0.0044177
0.00442903
0.00439251
0.00440062
0.00439105
0.00438043
0.00439011
0.00438777
0.00438479
0.00439009
0.00439825
0.00438165
0.00440029
0.00438805
0.00438303
0.00441052
0.00439639
0.00438534
0.00440443
0.00440115
0.00442313
0.00439319
0.00438144
0.00438621
0.00439266
0.00438514
0.00438853
0.00439304
0.00442462
0.00443156
0.00439096
0.00438548
0.00438209
0.00438768
0.0043959
0.00444133
0.00440962
0.00438486
0.00439487
0.00441317
0.00441166
0.00445123
0.00441192
0.00438459
0.0044617
0.00440742
0.00438442
0.00439359
0.004392
0.00438282
0.00438818
0.00438806
0.00439578
0.00438456
0.0043913
0.00439774
0.00438276
0.00438907
0.0043889
0.00438425
0.00440159
0.00440034
0.00443102
0.00446531
0.00438084
0.00438491
0.00445291
0.00439061
0.00440523
0.00444465
0.00438755
0.00438833
0.00439387
0.00438943
0.00438931
0.00439273
0.00439215
0.00438144
0.00439225
0.0043889
0.00438422
0.00439467
0.00439278
0.00438016
0.00440175
0.00441422
0.00438379
0.00439794
0.00440183
0.00438583
0.00439962
0.00438122
0.00439344
0.00439806
0.00438121
0.00438914
0.00440814
0.00444589
0.00439321
0.00439711
0.00438057
0.00439539
0.00439386
0.00445848
0.00438378
0.00439343
0.00439053
0.0043985
0.00441968
0.00439882
0.00438026
0.00440075
0.0044022
0.00438377
0.00439354
0.00438458
0.0043836
0.00440336
0.00437949
0.00439281
0.00439072
0.00438444
0.00438725
0.00439244
0.00438318
0.00439905
0.0043927
0.00439217
0.00438166
0.00439146
0.00440311
0.00447541
0.00439515
0.0043998
0.00440423
0.00440332
0.00438261
0.00444757
0.00440938
0.0043825
0.00439043
0.00440076
0.00438653
0.00438344
0.0043874
0.00438496
0.00439074
0.00439801
0.0043823
0.00439182
0.00439122
0.00438802
0.00438279
0.00440768
0.00440625
0.0043904
0.00440636
0.00439795
0.00438625
0.00439943
0.00438239
0.00438105
0.00439401
0.00438221
0.00438117
0.00447184
0.00439675
0.00439121
0.00439284
0.00437793
0.00439871
0.0044352
0.00440074
0.00439869
0.0044166
0.00445206
0.00440146
0.00441324
0.00440019
0.00438538
0.00438877
0.00441364
0.00439109
0.00439847
0.00439467
0.00438356
0.0043978
0.00437872
0.00438273
0.00440526
0.00438552
0.00438694
0.00439819
0.00438428
0.00438819
0.00439066
0.00438338
0.00438928
0.00439186
0.00449162
0.0044258
0.00439061
0.00439041
0.00440508
0.00439136
0.0044325
0.00442363
0.00441641
0.0043839
0.00438398
0.00439883
0.00438299
0.00437986
0.00439864
0.00438736
0.00439857
0.00438978
0.00437916
0.00438784
0.00438979
0.0043837
0.00439176
0.00440546
0.00441881
0.00438915
0.00441309
0.00439606
0.0043844
0.00439277
0.00439596
0.00438358
0.00440112
0.00438351
0.00442325
0.00444569
0.00438361
0.00438166
0.00439984
0.00438579
0.00439954
0.00442853
0.00438735
0.00438715
0.00439057
0.00438478
0.00439734
0.00441659
0.00438491
0.00439645
0.00440506
0.00440002
0.00438141
0.00439173
0.0043886
0.00438231
0.00439775
0.00439452
0.00438135
0.00439574
0.00439139
0.00438059
0.00439803
0.00439047
0.00438401
0.00440299
0.00437973
0.00438817
0.00442561
0.00444767
0.00441263
0.00441269
0.00438431
0.00439703
0.00439849
0.00448393
0.0043875
0.00439503
0.0043896
0.00438408
0.00438794
0.00440595
0.00442282
0.0044054
0.00438206
0.00438242
0.00439892
0.00438258
0.00438455
0.00440462
0.00438262
0.00438777
0.00440656
0.00440147
0.00441447
0.00439558
0.00438304
0.00439983
0.0043915
0.00438597
0.00438942
0.00439313
0.0044336
0.0044462
0.00440281
0.00439167
0.00438123
0.00439999
0.00441345
0.00451158
0.00445592
0.00439533
0.00439395
0.00440856
0.00438785
0.00440266
0.00440804
0.00438591
0.00441306
0.0043927
0.00438284
0.00439123
0.00439195
0.00439556
0.00438673
0.00439101
0.00439169
0.00438176
0.004396
0.00439872
0.0043891
0.00439756
0.00438864
0.00437861
0.00439608
0.00438336
0.00440706
0.00448812
0.00440201
0.00440375
0.0044141
0.00437939
0.00439258
0.0044688
0.00438459
0.00439161
0.00438934
0.00439274
0.0043853
0.00439691
0.00438878
0.00438059
0.00438818
0.00439153
0.00439059
0.00439479
0.00438731
0.0043805
0.0043987
0.00438475
0.00437864
0.00440539
0.00442828
0.00439201
0.00439444
0.00438595
0.00438922
0.00439364
0.00438052
0.0043892
0.00439799
0.00448398
0.00438852
0.00438762
0.00439453
0.00438453
