0.000522992
0.000343188
0.000341398
0.000340338
0.000340974
0.000339823
0.000339449
0.000339823
0.000339653
0.000339663
0.000349138
0.000344664
0.000354549
0.000342453
0.000482186
0.000345343
0.000340703
0.000340173
0.000340908
0.000340594
0.000340083
0.000359534
0.000339978
0.000340458
0.000338693
0.000339708
0.000339653
0.000339808
0.000339598
0.000339258
0.000339463
0.000339714
0.000356258
0.000340433
0.000339869
0.000340208
0.000339829
0.000339653
0.000338994
0.000339613
0.000338878
0.000339573
0.000340313
0.000339318
0.000344353
0.000339704
0.000339768
0.000339279
0.000339568
0.000339524
0.000338723
0.000339358
0.000339208
0.000340003
0.000339558
0.000356503
0.000342403
0.000341903
0.000339538
0.000339453
0.000338608
0.000340673
0.000342078
0.000342234
0.000342034
0.000338713
0.000363204
0.000339123
0.000339513
0.000339888
0.000339288
0.000339183
0.000340403
0.000345908
0.000339603
0.000339073
0.000339498
0.000343238
0.000340098
0.000340134
0.000339558
0.000338369
0.000338988
0.000339659
0.000339023
0.000338959
0.000338893
0.000339289
0.000338678
0.000342579
0.000339348
0.000338928
0.000338993
0.000339158
0.000338983
0.000339238
0.000339458
0.000338943
0.000338968
0.000339253
0.000346664
0.000339768
0.000340393
0.000339393
0.000339703
0.000339038
0.000344598
0.000339554
0.000339138
0.000339339
0.000339468
0.000344034
0.000339433
0.000339033
0.000339578
0.000338903
0.000338998
0.000339103
0.000339313
0.000338698
0.000338733
0.000339308
0.000338323
0.000342993
0.000339324
0.000338968
0.000338704
0.000338433
0.000339484
0.000338663
0.000338929
0.000339493
0.000340403
0.000338613
0.000347748
0.000339484
0.000340518
0.000339119
0.000339663
0.000338434
0.000338393
0.000338394
0.000338938
0.000338504
0.000339413
0.000339273
0.000342613
0.000339328
0.000339088
0.000339298
0.000338833
0.000339488
0.000338648
0.000344543
0.000338734
0.000339183
0.000338459
0.000342853
0.000339038
0.000339743
0.000340158
0.000338888
0.000338768
0.000338018
0.000338978
0.000338653
0.000338948
0.000338743
0.000348288
0.000339508
0.000339558
0.000339288
0.000338943
0.000338723
0.000338613
0.000338788
0.000339243
0.000338803
0.000340318
0.000338863
0.000342139
0.000340013
0.000340509
0.000339683
0.000339173
0.000339248
0.000339498
0.000339413
0.000339098
0.000339693
0.000339098
0.000342534
0.000339028
0.000339479
0.000339148
0.000338709
0.000339533
0.000338324
0.000338903
0.000338979
0.000339088
0.000338334
0.000339628
0.000339688
0.000339663
0.000339223
0.000339574
0.000339633
0.000338964
0.000339418
0.000338404
0.000339248
0.000339019
0.000338368
0.000342029
0.000339513
0.000338653
0.000338353
0.000339378
0.000339073
0.000338678
0.000339838
0.000340408
0.000339193
0.000338458
0.000342499
0.000339458
0.000339159
0.000339683
0.000340729
0.000338688
0.000340259
0.000340493
0.000339443
0.000338703
0.000338908
0.000338778
0.000346623
0.000339404
0.000339468
0.000339114
0.000339218
0.000338344
0.000338678
0.000338589
0.000338678
0.000339494
0.000339338
0.000346298
0.000339204
0.000339908
0.000338484
0.000339338
0.000338564
0.000339103
0.000338324
0.000339353
0.000338579
0.000339098
0.000341669
0.000339373
0.000338323
0.000339158
0.000339553
0.000338633
0.000338463
0.000355519
0.000339393
0.000339128
0.000338983
0.000345508
0.000355039
0.000339043
0.000339358
0.000339124
0.000339383
0.000339919
0.000339273
0.000338769
0.000339173
0.000338529
0.000338818
0.000342749
0.000340158
0.000340593
0.000339068
0.000339463
0.000338498
0.000339738
0.000338969
0.000339023
0.000338664
0.000339013
0.000342729
0.000339318
0.000344939
0.000339798
0.000338763
0.000339893
0.000339253
0.000339388
0.000339008
0.000339159
0.000339198
0.000339239
0.000348423
0.000339628
0.000339048
0.000339188
0.000339068
0.000340438
0.000343189
0.000341983
0.000341268
0.000339424
0.000338978
0.000348139
0.000340033
0.000338858
0.000339148
0.000338223
0.000339354
0.000339013
0.000339924
0.000339783
0.000339384
0.000338833
0.000342514
0.000339038
0.000339283
0.000339098
0.000338613
0.000339353
0.000338283
0.000340163
0.000338798
0.000339323
0.000339218
0.000338794
0.000360189
0.000338833
0.000339074
0.000338524
0.000347638
0.000339113
0.000338828
0.000339913
0.000338718
0.000339608
0.000339068
0.000342528
0.000339089
0.000339453
0.000337989
0.000339473
0.000338959
0.000338798
0.000339739
0.000339113
0.000339214
0.000339153
0.000342159
0.000339468
0.000339693
0.000339713
0.000339683
0.000339309
0.000339403
0.000339454
0.000338738
0.000338359
0.000339188
0.000338589
0.000347893
0.000339793
0.000338668
0.000338933
0.000339173
0.000339078
0.000338813
0.000339093
0.000339659
0.000338618
0.000339224
0.000342248
0.000339239
0.000339288
0.000338854
0.000339388
0.000339398
0.000338763
0.000338573
0.000340103
0.000339228
0.000338358
0.000338793
0.000343078
0.000339718
0.000339514
0.000339333
0.000339214
0.000338713
0.000338624
0.000338843
0.000338819
0.000338523
0.000338979
0.000347363
0.000339753
0.000338688
0.000338953
0.000338598
0.000339623
0.000339374
0.000338738
0.000338924
0.000339693
0.000338099
0.000342348
0.000339474
0.000339113
0.000339658
0.000339188
0.000339648
0.000339153
0.000339963
0.000338553
0.000338808
0.000338853
0.000338808
0.000343044
0.000339523
0.000338734
0.000339253
0.000337969
0.000339703
0.000338744
0.000342858
0.000339428
0.000339303
0.000340333
0.000347249
0.000339793
0.000339299
0.000338688
0.000339054
0.000339168
0.000338543
0.000339273
0.000339203
0.000340463
0.000339463
0.000343669
0.000339408
0.000339924
0.000339218
0.000338674
0.000338883
0.000339039
0.000338743
0.000338809
0.000338553
0.000339259
0.000339228
0.000341734
0.000339153
0.000339578
0.000339923
0.000338793
0.000339183
0.000340168
0.000339193
0.000338838
0.000338273
0.000339543
0.000346899
0.000339293
0.000339528
0.000339388
0.000339283
0.000340008
0.000338903
0.000339733
0.000339048
0.000338969
0.000339038
0.000338734
0.000344288
0.000339339
0.000338263
0.000340053
0.000339083
0.000339263
0.000338783
0.000339793
0.000338748
0.000339523
0.000339388
0.000342413
0.000339079
0.000339758
0.000339294
0.000339538
0.000339464
0.000340043
0.000338704
0.000339468
0.000339808
0.000339513
0.000346548
0.000339634
0.000339238
0.000338244
0.000339268
0.000338924
0.000338973
0.000338779
0.000338418
0.000338499
0.000338668
0.000339239
0.000344948
0.000339968
0.000339008
0.000338818
0.000338393
0.000338858
0.000338548
0.000338623
0.000339173
0.000339873
0.000339184
0.000345448
0.000339448
0.000338188
0.000339173
0.000338693
0.000339063
0.000338433
0.000339238
0.000339268
0.000338688
0.000339623
0.000346628
0.000338829
0.000339183
0.000356354
0.000339589
0.000339173
0.000339044
0.000338248
0.000338174
0.000339083
0.000339648
0.000338573
0.000342503
0.000344934
0.000339143
0.000338569
0.000338868
0.000338514
0.000339173
0.000339109
0.000339328
0.000338564
0.000339723
0.000350353
0.000339454
0.000338918
0.000339829
0.000339208
0.000340059
0.000338673
0.000339164
0.000340353
0.000339528
0.000338738
0.000338318
0.000339679
0.000339258
0.000339174
0.000338568
0.000338749
0.000339238
0.000339464
0.000338668
0.000339074
0.000338818
0.000339199
0.000342573
0.000339393
0.000339828
0.000339573
0.000339108
0.000339448
0.000339598
0.000339538
0.000339404
0.000339353
0.000339589
0.000342383
0.000339449
0.000339363
0.000339758
0.000338933
0.000339453
0.000339753
0.000338873
0.000338868
0.000339113
0.000339033
0.000339323
0.000347234
0.000338818
0.000339324
0.000339068
0.000339284
0.000338718
0.000338379
0.000338873
0.000338354
0.000338748
0.000339179
0.000342133
0.000339243
0.000339053
0.000338613
0.000343484
0.000339408
0.000340254
0.000337808
0.000339004
0.000339088
0.000339044
0.000342358
0.000339023
0.000338498
0.000339393
0.000338358
0.000339453
0.000339418
0.000339078
0.000339713
0.000339248
0.000338863
0.000338488
0.000346309
0.000339193
0.000339839
0.000339313
0.000338919
0.000338833
0.000338883
0.000338608
0.000339063
0.000338753
0.000339103
0.000341663
0.000339768
0.000339518
0.000339068
0.000338924
0.000339153
0.000338704
0.000339258
0.000339239
0.000339178
0.000339324
0.000339798
0.000341874
0.000339023
0.000338648
0.000338908
0.000339388
0.000339148
0.000339288
0.000338528
0.000338833
0.000339208
0.000339653
0.000346869
0.000339993
0.000340459
0.000340039
0.000338708
0.000339844
0.000339633
0.000339019
0.000338663
0.000339059
0.000339688
0.000343304
0.000339928
0.000339473
0.000339223
0.000340018
0.000339348
0.000339598
0.000339089
0.000338938
0.000339449
0.000339113
0.000338734
0.000345173
0.000339463
0.000339268
0.000338133
0.000338878
0.000339198
0.000338998
0.000339093
0.000339123
0.000338803
0.000338348
0.000346428
0.000339344
0.000339553
0.000339109
0.000338998
0.000339084
0.000338663
0.000338933
0.000343158
0.000338723
0.000338738
0.000342363
0.000339323
0.000339733
0.000339824
0.000338723
0.000339239
0.000339663
0.000338994
0.000338918
0.000339534
0.000338573
0.000339079
0.000341603
0.000338663
0.000338883
0.000340498
0.000339213
0.000339868
0.000337943
0.000338628
0.000339063
0.000339168
0.000338803
0.000346373
0.000339559
0.000338713
0.000339123
0.000338723
0.000338628
0.000338628
0.000338733
0.000339568
0.000338993
0.000339143
0.000339353
0.000342958
0.000339328
0.000339709
0.000339488
0.000339289
0.000339063
0.000339429
0.000341198
0.000339759
0.000339483
0.000339958
0.000343063
0.000339158
0.000339028
0.000339353
0.000338819
0.000338798
0.000339474
0.000339373
0.000339794
0.000339408
0.000338709
0.000346993
0.000339363
0.000340098
0.000339543
0.000338633
0.000339198
0.000339538
0.000339518
0.000339924
0.000338898
0.000339389
0.000338603
0.000342999
0.000339488
0.000339608
0.000338948
0.000339128
0.000338813
0.000339273
0.000338828
0.000339298
0.000339343
0.000339083
0.000342964
0.000339153
0.000338849
0.000339258
0.000339419
0.000339013
0.000340349
0.000338228
0.000339024
0.000339328
0.000339069
0.000349653
0.000339608
0.000338404
0.000338933
0.000338989
0.000339648
0.000338969
0.000339563
0.000339774
0.000347618
0.000375479
0.000340318
0.000342693
0.000338694
0.000339368
0.000338644
0.000339263
0.000338929
0.000339293
0.000339269
0.000339908
0.000339443
0.000340103
0.000343353
0.000338683
0.000339628
0.000344564
0.000339238
0.000339439
0.000339428
0.000338728
0.000338963
0.000339168
0.000339043
0.000350983
0.000339504
0.000340113
0.000340059
0.000338783
0.000339268
0.000339248
0.000338448
0.000339943
0.000340133
0.000339828
0.000338528
0.000342329
0.000339668
0.000339474
0.000338903
0.000340034
0.000338673
0.000340054
0.000339798
0.000339569
0.000339303
0.000338878
0.000342873
0.000339818
0.000340278
0.000339483
0.000339279
0.000338853
0.000339674
0.000338473
0.000339194
0.000339013
0.000338429
0.000339588
0.000340368
0.000340458
0.000339438
0.000339099
0.000340158
0.000339094
0.000339068
0.000339119
0.000339773
0.000339504
0.000338863
0.000343269
0.000339308
0.000340323
0.000338813
0.000339883
0.000338933
0.000339768
0.000339603
0.000339468
0.000339499
0.000338803
0.000349279
0.000339643
0.000339238
0.000339278
0.000343468
0.000339409
0.000339623
0.000339769
0.000338938
0.000338794
0.000339233
0.000338474
0.000348328
0.000338973
0.000338888
0.000339148
0.000339944
0.000339353
0.000339369
0.000339188
0.000338954
0.000338898
0.000338644
0.000342813
0.000339853
0.000339278
0.000338803
0.000340048
0.000340268
0.000339913
0.000339283
0.000339508
0.000338758
0.000338818
0.000342938
0.000339804
0.000339613
0.000339504
0.000339198
0.000339558
0.000339048
0.000339423
0.000338848
0.000338928
0.000338978
0.000338558
0.000346364
0.000339078
0.000339459
0.000338733
0.000338674
0.000338968
0.000338919
0.000339018
0.000339949
0.000339248
0.000338519
0.000342118
0.000339098
0.000338998
0.000339303
0.000339778
0.000338973
0.000339258
0.000338938
0.000339514
0.000339393
0.000339364
0.000343058
0.000339464
0.000338848
0.000340003
0.000339683
0.000339588
0.000339563
0.000339318
0.000339178
0.000339718
0.000338818
0.000339938
0.000346124
0.000339693
0.000338609
0.000338773
0.000338549
0.000339238
0.000338853
0.000338543
0.000339818
0.000339213
0.000338928
0.000341788
0.000339508
