7.8032e-05
6.312e-05
6.1305e-05
6.0111e-05
6.0122e-05
5.9612e-05
5.9721e-05
5.9202e-05
5.9387e-05
5.9341e-05
5.9492e-05
5.9531e-05
5.9611e-05
5.9727e-05
5.9251e-05
5.9457e-05
5.9092e-05
5.9092e-05
5.8877e-05
5.9411e-05
5.9652e-05
5.9426e-05
5.9112e-05
5.9391e-05
5.9507e-05
5.9996e-05
5.9626e-05
5.9237e-05
5.9387e-05
9.8827e-05
6.0232e-05
5.4394e-05
2.7432e-05
2.7597e-05
2.7347e-05
2.7572e-05
2.7442e-05
2.7366e-05
2.7342e-05
2.7257e-05
2.7447e-05
2.7397e-05
2.7387e-05
2.7437e-05
2.7307e-05
2.7242e-05
2.7572e-05
2.7432e-05
2.7307e-05
2.7272e-05
2.7282e-05
2.7282e-05
2.7442e-05
2.7422e-05
2.7252e-05
2.7357e-05
2.7462e-05
2.7306e-05
2.7177e-05
2.7212e-05
2.7372e-05
2.7232e-05
2.7277e-05
2.7327e-05
2.7237e-05
2.7317e-05
2.7427e-05
2.7302e-05
2.7357e-05
2.7212e-05
2.7172e-05
2.7397e-05
2.7372e-05
2.7277e-05
2.7302e-05
2.7391e-05
2.7332e-05
2.7452e-05
2.7437e-05
2.7327e-05
2.7357e-05
2.7237e-05
2.7322e-05
2.7317e-05
2.7377e-05
2.7342e-05
2.7542e-05
2.7317e-05
2.7497e-05
2.7397e-05
2.7267e-05
2.7347e-05
2.7317e-05
2.7447e-05
2.7361e-05
2.7327e-05
2.7207e-05
2.7267e-05
2.7552e-05
2.7432e-05
2.7312e-05
2.7302e-05
2.7342e-05
2.7422e-05
2.7202e-05
2.7247e-05
2.7392e-05
2.7177e-05
2.7367e-05
2.7272e-05
2.7472e-05
2.7357e-05
2.7482e-05
2.7292e-05
2.7207e-05
2.7187e-05
2.7521e-05
2.7357e-05
2.7307e-05
2.7277e-05
2.7311e-05
2.7317e-05
2.7382e-05
2.7282e-05
2.7477e-05
2.7357e-05
2.7242e-05
0.0001257
2.7707e-05
2.7557e-05
2.7477e-05
2.7277e-05
2.7282e-05
3.1845e-05
2.7377e-05
2.7252e-05
2.7172e-05
2.7342e-05
2.7562e-05
2.7282e-05
2.7337e-05
2.7172e-05
2.7222e-05
2.7592e-05
3.4739e-05
2.7517e-05
2.7237e-05
2.7392e-05
2.7202e-05
2.7252e-05
2.7142e-05
3.8207e-05
2.7427e-05
2.7382e-05
2.7402e-05
2.7227e-05
2.7167e-05
2.7217e-05
2.7357e-05
2.7172e-05
2.7247e-05
2.7507e-05
2.7227e-05
2.7167e-05
2.7372e-05
2.7267e-05
2.7257e-05
2.7407e-05
2.7472e-05
2.7157e-05
2.7297e-05
2.7247e-05
2.7217e-05
2.7387e-05
2.7377e-05
2.7297e-05
2.7382e-05
2.7317e-05
2.7302e-05
2.7427e-05
2.7397e-05
2.7462e-05
2.7197e-05
2.7262e-05
2.7282e-05
2.7332e-05
2.7197e-05
2.7237e-05
2.7227e-05
2.7232e-05
2.7232e-05
2.7297e-05
2.7242e-05
2.7237e-05
2.7152e-05
2.7192e-05
2.7177e-05
2.7217e-05
2.7197e-05
2.7147e-05
2.7212e-05
2.7252e-05
2.7277e-05
2.7372e-05
2.7258e-05
2.7312e-05
2.7242e-05
2.7057e-05
2.7192e-05
2.7227e-05
2.7212e-05
2.7362e-05
2.7287e-05
2.7227e-05
2.7237e-05
2.7187e-05
2.7362e-05
2.7327e-05
2.7107e-05
2.7272e-05
2.7282e-05
2.7178e-05
2.7078e-05
2.7217e-05
2.7147e-05
2.7167e-05
2.7227e-05
2.7102e-05
2.7252e-05
2.7342e-05
2.7102e-05
2.7272e-05
2.7237e-05
2.7222e-05
2.7082e-05
2.7282e-05
2.7287e-05
2.7312e-05
2.7172e-05
2.7182e-05
2.7357e-05
2.7297e-05
2.7442e-05
2.7262e-05
4.1695e-05
2.7832e-05
2.7631e-05
2.7377e-05
2.7207e-05
2.7252e-05
2.7252e-05
2.7297e-05
2.7312e-05
2.7077e-05
2.7352e-05
2.7178e-05
2.7157e-05
2.7312e-05
2.7472e-05
2.7357e-05
2.7302e-05
2.7342e-05
2.7217e-05
2.7163e-05
2.7232e-05
2.7177e-05
2.7157e-05
2.7217e-05
2.7182e-05
2.7282e-05
2.7357e-05
2.7502e-05
2.7272e-05
2.7232e-05
2.7502e-05
2.7247e-05
2.7332e-05
2.7142e-05
2.7317e-05
2.7042e-05
2.7287e-05
2.7147e-05
2.7242e-05
2.7242e-05
2.7167e-05
2.7207e-05
2.7237e-05
2.7243e-05
2.7197e-05
2.7247e-05
2.7197e-05
2.7487e-05
2.7192e-05
2.7087e-05
2.7312e-05
2.7017e-05
2.7262e-05
2.7442e-05
2.7247e-05
2.7193e-05
2.7193e-05
2.7077e-05
2.7077e-05
2.7227e-05
2.7152e-05
2.7352e-05
2.7202e-05
2.7357e-05
2.7262e-05
2.7277e-05
2.7257e-05
2.7258e-05
2.7237e-05
2.7277e-05
2.7402e-05
2.7127e-05
2.7207e-05
2.7507e-05
2.7347e-05
2.7282e-05
2.7337e-05
2.7292e-05
2.7332e-05
2.7217e-05
2.7262e-05
2.7237e-05
2.7307e-05
2.7257e-05
2.7227e-05
2.7127e-05
2.7317e-05
2.7182e-05
2.7432e-05
2.7108e-05
2.7332e-05
2.7347e-05
2.7112e-05
2.7127e-05
2.7232e-05
2.7432e-05
2.7072e-05
2.7147e-05
2.7412e-05
2.7267e-05
2.7228e-05
2.7188e-05
2.7417e-05
2.7072e-05
2.7307e-05
2.7242e-05
2.7302e-05
2.7332e-05
2.7372e-05
2.7461e-05
2.7257e-05
4.0446e-05
2.7412e-05
2.7232e-05
2.7382e-05
2.7147e-05
2.7262e-05
2.7272e-05
2.7402e-05
2.7177e-05
2.7162e-05
2.7147e-05
2.7282e-05
2.7402e-05
2.7242e-05
2.7127e-05
2.7302e-05
2.7227e-05
2.7212e-05
2.7772e-05
2.7512e-05
2.7272e-05
2.7327e-05
2.7332e-05
2.7212e-05
2.7287e-05
2.7402e-05
2.7242e-05
2.7192e-05
2.7242e-05
2.7137e-05
2.7307e-05
2.7147e-05
2.7297e-05
2.7347e-05
2.7257e-05
2.7307e-05
2.7202e-05
2.7332e-05
2.7287e-05
2.7183e-05
2.7262e-05
2.7402e-05
2.7257e-05
2.7162e-05
2.7402e-05
2.7307e-05
2.7222e-05
2.7317e-05
2.7392e-05
2.7352e-05
2.7262e-05
2.7237e-05
2.7232e-05
2.7177e-05
2.7247e-05
2.7227e-05
2.7182e-05
2.7397e-05
2.7197e-05
2.7267e-05
2.7427e-05
2.7147e-05
2.7307e-05
2.7252e-05
2.7252e-05
2.7372e-05
2.7232e-05
2.7442e-05
2.7487e-05
2.7022e-05
2.7142e-05
2.7237e-05
2.7202e-05
2.7207e-05
2.7117e-05
2.7397e-05
2.7087e-05
2.7292e-05
2.7307e-05
2.7147e-05
2.7247e-05
2.7292e-05
2.7237e-05
2.7252e-05
2.7367e-05
2.7252e-05
2.7307e-05
2.7277e-05
2.7376e-05
2.7182e-05
2.7292e-05
2.7247e-05
2.7282e-05
2.7247e-05
2.7332e-05
2.7117e-05
2.7272e-05
2.7168e-05
2.7482e-05
2.7302e-05
2.7207e-05
2.7282e-05
2.7317e-05
2.7237e-05
2.7192e-05
2.7162e-05
2.7047e-05
2.7237e-05
2.7262e-05
2.7152e-05
2.7782e-05
2.7612e-05
2.7517e-05
2.7362e-05
2.7257e-05
2.7222e-05
2.7252e-05
2.7287e-05
2.7242e-05
2.7392e-05
2.7238e-05
2.7148e-05
2.7322e-05
2.7387e-05
2.7442e-05
2.7157e-05
2.7072e-05
2.7212e-05
2.7232e-05
2.7177e-05
2.7122e-05
2.7147e-05
2.7232e-05
2.7227e-05
2.7212e-05
2.7277e-05
2.7147e-05
2.7197e-05
2.7297e-05
2.7117e-05
2.7417e-05
2.7322e-05
2.7262e-05
2.7142e-05
2.7457e-05
2.7582e-05
2.7417e-05
2.7297e-05
2.7367e-05
2.7312e-05
2.7407e-05
2.7207e-05
2.7312e-05
2.7402e-05
2.7132e-05
2.7412e-05
2.7173e-05
2.7113e-05
2.7232e-05
2.7277e-05
2.7302e-05
2.7222e-05
2.7267e-05
2.7332e-05
2.7462e-05
2.7337e-05
2.7247e-05
2.7248e-05
2.7307e-05
2.7147e-05
2.7287e-05
2.7227e-05
2.7237e-05
2.7177e-05
2.7352e-05
2.7307e-05
2.7317e-05
2.7267e-05
2.7387e-05
2.7337e-05
2.7387e-05
2.7287e-05
2.7277e-05
2.7122e-05
2.7097e-05
2.7347e-05
2.7167e-05
2.7182e-05
2.7332e-05
2.7162e-05
2.7437e-05
2.7337e-05
2.7332e-05
2.7217e-05
2.7147e-05
2.7412e-05
2.7047e-05
2.7362e-05
2.7337e-05
2.7147e-05
2.7302e-05
2.7157e-05
2.7112e-05
2.7067e-05
2.7212e-05
2.7232e-05
2.7357e-05
2.7212e-05
2.7227e-05
2.7042e-05
2.7162e-05
2.7152e-05
2.7287e-05
2.7277e-05
2.7447e-05
2.7382e-05
2.7552e-05
2.8012e-05
2.7782e-05
2.7262e-05
2.7312e-05
3.1759e-05
2.7452e-05
2.7377e-05
2.7347e-05
2.7352e-05
2.7422e-05
2.7262e-05
2.7327e-05
2.7182e-05
2.7232e-05
2.7362e-05
2.7202e-05
2.7517e-05
2.7302e-05
2.7482e-05
2.7148e-05
2.7152e-05
2.7157e-05
2.7082e-05
2.7132e-05
2.7282e-05
2.7562e-05
2.7227e-05
2.7132e-05
2.7392e-05
2.7342e-05
2.7456e-05
2.7152e-05
2.7247e-05
2.7237e-05
2.7362e-05
2.7247e-05
2.7182e-05
2.7082e-05
2.7232e-05
2.7268e-05
2.7157e-05
2.7332e-05
2.7242e-05
2.7277e-05
2.7182e-05
2.7232e-05
2.7267e-05
2.7272e-05
2.7287e-05
2.7257e-05
2.7207e-05
2.7442e-05
2.7287e-05
2.7102e-05
2.7027e-05
2.7062e-05
2.7067e-05
2.7102e-05
2.7048e-05
2.6862e-05
2.7032e-05
2.6958e-05
2.7012e-05
2.7107e-05
2.6972e-05
2.6957e-05
2.7062e-05
2.7242e-05
2.7267e-05
2.7047e-05
2.7152e-05
2.7123e-05
2.7047e-05
2.7077e-05
2.6973e-05
2.7127e-05
2.7187e-05
2.7202e-05
2.6952e-05
2.6932e-05
2.7042e-05
2.7117e-05
2.6897e-05
2.6947e-05
2.7122e-05
2.6987e-05
2.6983e-05
2.7052e-05
2.7362e-05
2.7142e-05
2.7067e-05
2.7117e-05
2.7187e-05
2.7217e-05
2.7247e-05
2.7342e-05
2.7257e-05
2.7193e-05
2.7137e-05
2.7042e-05
2.7157e-05
2.7092e-05
2.7192e-05
2.7212e-05
2.7112e-05
2.7192e-05
2.7202e-05
2.7202e-05
2.7272e-05
2.7257e-05
2.7197e-05
2.7292e-05
2.7073e-05
2.7192e-05
2.7132e-05
2.7172e-05
2.7337e-05
2.7097e-05
2.8247e-05
2.7332e-05
2.7082e-05
2.7127e-05
2.7072e-05
2.7252e-05
2.7107e-05
2.7232e-05
2.7057e-05
2.7112e-05
2.7237e-05
2.7307e-05
2.7157e-05
2.7087e-05
2.7207e-05
2.7097e-05
2.7092e-05
2.7152e-05
2.7142e-05
2.7037e-05
2.7047e-05
2.7277e-05
2.7057e-05
2.7202e-05
2.7302e-05
2.7177e-05
2.7142e-05
2.7207e-05
2.7103e-05
2.7122e-05
2.7068e-05
2.7057e-05
2.7042e-05
2.7102e-05
2.7097e-05
2.7122e-05
2.7047e-05
2.7102e-05
2.6982e-05
2.7072e-05
2.7082e-05
2.6847e-05
2.7007e-05
2.7162e-05
2.7192e-05
2.7317e-05
2.7312e-05
2.7112e-05
2.7247e-05
2.7312e-05
2.7182e-05
2.7102e-05
2.7172e-05
2.7147e-05
2.7152e-05
2.7317e-05
2.7087e-05
2.7182e-05
2.7217e-05
2.7097e-05
2.6932e-05
2.7068e-05
2.7118e-05
2.7163e-05
2.7033e-05
2.7198e-05
2.7093e-05
2.7168e-05
2.7292e-05
2.7177e-05
2.7267e-05
2.7132e-05
2.7167e-05
2.7192e-05
2.7182e-05
2.7097e-05
2.7322e-05
2.7117e-05
2.7032e-05
2.7312e-05
2.7157e-05
2.7022e-05
2.7152e-05
2.7187e-05
2.7242e-05
2.7232e-05
2.7042e-05
2.7367e-05
2.7062e-05
2.7242e-05
2.7182e-05
2.7142e-05
2.7137e-05
2.7022e-05
2.7027e-05
2.7122e-05
2.7027e-05
2.7092e-05
2.7082e-05
2.7272e-05
2.7172e-05
2.7242e-05
2.7337e-05
2.7197e-05
2.7217e-05
2.7082e-05
2.7227e-05
2.7042e-05
2.7152e-05
2.7177e-05
4.6188e-05
2.7832e-05
2.7337e-05
2.7122e-05
2.7212e-05
2.7282e-05
2.7163e-05
2.7202e-05
2.7297e-05
2.7332e-05
2.7257e-05
2.7177e-05
2.7132e-05
2.7117e-05
2.7117e-05
2.7122e-05
2.7262e-05
2.7062e-05
2.7227e-05
2.7242e-05
2.7292e-05
2.7227e-05
2.7162e-05
2.7072e-05
2.7247e-05
2.7277e-05
2.7262e-05
2.7187e-05
2.7167e-05
2.7197e-05
2.7197e-05
2.7377e-05
2.7122e-05
2.7277e-05
2.7197e-05
2.7252e-05
2.7162e-05
2.7237e-05
2.7357e-05
2.7182e-05
2.7227e-05
2.7317e-05
2.7267e-05
2.7322e-05
2.7237e-05
2.7307e-05
2.7337e-05
2.7267e-05
2.7177e-05
2.7372e-05
2.7132e-05
2.7147e-05
2.7352e-05
2.7157e-05
2.7262e-05
2.7222e-05
2.7107e-05
2.7277e-05
2.7192e-05
2.7188e-05
2.7203e-05
2.7232e-05
2.7062e-05
2.7227e-05
2.7207e-05
2.7292e-05
2.7222e-05
2.7117e-05
2.7252e-05
2.7122e-05
2.7107e-05
2.7317e-05
2.7207e-05
2.7222e-05
2.7177e-05
2.7227e-05
2.7167e-05
2.7192e-05
2.7252e-05
2.7237e-05
2.7312e-05
2.7147e-05
2.7322e-05
2.7032e-05
2.7132e-05
2.7182e-05
2.7197e-05
2.7172e-05
2.7142e-05
2.7202e-05
2.6997e-05
2.7197e-05
2.7247e-05
2.7252e-05
2.7197e-05
2.7147e-05
2.7127e-05
2.7202e-05
2.7192e-05
2.7212e-05
2.7197e-05
2.7137e-05
2.7187e-05
2.7072e-05
2.7167e-05
2.7177e-05
2.7092e-05
2.7217e-05
2.7192e-05
2.7182e-05
2.7197e-05
3.114e-05
2.7297e-05
2.7172e-05
2.7202e-05
2.7162e-05
2.7157e-05
2.7137e-05
2.7292e-05
2.7257e-05
2.7102e-05
2.7112e-05
2.7202e-05
2.7202e-05
2.7197e-05
2.7242e-05
2.7192e-05
2.7122e-05
2.7252e-05
2.7137e-05
2.7222e-05
2.7217e-05
2.7107e-05
2.7292e-05
2.7233e-05
2.7172e-05
2.7272e-05
2.7382e-05
2.7217e-05
2.7207e-05
2.7297e-05
2.7227e-05
2.7092e-05
2.7177e-05
2.7247e-05
2.7272e-05
2.7163e-05
2.7237e-05
2.7117e-05
2.7082e-05
2.7257e-05
2.7257e-05
2.7247e-05
2.7107e-05
2.7137e-05
2.7042e-05
2.7232e-05
2.7257e-05
2.7157e-05
2.7162e-05
2.7162e-05
2.7182e-05
2.7302e-05
2.7247e-05
2.7197e-05
2.7092e-05
2.7047e-05
2.7122e-05
2.7157e-05
2.7107e-05
2.7187e-05
2.7007e-05
2.7127e-05
2.7232e-05
2.7017e-05
2.7142e-05
2.7177e-05
2.7097e-05
2.7227e-05
2.7127e-05
2.7322e-05
2.7117e-05
2.7312e-05
2.7297e-05
2.7108e-05
2.7217e-05
2.7172e-05
2.7187e-05
2.7302e-05
2.7057e-05
2.7147e-05
2.7217e-05
2.7307e-05
2.7067e-05
2.7137e-05
2.7102e-05
2.7212e-05
2.7207e-05
2.7072e-05
2.7317e-05
