7.7578e-05
6.3265e-05
6.0571e-05
6.0102e-05
5.9507e-05
5.9242e-05
0.000107404
6.0016e-05
5.9237e-05
2.7167e-05
2.7177e-05
2.7167e-05
2.7227e-05
2.7147e-05
2.7112e-05
2.7282e-05
2.7317e-05
2.7336e-05
2.7207e-05
2.7202e-05
2.6962e-05
2.7242e-05
2.7007e-05
2.7277e-05
2.7227e-05
2.7112e-05
2.7187e-05
2.7227e-05
2.7217e-05
2.7202e-05
2.7232e-05
2.7262e-05
2.7127e-05
2.7072e-05
2.6998e-05
2.7157e-05
2.7157e-05
2.7027e-05
2.7147e-05
2.7197e-05
2.7192e-05
2.7262e-05
2.7147e-05
2.7002e-05
2.7212e-05
2.6907e-05
2.7072e-05
2.7122e-05
2.6967e-05
2.7192e-05
2.7112e-05
2.6972e-05
2.7057e-05
2.7237e-05
2.7237e-05
2.6972e-05
2.7052e-05
2.7167e-05
2.7132e-05
2.7072e-05
2.7132e-05
2.6782e-05
2.6927e-05
2.7087e-05
2.7167e-05
2.7062e-05
2.7193e-05
2.6972e-05
2.6947e-05
2.7157e-05
2.7047e-05
2.6992e-05
2.7017e-05
2.7038e-05
2.7172e-05
2.7072e-05
2.7117e-05
2.7062e-05
2.6982e-05
2.7217e-05
2.7187e-05
2.7147e-05
2.7177e-05
2.7037e-05
2.6957e-05
2.7117e-05
2.7152e-05
2.7262e-05
2.7007e-05
2.7057e-05
2.7347e-05
2.7142e-05
2.6953e-05
2.7162e-05
2.7072e-05
2.6982e-05
2.7077e-05
2.7172e-05
2.7237e-05
2.7292e-05
2.7162e-05
2.7212e-05
2.7122e-05
2.7147e-05
2.7212e-05
2.7232e-05
2.7277e-05
2.7012e-05
2.7097e-05
2.7192e-05
2.7072e-05
2.7002e-05
2.7083e-05
3.6068e-05
2.7257e-05
2.7287e-05
2.7032e-05
2.7197e-05
2.7047e-05
2.7167e-05
2.7202e-05
2.7082e-05
2.6972e-05
2.7207e-05
2.7107e-05
2.7037e-05
2.6967e-05
2.7077e-05
2.7058e-05
2.7207e-05
2.7067e-05
2.7222e-05
2.7037e-05
2.7267e-05
2.7207e-05
2.7257e-05
2.7397e-05
2.7157e-05
2.7068e-05
2.7337e-05
2.6992e-05
2.7267e-05
2.7142e-05
2.7272e-05
2.7252e-05
2.7527e-05
2.7082e-05
2.7337e-05
2.6938e-05
2.7152e-05
2.7147e-05
2.7097e-05
2.7037e-05
2.7257e-05
2.7033e-05
2.7032e-05
2.6857e-05
2.6932e-05
2.7222e-05
2.7027e-05
2.7152e-05
2.7092e-05
2.7078e-05
2.7192e-05
2.7087e-05
2.7232e-05
2.7107e-05
2.7032e-05
2.7092e-05
0.000118399
3.0895e-05
2.7382e-05
2.7127e-05
2.7192e-05
2.7028e-05
2.7237e-05
2.7157e-05
2.7227e-05
2.7242e-05
2.7047e-05
2.6877e-05
2.7187e-05
2.7132e-05
2.7067e-05
2.6897e-05
2.6952e-05
2.6997e-05
2.7177e-05
2.6867e-05
2.7097e-05
2.7068e-05
2.6952e-05
2.7012e-05
2.6952e-05
2.6942e-05
2.6928e-05
2.7032e-05
2.7082e-05
2.7152e-05
2.7172e-05
2.6992e-05
2.6882e-05
2.6878e-05
2.6827e-05
2.7162e-05
2.7102e-05
2.6972e-05
2.7082e-05
2.7027e-05
2.7098e-05
2.6987e-05
2.6982e-05
2.7012e-05
2.6957e-05
2.6948e-05
2.7152e-05
2.7048e-05
2.7007e-05
2.7138e-05
2.7072e-05
2.6952e-05
2.7787e-05
4.8732e-05
2.7612e-05
2.7262e-05
2.7087e-05
2.7212e-05
2.7027e-05
2.7272e-05
2.7097e-05
2.7307e-05
2.7173e-05
2.7217e-05
2.7192e-05
2.7047e-05
2.7147e-05
2.7182e-05
2.7217e-05
2.7197e-05
2.7102e-05
2.7147e-05
2.7162e-05
2.7017e-05
2.7073e-05
2.7237e-05
2.7247e-05
2.7132e-05
2.7162e-05
2.7162e-05
2.7222e-05
2.7047e-05
2.7107e-05
2.7322e-05
2.7162e-05
2.7242e-05
2.7097e-05
2.7207e-05
2.7152e-05
2.7257e-05
2.7137e-05
2.7097e-05
2.7088e-05
2.7082e-05
2.7112e-05
2.7147e-05
2.7192e-05
2.7237e-05
2.7098e-05
2.7013e-05
2.7087e-05
2.7102e-05
2.7012e-05
2.7097e-05
2.6922e-05
2.7092e-05
2.7058e-05
2.7147e-05
2.7207e-05
2.7087e-05
2.7017e-05
2.7132e-05
2.7117e-05
2.7012e-05
2.6948e-05
2.7088e-05
2.7097e-05
2.7222e-05
2.7322e-05
2.7072e-05
2.7022e-05
2.7273e-05
2.7047e-05
2.7307e-05
2.6992e-05
2.7032e-05
2.7027e-05
2.7057e-05
2.6918e-05
2.7103e-05
2.7082e-05
2.7062e-05
2.7022e-05
2.7087e-05
2.7042e-05
2.6927e-05
2.6922e-05
2.7137e-05
2.7083e-05
2.6883e-05
2.6968e-05
2.7052e-05
2.7027e-05
2.7182e-05
2.7082e-05
2.7032e-05
2.7007e-05
2.7072e-05
2.7182e-05
2.7033e-05
2.7157e-05
2.7052e-05
2.7057e-05
2.7147e-05
2.7112e-05
2.7257e-05
2.7138e-05
2.7012e-05
2.7197e-05
2.6972e-05
2.7007e-05
2.7227e-05
2.7107e-05
4.4628e-05
2.7547e-05
2.7192e-05
2.7127e-05
2.7197e-05
2.7127e-05
2.6937e-05
2.6997e-05
2.7097e-05
2.7292e-05
2.6982e-05
2.7087e-05
2.6912e-05
2.7317e-05
2.7157e-05
2.7092e-05
2.7148e-05
2.7292e-05
2.7062e-05
2.7172e-05
2.7167e-05
2.7072e-05
2.6977e-05
2.7132e-05
2.6947e-05
2.6962e-05
2.7047e-05
2.7322e-05
2.6922e-05
2.7207e-05
2.6983e-05
2.6933e-05
2.7093e-05
2.7147e-05
2.7267e-05
2.7207e-05
2.7132e-05
2.6942e-05
2.7152e-05
2.7167e-05
2.7277e-05
2.7162e-05
2.7217e-05
2.7057e-05
2.6967e-05
2.6957e-05
2.6967e-05
2.7027e-05
2.7137e-05
2.7112e-05
2.6952e-05
2.7142e-05
2.7037e-05
2.7007e-05
2.7098e-05
2.7152e-05
2.6942e-05
2.7052e-05
2.7107e-05
2.7117e-05
2.7067e-05
2.6998e-05
2.7222e-05
2.7167e-05
2.7077e-05
2.7237e-05
2.6997e-05
2.7113e-05
2.7017e-05
2.7022e-05
2.7082e-05
2.7132e-05
2.7037e-05
2.7142e-05
2.6963e-05
2.7122e-05
2.7052e-05
2.6927e-05
2.7162e-05
2.7132e-05
2.7017e-05
2.7157e-05
2.6998e-05
2.7052e-05
2.7112e-05
2.7237e-05
2.7062e-05
2.7047e-05
2.7018e-05
2.7172e-05
2.7087e-05
2.6992e-05
2.7127e-05
2.7117e-05
2.6938e-05
2.6983e-05
2.7072e-05
2.7027e-05
2.6972e-05
2.6997e-05
2.6987e-05
2.6892e-05
2.6992e-05
2.7172e-05
2.7112e-05
2.7032e-05
2.7017e-05
2.7197e-05
2.7087e-05
2.7052e-05
3.5689e-05
2.7617e-05
2.7287e-05
8.456e-05
2.8302e-05
2.7532e-05
2.7322e-05
2.7242e-05
2.7377e-05
2.7142e-05
2.7327e-05
2.7152e-05
2.7152e-05
2.7242e-05
2.7217e-05
2.7117e-05
2.7437e-05
2.7282e-05
2.7097e-05
2.7307e-05
2.7187e-05
2.7222e-05
2.7227e-05
2.7112e-05
2.7252e-05
2.7237e-05
2.7187e-05
2.7017e-05
2.7102e-05
2.7302e-05
2.7242e-05
2.7048e-05
2.7152e-05
2.6987e-05
2.7072e-05
2.7037e-05
2.7147e-05
2.7132e-05
2.7132e-05
2.7132e-05
2.7032e-05
2.7197e-05
2.7247e-05
2.7242e-05
2.7132e-05
2.7122e-05
2.7212e-05
2.7087e-05
2.7042e-05
2.7167e-05
2.7147e-05
2.7182e-05
2.7167e-05
2.7117e-05
2.7237e-05
2.7117e-05
2.7247e-05
2.7142e-05
2.7257e-05
2.7052e-05
2.7097e-05
2.7262e-05
2.7152e-05
2.7192e-05
2.6938e-05
2.7018e-05
2.7017e-05
2.7142e-05
2.7167e-05
2.7047e-05
2.7277e-05
2.7102e-05
2.6937e-05
2.7277e-05
2.7132e-05
2.7052e-05
2.7267e-05
2.7212e-05
2.7052e-05
2.7062e-05
2.7312e-05
2.7262e-05
2.7197e-05
2.7162e-05
2.7107e-05
2.7272e-05
2.7027e-05
2.7057e-05
2.7187e-05
2.6987e-05
2.7113e-05
2.7107e-05
2.7142e-05
2.7397e-05
2.7147e-05
2.7122e-05
2.7107e-05
2.7217e-05
2.7097e-05
2.7137e-05
2.7112e-05
2.7032e-05
2.7052e-05
2.7082e-05
2.7032e-05
2.7193e-05
2.7207e-05
2.7122e-05
3.6183e-05
2.7332e-05
2.7132e-05
2.7072e-05
2.6892e-05
2.7037e-05
2.7162e-05
2.7087e-05
2.7082e-05
2.7147e-05
2.6962e-05
2.7147e-05
2.7112e-05
2.7212e-05
2.7187e-05
2.7127e-05
2.7177e-05
2.6992e-05
2.7138e-05
2.7027e-05
2.6837e-05
2.6967e-05
2.7177e-05
2.7027e-05
2.7062e-05
2.7058e-05
2.7137e-05
2.7072e-05
2.6997e-05
2.7132e-05
2.7152e-05
2.7232e-05
2.7032e-05
2.7167e-05
2.7087e-05
2.7192e-05
2.7357e-05
2.7227e-05
2.6957e-05
2.6992e-05
2.7052e-05
2.7107e-05
2.7142e-05
2.7052e-05
2.7072e-05
2.7117e-05
2.7052e-05
2.7017e-05
2.7127e-05
2.7262e-05
2.7007e-05
2.7072e-05
2.7017e-05
2.7222e-05
2.7228e-05
2.7147e-05
2.7212e-05
2.7022e-05
2.7112e-05
2.7072e-05
2.7082e-05
2.7047e-05
2.6982e-05
2.7077e-05
2.7622e-05
2.7532e-05
2.7597e-05
2.6772e-05
2.7047e-05
2.6997e-05
2.7058e-05
2.7042e-05
2.6858e-05
2.7082e-05
2.6982e-05
2.6962e-05
2.7072e-05
2.6923e-05
2.7032e-05
2.6843e-05
2.7012e-05
2.6982e-05
2.7172e-05
2.7022e-05
2.7037e-05
2.6982e-05
2.7027e-05
2.6917e-05
2.7012e-05
2.7202e-05
2.7122e-05
2.7167e-05
2.7082e-05
2.6917e-05
2.6892e-05
2.7182e-05
2.7237e-05
2.6922e-05
2.7157e-05
2.7097e-05
2.7002e-05
2.7222e-05
2.7087e-05
2.7062e-05
2.7142e-05
2.7207e-05
2.7132e-05
2.7042e-05
2.7252e-05
2.7107e-05
2.7097e-05
2.7012e-05
4.5638e-05
2.7312e-05
2.7232e-05
2.7177e-05
2.6922e-05
2.6887e-05
2.7128e-05
2.6972e-05
2.6937e-05
2.7057e-05
2.6942e-05
2.6947e-05
2.7072e-05
2.6878e-05
2.7177e-05
2.7163e-05
2.6872e-05
2.6952e-05
2.6997e-05
2.7037e-05
2.7152e-05
2.7182e-05
2.7012e-05
2.6907e-05
2.7007e-05
2.6837e-05
2.7127e-05
2.7172e-05
2.7317e-05
2.6952e-05
2.7033e-05
2.7077e-05
2.6822e-05
2.6967e-05
3.4763e-05
2.6812e-05
2.7002e-05
2.7052e-05
2.7262e-05
2.7023e-05
2.7032e-05
2.7172e-05
2.7017e-05
2.7017e-05
2.7067e-05
2.6987e-05
2.7057e-05
2.7252e-05
2.7142e-05
2.7267e-05
2.6997e-05
2.7002e-05
2.7032e-05
2.7047e-05
2.6997e-05
2.6972e-05
2.7052e-05
2.6967e-05
2.7262e-05
2.7113e-05
2.7107e-05
2.7087e-05
2.7082e-05
9.5485e-05
2.8151e-05
2.7412e-05
2.7362e-05
2.7182e-05
2.7042e-05
2.7032e-05
2.7237e-05
2.7208e-05
2.7082e-05
2.7007e-05
2.7272e-05
2.7037e-05
2.7227e-05
2.7138e-05
2.7167e-05
2.6997e-05
2.7022e-05
2.6912e-05
2.7002e-05
2.7272e-05
2.7127e-05
2.7222e-05
2.7197e-05
2.6868e-05
2.7027e-05
2.7103e-05
2.7337e-05
2.7202e-05
2.7017e-05
2.7147e-05
2.7067e-05
2.6987e-05
2.7238e-05
2.7032e-05
2.7027e-05
2.7082e-05
2.7147e-05
2.6872e-05
2.7007e-05
2.7047e-05
2.6957e-05
2.6967e-05
2.7082e-05
2.7067e-05
3.5753e-05
2.7282e-05
2.7262e-05
2.7197e-05
2.7102e-05
2.7082e-05
2.7197e-05
2.7192e-05
2.7093e-05
2.7107e-05
2.7157e-05
2.6952e-05
2.7037e-05
2.7102e-05
2.7032e-05
2.7132e-05
2.6882e-05
2.7037e-05
2.7042e-05
2.7107e-05
2.7052e-05
2.7142e-05
2.7112e-05
2.7137e-05
2.7102e-05
2.7157e-05
2.7107e-05
2.6982e-05
2.7102e-05
2.7132e-05
2.7072e-05
2.7177e-05
2.6948e-05
2.7073e-05
2.7007e-05
2.7042e-05
2.6917e-05
2.7142e-05
2.7157e-05
2.7067e-05
2.7277e-05
2.7177e-05
2.7207e-05
2.7213e-05
2.7053e-05
2.7102e-05
2.7212e-05
2.7332e-05
2.7217e-05
2.7072e-05
2.7023e-05
2.7202e-05
2.7247e-05
2.6982e-05
2.6982e-05
2.6992e-05
2.6967e-05
2.7002e-05
2.7192e-05
2.7262e-05
2.7182e-05
2.7048e-05
2.7062e-05
2.7037e-05
2.7112e-05
2.7117e-05
2.6942e-05
2.6972e-05
2.7007e-05
2.6942e-05
2.7147e-05
2.7087e-05
2.7147e-05
2.7008e-05
2.7067e-05
2.6997e-05
2.7042e-05
2.7057e-05
2.7252e-05
2.7232e-05
2.6927e-05
2.7147e-05
2.7062e-05
2.6868e-05
2.7023e-05
2.7062e-05
2.7002e-05
2.6962e-05
2.7222e-05
2.7052e-05
2.7207e-05
2.7112e-05
2.6977e-05
2.7087e-05
2.7193e-05
2.6982e-05
2.6922e-05
2.7007e-05
2.7037e-05
2.6982e-05
2.7107e-05
2.7087e-05
2.7027e-05
2.7012e-05
2.7247e-05
2.7242e-05
2.7102e-05
2.7072e-05
2.6942e-05
2.7027e-05
2.7097e-05
3.079e-05
2.7107e-05
2.7152e-05
2.7157e-05
2.7252e-05
2.7132e-05
2.7092e-05
2.6982e-05
2.6932e-05
2.7098e-05
2.7177e-05
2.7062e-05
2.7142e-05
2.7032e-05
2.7202e-05
2.7012e-05
2.7057e-05
2.6882e-05
2.6977e-05
2.7053e-05
2.6928e-05
2.7123e-05
2.7052e-05
2.7052e-05
2.7112e-05
2.7042e-05
2.7102e-05
2.7172e-05
2.7027e-05
2.7112e-05
2.7102e-05
2.6917e-05
2.7202e-05
2.6968e-05
2.6998e-05
2.7042e-05
2.7072e-05
2.7012e-05
2.7092e-05
2.6957e-05
2.7182e-05
2.7042e-05
2.7122e-05
2.7067e-05
2.7177e-05
2.7213e-05
2.6973e-05
2.7072e-05
2.6992e-05
2.7212e-05
2.7357e-05
2.7017e-05
2.7057e-05
2.7197e-05
2.7127e-05
2.7178e-05
2.6943e-05
2.7078e-05
2.7102e-05
2.6927e-05
2.7107e-05
2.7107e-05
2.6822e-05
2.6997e-05
2.7147e-05
2.7182e-05
2.7197e-05
2.7147e-05
2.7152e-05
2.7003e-05
2.7113e-05
2.7252e-05
2.7072e-05
2.7022e-05
2.7062e-05
2.7067e-05
2.6987e-05
2.7052e-05
2.7137e-05
2.7232e-05
2.7127e-05
2.7003e-05
2.7237e-05
2.7162e-05
2.7092e-05
2.7122e-05
2.7037e-05
2.7162e-05
2.7202e-05
2.6982e-05
2.7058e-05
2.7072e-05
2.7022e-05
2.7117e-05
2.7047e-05
2.7092e-05
2.7082e-05
2.7042e-05
2.6987e-05
2.7042e-05
2.7012e-05
2.6962e-05
2.7092e-05
2.7062e-05
2.7002e-05
2.6992e-05
2.7382e-05
2.7107e-05
2.7007e-05
2.7242e-05
2.7077e-05
3.9876e-05
2.7522e-05
2.7177e-05
2.7058e-05
2.6977e-05
2.7202e-05
2.7242e-05
2.7053e-05
