0.00913721
0.00892954
0.00896256
0.00888901
0.00894888
0.00891501
0.00896163
0.00891765
0.00896437
0.00906604
0.00898849
0.00889651
0.00908162
0.00895793
0.00892623
0.00891852
0.00891643
0.00891011
0.00893974
0.00895364
0.00892248
0.00891494
0.00893948
0.008903
0.00898015
0.00899572
0.00892909
0.00902016
0.00897141
0.00892286
0.00899361
0.00893145
0.00894502
0.00888395
0.00892522
0.0089204
0.00893027
0.00888866
0.00893331
0.00894426
0.00905889
0.00895528
0.0090238
0.00897806
0.0089541
0.0088948
0.00891177
0.00892311
0.00892712
0.00892501
0.00890333
0.00894139
0.00899786
0.00892021
0.00891979
0.00909004
0.00895347
0.00894761
0.00903996
0.00891191
0.00896934
0.00892341
0.00933887
0.00893362
0.00899428
0.00907941
0.00894997
0.00889841
0.00893536
0.00891742
0.00913893
0.00891835
0.00896831
0.009072
0.0089953
0.00892832
0.00892737
0.00891472
0.00893442
0.00890159
0.00891552
0.0089168
0.0089322
0.00891283
0.0089131
0.00911229
0.00893759
0.00893527
0.00908888
0.0089178
0.00892278
0.00890941
0.00894045
0.00889606
0.00893003
0.00891159
0.00899874
0.00890697
0.00893847
0.00890623
0.00907679
0.00891412
0.00895253
0.00911354
0.0089434
0.00892219
0.0089621
0.00896862
0.00893985
0.00891311
0.00891036
0.00891249
0.0089408
0.00889999
0.00892288
0.00902805
0.00897349
0.00895367
0.00938491
0.00966788
0.00944656
0.00948414
0.00899088
0.00897848
0.00900318
0.00892534
0.00896898
0.00917485
0.0089796
0.00899525
0.00923125
0.00918779
0.00900687
0.00905292
0.00898043
0.00891448
0.00893471
0.00890204
0.00895391
0.00894175
0.008963
0.00890024
0.00895245
0.00891575
0.00894317
0.00895628
0.00899587
0.00891038
0.00905676
0.00895263
0.00895204
0.00894556
0.00895334
0.00891913
0.00892669
0.00892443
0.00894005
0.00891715
0.00891342
0.00893325
0.00896876
0.0090424
0.00897476
0.00897495
0.00898766
0.00892295
0.00896035
0.00889244
0.00894261
0.00891604
0.00894308
0.00889419
0.00898503
0.00893157
0.0089568
0.00893705
0.00909429
0.00890741
0.00896805
0.00902703
0.00892621
0.00892335
0.00893556
0.00893869
0.00894043
0.00894306
0.00898385
0.00892037
0.00891045
0.00892842
0.00896255
0.00910068
0.00911708
0.00898513
0.00903275
0.00894587
0.00895039
0.00889644
0.00895441
0.00892137
0.00893901
0.00889408
0.00895795
0.00890296
0.00894355
0.00891487
0.00911942
0.00891531
0.00895778
0.00905061
0.00893621
0.00892546
0.00895381
0.00892717
0.00892565
0.00892772
0.00893857
0.00897573
0.00893162
0.00893508
0.00893681
0.00907544
0.00896894
0.00888724
0.00912113
0.00892462
0.00894876
0.00890691
0.00899476
0.00891517
0.00893042
0.00891481
0.00894654
0.00892082
0.00893553
0.00890165
0.0090258
0.00894634
0.00894036
0.00911253
0.00894295
0.00892058
0.0089552
0.00892241
0.00891712
0.00892489
0.00895123
0.00891626
0.00891574
0.00893462
0.00898141
0.00898716
0.00897445
0.00890358
0.00907531
0.00895448
0.00893036
0.00893974
0.00898833
0.00895557
0.00894747
0.00893258
0.00896663
0.00892413
0.00893517
0.00892528
0.00896451
0.00900553
0.00894689
0.00900838
0.00897381
0.00893793
0.00897422
0.00891987
0.00892983
0.00893482
0.00892858
0.00892482
0.00892433
0.00892974
0.00892916
0.00893204
0.00909087
0.00890979
0.00898932
0.00898286
0.00895538
0.00889825
0.0089471
0.00891427
0.00892146
0.00891396
0.00894762
0.0089314
0.00896494
0.00891817
0.00894183
0.00907358
0.00893677
0.00896917
0.00897944
0.00893054
0.00896051
0.00890351
0.00894983
0.00895831
0.00895099
0.00892012
0.00892396
0.0089259
0.00894341
0.00892825
0.00913329
0.00889939
0.00895676
0.0090262
0.00896646
0.00891541
0.00893723
0.00893093
0.00894014
0.00889945
0.00897659
0.00913197
0.00898063
0.00892456
0.0089274
0.00912527
0.00894233
0.00893117
0.00907296
0.00894343
0.00894319
0.00890919
0.00892196
0.00892596
0.00894889
0.00891935
0.00896063
0.00891385
0.00894274
0.00890916
0.0090925
0.0089155
0.00893383
0.00911487
0.00894239
0.0089174
0.00894772
0.00895021
0.00894435
0.00889789
0.0089396
0.00892602
0.00893668
0.0089192
0.00892987
0.00902997
0.00898802
0.00891522
0.00913186
0.00893369
0.00895046
0.00891353
0.00893353
0.00893986
0.00893282
0.00890641
0.00893479
0.00892382
0.00893613
0.00894612
0.00899532
0.008967
0.00892932
0.00905233
0.00898581
0.00889677
0.00895046
0.00892039
0.00892837
0.00890022
0.00897742
0.00891138
0.00893811
0.00891151
0.00893382
0.0089584
0.00913301
0.00893458
0.00901135
0.00895718
0.00896594
0.00893198
0.00893617
0.00891863
0.00893773
0.00891904
0.00894621
0.00891594
0.00894446
0.008912
0.00896804
0.00903479
0.00899192
0.00899628
0.0089881
0.00890035
0.00895423
0.00892744
0.00892915
0.00888875
0.00895715
0.00891333
0.00896683
0.00893305
0.00894768
0.00893462
0.00908762
0.00893552
0.00897633
0.00899237
0.00894809
0.00892987
0.00891811
0.00892184
0.00894769
0.00892745
0.00891612
0.00892175
0.00893376
0.00891756
0.00896431
0.00907655
0.00893042
0.00893682
0.00904265
0.008939
0.00896199
0.00891649
0.00894305
0.00889598
0.0089585
0.00892251
0.00893476
0.00889092
0.00894056
0.00892329
0.0091324
0.00892863
0.00891868
0.00907087
0.00896208
0.00894282
0.00895891
0.00893691
0.00893462
0.00890868
0.00892468
0.00894487
0.0089477
0.00892224
0.00893585
0.00905057
0.00895796
0.00892329
0.00913428
0.00890076
0.00893867
0.00893666
0.00896875
0.00889201
0.00895094
0.00890585
0.00893288
0.00890201
0.00893193
0.00891068
0.00904503
0.00895005
0.00892661
0.0091131
0.0089625
0.00892962
0.00892251
0.00892253
0.00894059
0.00892467
0.00892317
0.00891155
0.0089403
0.00891525
0.00897734
0.00895604
0.00900873
0.00890487
0.00906503
0.00893397
0.00895576
0.0089237
0.00893267
0.00890712
0.00895514
0.00893603
0.00894311
0.0089188
0.00893682
0.00891912
0.00899428
0.00899623
0.00892986
0.00905253
0.00898189
0.00891964
0.00895981
0.00891688
0.00894148
0.0089164
0.0089196
0.00921504
0.00892213
0.00892775
0.00893875
0.00894042
0.00906374
0.00925183
0.00978359
0.00897756
0.00895044
0.00894042
0.00895515
0.00894524
0.00894878
0.00910417
0.00893094
0.00898049
0.00900018
0.00891423
0.00896044
0.00892904
0.00895258
0.00891635
0.00895874
0.00893186
0.00896435
0.00889326
0.0089684
0.00899987
0.00916656
0.00888205
0.00895437
0.00904859
0.00895397
0.00896002
0.0089425
0.00895913
0.00893853
0.00894658
0.00893258
0.00898327
0.00895355
0.00894861
0.008921
0.00912024
0.00895876
0.00891189
0.00908577
0.00892984
0.00897391
0.00892198
0.00897847
0.0089012
0.00896324
0.00891838
0.0089575
0.00890878
0.00896163
0.00892471
0.00906984
0.00893723
0.0089497
0.00913143
0.00894803
0.00893671
0.00915611
0.00896847
0.00895582
0.00894442
0.00893215
0.00893941
0.0089485
0.00894102
0.00896113
0.00903363
0.00898048
0.00890281
0.00910512
0.00895007
0.00895695
0.0089403
0.00895008
0.00891544
0.00894569
0.00895934
0.00897855
0.00897357
0.00896481
0.00892893
0.00900113
0.00897023
0.00894099
0.00902531
0.00897538
0.00895579
0.00896618
0.00893478
0.00895143
0.00892799
0.008939
0.00891871
0.00896289
0.00892592
0.00894741
0.0089506
0.00905573
0.00893419
0.00901674
0.00895785
0.00896687
0.00892956
0.00895774
0.00891084
0.00894842
0.00893231
0.00895459
0.00891991
0.00897484
0.00893761
0.0089746
0.00902468
0.00894733
0.00897954
0.00900839
0.00893272
0.00896314
0.00891834
0.0089816
0.00896179
0.0089433
0.00908673
0.00899293
0.00893203
0.00894821
0.00895119
0.00910278
0.00890567
0.00896038
0.00900038
0.00896814
0.0089484
0.00894388
0.00892637
0.00893257
0.00893719
0.00893438
0.00892552
0.00895268
0.00894053
0.0089394
0.00914238
0.00894896
0.00894556
0.00907355
0.00893819
0.00895759
0.00890832
0.00898604
0.00890843
0.00894242
0.00892184
0.00899847
0.00891174
0.00894834
0.00892187
0.00911514
0.00893599
0.00894883
0.0090803
0.00895632
0.00896282
0.00893772
0.00895673
0.00894833
0.00896459
0.00893822
0.00892743
0.00895241
0.00893405
0.00895506
0.00902279
0.00896655
0.00890986
0.00917238
0.00892068
0.00895756
0.00893236
0.00896135
0.0089079
0.00893809
0.0089364
0.00895138
0.00890952
0.00895012
0.00895196
0.00905129
0.00895771
0.00895234
0.00906515
0.00897125
0.00891905
0.0089633
0.00890236
0.00896301
0.00894769
0.00897602
0.00891198
0.00896615
0.00892987
0.00894267
0.00897791
0.00899131
0.00891625
0.00907655
0.0089398
0.00894596
0.00897322
0.00895916
0.00892783
0.00893396
0.00894757
0.0089334
0.00893677
0.00895523
0.0089242
0.00897828
0.00903682
0.00896245
0.00898522
0.00898775
0.00894237
0.00895151
0.00891673
0.0089656
0.0089217
0.00894475
0.00891442
0.00897957
0.00894285
0.00895301
0.00893728
0.00908692
0.00891378
0.00898019
0.00900442
0.00892447
0.00897307
0.00894227
0.00895665
0.00895433
0.00896801
0.00893856
0.00893995
0.00893273
0.00891784
0.00893979
0.00911261
0.00894426
0.00891996
0.00908105
0.00897421
0.00918616
0.00893705
0.00898564
0.00891518
0.00896451
0.00889828
0.00894651
0.00892819
0.00897204
0.00891668
0.00912588
0.00891906
0.00896333
0.00907802
0.00894331
0.00895307
0.00894137
0.0089432
0.00894034
0.008943
0.00892871
0.00897921
0.00894304
0.00892426
0.00892905
0.00907789
0.00896466
0.00888612
0.00915897
0.00892409
0.00896578
0.00890021
0.00900367
0.00891931
0.0089478
0.00891948
0.00895645
0.00893164
0.00894354
0.00891809
0.00901179
0.00896343
0.00894462
0.00909031
0.0089476
0.00892944
0.00894131
0.00892509
0.00895809
0.00890282
0.00894141
0.00893119
0.00896392
0.00890313
0.00900592
0.00898987
0.00900801
0.00888424
0.00907362
0.00897712
0.00894119
0.00893287
0.00895122
0.00895623
0.00894126
0.00912311
0.00899386
0.00895904
0.00895964
0.0089356
0.00897262
0.00898945
0.00894673
0.00903903
0.00897217
0.0089363
0.00896352
0.00893499
0.00894896
0.00890449
0.00894683
0.00892298
0.00893236
0.00890302
0.00893795
0.00894536
0.00905091
0.00896786
0.00903565
0.00896396
0.00895826
0.00892966
0.00894572
0.00893243
0.00894704
0.00892842
0.00892594
0.00896062
0.00899692
0.00892327
0.00894322
0.00909069
0.00892615
0.00896025
0.00901595
0.0089227
0.0089739
0.00891435
0.00897075
0.00891262
0.00896865
0.00892095
0.00895388
0.00890146
0.00895494
0.00891788
0.0091386
0.00890099
0.00896434
0.00905592
0.00897492
0.00894777
0.00892591
0.00894831
0.00894961
0.00894071
0.00893923
0.00894632
0.008943
0.00893216
0.00895623
0.00908939
0.00899894
0.00892673
0.00909905
0.0089109
0.00897136
0.00891642
0.00895218
0.00890801
0.00896098
0.00894046
0.00897725
0.00889256
0.00898001
0.00891431
0.00907581
0.00892191
0.00894305
0.00912746
0.00894124
0.00897011
0.00892337
0.00897266
0.00895189
0.00895382
0.008919
0.00894633
0.00894044
0.00894429
0.00893228
0.00902574
0.00899417
0.00890648
0.00912098
0.00891518
0.00897098
0.00892488
0.0089693
0.00890872
0.00894341
0.00893115
0.00894553
0.00892617
0.00895946
0.0089468
0.0090239
0.00896397
0.00893277
0.00908259
0.00897423
0.00892754
0.00897712
0.00892187
0.00897908
0.00892834
0.00897613
0.00892867
0.00895497
0.00892084
0.00893336
0.00898947
0.00901385
0.0089028
0.00906227
0.0089895
0.00903721
0.00898743
0.00896292
0.00891131
0.00895679
0.00892597
0.0089463
0.00890743
0.00897177
0.00892091
0.00897561
0.00902319
0.00892705
0.00899768
0.00900012
0.00893057
0.00895065
0.00893266
0.00895793
0.00891914
0.00894232
0.00893381
0.00897372
0.00894408
