0.0145862
0.0143497
0.0143821
0.0143793
0.0143939
0.014402
0.0143823
0.014403
0.014357
0.0143471
0.0144406
0.0144518
0.0143889
0.0148776
0.0143965
0.0143933
0.0143526
0.0143668
0.0146181
0.0148977
0.0143742
0.0144072
0.0145204
0.0144111
0.0148125
0.0144449
0.0143938
0.0143827
0.0143587
0.0145967
0.0145985
0.01438
0.0143893
0.0143904
0.0147289
0.0148325
0.014501
0.0143427
0.0146311
0.0143953
0.0146891
0.014424
0.0143831
0.0143741
0.0146651
0.0146233
0.0148293
0.0144927
0.0144142
0.0143483
0.014459
0.0148359
0.0143918
0.0143896
0.0143756
0.0143851
0.0145001
0.0146849
0.0144391
0.0146726
0.0144084
0.0143825
0.0143715
0.0143869
0.0143665
0.0143636
0.0144912
0.0143887
0.014388
0.0144734
0.0143792
0.0145352
0.0143767
0.0143643
0.014388
0.0144056
0.0143771
0.0143605
0.0143839
0.0144086
0.0143663
0.0145292
0.0144016
0.0146462
0.014604
0.0143805
0.014377
0.0143597
0.0144846
0.0149298
0.0144899
0.0143666
0.0143676
0.0145341
0.0147121
0.0146741
0.0145327
0.0145634
0.0144178
0.014539
0.0147801
0.0144485
0.0143784
0.0143963
0.0144977
0.0147981
0.0145064
0.0143964
0.0143556
0.01439
0.0145583
0.0145532
0.0144214
0.0143757
0.0143815
0.0144337
0.0149904
0.0145019
0.0145498
0.0145938
0.0144088
0.0148686
0.0144251
0.0143661
0.0144195
0.0143594
0.014482
0.0147114
0.0144372
0.0144007
0.0144419
0.0144555
0.0143704
0.0143614
0.0143797
0.0143721
0.0143581
0.0144008
0.014388
0.014371
0.0145097
0.0143661
0.0145749
0.0143659
0.0144134
0.014386
0.0143429
0.014368
0.0143556
0.0143651
0.0144141
0.0144154
0.0145014
0.0145462
0.0148318
0.0144007
0.0143807
0.0143694
0.0144822
0.0148477
0.0144034
0.014399
0.0143598
0.0143673
0.0146882
0.0146567
0.0145393
0.0143859
0.0143558
0.0145037
0.014847
0.0143795
0.0144342
0.0143642
0.0143801
0.0148573
0.014456
0.014412
0.014426
0.0145139
0.0147238
0.0146961
0.0144352
0.0143692
0.0144005
0.0144333
0.0149859
0.0145269
0.0143666
0.0145778
0.0143758
0.0145828
0.0143983
0.0144144
0.0143645
0.014376
0.0146146
0.0147469
0.0147349
0.0144073
0.0146517
0.0144631
0.0143742
0.014395
0.0143708
0.0143574
0.0143748
0.0144212
0.0143639
0.0143728
0.0143741
0.0145445
0.0143697
0.0145413
0.0144331
0.0143858
0.0143703
0.014346
0.0143679
0.0143758
0.0144782
0.014365
0.0144853
0.0146554
0.0148548
0.0144588
0.0143855
0.014378
0.0144654
0.014866
0.0144351
0.0143646
0.0143678
0.014389
0.0145778
0.0148266
0.0144443
0.0145716
0.0143553
0.0144951
0.0148815
0.0144871
0.0144105
0.0143941
0.014362
0.0147604
0.0145169
0.0146168
0.0143847
0.0145016
0.0145476
0.0147795
0.0143861
0.0143754
0.0143953
0.0144628
0.0148311
0.0144089
0.014614
0.0143463
0.0144945
0.0146222
0.0146255
0.0143768
0.0143808
0.0143594
0.0144666
0.0148856
0.0144038
0.0144752
0.0144932
0.0143687
0.0145792
0.0143729
0.0143777
0.0143774
0.0144197
0.0143686
0.0144068
0.0143778
0.0143779
0.0144395
0.0145291
0.014366
0.0144637
0.0144443
0.0143756
0.0143551
0.0143738
0.0143631
0.0144296
0.0143856
0.0143872
0.0144296
0.0148724
0.0144314
0.0143944
0.0144967
0.0143928
0.0147526
0.0144186
0.014386
0.0143591
0.0143938
0.0145037
0.0148639
0.0145499
0.014365
0.0144963
0.0144561
0.0147721
0.0156032
0.0144064
0.0143897
0.0144269
0.0146904
0.0144392
0.0144332
0.014448
0.0143721
0.0146725
0.0148096
0.014396
0.0144281
0.0144009
0.014415
0.0148507
0.014392
0.0144078
0.0144616
0.0143812
0.0146401
0.014714
0.0143901
0.0144073
0.0143809
0.0144866
0.0148573
0.0145369
0.0143883
0.014766
0.014782
0.0143854
0.0145026
0.014396
0.0143486
0.0143639
0.014369
0.0143744
0.0143676
0.0143496
0.0143711
0.0143867
0.0144213
0.01441
0.0144156
0.0144778
0.0143719
0.014359
0.0143796
0.0143897
0.0143876
0.0144332
0.0145072
0.0148125
0.0144455
0.0144209
0.014386
0.0145645
0.0146508
0.0143628
0.0143895
0.0143534
0.0144675
0.0145827
0.0148274
0.0145087
0.014547
0.0144227
0.0145349
0.0149155
0.0144713
0.0150323
0.0144615
0.01454
0.0166178
0.0145231
0.0143838
0.0145545
0.0144752
0.0148757
0.0148699
0.0143923
0.0143746
0.0143906
0.0144656
0.0148929
0.0144225
0.0143722
0.0143694
0.0145089
0.0146645
0.0145123
0.0147882
0.0144433
0.0143591
0.0145227
0.0147576
0.0144219
0.0143665
0.0143957
0.0143695
0.014571
0.0143889
0.0145014
0.014391
0.0143787
0.0143866
0.0143594
0.0143599
0.0143687
0.0143711
0.0143663
0.0143598
0.0144025
0.0144331
0.0143845
0.0145491
0.0143695
0.0143587
0.0143634
0.0143666
0.0143812
0.0144437
0.0148586
0.0144593
0.0144029
0.0144405
0.0144051
0.0148561
0.0144068
0.0143734
0.0143931
0.0147301
0.0146147
0.0146812
0.0144047
0.0143713
0.0144768
0.0155858
0.0149386
0.0144471
0.0144068
0.0143718
0.0143822
0.01488
0.014502
0.0143665
0.0143565
0.0144268
0.0146061
0.0148006
0.0144771
0.0143892
0.0143691
0.0144395
0.0148277
0.014386
0.0143724
0.0143736
0.014361
0.0146636
0.0144105
0.0145203
0.0144077
0.0143725
0.0145123
0.014829
0.0144286
0.0143758
0.0144023
0.0143599
0.0143761
0.0146228
0.0143699
0.0144675
0.0144147
0.0143697
0.0143938
0.0143755
0.0143608
0.0143499
0.0143669
0.0143593
0.0143508
0.0144195
0.0144601
0.0143529
0.0145664
0.014356
0.0143714
0.0143843
0.0143794
0.0144143
0.0149368
0.0144253
0.0143808
0.0143768
0.0144996
0.0147661
0.0146077
0.0143748
0.014372
0.0143674
0.0145056
0.0148698
0.0144116
0.0143811
0.0143629
0.0145079
0.0148642
0.0144817
0.0144377
0.014475
0.0146701
0.0146513
0.014422
0.0143831
0.0143608
0.0143768
0.0144341
0.0149617
0.0144277
0.0145674
0.0143613
0.0143817
0.0148668
0.0143966
0.0143795
0.0143659
0.0143815
0.0145426
0.0147093
0.0144032
0.014422
0.0144533
0.0144285
0.014964
0.0144124
0.0143657
0.0143971
0.0143873
0.0143665
0.0143481
0.0144437
0.0143902
0.0143841
0.0144991
0.0143726
0.014357
0.0143799
0.0143551
0.0143721
0.0143531
0.0144279
0.0143763
0.0143887
0.0145822
0.0143503
0.0144931
0.0144152
0.014385
0.0143757
0.0144219
0.0149062
0.0143553
0.0143777
0.0143666
0.014381
0.014774
0.0144405
0.0145514
0.0143841
0.014424
0.0146116
0.0148136
0.0144548
0.0143955
0.0143528
0.014413
0.0148145
0.0144803
0.0144077
0.014442
0.0143692
0.0145055
0.014675
0.0143583
0.0143885
0.0143898
0.0144509
0.014893
0.0145789
0.014354
0.0145541
0.0146466
0.0148329
0.0144095
0.014357
0.0143802
0.0143752
0.0145214
0.0147454
0.0144536
0.0144619
0.0143586
0.0146702
0.0148046
0.01436
0.0144015
0.014384
0.014369
0.0143553
0.0143706
0.0143757
0.014393
0.0145002
0.0143756
0.0145832
0.0144196
0.0143602
0.0143529
0.0143622
0.0143833
0.0143606
0.0143988
0.0143602
0.0143692
0.0144909
0.0143668
0.014406
0.0144606
0.0143994
0.0144038
0.0148007
0.0144453
0.0144361
0.0143656
0.0143828
0.0145716
0.0146492
0.0144452
0.0144961
0.0143745
0.014467
0.015246
0.0144118
0.0143589
0.014357
0.0143766
0.0148331
0.0144435
0.014448
0.0144212
0.0143549
0.0145129
0.0147876
0.0144173
0.014359
0.0143675
0.0144337
0.0148168
0.0145572
0.0143819
0.0145733
0.0143688
0.0146127
0.0145358
0.0144032
0.0143763
0.0143875
0.0144589
0.0148511
0.0144384
0.0144042
0.0143659
0.0146866
0.0148763
0.0144307
0.0143687
0.0143758
0.0143642
0.014373
0.014348
0.0143633
0.0144086
0.0144336
0.0144082
0.0145242
0.0143636
0.0143777
0.0143729
0.0143614
0.0143524
0.0143835
0.0143855
0.0143601
0.0143748
0.0145944
0.0143666
0.0145003
0.0144633
0.0143731
0.014355
0.0148727
0.0143968
0.014371
0.0143717
0.014492
0.0148555
0.0148046
0.0144006
0.0147107
0.0143479
0.0144465
0.0148901
0.0144768
0.0144057
0.0143741
0.0143822
0.0145742
0.0144557
0.0144708
0.0143862
0.0144575
0.0145682
0.0147709
0.0143715
0.0143701
0.0143865
0.0143907
0.0148413
0.0144183
0.0145963
0.0143589
0.014477
0.0146304
0.0146841
0.0143721
0.0143711
0.0143687
0.0144249
0.0149086
0.014449
0.0143925
0.014476
0.0143769
0.0149082
0.0143818
0.0144704
0.0143938
0.0143727
0.0143555
0.0143736
0.0143703
0.01437
0.0143922
0.0145504
0.0143669
0.0146089
0.014364
0.0143634
0.0143702
0.0143802
0.0143707
0.0143859
0.0143619
0.0143714
0.0143589
0.0144694
0.0143865
0.0144043
0.0144705
0.0143575
0.0146416
0.0143849
0.0145769
0.0143822
0.0143699
0.0145096
0.0148605
0.0145088
0.0143579
0.0145384
0.0144107
0.0148422
0.014452
0.0143761
0.0144398
0.0149461
0.015244
0.0150376
0.0148607
0.0148674
0.01486
0.0149321
0.0149316
0.0148999
0.0149435
0.0152752
0.0152512
0.0149518
0.0150454
0.0150845
0.0149211
0.0144464
0.0148948
0.0143899
0.0144208
0.0143686
0.0143557
0.0145958
0.0145282
0.0144247
0.0144596
0.0143956
0.0144744
0.0148768
0.0144512
0.0143796
0.0143948
0.0143803
0.0143613
0.0144275
0.0144092
0.0143694
0.0145172
0.0143774
0.0143956
0.0143743
0.0143704
0.0143707
0.0143746
0.0143564
0.0143736
0.014382
0.0145894
0.0143333
0.0145052
0.0144096
0.0143606
0.0144048
0.0143724
0.0149915
0.0149464
0.0146055
0.0144476
0.0143939
0.0146066
0.0148074
0.0145748
0.0143807
0.0143849
0.014363
0.0144556
0.0147294
0.0143873
0.0143974
0.0143463
0.014465
0.0149184
0.0144951
0.0143928
0.0143872
0.0143648
0.0146756
0.0144151
0.014351
0.0143817
0.0143605
0.0145101
0.0149186
0.0144167
0.0145942
0.0143878
0.0143865
0.0148312
0.0144287
0.0143988
0.0143448
0.0143727
0.0145518
0.0146077
0.0144464
0.0144092
0.0144717
0.0145234
0.0148517
0.0144097
0.0143601
0.0143749
0.0143868
0.0143451
0.0143698
0.014402
0.0144324
0.0143672
0.0145344
0.0143631
0.0143533
0.0143761
0.0143708
0.0143396
0.0143675
0.0143787
0.0143697
0.0143741
0.0145617
0.0143694
0.0144589
0.0144396
0.0143774
0.0143766
0.0144188
0.0148104
0.0143913
0.014398
0.0143649
0.0143625
0.0147824
0.0144212
0.0145914
0.014353
0.0143499
0.0144732
0.0148509
0.0144714
0.0143712
0.0143669
0.0143895
0.0148364
0.0144901
0.0143956
0.014432
0.0143588
0.0144916
0.0147138
0.0144093
0.0143862
0.0143573
0.0144572
0.0148959
0.0146204
0.0143527
0.0144996
0.0143819
0.0147012
0.014389
0.0143877
0.0143733
0.0143585
0.0145989
0.0147421
0.0144038
0.014465
0.014389
0.014646
0.0148397
0.0143969
0.0143918
0.0143568
0.0143932
0.0143732
0.0143685
0.0143674
0.0143727
0.0144797
0.0143745
0.0146233
0.014353
0.0143533
0.0143496
0.0143844
0.0143434
0.0143831
0.0143872
0.0143678
0.0144428
0.014494
0.0143595
0.0144165
0.0144296
0.0143813
0.0143871
0.0147857
0.0144356
0.0143571
0.0143671
0.0143708
0.0145575
