0.0016653
0.00124885
0.00117045
0.00108912
0.00110443
0.00109014
0.00108865
0.00108763
0.0010985
0.00108952
0.00108829
0.00110749
0.00108891
0.00108943
0.00108837
0.00109495
0.00109336
0.00109039
0.00109806
0.00109014
0.00108892
0.00108951
0.00110089
0.00108903
0.00108928
0.00108912
0.00109597
0.00108965
0.00108941
0.00110085
0.0010893
0.00108982
0.0010886
0.00109447
0.00108897
0.00108969
0.00109467
0.0010884
0.00108851
0.0010894
0.00110026
0.00108748
0.00108912
0.00109467
0.00108868
0.00109713
0.00108964
0.00109499
0.0010892
0.00108899
0.00108947
0.00110042
0.00108949
0.00108866
0.00109555
0.00108829
0.00108825
0.00108947
0.00109647
0.00109013
0.00109446
0.00109864
0.00108922
0.00108947
0.00108876
0.00109777
0.00116114
0.00108966
0.00110138
0.00108859
0.00108815
0.00108873
0.00116039
0.00112626
0.00108935
0.00109797
0.00108936
0.00108827
0.0010881
0.001093
0.00111141
0.00113006
0.00108974
0.00109994
0.00108884
0.00108824
0.00109658
0.00108958
0.00108978
0.00108838
0.0010946
0.00108964
0.00108843
0.00109965
0.00108944
0.00108944
0.00109045
0.0010934
0.00108847
0.00109024
0.00109486
0.00108912
0.00108875
0.00108848
0.00110317
0.00109019
0.00108802
0.00108928
0.00109484
0.00109016
0.00109051
0.00109398
0.00109009
0.00108775
0.00108828
0.00109986
0.00111767
0.0010885
0.00109336
0.00109167
0.00108774
0.00108787
0.00109389
0.00108834
0.00108879
0.00108866
0.00110065
0.00108825
0.00108895
0.00109547
0.00108949
0.00108868
0.00108876
0.0010946
0.00109257
0.00108795
0.00109995
0.00109046
0.00108937
0.00108757
0.00109478
0.00108871
0.00108858
0.001094
0.00108911
0.00108839
0.00108823
0.00110053
0.00108946
0.00109216
0.00108726
0.00109516
0.00109029
0.00108842
0.00109261
0.00109213
0.00114467
0.0010893
0.00110399
0.00108803
0.00108691
0.00109389
0.00108715
0.00108898
0.00109313
0.00109357
0.00108809
0.00108796
0.00110019
0.00109026
0.00109028
0.00108818
0.00111205
0.00111939
0.00108958
0.00108856
0.00109683
0.00108885
0.00109177
0.0011003
0.00108797
0.00108861
0.00108878
0.00109426
0.00108823
0.00108835
0.00109489
0.00108943
0.00108925
0.00108817
0.00109941
0.00108878
0.00108871
0.00109723
0.00108851
0.00108789
0.00108782
0.00109547
0.00108873
0.00108859
0.00108759
0.00110004
0.00108989
0.00108757
0.00109427
0.00108999
0.00108805
0.00108968
0.00109682
0.00108628
0.00108739
0.00109858
0.00108765
0.00108686
0.00108789
0.00109361
0.00108772
0.00108874
0.00108847
0.00109585
0.00108984
0.00109025
0.00109968
0.00109264
0.00108968
0.00108974
0.00109396
0.0010884
0.00108734
0.00109464
0.00108884
0.0010893
0.00108927
0.00109935
0.00108809
0.00108869
0.00109437
0.00108891
0.00109152
0.00108912
0.00109531
0.00108943
0.00108834
0.00109081
0.00109846
0.00108861
0.00109009
0.00115064
0.0010883
0.0010876
0.00108809
0.0010933
0.00108797
0.00109103
0.00109941
0.00108869
0.00108788
0.00108763
0.00109488
0.00109005
0.0010873
0.00109712
0.00108601
0.0011052
0.00111721
0.00115377
0.00108855
0.00109164
0.00108893
0.00108976
0.0010894
0.00108883
0.00109452
0.00108847
0.00108953
0.00108866
0.00109927
0.00108795
0.00109325
0.00109357
0.00108775
0.0010883
0.00109179
0.00109459
0.00108847
0.00108964
0.00110095
0.00108646
0.00108916
0.00108796
0.00109413
0.00108754
0.0010892
0.00108764
0.00109342
0.00108741
0.00108956
0.00110374
0.00108851
0.00108834
0.00108891
0.00109352
0.00108739
0.00108832
0.00109397
0.00108737
0.00108896
0.00108871
0.00110019
0.00108908
0.00108757
0.0010934
0.00109105
0.00108749
0.0010884
0.00109378
0.00108755
0.00108806
0.00108715
0.00109797
0.00108753
0.0010879
0.00109396
0.0010886
0.00108829
0.00108785
0.00109406
0.00109194
0.00108905
0.00109796
0.001088
0.00108597
0.00108737
0.00109363
0.00108749
0.0010871
0.00108923
0.0011447
0.00108957
0.00108797
0.00110414
0.00108757
0.00109063
0.00108769
0.00109477
0.00108872
0.00108769
0.00109429
0.00108868
0.00108955
0.001087
0.00110223
0.00108695
0.00108925
0.00109354
0.0011029
0.00111889
0.00108886
0.00109363
0.00108878
0.00108793
0.00108797
0.00109918
0.00108785
0.00108881
0.00109428
0.00108867
0.00108815
0.00108892
0.00109538
0.00108979
0.00109404
0.00109865
0.00108903
0.00108933
0.00108855
0.00109538
0.00108886
0.00108934
0.001096
0.00108928
0.00108883
0.00108766
0.00110078
0.00108857
0.00108816
0.00109122
0.00109337
0.00108735
0.00108757
0.00109308
0.00108757
0.00108758
0.00108796
0.00109966
0.00108754
0.00108786
0.00109336
0.00108768
0.00108884
0.00108732
0.00110469
0.0010883
0.00108963
0.00108781
0.00108543
0.00108927
0.00108959
0.00109332
0.00108821
0.0010877
0.00108855
0.0010938
0.0010886
0.00108807
0.00109893
0.00109104
0.00108741
0.00108707
0.00109303
0.00108745
0.00108802
0.00109355
0.00108766
0.00108816
0.00108925
0.0011032
0.00114014
0.00108852
0.00108862
0.00109805
0.00109075
0.00108772
0.00109907
0.00108815
0.0010879
0.00108793
0.00110083
0.00108788
0.00108777
0.00109369
0.00108924
0.00108756
0.00108903
0.00109414
0.00109217
0.00110308
0.00113152
0.00108947
0.00108894
0.0010892
0.00109344
0.00108767
0.00108919
0.00108881
0.00109481
0.00108814
0.00108812
0.00110006
0.00108857
0.00108976
0.00108784
0.00109374
0.0010904
0.00108866
0.00109273
0.00108816
0.00108843
0.00108701
0.0010979
0.00108801
0.00108812
0.00109223
0.00108703
0.00108795
0.00109091
0.00109332
0.00108727
0.00108942
0.00108809
0.00109911
0.00108933
0.00108935
0.00109369
0.00108908
0.00108824
0.00108874
0.00109402
0.0010879
0.001088
0.00110196
0.00108734
0.00108807
0.00108842
0.00109357
0.00108855
0.00108794
0.00108776
0.00109317
0.00108861
0.00108884
0.00109938
0.00108727
0.00108861
0.00109402
0.00109766
0.00108806
0.0010891
0.0010933
0.00108969
0.00108768
0.00108815
0.00109873
0.00111174
0.00108878
0.00110577
0.00109035
0.00115615
0.001089
0.00110475
0.00108654
0.00108876
0.00108864
0.00108717
0.00108761
0.00108819
0.00109533
0.00108868
0.00108983
0.00108882
0.0010927
0.00109073
0.00108802
0.00110132
0.00111693
0.00108817
0.00109015
0.00109448
0.00110641
0.00112667
0.00109523
0.00108806
0.00108946
0.00108876
0.0011005
0.0010884
0.00108826
0.00108937
0.00108925
0.0010914
0.00108779
0.00109499
0.0010896
0.00108828
0.00108854
0.00115688
0.00108896
0.00108832
0.00109507
0.00108938
0.00108745
0.00108922
0.00109373
0.00108763
0.00109076
0.00109911
0.00108794
0.00108818
0.00108843
0.00109403
0.00108924
0.00108834
0.00108917
0.00109742
0.00108926
0.00108889
0.00110022
0.00108963
0.00108854
0.00109329
0.00109463
0.0010877
0.0010888
0.00109451
0.00108809
0.00108907
0.00108942
0.00109871
0.00108865
0.0010876
0.00109566
0.001087
0.00108817
0.00108884
0.00109727
0.00108796
0.0010874
0.0010869
0.00109935
0.00108837
0.00108711
0.00109355
0.00108938
0.00108893
0.00108935
0.0010946
0.00108822
0.00113802
0.00111185
0.00108764
0.00108781
0.00108704
0.00109841
0.00108759
0.00108766
0.00109415
0.00108739
0.00108817
0.00108779
0.00109911
0.00108855
0.0010919
0.00108584
0.00109885
0.00108823
0.00108956
0.00109359
0.00108826
0.00108819
0.00110156
0.00112739
0.00108925
0.00108887
0.00109507
0.00108887
0.00108805
0.00108856
0.00109448
0.00109118
0.0010883
0.00110039
0.0010894
0.00108825
0.00109015
0.00109582
0.00108852
0.00108812
0.0010889
0.00109471
0.00108955
0.00108925
0.0011006
0.00108846
0.00109182
0.00108867
0.0010952
0.00108888
0.0010888
0.00109406
0.00108943
0.00108939
0.00108789
0.0010998
0.00108826
0.00108904
0.00108852
0.00109535
0.00108873
0.00109216
0.00109422
0.00108778
0.00108855
0.00108751
0.00109933
0.00108759
0.00108812
0.00109514
0.00108848
0.00108912
0.00108818
0.00109433
0.00108768
0.00108947
0.00110293
0.00108884
0.00108873
0.00108924
0.00109459
0.00108951
0.00108805
0.0010885
0.00109517
0.00108846
0.00108901
0.00110054
0.00108927
0.00108954
0.00114425
0.00110229
0.00108809
0.0010877
0.00109273
0.00108685
0.00108787
0.00108736
0.00110015
0.00108862
0.00108782
0.00109476
0.00109027
0.0010881
0.00108961
0.00109736
0.00108802
0.00109014
0.00108766
0.00109925
0.00108887
0.00108788
0.00109413
0.00108839
0.00110434
0.00111609
0.00109468
0.00108834
0.00108775
0.00110024
0.00109294
0.00109003
0.00108907
0.00109363
0.0010897
0.00108879
0.00109443
0.00108874
0.00108841
0.00108893
0.00109955
0.00108944
0.00108852
0.001089
0.00109514
0.00109313
0.00108847
0.00109587
0.0010879
0.00108856
0.00108914
0.00109992
0.00108721
0.00108763
0.00109288
0.00108891
0.00108898
0.00108856
0.00109366
0.00108812
0.00109087
0.00108834
0.00109893
0.00108799
0.00108732
0.00109349
0.00108803
0.0010875
0.00108833
0.00109463
0.00108958
0.001089
0.00110489
0.0010887
0.00108753
0.00109203
0.00109407
0.00108793
0.00108858
0.00109382
0.0010888
0.00108824
0.00108903
0.00110004
0.00108745
0.001088
0.00108713
0.00109373
0.00108985
0.00109555
0.00115711
0.00108773
0.00108801
0.00108872
0.00109964
0.00108839
0.00108879
0.00109381
0.00108819
0.00108829
0.00108914
0.00109607
0.00108834
0.00108733
0.0011141
0.00108804
0.00108746
0.00108932
0.00109409
0.00108918
0.0010883
0.0010878
0.00109307
0.00108789
0.00108864
0.00109785
0.00110277
0.00111711
0.00108903
0.0010981
0.00108863
0.00108841
0.0010938
0.00108894
0.00108726
0.00108958
0.00110012
0.00108775
0.00108867
0.00108756
0.00108849
0.00108752
0.00108739
0.00109331
0.00109154
0.0010895
0.00108849
0.00110059
0.0010896
0.00108847
0.0010945
0.00108861
0.00108796
0.00108854
0.00109602
0.00109036
0.00108735
0.00110046
0.00108698
0.0010917
0.00108752
0.00109326
0.00108715
0.00108735
0.00108721
0.00109258
0.00108904
0.00108879
0.00109874
0.00108894
0.0010884
0.00108701
0.00109599
0.00108863
0.00109211
0.00109378
0.00108891
0.00108918
0.00108784
0.00110031
0.00108852
0.00108739
0.00109414
0.00108901
0.00108809
0.00108851
0.0010949
0.00108823
0.00109222
0.00108903
0.00115186
0.00108727
0.00108723
0.00109976
0.00120016
0.00107593
0.00107604
0.00108877
0.00107479
0.00107544
0.00109133
0.00107585
0.00107601
0.00107989
0.00108598
0.00107516
0.00107595
0.00107614
0.00108743
0.00107554
0.00107652
0.00108929
0.00107564
0.00107559
0.00107632
0.0010801
0.00107623
0.0010911
0.00111493
0.00107656
0.00107646
0.00107574
0.00108698
0.00107584
0.00107652
0.00107451
0.00108105
0.00107476
0.0010756
0.00108138
0.00107509
0.00107662
0.00107624
0.00108832
0.00107521
0.0010762
0.00107499
0.00108104
0.00107576
0.00107521
0.001081
0.001076
0.00107636
0.00107526
0.00108523
0.00107615
0.00107642
0.00108041
0.00107843
0.00107508
0.0010761
0.0010817
0.00107624
0.00107758
0.00107581
0.0010865
0.00107572
0.00107527
0.00108248
0.00107568
0.00107617
0.00107709
0.00108134
0.00108025
0.00107551
0.00107446
0.00108621
0.00107586
0.00107684
0.00108067
0.00107566
0.00107528
0.00107648
0.00107992
0.00107525
0.00107517
0.00107595
0.00108636
0.00107966
0.00107699
0.00108061
0.00107975
0.00107629
0.00107452
0.00108635
0.00109366
0.00110434
0.0011175
0.00107596
0.0010743
0.00107642
0.001112
0.0010781
0.00108297
0.00107703
0.00109684
0.00107607
0.00107519
0.00112318
0.00107607
0.00107454
0.00107737
0.00108774
0.00107652
0.00107642
0.00110145
0.0010847
0.00107872
0.00109518
0.00111823
0.00109656
0.00112265
0.00107591
