0.0199262
0.0196461
0.0204918
0.0197921
0.0198519
0.0198913
0.0204873
0.0196649
0.0197081
0.0198979
0.0205246
0.0196968
0.019698
0.0209694
0.0202658
0.0196532
0.0196777
0.0196841
0.0196853
0.019628
0.01975
0.0196906
0.0197041
0.0196646
0.0196703
0.0196778
0.0198378
0.0199605
0.0196848
0.0196418
0.019655
0.0196797
0.0196655
0.0199769
0.0198986
0.0196984
0.0196759
0.0198436
0.0197568
0.0196599
0.0196464
0.0201243
0.0196846
0.0196739
0.0196686
0.0201543
0.0197073
0.0199189
0.0196865
0.0202278
0.0196742
0.0196946
0.019695
0.0204676
0.0196929
0.0196454
0.0197797
0.0203419
0.0196799
0.0196943
0.0198683
0.0206862
0.02
0.0197221
0.0199585
0.0203984
0.0197806
0.0197387
0.0197979
0.019659
0.019666
0.0197125
0.0196882
0.0196635
0.0196571
0.0199423
0.0196578
0.0196798
0.0197217
0.0196585
0.0196648
0.019791
0.0198324
0.0196921
0.0198629
0.0197179
0.0199789
0.0196453
0.0199484
0.0199134
0.0196571
0.019668
0.0199147
0.01985
0.019657
0.019663
0.0200342
0.0197769
0.0196964
0.0196377
0.0200914
0.0197765
0.0197332
0.0196832
0.0202533
0.0196947
0.0196737
0.0198063
0.020455
0.0197151
0.0196592
0.0198503
0.0205086
0.0196569
0.0196672
0.0199074
0.0204946
0.0196711
0.0196777
0.0196465
0.0196526
0.0196556
0.0198341
0.0198863
0.0196662
0.0196724
0.0196538
0.0197637
0.0196813
0.019793
0.0197263
0.0196555
0.0198095
0.0196276
0.0196985
0.0199282
0.0199347
0.0198399
0.0196775
0.0199161
0.0197534
0.0196444
0.0197532
0.0199825
0.0199212
0.0199641
0.019643
0.0199669
0.01973
0.0196453
0.0196538
0.0200179
0.0197722
0.0196667
0.0196499
0.0200986
0.0198722
0.0197024
0.0196714
0.0201926
0.019761
0.0196756
0.0196923
0.020487
0.0197499
0.0196822
0.0197231
0.0204721
0.0196954
0.0196628
0.0198106
0.0198465
0.0197251
0.0196758
0.0197229
0.0196778
0.0196615
0.0198982
0.0197109
0.0196654
0.0196804
0.0196721
0.0198135
0.0196992
0.0197651
0.0196367
0.0198853
0.0202862
0.0197245
0.0196422
0.0199464
0.0199754
0.0199122
0.019719
0.0198677
0.0197783
0.0196906
0.0197055
0.0198669
0.0199021
0.0197123
0.0196654
0.0198994
0.0197172
0.0200668
0.0196366
0.0200898
0.0197162
0.0196781
0.0197015
0.0201031
0.0198161
0.0196662
0.0197148
0.0202149
0.0196802
0.0196663
0.0197708
0.0204696
0.0200282
0.0196506
0.0196648
0.019709
0.0196798
0.0196816
0.0198519
0.0197142
0.0197132
0.0197244
0.0196602
0.0196682
0.0196345
0.0198102
0.0197297
0.0196699
0.019629
0.0196659
0.0199327
0.0203675
0.0198001
0.0196588
0.0199465
0.0202816
0.0196961
0.0196364
0.0198701
0.0200463
0.0198562
0.019686
0.0199384
0.0197979
0.019672
0.0197504
0.0199038
0.0199224
0.019641
0.0197044
0.0198869
0.0198293
0.019758
0.0196626
0.0198861
0.0197686
0.0198576
0.0196727
0.0200402
0.0198197
0.0197682
0.0196696
0.0201849
0.0196647
0.0196524
0.0196803
0.0198234
0.019765
0.019657
0.0196543
0.0197369
0.0197148
0.0196706
0.0198015
0.0196339
0.0197538
0.0197166
0.0196769
0.0196842
0.0196824
0.0197686
0.0197746
0.0206335
0.0196388
0.0196569
0.0198969
0.0204517
0.0198023
0.0197604
0.0198418
0.0201822
0.0196838
0.0196399
0.019778
0.0200053
0.0198729
0.0197439
0.0198272
0.019989
0.0196879
0.0197873
0.0199329
0.0198361
0.0197402
0.0196988
0.0198766
0.0196914
0.0197872
0.0196623
0.0198432
0.0197028
0.019705
0.0196553
0.0198966
0.0198866
0.0201104
0.0199262
0.019876
0.0198037
0.0199435
0.0198229
0.019944
0.0197617
0.0196676
0.0196653
0.019694
0.0197037
0.0196396
0.0197744
0.0196752
0.0197138
0.0197192
0.0197461
0.0203749
0.0198465
0.0198147
0.0197497
0.0204975
0.0196877
0.0196802
0.0198994
0.0203406
0.0197012
0.0198497
0.0199438
0.0202798
0.0197288
0.0196521
0.0198637
0.0199305
0.0202233
0.0197148
0.0198441
0.0196681
0.0196612
0.0197159
0.0199189
0.01975
0.019671
0.0196638
0.0198359
0.0197686
0.0198419
0.0196571
0.0200926
0.0197674
0.0197121
0.0196682
0.019657
0.0198364
0.0197632
0.0196807
0.019663
0.0196617
0.0197607
0.0197212
0.0197879
0.0196824
0.0196565
0.0196748
0.0197164
0.0197182
0.0196362
0.0197349
0.0203827
0.0197158
0.019642
0.0198169
0.0205113
0.0196727
0.0198455
0.0198769
0.020357
0.0197707
0.0197364
0.0201386
0.0203925
0.0198041
0.0199559
0.020166
0.0199708
0.0197138
0.0196799
0.0199246
0.0199349
0.0197743
0.0197097
0.0198646
0.019796
0.019775
0.0197324
0.0198522
0.0196901
0.0196554
0.0196717
0.0198405
0.0197006
0.0198188
0.019766
0.0196717
0.0196961
0.0196647
0.0196633
0.0196612
0.0198625
0.019658
0.0196691
0.0196573
0.0196574
0.0196952
0.0196851
0.0197344
0.0197343
0.0198045
0.0196807
0.0203235
0.0196909
0.0196709
0.0198698
0.0204693
0.0197067
0.0196759
0.0198097
0.0205315
0.0196634
0.0197773
0.0199058
0.0204604
0.0202085
0.0197812
0.0198976
0.0202345
0.0196692
0.0197514
0.0199247
0.0200729
0.0197
0.0196906
0.0198473
0.0198129
0.0197188
0.0196856
0.0198755
0.0197364
0.0197317
0.019818
0.0198082
0.0197451
0.019668
0.0196814
0.0197125
0.0196965
0.0198618
0.019688
0.0196722
0.0196709
0.0196747
0.0196787
0.019664
0.0196781
0.0196533
0.0196783
0.019654
0.0197304
0.0196544
0.0196888
0.0202158
0.0198296
0.0196957
0.0196743
0.0204757
0.0196905
0.0197555
0.0199258
0.0205988
0.0197123
0.0196772
0.0199927
0.0205053
0.0197101
0.0198474
0.0203097
0.0202097
0.0196673
0.019652
0.0198339
0.0202588
0.0197546
0.0198072
0.0198911
0.0199007
0.0198311
0.019751
0.0198832
0.0197126
0.0196961
0.0196561
0.0198871
0.0196925
0.0196327
0.0197925
0.0197037
0.0197057
0.0196829
0.0196543
0.0196834
0.0196847
0.0197157
0.0196408
0.0196986
0.0196659
0.0200067
0.0198074
0.0197856
0.0198351
0.0196751
0.0197808
0.0201971
0.0196661
0.0196838
0.0196632
0.0204152
0.0197116
0.0196488
0.019757
0.0205147
0.0197439
0.0196868
0.0199085
0.0204382
0.0197959
0.0196563
0.0198641
0.020257
0.0197339
0.0197679
0.02011
0.0201975
0.0198078
0.0196699
0.0199419
0.0200221
0.0196728
0.0198056
0.0198374
0.0199017
0.019681
0.019702
0.0199442
0.0196834
0.0197259
0.0196611
0.0196883
0.0196805
0.0196477
0.0196832
0.0196602
0.0197497
0.0196488
0.019681
0.0196892
0.0196924
0.0196639
0.0196835
0.0197895
0.0197148
0.0196887
0.0196502
0.0201432
0.0197107
0.0196913
0.0197607
0.020209
0.0196844
0.0196619
0.0198282
0.0204223
0.0196763
0.0196701
0.01974
0.0204723
0.0197078
0.0197161
0.0198674
0.0205375
0.0196784
0.0196715
0.0198139
0.0203498
0.0196818
0.0198283
0.019993
0.0202952
0.0197186
0.0196454
0.0199068
0.0199823
0.0197405
0.0199188
0.0199525
0.0200138
0.0197222
0.0196807
0.0196703
0.019633
0.0197868
0.0196869
0.0196557
0.0196685
0.0196702
0.0196897
0.0197248
0.0198706
0.0196632
0.0196503
0.0197302
0.01966
0.0196588
0.0197733
0.0201764
0.0197395
0.0196446
0.0196702
0.0201878
0.0198084
0.0196904
0.0198235
0.0203232
0.0197121
0.0196692
0.0197813
0.0204175
0.0196928
0.0197707
0.0197426
0.0204329
0.019706
0.0196562
0.0198593
0.0203708
0.0196875
0.0196481
0.0198093
0.0202714
0.0196573
0.0197996
0.0199898
0.0201179
0.0197049
0.0196626
0.0199626
0.0200094
0.0196638
0.0198632
0.0196608
0.0197162
0.0196902
0.0196508
0.0197782
0.0197344
0.0198689
0.0196584
0.0196562
0.0196514
0.019657
0.019715
0.019803
0.0197474
0.0197514
0.0196837
0.0199292
0.0197366
0.0196378
0.01986
0.0203043
0.0197508
0.0196738
0.0196122
0.0202302
0.0196741
0.0196676
0.0197535
0.0203699
0.01975
0.019653
0.0197284
0.0203843
0.0196759
0.0197186
0.0197808
0.0205222
0.0198541
0.0196395
0.0200477
0.0202487
0.0197418
0.019704
0.0199295
0.0201947
0.0196488
0.0197586
0.0199681
0.0199964
0.0197267
0.0196557
0.0196957
0.0196672
0.0196965
0.0199123
0.0196639
0.0196922
0.0196719
0.0196639
0.0196838
0.0197825
0.019749
0.0196703
0.0196361
0.0196971
0.019665
0.0196904
0.0199954
0.0197725
0.019739
0.0196776
0.0199837
0.0197218
0.0196638
0.0197461
0.0202512
0.0196913
0.0196726
0.0196542
0.020214
0.0196657
0.0196654
0.0197744
0.0203946
0.0196759
0.0196432
0.0197472
0.0204749
0.0196579
0.0196575
0.0198315
0.020676
0.0196961
0.0196458
0.0200283
0.0202769
0.0197977
0.0196791
0.0198743
0.0202145
0.0197603
0.0197082
0.0198474
0.0196319
0.0196578
0.0197172
0.0197339
0.0196789
0.0198391
0.0197743
0.0196686
0.0197123
0.0196901
0.0196534
0.019678
0.0198003
0.0196856
0.0197827
0.0199307
0.0197505
0.0197013
0.0197063
0.019994
0.0197827
0.0196723
0.0196463
0.0199564
0.0197212
0.0196434
0.0197117
0.020301
0.0197331
0.0196931
0.0196787
0.0201702
0.0196573
0.0196712
0.019761
0.0203812
0.0197223
0.0196829
0.0197105
0.0203428
0.0196868
0.0196842
0.0198351
0.0205937
0.0196818
0.0196752
0.0199987
0.0202837
0.0197015
0.0196572
0.0196779
0.019673
0.0196536
0.0199099
0.019714
0.0196775
0.0196593
0.0196967
0.0196868
0.0196707
0.0197482
0.0196392
0.0197504
0.0197287
0.0206677
0.0196612
0.0198776
0.0197998
0.019658
0.0196821
0.0198729
0.0197295
0.0196822
0.0197067
0.0200092
0.0198142
0.019666
0.0197492
0.019956
0.0199122
0.0197266
0.0198251
0.0204083
0.0197928
0.0197229
0.0196527
0.0202414
0.0197712
0.0196715
0.0197468
0.0204909
0.0196576
0.0196828
0.0198688
0.0204381
0.0196452
0.0196674
0.0198387
0.0204937
0.0196569
0.0196624
0.019831
0.0197282
0.0196983
0.0197149
0.0196637
0.0196835
0.0196762
0.0197788
0.019653
0.0196671
0.0196434
0.0196997
0.0200755
0.0196685
0.0196764
0.0196445
0.0200082
0.0199729
0.0197493
0.0196677
0.0199483
0.0198674
0.0196817
0.0196746
0.0198531
0.0197122
0.0196783
0.0196985
0.0199925
0.0199024
0.0196553
0.0196989
0.0199184
0.0197285
0.019654
0.0196581
0.0202813
0.0197863
0.0196681
0.0196596
0.0201688
0.0198261
0.0196979
0.0197336
0.0203155
0.0197628
0.0196492
0.0197551
0.0203867
0.0197262
0.0196536
0.0196931
0.0197574
0.0196563
0.019682
0.0197235
0.0196922
0.0196878
0.0196764
0.0196634
0.0196586
0.0200627
0.0197369
0.0197275
0.0198818
0.0202482
0.0196671
0.0200799
0.0202082
0.0196959
0.019653
0.0198834
0.0201423
0.0196819
0.0196739
0.0198304
0.0199711
0.0197485
0.0196702
0.020264
0.0205261
0.0204138
0.0246116
0.024576
0.0196768
0.019663
0.0198261
0.0202935
0.0196939
0.0196346
0.0198696
0.0201518
0.0197517
0.0196879
0.0199784
0.0199546
0.0198037
0.0197036
0.0198728
0.0198281
0.0197136
0.0196906
0.0197575
0.0198303
0.0196552
0.0196996
0.0197305
0.0197067
0.0197138
0.020144
0.0198811
0.0198305
0.0197518
0.0197355
0.0197701
