0.00194758
0.00197823
0.00190539
0.00189379
0.00188965
0.00190449
0.00189098
0.00190219
0.00189195
0.00194206
0.00194719
0.00192024
0.00189355
0.00190596
0.00188914
0.00189296
0.0019068
0.00190409
0.0018893
0.00189266
0.00190218
0.00188815
0.00189829
0.00188766
0.00189336
0.00189205
0.00189962
0.00188749
0.0018966
0.001887
0.00189318
0.00189013
0.00189657
0.00189235
0.00189161
0.00188901
0.0018929
0.00189074
0.00189591
0.00188599
0.00189091
0.00188754
0.00189333
0.00189877
0.00189895
0.00191801
0.00190106
0.00191339
0.00190465
0.0019627
0.00193799
0.00188847
0.00188712
0.00188692
0.00189035
0.00189638
0.00188847
0.0019006
0.00188784
0.0018911
0.00188971
0.00191749
0.00190434
0.00190068
0.00188842
0.00189222
0.00189068
0.00189652
0.00189493
0.00189785
0.00188781
0.00189232
0.00188823
0.00189449
0.00188805
0.00189704
0.00188863
0.0018919
0.00188763
0.00189399
0.00188913
0.00189795
0.00188947
0.00188671
0.00188869
0.00189418
0.00189303
0.00188743
0.00189792
0.00188765
0.00189181
0.00189142
0.00189205
0.00188807
0.00190045
0.00188826
0.00189289
0.00189033
0.0018919
0.00189574
0.00191037
0.00188881
0.00189884
0.00189013
0.00189048
0.00188578
0.00189752
0.00188747
0.00189299
0.00188954
0.00189148
0.00188707
0.00189711
0.00188976
0.00188993
0.00188954
0.00188835
0.00189183
0.00188712
0.00190248
0.00188815
0.00189408
0.0018885
0.00189077
0.00188816
0.00189712
0.00188895
0.00189445
0.00189177
0.00189143
0.00188723
0.00189486
0.00188936
0.00189086
0.00188996
0.00190563
0.00188782
0.00189831
0.0018886
0.00189262
0.00188821
0.0018909
0.00188821
0.00189625
0.00188877
0.00189393
0.00189263
0.00188906
0.00189246
0.00188734
0.00189888
0.00189477
0.00191495
0.00188793
0.00189211
0.00188774
0.00189954
0.00188973
0.00189113
0.00188889
0.00189466
0.00188724
0.00190328
0.00189158
0.0018915
0.00188716
0.00189055
0.00188686
0.00189732
0.00189044
0.00189072
0.00188652
0.00189142
0.0018885
0.00189942
0.00189298
0.00188717
0.00189385
0.00188822
0.00189455
0.00189416
0.00189948
0.00188822
0.00189218
0.00188884
0.00189167
0.00188943
0.00190081
0.00188829
0.00189152
0.00188722
0.00189132
0.00188875
0.00189908
0.00188867
0.00189123
0.00188736
0.00189736
0.00188729
0.00189688
0.00188722
0.00189099
0.00188739
0.00189113
0.00189567
0.00191178
0.00188879
0.00188698
0.00189335
0.00188811
0.00189311
0.00188879
0.00189802
0.00188968
0.00189581
0.00188654
0.00189146
0.00189046
0.00189701
0.00188854
0.00188916
0.00188835
0.00189181
0.00188968
0.00189531
0.00190648
0.00189456
0.00188916
0.00189166
0.00188947
0.00189765
0.00189234
0.00189036
0.00188681
0.00189186
0.00188838
0.00188585
0.00188815
0.00188732
0.00189139
0.001887
0.00189857
0.00189147
0.00189738
0.00188871
0.00189165
0.00188849
0.00189312
0.00189232
0.00189563
0.00188829
0.00189069
0.00188897
0.00189357
0.0018882
0.00189645
0.00188742
0.00191445
0.00189189
0.0018959
0.00188829
0.00189797
0.00188707
0.00189331
0.00188669
0.00189569
0.00189369
0.00188828
0.00189765
0.00188658
0.00189259
0.00188705
0.00188966
0.00188762
0.00189648
0.00188616
0.00189179
0.0018889
0.00189148
0.00188737
0.00189539
0.00188653
0.00189528
0.00189632
0.00189316
0.00188672
0.00189653
0.00188645
0.00189243
0.0018893
0.00189125
0.00188705
0.00189424
0.00188813
0.00189148
0.00188922
0.00189245
0.0018883
0.00188814
0.00189717
0.00189239
0.00189557
0.00188703
0.00189086
0.00188717
0.00192768
0.00195687
0.00192527
0.00188773
0.00189475
0.00190449
0.00191043
0.00188949
0.00189499
0.00188849
0.00191446
0.00189827
0.00190548
0.00188908
0.00189487
0.0018876
0.00189076
0.00188721
0.00189617
0.00188901
0.00189442
0.00188767
0.00189151
0.00188605
0.00189634
0.00188814
0.00189698
0.00189115
0.0018905
0.00189546
0.00188681
0.00190114
0.00188832
0.0018932
0.00188646
0.0018915
0.00188725
0.00189662
0.00188943
0.0018921
0.00188728
0.00189141
0.00188652
0.0018975
0.00189109
0.00189188
0.00188669
0.00189488
0.00188634
0.00189888
0.00188859
0.00189075
0.00188737
0.0018905
0.00188648
0.00189748
0.00188872
0.00189332
0.00189429
0.00188696
0.00189722
0.00188778
0.00190268
0.0018879
0.00189651
0.00188651
0.00189258
0.00188853
0.00189922
0.00188764
0.00189187
0.00188813
0.00188982
0.00188825
0.00189949
0.00188747
0.00189141
0.00188647
0.0018911
0.00189116
0.00189965
0.00189426
0.00189752
0.00188815
0.00189021
0.00188689
0.00189827
0.00188827
0.00188704
0.00189403
0.00188763
0.00189207
0.00188907
0.00189669
0.00188926
0.00189204
0.00188842
0.00189347
0.00189424
0.00189806
0.00190699
0.00189184
0.00188552
0.00189114
0.0018897
0.00189642
0.00188771
0.00189034
0.0018872
0.00189192
0.00190667
0.00190579
0.00188693
0.00188979
0.00188753
0.00189805
0.00189814
0.0019015
0.00188662
0.00188695
0.0018915
0.00188964
0.00189352
0.00188733
0.00190254
0.00188879
0.00189029
0.00188824
0.00189228
0.00188716
0.00189505
0.00188885
0.00189111
0.00189113
0.00189306
0.00188862
0.00189893
0.00188857
0.00189141
0.00188881
0.0018924
0.00189297
0.00189724
0.00188727
0.00189025
0.0018886
0.00189433
0.00188775
0.00188608
0.00188784
0.00188653
0.00189424
0.0018894
0.00189407
0.00188906
0.00189582
0.00188682
0.00189235
0.0018892
0.00189536
0.00188661
0.00189592
0.00189226
0.00190394
0.00189083
0.00189083
0.00188681
0.00189616
0.00188771
0.00189312
0.00188939
0.00189289
0.00188594
0.00189689
0.00188793
0.00189208
0.00189358
0.0018911
0.00188908
0.0018876
0.00189772
0.00188941
0.00189356
0.00188732
0.00189266
0.00188652
0.00191033
0.00189262
0.0018941
0.00188748
0.00190433
0.0018909
0.00189877
0.00189372
0.00189226
0.00188891
0.00189152
0.00188663
0.00189642
0.00188864
0.00189531
0.00188646
0.00189062
0.00188604
0.00189539
0.00188926
0.00189565
0.00189117
0.00189133
0.00188873
0.00189039
0.00190407
0.00189542
0.00193133
0.0019027
0.00191852
0.00188841
0.00190973
0.00188891
0.00189416
0.00188972
0.00189021
0.00188751
0.00189955
0.00189088
0.00189304
0.00188853
0.00189549
0.00188888
0.00189785
0.00188999
0.00189172
0.00188764
0.00189279
0.00188559
0.00189793
0.00188907
0.00189246
0.00188991
0.0018915
0.00188687
0.0018982
0.0018894
0.00188748
0.00189245
0.00189353
0.00189259
0.00188821
0.00189908
0.00188808
0.00188992
0.00188794
0.00189108
0.00188991
0.00189741
0.00188786
0.00189064
0.00188735
0.00189053
0.00188867
0.00189905
0.0018888
0.00189508
0.00188704
0.00189224
0.00189436
0.00196954
0.00192466
0.00195734
0.00192928
0.00194974
0.00194498
0.00200865
0.00197733
0.00197111
0.0019442
0.00198026
0.0019429
0.00199389
0.00189728
0.00195892
0.00194797
0.00197918
0.00190931
0.00191009
0.00188822
0.00189007
0.00192079
0.00192297
0.00189212
0.00190345
0.00188855
0.0018905
0.0018895
0.0018926
0.00190597
0.00191693
0.00191193
0.00189163
0.00188769
0.00189445
0.00189101
0.0018984
0.0018889
0.00189233
0.00188811
0.00189313
0.00189084
0.00189612
0.00190409
0.00194996
0.00191451
0.00191351
0.0018933
0.00190007
0.00188828
0.00188644
0.00189171
0.00188831
0.0018948
0.0018974
0.00191363
0.00188557
0.00194023
0.0019386
0.00195053
0.00191921
0.00196517
0.00194081
0.00195731
0.00193621
0.00195277
0.00194494
0.00191969
0.00189655
0.0018872
0.00188698
0.00189452
0.00189066
0.00190161
0.00188867
0.00189197
0.00188841
0.00189787
0.00188815
0.00189847
0.00189336
0.00189087
0.001889
0.00189315
0.00188745
0.00189689
0.00188789
0.00189208
0.0018884
0.00189384
0.00188821
0.00189563
0.00188639
0.00189131
0.00188892
0.00189471
0.00188903
0.00190017
0.00188786
0.00189043
0.00188738
0.00189032
0.0018937
0.00188774
0.00193255
0.00189006
0.00190077
0.00189973
0.0019008
0.00188713
0.00189932
0.00188719
0.00189094
0.00189025
0.00189743
0.00188811
0.00189769
0.00188747
0.00189122
0.00188947
0.00190369
0.00189287
0.0018991
0.00188627
0.00189105
0.00188939
0.00189218
0.00188747
0.00189793
0.00188763
0.00189578
0.00189421
0.00188788
0.00189043
0.0018878
0.00189888
0.00188825
0.0018955
0.0018885
0.00189127
0.00188595
0.00189773
0.00188906
0.00189393
0.0018893
0.00189032
0.00188764
0.00189594
0.00188934
0.0018986
0.0018869
0.00189008
0.00188888
0.00189743
0.00188818
0.0018938
0.00188805
0.00189069
0.00188815
0.00191786
0.00189109
0.0018967
0.00188639
0.0018871
0.00189209
0.00188782
0.00190418
0.00188934
0.00189276
0.00188643
0.00189121
0.00188779
0.00189766
0.00188947
0.00189135
0.00188805
0.00189119
0.00188719
0.00189784
0.00188932
0.0018926
0.00188738
0.00189083
0.00188987
0.00189723
0.0018918
0.0018906
0.00188787
0.00189222
0.00188794
0.00189644
0.00188986
0.00189346
0.00188736
0.00190194
0.00189646
0.00188847
0.0019016
0.00188763
0.00188991
0.00189144
0.00189332
0.00188802
0.00190021
0.0018882
0.00189114
0.00188637
0.00189043
0.00188816
0.00189842
0.0018926
0.00189354
0.00190044
0.00190062
0.00188788
0.00190086
0.00188878
0.00189624
0.00188806
0.00189159
0.00188711
0.00190136
0.00188867
0.00188717
0.00188863
0.00188676
0.00189382
0.00188993
0.00190226
0.00188763
0.00189034
0.00188633
0.00189325
0.00188947
0.00189732
0.00189245
0.00189336
0.00188657
0.0018907
0.00188915
0.00189739
0.0018878
0.00189034
0.00189106
0.0018932
0.00189005
0.00189776
0.00188761
0.00189144
0.00188781
0.001891
0.00188779
0.00189511
0.00188777
0.00188779
0.00189331
0.00188916
0.0018945
0.00188765
0.00189866
0.00189243
0.0018907
0.00188812
0.00189387
0.00188761
0.00191511
0.00189063
0.0018917
0.00188866
0.00189255
0.00188704
0.00189857
0.0018873
0.00189192
0.00188887
0.00189402
0.00188774
0.0018951
0.00189214
0.00188909
0.00188944
0.00189459
0.00188716
0.00188805
0.0018981
0.00189513
0.00189918
0.0018911
0.00189298
0.00188839
0.00189846
0.00188684
0.00189249
0.00188849
0.00189197
0.00188766
0.00189614
0.00188721
0.00189666
0.00189163
0.00189403
0.00189445
0.00189625
0.00188827
0.00189682
0.00189088
0.00189326
0.00188786
0.00189604
0.00188718
0.00189286
0.00189041
0.00189505
0.00188793
0.00188873
0.0018875
0.00188901
0.001901
0.00189205
0.00190105
0.0018876
0.00190002
0.00188967
0.00189453
0.00188638
0.00189002
0.00188899
0.00189782
0.00188871
0.00189796
0.00188804
0.00189004
0.00188705
0.00189678
0.0018894
0.00189354
0.00188619
0.00189024
0.00188719
0.00189678
0.00188777
0.00189256
0.00188721
0.00189092
0.00188798
0.00188791
0.00189993
0.00189537
0.00189468
0.00188827
0.00189201
0.00188576
0.0018981
0.00192077
0.00194544
0.00191968
0.00189732
0.00188741
0.00190354
0.00189396
0.00189353
0.00188842
0.00189098
0.0018875
0.00190152
0.00189507
0.00188929
0.00188794
0.00189001
0.00188826
0.00191694
0.00189378
0.0018992
0.00188902
0.00192262
0.00189281
0.00189919
0.00189172
0.00189168
0.00188638
0.00188699
0.00188677
0.00188829
0.00190246
0.00188755
0.00189341
0.00188849
0.00189027
0.00188855
0.00190286
0.00189034
0.00189383
0.00188661
0.00189121
0.00188739
0.00189988
0.00188902
0.00188987
0.00189089
0.00189087
0.00188925
0.00189891
0.00188766
0.00189075
0.00188691
0.00189102
0.00188848
0.00189706
0.00188881
0.0018904
0.00188832
0.00188794
0.00189318
0.00189014
0.00189888
0.00189135
0.00189121
0.0018877
0.00189203
0.00188931
0.00189705
0.00188806
0.001889
0.00190043
0.00190102
0.00189222
0.00189856
0.00188782
0.00189021
