0.0207385
0.0203717
0.0206396
0.0206232
0.020495
0.0204455
0.0204624
0.0205804
0.0207879
0.0204654
0.0205552
0.0204184
0.0205494
0.0206823
0.0204296
0.0204055
0.0204937
0.020661
0.0205957
0.0204475
0.0215177
0.021537
0.021106
0.0214762
0.020625
0.0205289
0.0206261
0.0212553
0.0254067
0.0208654
0.0206174
0.0208208
0.0244559
0.0216217
0.0208405
0.0205584
0.0204974
0.0206948
0.0206613
0.0208252
0.0208601
0.0206695
0.0208705
0.0209585
0.0206807
0.0216577
0.0213836
0.020681
0.0206204
0.0210012
0.0209292
0.0207156
0.0206915
0.021042
0.0206534
0.020718
0.0207978
0.0208319
0.0206086
0.0205324
0.0208355
0.0205391
0.0206251
0.0207053
0.0207106
0.0205404
0.0207193
0.0205871
0.0205185
0.0207112
0.0205195
0.0206412
0.0208163
0.02054
0.0205161
0.0206476
0.0206158
0.0205384
0.0205898
0.0208559
0.0206058
0.0205376
0.0206724
0.0205361
0.0206659
0.0206794
0.0205705
0.0219302
0.0268661
0.0244208
0.0205562
0.0229412
0.0206714
0.020843
0.0206729
0.0205332
0.0205389
0.0205267
0.0204834
0.020629
0.0209093
0.0206699
0.0207629
0.0206251
0.0207276
0.0207155
0.0207405
0.0205837
0.0205331
0.020563
0.0205791
0.0204825
0.0206708
0.0204475
0.0205143
0.020999
0.0205941
0.0204549
0.0206545
0.0209193
0.0205709
0.0207669
0.0206028
0.0205805
0.0205037
0.0206386
0.0205562
0.020566
0.0210058
0.020592
0.0205688
0.0207329
0.020561
0.0205802
0.0205074
0.0205904
0.0204861
0.0204835
0.0206071
0.0204768
0.0204726
0.0206606
0.0205923
0.0205883
0.0208557
0.0205801
0.0204904
0.0207082
0.0206336
0.0205614
0.0206262
0.0206548
0.020508
0.020434
0.0206324
0.0204949
0.0205037
0.0205949
0.0205528
0.0205343
0.0205806
0.0209043
0.0207158
0.0206056
0.0209786
0.020563
0.0205577
0.0206965
0.0206655
0.0206735
0.0207157
0.0204889
0.0205174
0.0205685
0.0206605
0.0205571
0.0206693
0.0208044
0.0206432
0.020542
0.0206559
0.0205142
0.0205238
0.0205063
0.0205291
0.0204565
0.0204975
0.0206011
0.0211798
0.0206268
0.0206752
0.0205351
0.0204772
0.0239161
0.0206609
0.0204771
0.0205303
0.0205043
0.0205312
0.0204641
0.0205795
0.0204873
0.0204306
0.0206134
0.0204159
0.0205031
0.0205854
0.0205211
0.0204427
0.0204799
0.0204859
0.020451
0.0204386
0.0205585
0.020435
0.0204686
0.020667
0.0204467
0.0204679
0.0205201
0.0210223
0.0225398
0.0225551
0.020821
0.0207206
0.0244555
0.0225161
0.021019
0.0208766
0.0208179
0.0207951
0.0205922
0.0207315
0.0204723
0.0204872
0.0208022
0.0205769
0.0204944
0.0205012
0.0205424
0.0205993
0.0205287
0.020562
0.0204469
0.0204662
0.0207369
0.0204679
0.0205206
0.0205723
0.0205246
0.0205458
0.0205406
0.0206198
0.0204902
0.0205709
0.0206643
0.020503
0.0204584
0.020751
0.0204413
0.020501
0.0206656
0.0206045
0.0207118
0.0205129
0.020566
0.02048
0.0204882
0.0215209
0.022383
0.0207053
0.0210505
0.0206211
0.0208944
0.0210792
0.0209707
0.0208794
0.0208782
0.0210781
0.0213886
0.0213146
0.0213361
0.0226139
0.0208572
0.0208615
0.0207326
0.0204592
0.0204818
0.0227519
0.0225119
0.020483
0.0251783
0.0223718
0.0206583
0.0206518
0.0229583
0.021781
0.0207677
0.029692
0.0205443
0.020793
0.0223392
0.0209732
0.0204893
0.0209971
0.0205779
0.0208819
0.0206181
0.0207544
0.0204736
0.0204985
0.0207065
0.0204467
0.0205163
0.0205703
0.0205583
0.020525
0.0205095
0.0205238
0.0205209
0.020548
0.0209069
0.0205758
0.0208309
0.0210585
0.0205494
0.0206155
0.0205763
0.0205045
0.0204736
0.0208191
0.0209882
0.0211814
0.0210627
0.0210645
0.0211003
0.0208328
0.0211152
0.0214373
0.0214191
0.0208392
0.0206231
0.0205885
0.0205946
0.020652
0.0208424
0.0206017
0.0206018
0.020624
0.0205303
0.0204743
0.0205308
0.0205013
0.0204913
0.0205189
0.020574
0.0204666
0.020446
0.0206489
0.020539
0.0204966
0.0205316
0.02046
0.0204415
0.0206807
0.0205242
0.0204974
0.0204968
0.0205316
0.0204619
0.0204748
0.0206627
0.0204819
0.0204642
0.0206554
0.0205419
0.020472
0.0205182
0.0205881
0.0205216
0.0204928
0.0205857
0.0205052
0.0205219
0.0206896
0.0205819
0.0206019
0.0207656
0.0206501
0.0208749
0.0205975
0.0209714
0.0205079
0.02058
0.0206443
0.0204962
0.0204729
0.0206259
0.0205036
0.0206095
0.0205789
0.0205418
0.0205003
0.0208331
0.0205623
0.0204931
0.020486
0.0206036
0.0204932
0.0204692
0.0206296
0.0205225
0.0204816
0.0205553
0.0205761
0.0205543
0.0206764
0.0206659
0.0205721
0.0205797
0.0208296
0.0208225
0.0205885
0.0208507
0.0205881
0.0205388
0.0208275
0.0206628
0.0205215
0.0204798
0.0206496
0.0205145
0.0205875
0.0205933
0.0204444
0.020499
0.0207681
0.0207436
0.0205259
0.0205356
0.0206589
0.0206782
0.0207847
0.0206426
0.0206636
0.0206877
0.0208372
0.0205576
0.0206847
0.0208409
0.0206769
0.0207961
0.0209964
0.0205636
0.0204592
0.020513
0.020605
0.0205587
0.020487
0.0206832
0.0207573
0.0206099
0.0205904
0.0205815
0.0205778
0.0207484
0.0207379
0.0206384
0.0206852
0.0207443
0.0206607
0.0207431
0.0207657
0.0205744
0.0206639
0.0207241
0.0206414
0.0207276
0.0206952
0.0206528
0.020608
0.02078
0.0206615
0.0205281
0.0204871
0.0207466
0.0205625
0.0205561
0.0206921
0.0205544
0.0207084
0.0205816
0.0208984
0.0206766
0.0205031
0.02065
0.020628
0.0205082
0.020712
0.0204978
0.020892
0.0206235
0.0205979
0.0205338
0.0206424
0.0205365
0.020522
0.0205622
0.0206009
0.0205527
0.0205972
0.0207629
0.0205385
0.0206451
0.0208845
0.02059
0.0204923
0.0205779
0.0208747
0.0205931
0.0205878
0.0206445
0.0205777
0.0205471
0.0207518
0.020675
0.0205396
0.0205621
0.0204633
0.0204887
0.0205404
0.020534
0.020441
0.0204516
0.0206523
0.0205561
0.0204896
0.0206186
0.0204807
0.0205072
0.020516
0.0206843
0.0223328
0.0245836
0.0216141
0.0208468
0.0205049
0.0207131
0.0207883
0.0206681
0.0206994
0.020511
0.0216482
0.0220257
0.0205128
0.0205315
0.0205851
0.0208923
0.0205167
0.0204944
0.02062
0.0205032
0.0205374
0.0209112
0.0205598
0.0207648
0.0207678
0.0206043
0.0206681
0.0206617
0.0205252
0.0205219
0.0206356
0.0206435
0.0205637
0.0211333
0.0210725
0.0209639
0.020752
0.0208192
0.0205495
0.0205052
0.0206093
0.0205927
0.0207312
0.0205937
0.0206449
0.0205714
0.0204685
0.0205589
0.0204323
0.0204658
0.0207281
0.0205194
0.0204435
0.0205448
0.0204934
0.0205005
0.0204809
0.0205539
0.0204492
0.0205976
0.0206027
0.0204926
0.0204397
0.0211836
0.0241868
0.0205887
0.0204933
0.020475
0.020456
0.0205022
0.0205445
0.0204245
0.0204493
0.0207085
0.0205016
0.0204117
0.0207159
0.0210346
0.0207225
0.0205256
0.0207617
0.0206458
0.020505
0.0205216
0.0206946
0.0204763
0.020513
0.0206291
0.0205615
0.0207024
0.0206625
0.0205176
0.0205106
0.0205779
0.020682
0.0205369
0.0207094
0.0239008
0.0217309
0.0208389
0.0206478
0.0206528
0.0210617
0.0208693
0.0206639
0.0205889
0.0204915
0.0204845
0.0205032
0.0206092
0.0204577
0.0205953
0.0205215
0.0205914
0.020659
0.0204315
0.0205591
0.0205998
0.0205465
0.0205743
0.0204769
0.0205034
0.0205354
0.0204878
0.0207201
0.0205093
0.0204591
0.0206088
0.0204112
0.0204448
0.0205503
0.0204681
0.0205361
0.0205808
0.0205357
0.0204866
0.0205091
0.0206656
0.0205562
0.0204885
0.0205498
0.0204324
0.0206442
0.0206968
0.0205196
0.0206052
0.0204936
0.0205081
0.0206767
0.0205023
0.0215121
0.0205171
0.0204564
0.0204241
0.020632
0.0205525
0.0205757
0.0205552
0.0204397
0.0205308
0.0203974
0.0204729
0.0206463
0.0204732
0.020464
0.0205229
0.0204718
0.0204426
0.020593
0.0204976
0.0204369
0.0205499
0.0203939
0.0203831
0.020475
0.0205081
0.0205121
0.0204924
0.0205268
0.02043
0.0204002
0.0206152
0.020426
0.020512
0.0205967
0.0204419
0.0205701
0.0206981
0.0204255
0.0204893
0.0206958
0.0205546
0.0204502
0.0206826
0.0206099
0.0207411
0.0206324
0.0205197
0.020536
0.0204741
0.0205901
0.0205621
0.020465
0.0204671
0.0205261
0.020506
0.0206281
0.0206124
0.0204962
0.020611
0.0205824
0.0205196
0.0206215
0.0217442
0.0224292
0.0205927
0.020602
0.0246462
0.0204567
0.0206005
0.020508
0.0208851
0.020546
0.0203741
0.0204792
0.0205389
0.0205897
0.0206387
0.0206386
0.020568
0.0205718
0.0206803
0.0206544
0.0206272
0.0204408
0.0204802
0.0206247
0.0204655
0.0205599
0.0206648
0.0204945
0.0207324
0.0246151
0.028064
0.024349
0.0207157
0.020536
0.0206236
0.0205668
0.0206264
0.0207168
0.0216149
0.0209159
0.020777
0.0207914
0.0208383
0.0206809
0.0205641
0.0207616
0.0206555
0.020808
0.0204539
0.0204753
0.0207363
0.0205162
0.0205225
0.0204959
0.0207467
0.0206801
0.0205798
0.0209033
0.0207901
0.0206175
0.0206331
0.020793
0.0207316
0.0205612
0.020685
0.0209242
0.0205765
0.0207894
0.0241698
0.0243249
0.0209109
0.0208007
0.0207511
0.0207382
0.0232409
0.0208828
0.0212465
0.0212761
0.0212183
0.0211845
0.0210393
0.0214061
0.0215093
0.0207351
0.0206582
0.0207571
0.0205077
0.0214267
0.0228511
0.02346
0.020743
0.0212678
0.0204718
0.0206338
0.0204786
0.0203839
0.0204335
0.0204295
0.0205647
0.020505
0.0205607
0.0207328
0.0206182
0.0206577
0.0205204
0.0206774
0.0205163
0.0206237
0.0206911
0.0206252
0.020637
0.0209254
0.0209439
0.0206559
0.0206634
0.0207071
0.0207671
0.0205094
0.0205358
0.0206316
0.0206055
0.0249877
0.0224982
0.0204511
0.0206377
0.0206671
0.0210612
0.0207044
0.0206696
0.0205711
0.0204899
0.0205937
0.0204883
0.0205129
0.020573
0.0204953
0.0208392
0.024627
0.0221788
0.02252
0.0253068
0.0216432
0.0217911
0.0206066
0.0204933
0.0205935
0.0214665
0.0206498
0.0207328
0.0204029
0.0204653
0.0206523
0.0205921
0.0226839
0.027918
0.0279568
0.0284346
0.0251096
0.0208417
0.0273749
0.0299189
0.0254566
0.0212408
0.0208988
0.024049
0.0268782
0.0243893
0.0234612
0.0218783
0.0215388
0.0210223
0.0210494
0.0206471
0.0206993
0.0205725
0.0205811
0.0204718
0.0205091
0.0204923
0.0205476
0.0205999
0.0205952
0.0204596
0.0204649
0.0205915
0.0207015
0.0206819
0.0204759
0.0206285
0.0206467
0.0207828
0.0207649
0.0206318
0.0206674
0.0206135
0.0206122
0.0208685
0.0251999
0.0249236
0.0215203
0.0212147
0.0209921
0.0258373
0.0252618
0.0251719
0.0215963
0.020519
0.0205878
0.0204219
0.0206207
0.0205324
0.0204308
0.0204779
0.0209615
0.0236671
0.0214453
0.0212927
0.0221023
0.0208801
0.0250146
0.0212158
0.0205932
0.0212701
0.0209307
0.0236339
0.0249823
0.0216196
0.0210806
0.0215822
0.0207764
0.023296
0.0211922
0.0241109
0.0210501
0.0207061
0.0240057
0.0250891
0.0207548
0.0207905
0.0225606
0.0208039
0.0213117
0.020746
0.0245222
0.0214921
