0.000312646
0.000349983
0.000133627
0.000132877
0.000132487
0.000132462
0.000132592
0.000131952
0.000132292
0.000132262
0.000131943
0.000131852
0.000131972
0.000131812
0.000132282
0.000131957
0.000132322
0.000131827
0.000132007
0.000132242
0.000131722
0.000131768
0.000131832
0.000132122
0.000131807
0.000131917
0.000132057
0.000161803
0.000132392
0.000131863
0.000131937
0.000131917
0.000131897
0.000132072
0.000132347
0.000132068
0.000131857
0.000131752
0.000131787
0.000142762
0.000132047
0.000131658
0.000135311
0.000131827
0.000132357
0.000131747
0.000225793
0.000133607
0.0001996
0.000133202
0.000132332
0.000132492
0.000132527
0.000132202
0.000141482
0.000132033
0.000132027
0.000131352
0.000131958
0.000131662
0.000131738
0.000131822
0.000132082
0.000131493
0.000132302
0.000131707
0.000131742
0.000132027
0.000131558
0.000131932
0.000132412
0.000131997
0.000131877
0.000131707
0.000131363
0.000131722
0.000131497
0.000131777
0.000132122
0.000131977
0.000131628
0.000131992
0.000161828
0.000132112
0.000131817
0.000131637
0.000131742
0.000131522
0.000132022
0.000132198
0.000131902
0.000131512
0.000131652
0.000131802
0.000131523
0.000132007
0.000132028
0.000131412
0.000132037
0.000131967
0.000131717
0.000131928
0.000131437
0.000131983
0.000131687
0.000131803
0.000131932
0.000131762
0.000131663
0.000131447
0.000136151
0.000131398
0.000131852
0.000132227
0.000131802
0.000131852
0.000132032
0.000131742
0.000131513
0.000131682
0.000131767
0.000131887
0.000131792
0.000131808
0.000131807
0.000131513
0.000131327
0.000131797
0.000131677
0.000131637
0.000131727
0.000131853
0.000131682
0.000131888
0.000131762
0.000131748
0.000131637
0.000131698
0.000149189
0.000131847
0.000131953
0.000131867
0.000131982
0.000131652
0.000131807
0.000132247
0.000131863
0.000131847
0.000131992
0.000131857
0.000131767
0.000134391
0.000131892
0.000131732
0.000131842
0.000131827
0.000132372
0.000132732
0.000131923
0.000131622
0.000131958
0.000131797
0.000131368
0.000131757
0.000131543
0.000131387
0.000151188
0.000132422
0.000132152
0.000131812
0.000131862
0.000132357
0.000132297
0.000132347
0.000132072
0.000132367
0.000132047
0.000131937
0.000131852
0.000131597
0.000131927
0.000132327
0.000131722
0.000132072
0.000131962
0.000132052
0.000131363
0.000131827
0.000131482
0.000131713
0.000132052
0.000131712
0.000132062
0.000132182
0.000148805
0.000132087
0.000131682
0.000131452
0.000132357
0.000132042
0.000131602
0.000131527
0.000131947
0.000132032
0.000132112
0.000131568
0.000131667
0.000131717
0.000131837
0.000131857
0.000131757
0.000131747
0.000131662
0.000132162
0.000131748
0.000132087
0.000131973
0.000131932
0.000131962
0.000131652
0.000131758
0.000132077
0.000136865
0.000131892
0.000131762
0.000131703
0.000131962
0.000131628
0.000131682
0.000132007
0.000131452
0.000131997
0.000132227
0.000132147
0.000131898
0.000131732
0.000131558
0.000131767
0.000131593
0.000131692
0.000131932
0.000132127
0.000131393
0.000131882
0.000131492
0.000131897
0.000131592
0.000131872
0.000131872
0.000131867
0.000144681
0.000132212
0.000131903
0.000131702
0.000132093
0.000132222
0.000132162
0.000131898
0.000131772
0.000131648
0.000131577
0.000132027
0.000131997
0.000131917
0.000131417
0.000131828
0.000131912
0.000132302
0.000132307
0.000132072
0.000131972
0.00014666
0.000132457
0.000132017
0.000131623
0.000131807
0.000131758
0.000131852
0.000136795
0.000131902
0.000131952
0.000131952
0.000131662
0.000131658
0.000132083
0.000132262
0.000131632
0.000131842
0.000132022
0.000131583
0.000131772
0.000131658
0.000131352
0.000131418
0.000131957
0.000131447
0.000131832
0.000132117
0.000132042
0.000131848
0.000131642
0.000131977
0.000131777
0.000131947
0.000131618
0.000131437
0.000135485
0.000132072
0.000131897
0.000131863
0.000132012
0.000131882
0.000131742
0.000131593
0.000131712
0.000132197
0.000132057
0.000131667
0.000131782
0.000132067
0.000131803
0.000131972
0.000131797
0.000131817
0.000131582
0.000132062
0.000132481
0.000131787
0.000132337
0.000131508
0.000132367
0.000131673
0.000131387
0.000131992
0.000140578
0.000131933
0.000131572
0.000131653
0.000131662
0.000132067
0.000131972
0.000131847
0.000132057
0.000131883
0.000132032
0.000131787
0.000132122
0.000131662
0.000131512
0.000131962
0.000131873
0.000131847
0.000131898
0.000131722
0.000131583
0.000131778
0.000132347
0.000131927
0.000132072
0.000131937
0.000131423
0.000131477
0.000135395
0.000131532
0.000131997
0.000132357
0.000131877
0.000131967
0.000131302
0.000132017
0.000131788
0.000131982
0.000132027
0.000131952
0.000131897
0.000132032
0.000131857
0.000131817
0.000132032
0.000131638
0.000131942
0.000131938
0.000131927
0.000132022
0.000131702
0.000131782
0.000131542
0.000132177
0.000131997
0.000132407
0.000135511
0.000131928
0.000131222
0.000132012
0.000131537
0.000131573
0.000132272
0.000131917
0.000131807
0.000131802
0.000132122
0.000131762
0.000132102
0.000131772
0.000131573
0.000132082
0.000131498
0.000132052
0.000132017
0.000131777
0.000131712
0.000132137
0.000131747
0.000131983
0.000132052
0.000131962
0.000131657
0.000131967
0.000140119
0.000132022
0.000131623
0.000131562
0.000132037
0.000131722
0.000132467
0.000131412
0.000131907
0.000132007
0.000131597
0.000132137
0.000131863
0.000131707
0.000131893
0.000131947
0.000132022
0.000132307
0.000131882
0.000131578
0.000131627
0.000132162
0.000131972
0.000132073
0.000131507
0.000131783
0.000131877
0.000131957
0.000135521
0.000131892
0.000131492
0.000132017
0.000131327
0.000131792
0.000132042
0.000131668
0.000132232
0.000131628
0.000131977
0.000132002
0.000131862
0.000131578
0.000131697
0.000131528
0.000131737
0.000132202
0.000131737
0.000131767
0.000131707
0.000131817
0.000132197
0.000131987
0.000131942
0.000131777
0.000132173
0.000131597
0.000131748
0.000132297
0.000131787
0.000132132
0.000131553
0.000131832
0.000131823
0.000131787
0.000132217
0.000131958
0.000131432
0.000131763
0.000131672
0.000131832
0.000131632
0.000131612
0.000131812
0.000131757
0.000131478
0.000131632
0.000132033
0.000131812
0.000131727
0.000132127
0.000132167
0.000131792
0.000131618
0.000131402
0.000132207
0.000139763
0.000132667
0.000135445
0.000132317
0.000131627
0.000131767
0.000131847
0.000131767
0.000132122
0.000131727
0.000131433
0.000131543
0.000131792
0.000131728
0.000131652
0.000132102
0.000131937
0.000131657
0.000132007
0.000131722
0.000132008
0.000131902
0.000131667
0.000131762
0.000131603
0.000131822
0.000131673
0.000131717
0.000135741
0.000131508
0.000131357
0.000131862
0.000131632
0.000131537
0.000131892
0.000132067
0.000131972
0.000132207
0.000132017
0.000132437
0.000132097
0.000131882
0.000131907
0.000132002
0.000131753
0.000131812
0.000131478
0.000132047
0.000132147
0.000132292
0.000131352
0.000131558
0.000131867
0.000131813
0.000132317
0.000131477
0.000135515
0.000132047
0.000131308
0.000131582
0.000131813
0.000131902
0.000131652
0.000132132
0.000131762
0.000131673
0.000131737
0.000132372
0.000132312
0.000132137
0.000132397
0.000131997
0.000131897
0.000132002
0.000132033
0.000132082
0.000131887
0.000131577
0.000131957
0.000162118
0.000132032
0.000131637
0.000131817
0.000131923
0.000147115
0.000132752
0.000132212
0.000131867
0.000132197
0.000132442
0.000131922
0.000131997
0.000131792
0.000131702
0.000132267
0.000131932
0.000131937
0.000131723
0.000132127
0.000131807
0.000131812
0.000131572
0.000131732
0.000132132
0.000132402
0.000131473
0.000131732
0.000131617
0.000132492
0.000131912
0.000131928
0.000131962
0.00013779
0.000131912
0.000131477
0.000132037
0.000131857
0.000131942
0.000131918
0.000132087
0.000132112
0.000131892
0.000131548
0.000131637
0.000131473
0.000131867
0.000131333
0.000132077
0.000131833
0.000131827
0.000131508
0.000131547
0.000132082
0.000131697
0.000131678
0.000131687
0.000131762
0.000131537
0.000132222
0.000132217
0.000135255
0.000132082
0.000131678
0.000132117
0.000131792
0.000131732
0.000131547
0.000131877
0.000130963
0.000132232
0.000131563
0.000131937
0.000131937
0.000131947
0.000131942
0.000131613
0.000131807
0.000131828
0.000131727
0.000132043
0.000131477
0.000131793
0.000132097
0.000132157
0.000132347
0.000131812
0.000131912
0.000131402
0.000141458
0.000131608
0.000131717
0.000131413
0.000131617
0.000131812
0.000131977
0.000131828
0.000132152
0.000131997
0.000131743
0.000131917
0.000131793
0.000132127
0.000131698
0.000144541
0.000132092
0.000132102
0.000132447
0.000131667
0.000132157
0.000131917
0.000131847
0.000131753
0.000132292
0.000131967
0.000131532
0.000131927
0.000143461
0.000131892
0.000132302
0.000131992
0.000131892
0.000132397
0.000131897
0.000131757
0.000131842
0.000132227
0.000132257
0.000131848
0.000132052
0.000131762
0.000131647
0.000131947
0.000131903
0.000131552
0.000131933
0.000132052
0.000132122
0.000131548
0.000131817
0.000132082
0.000131377
0.000131483
0.000131298
0.000132237
0.000135661
0.000132007
0.000131728
0.000132012
0.000132157
0.000131697
0.000132177
0.000132127
0.000131687
0.000131858
0.000131382
0.000132407
0.000131527
0.000131678
0.000131817
0.000131503
0.000131597
0.000131642
0.000131587
0.000131522
0.000132042
0.000131442
0.000131933
0.000132027
0.000131882
0.000131622
0.000131947
0.000131757
0.000140903
0.000131712
0.000131977
0.000131642
0.000131982
0.000132052
0.000131092
0.000131453
0.000131512
0.000131602
0.000131693
0.000131762
0.000131912
0.000131347
0.000131828
0.000131542
0.000131603
0.000130198
0.000131457
0.000131922
0.000131997
0.000131328
0.000131747
0.000131562
0.000131837
0.000131462
0.000132307
0.000131792
0.000135896
0.000131963
0.000131972
0.000131792
0.000131772
0.000131553
0.000131732
0.000131518
0.000131737
0.000131618
0.000131707
0.000131553
0.000131852
0.000132093
0.000131852
0.000131773
0.000131657
0.000131928
0.000131787
0.000131893
0.000131987
0.000131558
0.000131672
0.000131518
0.000131652
0.000131827
0.000131877
0.000131452
0.000132177
0.000132013
0.000131747
0.000131808
0.000131777
0.000131773
0.000131742
0.000131738
0.000132002
0.000131643
0.000131382
0.000131832
0.000131727
0.000131922
0.000132128
0.000132232
0.000131637
0.000132072
0.000131777
0.000132103
0.000131567
0.000131438
0.000131952
0.000131672
0.000131897
0.000131933
0.000131742
0.000131833
0.000131427
0.000140159
0.000132242
0.000132048
0.000131632
0.000132012
0.000131632
0.000131992
0.000131993
0.000131942
0.000131647
0.000131517
0.000131678
0.000131608
0.000132212
0.000131552
0.000132147
0.000134616
0.000131462
0.000131878
0.000131787
0.000131483
0.000131587
0.000132032
0.000131577
0.000131427
0.000130583
0.000131253
0.000131682
0.000135316
0.000131757
0.000131477
0.000131582
0.000131982
0.000132007
0.000131817
0.000131563
0.000131642
0.000131608
0.000131952
0.000132097
0.000131627
0.000131697
0.000131802
0.000131217
0.000131992
0.000131727
0.000131863
0.000131747
0.000132067
0.000131457
0.000131997
0.000131607
0.000131817
0.000131632
0.000131882
0.000131967
0.000135036
0.000132017
0.000131847
0.000132263
0.000132067
0.000131722
0.000132082
0.000131722
0.000131978
0.000131947
0.000131713
0.000131937
0.000131752
0.000131187
0.000131583
0.000131767
0.000131752
0.000131807
0.000131832
0.000131972
0.000131788
0.000131932
0.000132047
0.000131617
0.000132072
0.000131853
0.000131497
0.000131937
0.000138754
0.000131997
0.000132037
0.000130948
0.000131638
0.000131547
0.000132042
0.000131722
0.000131982
0.000131867
0.000131812
0.000131777
0.000131672
0.000131743
0.000131937
0.000131718
0.000131877
0.000131808
0.000131737
0.000132022
0.000131737
0.000131723
0.000131867
0.000131732
0.000131912
0.000131513
0.000131852
0.000131872
0.000134521
0.000131947
0.000131707
0.000131737
0.000131592
0.000132222
0.000131378
0.000131692
0.000131652
0.000131907
0.000131562
0.000131912
0.000131432
0.000132422
0.000131682
0.000131932
0.000131562
0.000131837
0.000131852
0.000131858
0.000132087
0.000131827
0.000131902
0.000132132
0.000131668
0.000131607
0.000131718
0.000131592
0.000135356
0.000132097
0.000131537
0.000131617
0.000131567
0.000131872
0.000131867
0.000131987
0.000131772
0.000131993
0.000131322
0.000131712
0.000131498
0.000131527
0.000131452
0.000131827
0.000131697
0.000131757
0.000131962
0.000132112
