0.000958928
0.000935528
0.000970801
0.00100904
0.000934879
0.000934265
0.000956421
0.000935597
0.000935526
0.000935426
0.0009356
0.000959792
0.000935487
0.000934663
0.000935623
0.000947471
0.000937659
0.000934153
0.000937491
0.000954574
0.000936107
0.000936317
0.000935475
0.000964129
0.000954855
0.000946296
0.000935433
0.000947075
0.000934163
0.000933664
0.000934199
0.000945079
0.000934683
0.000934326
0.000934065
0.000933807
0.000945034
0.000935948
0.000936022
0.000935501
0.000940156
0.000935092
0.000935158
0.000934963
0.000939114
0.000934427
0.000933661
0.000933921
0.000945481
0.000934826
0.000959684
0.000936745
0.00094022
0.000934163
0.000934347
0.000934526
0.000940492
0.000935089
0.000933704
0.000934979
0.000935429
0.00094318
0.000935162
0.00093433
0.000934326
0.000939504
0.000934584
0.000935203
0.00093584
0.000940569
0.000934445
0.000933545
0.000936197
0.000943982
0.000935571
0.000935001
0.00093565
0.000940389
0.000933637
0.000935489
0.000936083
0.000934161
0.000939801
0.000934491
0.000934209
0.000943591
0.000945147
0.000935567
0.000934949
0.000934588
0.00100235
0.000972149
0.000934935
0.000934624
0.000941648
0.00093531
0.000935378
0.000935249
0.000964985
0.000932819
0.000934259
0.000935447
0.000943528
0.000936082
0.000934946
0.00093457
0.000935197
0.000939129
0.000935367
0.000932721
0.000933957
0.000944296
0.000935867
0.000935085
0.00093454
0.000940197
0.000935085
0.00093541
0.000933713
0.000939765
0.000939075
0.000934776
0.000934134
0.000944854
0.000934974
0.00093452
0.000935371
0.000942173
0.000934166
0.000935035
0.000934083
0.000935157
0.000938112
0.000934762
0.000934518
0.000935429
0.000944765
0.000937336
0.000933559
0.000935145
0.000940109
0.000936249
0.000935251
0.000935002
0.000939132
0.000934471
0.000935322
0.000936161
0.0009434
0.000934322
0.000934301
0.000933748
0.000933063
0.000937949
0.000939276
0.000936435
0.00093556
0.000939387
0.000934808
0.000934642
0.000935846
0.000945196
0.000934211
0.000934764
0.000935465
0.000939666
0.000935041
0.000934852
0.000934091
0.000940532
0.000934054
0.00093721
0.000939218
0.000944933
0.000935406
0.000933937
0.000934531
0.000934404
0.000940525
0.000935493
0.000934802
0.000934341
0.000939771
0.000934307
0.000935516
0.000935955
0.000944152
0.000935035
0.000935395
0.00094274
0.000939713
0.000934254
0.000933302
0.000934343
0.000940749
0.000935181
0.000934345
0.00093441
0.000934176
0.00094457
0.000934997
0.00093488
0.000934486
0.000938072
0.00093854
0.000934984
0.000939234
0.000946517
0.000934035
0.000934918
0.00093397
0.000943605
0.000934744
0.00093538
0.000936099
0.000940555
0.000934305
0.000935465
0.000933839
0.000938461
0.000933632
0.000934855
0.000936426
0.00093454
0.000952708
0.000933869
0.000934117
0.00093516
0.000938871
0.000934358
0.000934039
0.000934512
0.000939673
0.000933676
0.000934389
0.000935012
0.0009456
0.000935554
0.000934803
0.000933873
0.000939273
0.000936248
0.000935919
0.000933488
0.000933676
0.000940118
0.00093423
0.000933933
0.00093541
0.000943757
0.000934326
0.000934078
0.000933806
0.000940039
0.000934162
0.000934742
0.000934452
0.000940091
0.00094252
0.000934866
0.000935207
0.000947169
0.000934356
0.000935142
0.000935436
0.000940094
0.000935609
0.000934963
0.000936679
0.000934512
0.000942794
0.00093478
0.000935231
0.000934941
0.000944631
0.000935052
0.000939267
0.00093491
0.000940675
0.000933539
0.000933251
0.000933651
0.000940894
0.00093499
0.000934741
0.000936224
0.000944514
0.000934086
0.000934092
0.000935755
0.000935743
0.000939901
0.000935551
0.000943161
0.000935054
0.000939697
0.000935213
0.000934568
0.000934117
0.000945546
0.000935567
0.000935063
0.000934577
0.000942916
0.000935222
0.000935774
0.000935656
0.00094004
0.000935231
0.000936517
0.000947686
0.000952932
0.000934268
0.000933515
0.000936057
0.000936459
0.000940794
0.000935008
0.000934814
0.000935067
0.000937558
0.000934834
0.000933613
0.000935085
0.000943514
0.00093459
0.000935873
0.00093399
0.000949097
0.000934837
0.000934549
0.000934806
0.000939055
0.000935214
0.000935229
0.000935668
0.000933838
0.000944842
0.000934629
0.000935095
0.000935263
0.000939961
0.000934487
0.000935127
0.000935224
0.00094457
0.000936892
0.000934635
0.000934755
0.000944092
0.000933833
0.000932576
0.000934175
0.000938493
0.000934605
0.000934771
0.000934116
0.000939589
0.000933142
0.000934378
0.000934947
0.000933813
0.000952644
0.000935873
0.000933261
0.000935197
0.000939346
0.000934261
0.000933705
0.000934295
0.000937901
0.000934882
0.000934649
0.000934048
0.000943987
0.000934091
0.000934552
0.000932907
0.000938664
0.000934232
0.000938043
0.000933584
0.000934909
0.000939819
0.000933742
0.000933933
0.000936458
0.000944407
0.000935702
0.00093414
0.000935536
0.000938226
0.000934136
0.000934874
0.000935173
0.000942311
0.0009353
0.000943318
0.000934618
0.000944162
0.000934794
0.000934464
0.00093285
0.000938868
0.000934684
0.000933008
0.000935104
0.000933462
0.00093834
0.000934644
0.000934723
0.000934324
0.000945091
0.000934169
0.0009417
0.000938968
0.000944468
0.000935317
0.000934811
0.000934026
0.000940658
0.000934953
0.00093506
0.000933748
0.000943055
0.000934635
0.000933625
0.000934234
0.000934838
0.000939894
0.000934815
0.000934546
0.000940244
0.000940242
0.000934336
0.000935098
0.000933855
0.000945014
0.000935057
0.000935481
0.000933539
0.000940383
0.000934967
0.00093525
0.000935589
0.000940041
0.000935106
0.00093546
0.000934863
0.000950196
0.0009346
0.000936161
0.000934504
0.000935384
0.000939235
0.00093409
0.000933342
0.000934551
0.000939942
0.000934676
0.000934502
0.000934483
0.000944229
0.000934374
0.000934545
0.000934437
0.000944396
0.000934571
0.000935207
0.000933853
0.000940258
0.000934299
0.000935701
0.000935336
0.000935144
0.000945076
0.000934121
0.000934796
0.000934963
0.000939746
0.000935259
0.000932594
0.000933898
0.000939335
0.000942289
0.000934827
0.000934795
0.000945628
0.000935129
0.000933859
0.000934518
0.000939353
0.000935166
0.000934109
0.000934643
0.000934643
0.000935524
0.000936364
0.000934696
0.000933386
0.000944362
0.00093939
0.000934086
0.000934627
0.000939371
0.000934353
0.000934395
0.000933982
0.000940125
0.000934432
0.000934943
0.000934386
0.000943994
0.000934193
0.000934104
0.000934162
0.000939766
0.000933841
0.000941797
0.000933418
0.000934712
0.000956064
0.000934295
0.00093483
0.000935211
0.000952505
0.000935602
0.000933706
0.000934405
0.000941986
0.000934429
0.000935407
0.000934042
0.000939792
0.000934265
0.000934135
0.000939584
0.000944295
0.000936777
0.000934648
0.00093404
0.000934488
0.000935032
0.000934109
0.000935413
0.000934487
0.000938664
0.000935538
0.000934559
0.000933404
0.000943392
0.000934003
0.000933784
0.000962582
0.000941224
0.00093662
0.000934419
0.000934113
0.000939391
0.000934733
0.000933833
0.000933626
0.000944996
0.000936405
0.000935136
0.000933805
0.000935172
0.000940857
0.000934371
0.0009341
0.000942118
0.000940126
0.000936029
0.000935759
0.00093373
0.000944892
0.000934113
0.000934783
0.000934626
0.000940065
0.000935171
0.000934912
0.000935571
0.000938406
0.000935384
0.000933707
0.000936429
0.000934419
0.000938986
0.000935276
0.000935808
0.000933124
0.000940321
0.00093451
0.00093429
0.000934308
0.000940492
0.000935101
0.000934428
0.00093595
0.000943566
0.00093464
0.000934927
0.000935057
0.00094004
0.000946407
0.000934651
0.000934858
0.000939441
0.000934085
0.000934772
0.000933772
0.000934399
0.000945381
0.000934046
0.000934647
0.000935084
0.000940871
0.000963252
0.00107377
0.000944569
0.000950744
0.000946161
0.000936663
0.0009417
0.00095093
0.000934234
0.000946564
0.000935337
0.000950187
0.000935797
0.000933959
0.00093514
0.000940565
0.000933973
0.000933561
0.000935803
0.000944566
0.000935274
0.000950611
0.000934186
0.000935003
0.000938892
0.000933686
0.000934949
0.00093378
0.000940246
0.00093404
0.00093455
0.00093452
0.000944057
0.000934302
0.000935024
0.00093436
0.000939803
0.000935186
0.000933815
0.000934092
0.000939347
0.000935177
0.000934289
0.000934803
0.000934557
0.000935808
0.000935829
0.000934264
0.000935676
0.000938556
0.000935849
0.000933158
0.00093467
0.000939086
0.000934627
0.000933207
0.000938861
0.000945027
0.00093477
0.000935091
0.00093476
0.000940971
0.000934512
0.000934227
0.000931831
0.00094153
0.000935303
0.000934607
0.000935038
0.000933536
0.0009471
0.000936073
0.000935905
0.000943428
0.000940323
0.000933911
0.000958153
0.000935135
0.000940872
0.0009349
0.000934878
0.000935289
0.000945396
0.000934813
0.00093514
0.000975663
0.000971295
0.000941317
0.000933996
0.000935422
0.000959709
0.000940412
0.000956034
0.000934626
0.000954526
0.000940825
0.000935198
0.000934673
0.000934147
0.000952638
0.000934102
0.000934529
0.000950043
0.000947072
0.000935295
0.000935742
0.000953117
0.00094944
0.000949106
0.000933353
0.000935059
0.000938611
0.000935059
0.000934596
0.000936298
0.000961875
0.000936143
0.000933887
0.000934268
0.000945572
0.000934605
0.000934532
0.000934601
0.0009353
0.000939613
0.000945228
0.000935078
0.000942281
0.00093928
0.000934214
0.000934418
0.000934162
0.000944563
0.00093545
0.000934627
0.00093488
0.000939181
0.000933984
0.000934455
0.000935389
0.000938474
0.000934894
0.000949853
0.000933988
0.000934916
0.000936528
0.000934636
0.000933789
0.000936133
0.000939276
0.000935389
0.000935156
0.000935087
0.000938513
0.000934787
0.000934165
0.000934561
0.000944561
0.00093397
0.000935056
0.000933886
0.00093915
0.000933924
0.000934499
0.000935311
0.000939303
0.000933979
0.000934699
0.000934586
0.000934295
0.000945592
0.000934114
0.000934786
0.000934332
0.000947023
0.000934536
0.000934757
0.000937143
0.000941612
0.000933952
0.000933944
0.000933801
0.000945291
0.000934591
0.000933615
0.000933832
0.000938426
0.000935345
0.000934821
0.000935794
0.000933971
0.000938468
0.000935415
0.00093374
0.000941029
0.000945226
0.000934759
0.00093446
0.000935089
0.00093977
0.000935163
0.000934517
0.000934045
0.000939767
0.000934974
0.00093384
0.000934736
0.000945313
0.000933922
0.000935514
0.000936524
0.000939562
0.000943268
0.000934933
0.0009354
0.000934483
0.00093837
0.000934648
0.000933907
0.000934798
0.000950805
0.000934914
0.00093383
0.000935082
0.000939407
0.000934138
0.000934507
0.000935415
0.00093886
0.000940014
0.000935191
0.00093446
0.000945173
0.000934307
0.000934863
0.000934076
0.000934502
0.00093914
0.00093432
0.000934742
0.000934772
0.000939781
0.000933563
0.000933991
0.000934521
0.000944927
0.000942806
0.000934484
0.000934688
0.000940153
0.000934882
0.00093307
0.000934347
0.000940478
0.000935428
0.000935481
0.000934075
0.000945565
0.000934411
0.000934969
0.000933428
0.000933982
0.000940927
0.000934741
0.000957286
0.000933984
0.000939905
0.00093417
0.000934758
0.000934428
0.00094662
0.000934554
0.000934498
0.000935107
0.000940226
0.000934224
0.000933114
0.000934036
0.000939077
0.000934429
0.000935295
0.000942687
0.000934213
0.000944257
0.000934255
0.000932932
0.000936041
0.000939333
0.000934746
0.00093501
0.000935225
0.000939367
0.00093396
0.00093432
0.000935401
0.00094386
0.000935064
0.00093435
0.000939556
0.000939182
0.000934146
0.000934664
0.000934684
0.000939866
0.000943431
0.000934565
0.000934487
0.000934666
0.000956515
0.000933892
0.000934984
0.000935512
0.000951344
0.000935717
0.000933501
0.000935288
0.000949297
0.000935535
0.000934703
0.000935716
0.000943486
0.000934536
0.000935602
0.000934074
0.000938847
0.000935283
0.00094416
0.000936
0.000934369
0.000936687
0.000934364
0.000934916
0.000934683
0.000948522
0.000934244
0.000935157
0.000934949
0.000939776
0.000936274
0.000935493
0.000935586
0.000940777
0.000934459
0.000934343
0.000934001
0.000944962
0.000935438
0.000935268
0.00093452
0.000938614
0.000942692
0.000933702
0.000935679
0.000934693
0.000937906
0.000934956
0.000934756
0.000934106
0.000945178
0.000934379
0.000933917
0.000934945
0.000939548
0.000935126
0.000934108
0.000934219
0.000939185
0.000934282
0.000938387
0.000935464
0.000945301
0.00093431
0.00093489
0.00093538
0.000935462
0.000935101
0.000934476
0.00093474
0.000934496
0.00094009
0.000935186
0.000935266
