0.000679206
0.000686326
0.000680906
0.000683155
0.000717541
0.000685083
0.000688793
0.000682036
0.000814289
0.000829041
0.000333765
0.000282911
0.000281652
0.000281704
0.000283235
0.000281646
0.00028258
0.000281799
0.000282665
0.000281636
0.000282104
0.000302841
0.000306453
0.000282564
0.000281195
0.000280966
0.000281341
0.000281446
0.000281695
0.000281006
0.000281543
0.000281476
0.000281657
0.000280723
0.00028144
0.000281591
0.000291857
0.000281564
0.000281707
0.000281163
0.000281363
0.000281609
0.000281674
0.000281259
0.000281738
0.000280995
0.000281371
0.000281534
0.000281318
0.000309358
0.000283701
0.000281766
0.000282045
0.000282146
0.000281366
0.000281094
0.000281766
0.000282479
0.000281869
0.000281709
0.000281833
0.000280794
0.000281851
0.000293083
0.000281566
0.000297473
0.000299133
0.0003841
0.000398755
0.000408797
0.000406693
0.000404943
0.000343538
0.00029162
0.000307129
0.000282625
0.000402308
0.000282173
0.000281683
0.000281879
0.000282107
0.000281927
0.000282247
0.000281748
0.000281943
0.000282029
0.000281094
0.00029593
0.000282649
0.000280722
0.00028184
0.000281918
0.000282123
0.000282012
0.000281487
0.000281217
0.000281229
0.000281132
0.000281451
0.00028135
0.00028089
0.00030055
0.000282893
0.000281938
0.000281089
0.000281354
0.000281115
0.000281717
0.000299906
0.000281425
0.000281208
0.000281135
0.000281352
0.000281727
0.000292741
0.000282771
0.000281192
0.000281321
0.000281398
0.000281422
0.000281136
0.000281201
0.000281239
0.000281438
0.0002818
0.000281653
0.000281043
0.000281625
0.000298773
0.000282676
0.000282117
0.000281651
0.000286586
0.000282313
0.000282328
0.000281583
0.00028136
0.000281557
0.000281433
0.000280646
0.000281536
0.000291401
0.000283129
0.000282436
0.000284946
0.000281471
0.000281628
0.000280941
0.000281956
0.000281385
0.000281371
0.000281593
0.000282157
0.000282423
0.000281638
0.000290831
0.000282027
0.000281327
0.000281215
0.000281394
0.000281527
0.000281121
0.000282147
0.000281504
0.000282168
0.000281267
0.000281126
0.00028197
0.000281588
0.000290235
0.000281809
0.000282014
0.000281373
0.000281516
0.000281693
0.000282061
0.00028094
0.000282583
0.000281262
0.000281708
0.000281212
0.000282502
0.00028099
0.000282015
0.00028174
0.000282106
0.000282456
0.000281269
0.000280876
0.00030571
0.000281577
0.000281709
0.000281675
0.000281902
0.000281333
0.000281835
0.000286279
0.000281801
0.000281705
0.000282356
0.000281111
0.000281291
0.000282119
0.00028213
0.000281739
0.000281668
0.000281514
0.00028166
0.000282109
0.000281414
0.000290266
0.000282089
0.000282062
0.000280747
0.000281555
0.000281285
0.000281588
0.000281529
0.000281906
0.00028092
0.000282149
0.000281248
0.000281576
0.000281258
0.000281356
0.00028216
0.000281132
0.000281055
0.00028193
0.000281407
0.000281764
0.000308852
0.000281831
0.000329594
0.000291097
0.000305924
0.000282777
0.000288288
0.000281768
0.000282424
0.000282593
0.000280982
0.000281251
0.00028167
0.000281592
0.000285262
0.000282207
0.000281651
0.00028135
0.000281094
0.000291344
0.00028234
0.000281654
0.000281545
0.000281239
0.000281416
0.000281651
0.000281957
0.000281449
0.000282285
0.000281271
0.000281903
0.000281761
0.000281612
0.000285969
0.000281792
0.000282033
0.000280924
0.000281781
0.00028152
0.000281919
0.000281998
0.000281181
0.000281307
0.000281883
0.000281514
0.000281388
0.000281963
0.000285934
0.000281541
0.000281435
0.00028143
0.000281379
0.00028169
0.000281112
0.000280894
0.000281575
0.000282325
0.000281099
0.000281738
0.000281964
0.000289409
0.000282188
0.000281374
0.000281696
0.000281595
0.000282207
0.00028535
0.000281919
0.000282499
0.000282148
0.00028084
0.000289569
0.000281445
0.000281373
0.000348447
0.000282646
0.000281323
0.000281287
0.000281652
0.0002816
0.000281632
0.000281757
0.000281525
0.000281736
0.000281693
0.000281362
0.000282293
0.000281682
0.000292444
0.000281676
0.000281772
0.000281492
0.000281956
0.000282396
0.000281875
0.000282002
0.000282193
0.00028172
0.000281848
0.000281704
0.00028113
0.000293679
0.000281321
0.000281944
0.000281987
0.000281428
0.000281276
0.000282033
0.000282137
0.000282351
0.000281865
0.000281669
0.000281499
0.000282015
0.000282531
0.00028645
0.000282108
0.000281179
0.000280989
0.000282022
0.000281557
0.000281173
0.000281392
0.000281857
0.000281145
0.000281511
0.000281743
0.000286141
0.000286237
0.000282024
0.000281016
0.000281464
0.000281238
0.000281915
0.000282255
0.000281714
0.000281895
0.000282133
0.000281604
0.00028168
0.000281507
0.000281482
0.000290445
0.000282297
0.000282172
0.000282214
0.000281935
0.000285552
0.000281386
0.000281406
0.000281951
0.00028164
0.000281684
0.00028184
0.000281355
0.000281238
0.000291176
0.000282116
0.000281851
0.000281456
0.000281831
0.000281324
0.000281364
0.000281329
0.000281278
0.000281653
0.000281923
0.000281664
0.00028156
0.000281648
0.000285428
0.000281881
0.000281688
0.000281393
0.000282262
0.000281143
0.000281487
0.00028109
0.000281554
0.000282392
0.000281224
0.000281285
0.000281873
0.00028983
0.0002895
0.000282146
0.000282051
0.000282205
0.0002821
0.000281293
0.000281588
0.000282074
0.000281125
0.0002812
0.000281172
0.000281831
0.000281704
0.000286145
0.000282332
0.000280903
0.000281528
0.000281091
0.000281363
0.000281575
0.000281465
0.000281176
0.000281172
0.000281977
0.000281881
0.00028221
0.000282011
0.000285433
0.000281479
0.00028161
0.000281651
0.000281367
0.000281546
0.000281898
0.000281416
0.000281519
0.000281828
0.00028129
0.000281508
0.000282294
0.000289212
0.000281777
0.00028252
0.000281379
0.000281715
0.000281435
0.000281389
0.000281106
0.000281637
0.000281786
0.000282155
0.000281935
0.000281728
0.000281231
0.000285554
0.000281952
0.000281615
0.000285924
0.000282096
0.00028128
0.000281687
0.000281757
0.000280911
0.000281604
0.000281527
0.000281204
0.000281252
0.000281533
0.000285844
0.000281124
0.000281917
0.000282335
0.000281897
0.000282247
0.000282168
0.000282282
0.000281864
0.000281343
0.000284926
0.000282093
0.000281905
0.00029288
0.000281854
0.000281264
0.000281442
0.000281686
0.000281462
0.000280776
0.0002808
0.000280817
0.000281283
0.000282105
0.000282003
0.0002815
0.000281029
0.000285467
0.000281768
0.000281049
0.00028142
0.000281214
0.000280898
0.000280913
0.000281836
0.0002814
0.00028173
0.000281418
0.000281625
0.000281222
0.000281373
0.000285245
0.000281247
0.000281793
0.000281156
0.000288889
0.000281707
0.000281163
0.000281385
0.000280999
0.000281262
0.000281372
0.000281536
0.000281283
0.000289247
0.000281958
0.000281635
0.000281514
0.000280751
0.000281826
0.000281634
0.00028189
0.000281904
0.000281294
0.000281153
0.000281048
0.000281351
0.000281641
0.000285307
0.000281933
0.000280799
0.000281588
0.000281378
0.000281567
0.000281335
0.000280926
0.000280956
0.000281659
0.000281865
0.000280892
0.000281372
0.000281921
0.000285548
0.000282153
0.000281237
0.000281735
0.000281391
0.000281872
0.00028188
0.000281858
0.000281314
0.000281021
0.00028121
0.000281619
0.000280807
0.00028133
0.000289984
0.000281016
0.000281318
0.00028098
0.000281687
0.000281353
0.000285773
0.000282321
0.000281692
0.000281212
0.000281752
0.000281208
0.000281629
0.000285865
0.00028127
0.000281221
0.000281568
0.000280636
0.000280915
0.000281179
0.00028139
0.000281084
0.00028219
0.000281002
0.000280884
0.000281123
0.000281412
0.000285036
0.000282808
0.000281185
0.000280952
0.000281872
0.000282016
0.000281452
0.000281222
0.000281524
0.000281762
0.000281522
0.000280989
0.000281545
0.000282039
0.000289229
0.00028201
0.000281442
0.000281384
0.000282239
0.0002812
0.000281554
0.000281379
0.000282097
0.000281836
0.000281964
0.000281276
0.000282378
0.000284979
0.000281239
0.000281267
0.000281623
0.0002816
0.000281759
0.000281543
0.000281153
0.000281917
0.00028867
0.000281445
0.000281461
0.000281273
0.00028178
0.000288637
0.000281102
0.000319773
0.000281475
0.000281783
0.000281675
0.000281868
0.000281491
0.000281893
0.000282189
0.000281351
0.00028149
0.000281497
0.000282511
0.000294075
0.000281819
0.000281982
0.0002819
0.000281567
0.000281249
0.000281614
0.000281537
0.000281436
0.000281618
0.000281985
0.000281889
0.000281325
0.000290016
0.000282541
0.000281992
0.00028179
0.000281202
0.00028131
0.000281557
0.000281531
0.000281618
0.000281063
0.000281545
0.000281142
0.000281883
0.00028141
0.00028998
0.000282514
0.000281832
0.000281653
0.000281657
0.000281426
0.000281848
0.000281916
0.000281317
0.00028093
0.000281644
0.000290247
0.000281905
0.000281051
0.000290015
0.000282324
0.000280574
0.000281572
0.000281485
0.000281476
0.000281615
0.000281371
0.000281774
0.000281315
0.000281846
0.000281809
0.000281952
0.000285819
0.000281785
0.000281512
0.000281911
0.000281452
0.00028141
0.000281456
0.000281512
0.000281548
0.000281713
0.000281272
0.0002822
0.000282002
0.000281094
0.000288967
0.000281667
0.000281597
0.000281672
0.000281897
0.000281242
0.000281224
0.000281237
0.000281828
0.000281491
0.000281924
0.000281392
0.000281457
0.000281707
0.000294642
0.000281512
0.000281575
0.000282113
0.000281822
0.000282051
0.000281899
0.000281655
0.000281629
0.000281735
0.000281681
0.000281428
0.000291443
0.000290217
0.000281977
0.000281681
0.000281115
0.000280859
0.000281296
0.000285265
0.000281849
0.00028125
0.000281245
0.000281705
0.000281977
0.000281689
0.000281417
0.000291117
0.000281941
0.00028172
0.000281987
0.000281887
0.000281742
0.000281435
0.000281863
0.000282265
0.000281593
0.000281834
0.00028133
0.000281614
0.000282304
0.000289952
0.000282189
0.000281258
0.000281271
0.000281689
0.000281741
0.000281354
0.000281584
0.000281156
0.000281729
0.000282505
0.000281621
0.00028134
0.000285778
0.000281634
0.000282034
0.00028224
0.000282068
0.000281473
0.000281164
0.000281736
0.000281479
0.000281448
0.00028212
0.000281665
0.000281309
0.000281674
0.000285942
0.000288379
0.000282329
0.000282041
0.000281178
0.000281811
0.000281337
0.000281847
0.000281873
0.000281623
0.000281721
0.000281728
0.000281345
0.000282098
0.000289343
0.000281592
0.000281662
0.000282481
0.000281682
0.000281865
0.000282069
0.000281557
0.000281126
0.000281562
0.000281366
0.000282629
0.000281615
0.000286557
0.000281778
0.000281833
0.000281434
0.000281366
0.000281552
0.000284727
0.00028129
0.000281555
0.000281168
0.000281981
0.00028189
0.000281964
0.000281019
0.000289906
0.000281522
0.000281801
0.000281954
0.000281444
0.000281386
0.000281826
0.000281949
0.00028195
0.000282429
0.000281112
0.000281865
0.000281391
0.000281885
0.000289664
0.000282045
0.000282805
0.000288834
0.000281845
0.000285219
0.000282108
0.000281644
0.00028176
0.000281722
0.000281351
0.000281817
0.000281091
0.000292972
0.000281908
0.000281501
0.000281619
0.000281478
0.000281779
0.0002816
0.000281409
0.000282046
0.000281681
0.000281254
0.000281477
0.000281364
0.000281626
0.000289767
0.000281922
0.00028129
0.000281352
0.000281976
0.000282078
0.000281774
0.000281102
0.000281951
0.000281783
0.000280891
0.000281386
0.000281497
0.000281133
0.00028983
0.00028251
0.000281689
0.000281779
0.000281773
0.000281215
0.00028153
0.000281249
0.000281612
0.000281617
0.000281481
0.000282582
0.000281475
0.000285677
0.000281905
0.000281778
0.000281888
0.00028171
0.000289717
0.000281454
0.000281338
0.000281408
0.000282117
0.000282031
0.000281969
0.000282181
0.000281966
0.000285564
0.00028196
0.000282077
0.000282365
0.000282367
0.000281314
0.000282295
0.000281964
0.000281911
0.000281495
0.000281642
0.000282039
0.000281689
0.000282073
0.000290348
0.000282653
0.000281887
0.000281278
0.000281744
0.00028202
0.00028139
0.00028154
0.000281705
0.000281901
0.000281687
0.000281961
0.00028201
0.00028485
0.000287987
0.00028184
0.0002823
0.000281716
0.000281704
0.000281306
0.00028172
0.00028227
0.000281425
0.000281607
0.000281737
0.000281687
0.000281448
0.000286226
0.000281901
0.000281261
0.0002819
0.00028149
0.000281187
0.000282527
0.00028558
0.000282628
0.000281863
0.000282371
0.000282045
0.000281446
0.000281665
0.000290871
0.000282009
0.000282372
0.000281763
0.000322164
0.000282609
0.000282082
0.000281317
0.000281531
0.000281999
0.000281727
