0.00144842
0.00145841
0.000993855
0.000727069
0.000606549
0.000688007
0.000786936
0.000660061
0.000603721
0.000609395
0.000604662
0.000605377
0.00060396
0.000604207
0.000619768
0.000604717
0.00062388
0.000613158
0.000604391
0.000603887
0.000620475
0.000604809
0.000603549
0.000603992
0.000604637
0.000657122
0.000619597
0.000604505
0.000604245
0.000652329
0.000743805
0.000681655
0.000632365
0.000613583
0.0007779
0.000939253
0.000640929
0.000627839
0.000627039
0.000775336
0.000792033
0.000656227
0.000604021
0.000623078
0.000604744
0.000603978
0.000603541
0.000616941
0.00061286
0.000607497
0.000616595
0.000604453
0.000605425
0.000604261
0.000603498
0.000603157
0.000621901
0.000623701
0.000603515
0.000604755
0.000604921
0.000603954
0.000614138
0.000604499
0.000616828
0.000611908
0.0006041
0.000603476
0.000602958
0.000611089
0.000603807
0.000604084
0.000603829
0.000603436
0.000603597
0.000613951
0.000607448
0.000603844
0.000604617
0.000603851
0.000604376
0.000615023
0.000618453
0.000603569
0.000602775
0.00060433
0.000604048
0.000603819
0.000609523
0.000604048
0.000604088
0.000603646
0.000603936
0.000604336
0.000603625
0.000613473
0.000604519
0.000603903
0.000614294
0.000611673
0.000603608
0.000609474
0.000603493
0.000616511
0.000604036
0.000604139
0.000603944
0.000608266
0.000603496
0.000603641
0.000603296
0.000603875
0.000649815
0.000723551
0.000640138
0.00061212
0.000604846
0.000603268
0.000603681
0.000603703
0.000609645
0.000602962
0.000603162
0.000603157
0.000604499
0.000603337
0.000698748
0.000603851
0.000603543
0.000605906
0.000603392
0.000619424
0.000612614
0.000615305
0.000604277
0.00060369
0.000613448
0.000605289
0.000603994
0.00060898
0.000603726
0.000603534
0.00061274
0.000603251
0.000603715
0.000617127
0.00060357
0.000603729
0.000613445
0.000612997
0.000604193
0.000608381
0.000614302
0.0006044
0.000604295
0.000607503
0.000603969
0.000604148
0.000608232
0.000603694
0.00060406
0.000603426
0.000602768
0.000603384
0.000604969
0.000622008
0.00061129
0.0006036
0.000603693
0.00060352
0.000603213
0.000613875
0.000604005
0.00060414
0.000603118
0.000603336
0.000602817
0.000603388
0.000608826
0.000602656
0.000603692
0.000603033
0.000618602
0.000612214
0.000609725
0.000604906
0.000603569
0.000604238
0.000603626
0.000604064
0.000615941
0.000618804
0.000603985
0.00064608
0.000604009
0.00060503
0.000604538
0.000609185
0.000604512
0.000616206
0.000612645
0.000604013
0.000603342
0.000609147
0.000603959
0.000603512
0.000603474
0.000603708
0.000603716
0.000608097
0.000613838
0.000604088
0.000603952
0.000603702
0.000604538
0.000603325
0.000620569
0.000612027
0.000605511
0.000603757
0.000604757
0.000603179
0.000609258
0.000604
0.000603274
0.000605674
0.000604176
0.000604623
0.000604262
0.000613358
0.000604383
0.000604144
0.000603781
0.000615532
0.000612465
0.000612561
0.00060449
0.00060398
0.000603389
0.000603636
0.000603552
0.000603461
0.000609353
0.000602838
0.000603821
0.00060359
0.000603677
0.000603399
0.000613533
0.000604653
0.000615629
0.000612571
0.000604081
0.000604203
0.000603689
0.000608642
0.0006042
0.000604447
0.000603944
0.000603706
0.000604664
0.000607929
0.000607241
0.0006035
0.000603559
0.000603983
0.000603932
0.000624856
0.000613994
0.00060339
0.000603317
0.000603168
0.000603397
0.00060429
0.000609279
0.00060515
0.000604797
0.000603339
0.000602935
0.000603283
0.000607606
0.000603494
0.000603904
0.000603451
0.000614508
0.000612211
0.000604202
0.000614642
0.000607185
0.000603566
0.000604012
0.000603542
0.000604673
0.000608791
0.000603327
0.000603549
0.000605047
0.00060427
0.000604423
0.000603339
0.000608589
0.000614678
0.000613144
0.000608452
0.000604009
0.000604096
0.000617481
0.000604304
0.000602719
0.000603742
0.000603143
0.000603245
0.000608011
0.000603911
0.000603641
0.000607453
0.00060394
0.000602399
0.000615725
0.000617541
0.000603977
0.000602985
0.000603776
0.000603276
0.000603774
0.000613611
0.00060416
0.000604372
0.000602749
0.000603723
0.000603362
0.000604496
0.00060857
0.000603365
0.000603582
0.000614978
0.000612675
0.000605121
0.000609494
0.000603259
0.00060327
0.000603368
0.000607821
0.00060364
0.00060414
0.000613329
0.000604646
0.000602547
0.000603342
0.000603443
0.000632388
0.000617321
0.000616404
0.000612309
0.00060445
0.000617421
0.000603568
0.000608863
0.00060429
0.000603876
0.000603725
0.000604125
0.000604125
0.000604839
0.000612601
0.000603766
0.000604052
0.000603496
0.000606429
0.0006156
0.000617673
0.000618128
0.000603584
0.000604425
0.000604213
0.00060346
0.000604183
0.000608563
0.000604007
0.000604088
0.000604031
0.000602976
0.000616664
0.000614375
0.000604333
0.000603847
0.000615011
0.000612481
0.000603642
0.000608256
0.000603395
0.000604272
0.000603608
0.000617366
0.000604659
0.000606107
0.000610757
0.000602898
0.000603761
0.00060323
0.000604354
0.000604053
0.000613206
0.000617152
0.000613069
0.000603935
0.000603361
0.00060389
0.000603642
0.00060983
0.000604141
0.000604477
0.000603732
0.000604051
0.000603919
0.000608011
0.000603291
0.000631442
0.000604102
0.000604069
0.000615756
0.000613474
0.000604599
0.000603336
0.000604009
0.00060385
0.000603461
0.000603775
0.000617668
0.000603922
0.000603354
0.000625045
0.000603781
0.00060335
0.000609004
0.000603734
0.000604657
0.000616128
0.000611091
0.000603409
0.000603934
0.000615818
0.000603534
0.000603286
0.000602793
0.000603048
0.000603332
0.000608095
0.000606275
0.000603366
0.000603234
0.000602876
0.000603291
0.000602608
0.000618406
0.000611981
0.000603598
0.00060318
0.000603602
0.000603485
0.000614426
0.000604787
0.000603464
0.000603552
0.000603634
0.000604281
0.000623551
0.000603886
0.000604155
0.000604051
0.000603791
0.000614769
0.000612622
0.000609208
0.000603698
0.000607121
0.00060471
0.000603336
0.000604334
0.000613391
0.00060421
0.000604286
0.000604183
0.000603735
0.000603896
0.000603244
0.000608868
0.000604404
0.000614288
0.000611846
0.000604063
0.000603603
0.000612882
0.000604867
0.000603892
0.000603266
0.000603867
0.000603773
0.000604233
0.000613406
0.000603392
0.000606172
0.000602732
0.000603341
0.000603399
0.000621056
0.000612663
0.00060427
0.000604513
0.000603598
0.00060408
0.000609203
0.000604231
0.000602981
0.000604541
0.000634998
0.000604328
0.000603389
0.000613699
0.000617883
0.000603552
0.000603634
0.0006149
0.000611214
0.000609536
0.000603854
0.000603934
0.000602839
0.000607085
0.000603006
0.000604016
0.000608124
0.000604184
0.000603499
0.000603368
0.000603052
0.000604352
0.000613629
0.000604646
0.000615325
0.000611594
0.000604117
0.000603516
0.000604034
0.000604346
0.000604453
0.000603429
0.00060417
0.000604201
0.00060364
0.000607206
0.000603749
0.000603481
0.000604612
0.000604307
0.000607503
0.000624444
0.000612132
0.000603499
0.000604844
0.000603871
0.000603709
0.000603763
0.000608379
0.000604033
0.000604009
0.000604313
0.000604041
0.000602198
0.000608872
0.000603553
0.000603311
0.000604306
0.000613796
0.000612723
0.000604987
0.000614956
0.000604099
0.000604022
0.000603398
0.000603449
0.000606543
0.000608315
0.00060409
0.000604048
0.00060331
0.00060381
0.000603279
0.000604248
0.000608117
0.000614362
0.000612557
0.000604756
0.00060356
0.000604821
0.000614788
0.000603808
0.000603568
0.000603503
0.000603562
0.000603676
0.000610468
0.000604082
0.000603436
0.000605782
0.000603884
0.000603709
0.000614018
0.000620291
0.000604458
0.000604263
0.00060375
0.000603473
0.000603681
0.000612759
0.000603503
0.000604378
0.000604622
0.000604443
0.000603124
0.000603276
0.000607852
0.000604273
0.00060425
0.000614743
0.000611285
0.000604242
0.00060976
0.000607915
0.000603809
0.000604731
0.000603697
0.000603491
0.000604662
0.000616816
0.000606926
0.00060418
0.0006049
0.00060296
0.000603336
0.000613473
0.000615763
0.000611325
0.000603104
0.000603495
0.000602519
0.000609439
0.00060367
0.000603298
0.000603306
0.00060342
0.000603429
0.000604794
0.00061335
0.000604184
0.000602999
0.000603211
0.000603089
0.000614255
0.00061643
0.000604309
0.000606809
0.000603663
0.000603877
0.000604348
0.000605125
0.000608788
0.000603616
0.000604304
0.000603249
0.000604306
0.000602677
0.000612862
0.0006034
0.000603963
0.000614438
0.000611885
0.000603159
0.000604722
0.000643789
0.000604195
0.000602411
0.000604453
0.000603447
0.00061757
0.00060857
0.000603635
0.000604341
0.000605542
0.000603373
0.000604049
0.000614177
0.000616394
0.000611784
0.0006035
0.000604282
0.000603609
0.000603342
0.000608156
0.000603979
0.000603884
0.000603571
0.00060375
0.000603926
0.000607769
0.000603316
0.000603599
0.00060405
0.000603875
0.000613978
0.000612055
0.000614401
0.000604624
0.000603014
0.000603743
0.000603647
0.000603966
0.000608768
0.00060402
0.000604062
0.000603608
0.000603432
0.000604951
0.000602904
0.000608638
0.000603925
0.00061546
0.000612286
0.000604423
0.000603859
0.000614547
0.000603911
0.00060416
0.000603747
0.000604508
0.000604018
0.000607946
0.000604633
0.000603766
0.000602949
0.000604401
0.000607238
0.000603689
0.000619788
0.000612187
0.000603189
0.00060455
0.000604214
0.000603778
0.000615374
0.000603624
0.000603625
0.000602767
0.000603276
0.00060396
0.000603955
0.00060805
0.000604039
0.000604148
0.000603262
0.000614304
0.000612611
0.000608423
0.000603754
0.000603966
0.000603455
0.000604871
0.000604049
0.000607812
0.000613371
0.000604581
0.00060333
0.000603851
0.000604138
0.000603638
0.000607581
0.000604259
0.000615187
0.000612017
0.000604632
0.000604201
0.000608805
0.000603882
0.000603225
0.000603563
0.000604402
0.000603145
0.000603988
0.000612979
0.000603918
0.000604029
0.000611256
0.000604358
0.000603233
0.000628388
0.000613447
0.000604397
0.000603862
0.000604036
0.00060352
0.000603147
0.000608916
0.000603577
0.000604005
0.000603781
0.000604154
0.000603622
0.00061485
0.000609856
0.000603908
0.000603817
0.000614796
0.000612001
0.000608325
0.000609776
0.000603643
0.000604334
0.000603363
0.000619001
0.000604437
0.00060862
0.000607865
0.000603551
0.000604699
0.000603515
0.000602601
0.000616587
0.000605073
0.000621373
0.000612289
0.000603764
0.000604247
0.000603557
0.000610045
0.000603518
0.000608124
0.000603417
0.000604335
0.000603871
0.000609488
0.000603491
0.000615424
0.000603908
0.000603475
0.000636724
0.00061574
0.000623222
0.000605497
0.00062306
0.000603905
0.000603308
0.000604169
0.000617853
0.000605004
0.000608583
0.00060375
0.000604688
0.000603527
0.000609177
0.00060319
0.000610766
0.000604191
0.000616067
0.000613975
0.000604201
0.000614669
0.000603809
0.000608246
0.000604545
0.000604089
0.000603631
0.000608864
0.000609413
0.000603324
0.00060759
0.00060345
0.000604604
0.00060385
0.000613437
0.000615193
0.000613112
0.00060401
0.000604187
0.000603355
0.000615122
0.000603357
0.000608501
0.000603846
0.000603694
0.000603983
0.000607629
0.00060359
0.000603719
0.000609927
0.000603475
0.000604069
0.000615627
0.000616865
0.00060877
0.000604802
0.000604058
0.000639593
0.000604615
0.000614871
0.000603965
0.000603818
0.000604087
0.000604147
0.000604712
0.000603557
0.00060937
0.000608237
0.000603832
0.000616208
0.000612254
0.000604367
0.000614528
0.000604031
0.000604192
0.000604423
0.000604145
0.00061724
0.000845808
0.000619347
0.000604253
0.000604243
0.00060313
0.000612882
0.000613128
0.000619103
0.000612193
0.000605289
0.000604452
0.000604454
0.000603225
0.00061536
0.000604044
0.000603291
0.000604177
0.000642834
0.000618943
0.000615364
0.000604237
0.000610629
0.000661678
0.0006065
0.000625511
0.000639111
0.000658103
0.000605294
0.000604438
0.000607503
0.000609222
0.000617208
0.000623936
0.000603972
0.000603651
0.000604591
0.000607846
0.000604643
0.00062317
0.000630466
0.000612044
0.000605768
0.000604111
0.000610255
0.000615394
0.000605203
0.000603734
0.000603136
0.000647
0.000603736
0.000603847
0.000612531
0.000604006
0.000603463
0.00060401
0.000604968
0.000616602
0.000636451
0.000604185
0.000603585
0.000604145
0.000603338
0.00060277
0.000608997
0.000608879
0.000603809
0.000604974
0.000604261
0.000608772
0.000605639
0.000608355
0.000604065
0.000604159
0.000619134
0.000612462
0.000604221
0.000614023
0.000603557
