0.00205998
0.00168515
0.00170638
0.00132632
0.00107745
0.00107654
0.00108871
0.00107802
0.00107679
0.00107683
0.00115427
0.00157085
0.00107712
0.00109731
0.00110975
0.00109688
0.00125182
0.0014386
0.00111647
0.00111709
0.00118047
0.00107817
0.00107636
0.00109571
0.00109766
0.00107709
0.00107715
0.00108762
0.00107692
0.00107714
0.00108668
0.00107786
0.00107702
0.00107738
0.00109395
0.00107803
0.00107692
0.00107752
0.00108792
0.00107737
0.00107651
0.00108664
0.00107693
0.00107565
0.00107578
0.00111017
0.00107624
0.00107536
0.00107648
0.00111168
0.00107617
0.00107815
0.00108323
0.00107733
0.00107711
0.00107603
0.00108626
0.00110041
0.00107765
0.00108997
0.00108662
0.00107671
0.00107656
0.00108233
0.00108087
0.00107609
0.00107658
0.00108702
0.00107667
0.00107556
0.00108196
0.00107603
0.00115557
0.00112531
0.00108601
0.0010758
0.00107612
0.00108782
0.00108997
0.00107992
0.00107669
0.00108938
0.00107653
0.00107771
0.00107659
0.00108118
0.00107589
0.00107741
0.00108728
0.00107539
0.00107674
0.0010769
0.00108214
0.00107623
0.00108527
0.00107642
0.00108192
0.00107843
0.00107624
0.00108719
0.00107704
0.0010778
0.00107689
0.00108311
0.00107662
0.00107638
0.00108243
0.00107628
0.00107774
0.00108186
0.00108744
0.00107733
0.00107724
0.00107722
0.00108229
0.00107664
0.00107741
0.0010818
0.00107696
0.00107653
0.00107571
0.00108691
0.00107661
0.00107606
0.00108412
0.00108256
0.00107646
0.00107682
0.00108071
0.00107619
0.00107785
0.00107603
0.0010863
0.0010769
0.00107737
0.00108197
0.00107652
0.0010767
0.00109945
0.00108606
0.00107637
0.00107669
0.00107579
0.00108713
0.00107572
0.00107676
0.00108162
0.00107632
0.00107516
0.00107661
0.00110376
0.0010748
0.00107701
0.00108704
0.00109227
0.00107537
0.00107647
0.00108144
0.00107595
0.00107679
0.00107657
0.0010846
0.0010761
0.00107516
0.00108734
0.00107664
0.00107575
0.00107683
0.00108241
0.00107942
0.00112954
0.00107645
0.00108767
0.00107661
0.00107728
0.00108593
0.0010765
0.00107676
0.00107674
0.00108222
0.00107741
0.0010766
0.0010784
0.00108017
0.00108128
0.001077
0.00108619
0.0010772
0.00107776
0.00107685
0.00108074
0.00107621
0.00107536
0.00108044
0.00107525
0.00107627
0.00107538
0.00108635
0.00107585
0.00108013
0.00107662
0.00108004
0.00107544
0.00107653
0.00108092
0.0010756
0.00107606
0.00107753
0.00108627
0.00107628
0.00107747
0.00107682
0.00108086
0.00107625
0.00107988
0.00108274
0.00107755
0.00107555
0.0010768
0.00108474
0.00107597
0.00107844
0.00107496
0.00108128
0.00107603
0.00107726
0.00108126
0.00107805
0.00107691
0.00107975
0.001086
0.00107671
0.00107526
0.00108141
0.00107567
0.00107538
0.0010767
0.00108154
0.00107631
0.00107684
0.00107585
0.00108494
0.00107697
0.00109625
0.00108553
0.00107634
0.00107716
0.00107578
0.00108083
0.00107794
0.00107698
0.00107625
0.00108711
0.00107553
0.00107549
0.00108122
0.00107797
0.00107687
0.00107636
0.00108595
0.0010769
0.00107634
0.00108397
0.00108021
0.00107641
0.00107552
0.00108636
0.00107578
0.00107676
0.00107684
0.00108115
0.00107584
0.00107588
0.00108623
0.00107999
0.00107717
0.00107596
0.00108234
0.00107676
0.00107687
0.00107645
0.00108135
0.00107559
0.00107565
0.00108618
0.00107639
0.00107658
0.00109202
0.00110252
0.00107955
0.0010765
0.00107758
0.00107679
0.00107666
0.00107668
0.00108678
0.00107631
0.00107558
0.00107727
0.00108146
0.00107598
0.00107614
0.00108071
0.00107593
0.00108051
0.00107596
0.00110076
0.00109411
0.00107644
0.00107578
0.00108212
0.00107655
0.00107689
0.00108152
0.00107579
0.00107668
0.00107531
0.00109396
0.00107593
0.00108059
0.00107578
0.00108123
0.00107654
0.0010757
0.00107993
0.00107718
0.00107677
0.00107554
0.00108774
0.00107708
0.00107591
0.00108146
0.00108313
0.00107635
0.00107986
0.00108151
0.00109456
0.00107538
0.00108645
0.00108759
0.00107585
0.0010769
0.00108216
0.00107686
0.00107604
0.00107549
0.00108118
0.00107609
0.00107717
0.0010807
0.00108569
0.00107622
0.00107735
0.00108092
0.00107512
0.00112758
0.00107771
0.0010898
0.00107783
0.00107904
0.00108672
0.0010781
0.00107736
0.00107636
0.00108554
0.00107671
0.00107692
0.00107645
0.00108244
0.00107716
0.00107691
0.00108699
0.00107821
0.00107668
0.00107704
0.00108165
0.00107836
0.00107734
0.00107739
0.00108476
0.0010773
0.00107657
0.00108628
0.00107668
0.00107628
0.00107653
0.00108116
0.0010762
0.00107732
0.001081
0.00107715
0.00107677
0.0010763
0.00108793
0.00108166
0.00107718
0.00107721
0.00108209
0.00107723
0.00107712
0.00108245
0.00107766
0.00107732
0.00107779
0.00108778
0.00107723
0.00107803
0.00107656
0.0010819
0.00108087
0.00107624
0.00108144
0.00107678
0.00107733
0.00107691
0.00108665
0.00107584
0.0010769
0.00107694
0.00107764
0.00107694
0.00107734
0.00108131
0.00107739
0.00107643
0.00108203
0.00108728
0.00107707
0.00107613
0.00110169
0.00107725
0.00108705
0.00107682
0.00108167
0.00107723
0.00107626
0.00107718
0.00108685
0.00107724
0.00107697
0.00108555
0.00107727
0.0010763
0.00107803
0.00108078
0.00107778
0.0010761
0.00107837
0.00108966
0.00107815
0.00107748
0.00108622
0.00107738
0.00107704
0.00107726
0.0010857
0.00107697
0.00107731
0.00108674
0.00107741
0.00107627
0.00107746
0.00108309
0.00107599
0.00107723
0.00107769
0.00108057
0.0010764
0.00107768
0.0010879
0.0010805
0.00107554
0.001076
0.00109503
0.00107745
0.00108761
0.00107687
0.00108313
0.00107755
0.00107689
0.00108773
0.00107777
0.00107782
0.00107685
0.00108277
0.00108108
0.00107596
0.0010829
0.00107789
0.00107731
0.00107806
0.00108642
0.00107747
0.00107646
0.0010777
0.00109006
0.00107582
0.00107784
0.00108301
0.00107696
0.00108103
0.00107663
0.00108675
0.00107608
0.00107749
0.0010762
0.00108104
0.0010778
0.00107744
0.00108377
0.00107714
0.00107731
0.00107693
0.00108675
0.00107738
0.0010796
0.00108232
0.00107737
0.00107796
0.00107712
0.00108271
0.00107711
0.00109774
0.00107725
0.00109711
0.00107687
0.00107696
0.00108246
0.00107661
0.00107615
0.00118721
0.00109174
0.00107783
0.00107747
0.00109132
0.00108443
0.00107662
0.00107729
0.00108322
0.00107626
0.00113883
0.00107743
0.00108917
0.00107717
0.00107655
0.0010878
0.00107735
0.00107875
0.00107634
0.00108292
0.00107622
0.00107701
0.00107713
0.00108222
0.00107637
0.00107749
0.00108688
0.00109419
0.00107624
0.00107756
0.00109865
0.00107707
0.00107695
0.00109108
0.00111216
0.00107665
0.0010777
0.0010871
0.0010785
0.00107627
0.00107613
0.00108096
0.00107768
0.00107671
0.00108175
0.00108088
0.00108172
0.001077
0.00108847
0.00107738
0.00107602
0.00107676
0.0010816
0.00107713
0.001078
0.00108185
0.00107723
0.00107697
0.00107744
0.00108633
0.00108063
0.00107674
0.00108146
0.00107732
0.00107561
0.00107607
0.00108179
0.00107731
0.00107665
0.00107732
0.00108707
0.00107668
0.00107653
0.00108313
0.00107687
0.0010789
0.00107683
0.00108184
0.00107614
0.00107682
0.00107787
0.00108657
0.00107683
0.00107713
0.00110277
0.00107702
0.00107669
0.00108546
0.00108106
0.00107745
0.00108238
0.00108705
0.00107723
0.00107715
0.00107694
0.00108473
0.00107736
0.00107794
0.00107555
0.00108152
0.00107651
0.00107666
0.00108624
0.00108125
0.00107923
0.00108068
0.00108827
0.00107648
0.00107696
0.00107708
0.00108124
0.0010784
0.00107537
0.00108784
0.00107681
0.0010757
0.00107757
0.00108198
0.00107843
0.0010771
0.00108017
0.00107793
0.00107723
0.00107663
0.00108592
0.00107712
0.00107618
0.00107773
0.00108096
0.00107671
0.00107685
0.0010819
0.00107704
0.00107823
0.00107574
0.00108873
0.00107656
0.00107689
0.00107609
0.00108154
0.00107772
0.00107515
0.00108219
0.00107691
0.00107746
0.00107682
0.00108612
0.00107773
0.00107691
0.00107656
0.00108652
0.00107751
0.00107809
0.00108166
0.00107752
0.00107821
0.00107581
0.0010875
0.00107638
0.00107775
0.00108183
0.00107718
0.00107757
0.00107667
0.00108208
0.00108057
0.00107578
0.00107723
0.00108788
0.00107635
0.00107786
0.00108127
0.00108987
0.00107618
0.00107585
0.00108111
0.00107757
0.00109644
0.00109168
0.00108786
0.00109025
0.00107593
0.00108157
0.00107616
0.00107655
0.00107579
0.0010878
0.0010766
0.00107753
0.00108826
0.00107609
0.00107765
0.00107608
0.00108265
0.00107685
0.00113019
0.00107603
0.0010874
0.0010759
0.00107658
0.00108984
0.00107477
0.00107736
0.00107668
0.001082
0.0010768
0.00107606
0.00107558
0.00108183
0.00107622
0.00108036
0.0010874
0.00107597
0.00107693
0.00107769
0.00108139
0.00107704
0.00107611
0.00108187
0.00107674
0.00107564
0.00107557
0.00108562
0.00109257
0.00107626
0.00110186
0.00108175
0.00107611
0.00107588
0.00108102
0.00107649
0.00107579
0.00107639
0.00108701
0.001076
0.00107626
0.0010766
0.00108013
0.00107628
0.00107533
0.00108478
0.00107518
0.00107653
0.00107712
0.00108679
0.00107626
0.00107819
0.00108172
0.00107559
0.0010761
0.00107657
0.00108239
0.00107632
0.00107668
0.00107559
0.00109039
0.00107671
0.00107828
0.00108121
0.00107678
0.00107648
0.00107671
0.00108119
0.00107416
0.00107625
0.00107709
0.00108716
0.00107656
0.00107723
0.00108201
0.00110032
0.00107746
0.00107761
0.00109066
0.00107636
0.00107689
0.00108644
0.00107724
0.00107736
0.00107668
0.00108177
0.00107677
0.00107734
0.00107756
0.00108104
0.00107993
0.00107656
0.0010869
0.00108135
0.00107602
0.00107833
0.00108761
0.00107634
0.00107677
0.00107781
0.00108186
0.00107713
0.00107728
0.00108642
0.00107647
0.00108251
0.00107653
0.00108204
0.00107684
0.00107693
0.00107534
0.00108127
0.00107665
0.00107545
0.00108814
0.00107767
0.00107745
0.00107722
0.00108153
0.00107692
0.00107997
0.00108145
0.00107814
0.00107706
0.00107641
0.00108636
0.00107531
0.0010775
0.00107654
0.00108235
0.00107596
0.00107741
0.00108243
0.00107662
0.00107647
0.0010775
0.00109067
0.00107731
0.00107636
0.00107665
0.00108206
0.00107723
0.00107696
0.00108186
0.00107602
0.00107751
0.00107655
0.00108709
0.00107714
0.00107709
0.00108263
0.00108046
0.00107687
0.00107721
0.00108135
0.00107581
0.0010759
0.00107809
0.00108695
0.00107656
0.00107795
0.00108238
0.00107658
0.00107672
0.00107704
0.00108241
0.00108099
0.0010762
0.00109561
0.00108801
0.00107699
0.00108822
0.00108104
0.00107667
0.0010767
0.00107616
0.00108302
0.00108084
0.00107713
0.00107741
0.00107691
0.00108094
0.00107639
0.00108149
0.00107649
0.00112728
0.00107661
0.0010882
0.0010761
0.00107681
0.0010874
0.00107634
0.00107581
0.00107651
0.00108162
0.00107773
0.0010801
0.00107545
0.00108122
0.00107624
0.00107667
0.00108683
0.00107611
0.00107708
0.00107661
0.00108123
0.0010763
0.00107666
0.00107688
0.00108172
0.00107716
0.00108082
0.00108679
0.0010766
0.00107586
0.00107642
0.00108176
0.00107656
0.00107785
0.00108201
0.0010765
0.00107732
0.00107748
0.00108586
0.001077
0.00107744
0.00107826
0.00108304
0.00107738
0.00107588
0.00108185
0.00107766
0.00107687
0.00107711
0.0010973
0.00107555
0.00107626
0.00107804
0.0010819
0.00107571
0.00107729
0.00109509
0.00107696
0.00107644
0.00107659
0.00108783
0.00107712
0.00107755
0.00108714
0.00107604
0.00107692
0.00107708
0.00108214
0.00107646
0.00107783
0.00107577
0.00108915
0.0010769
0.00107594
0.00108257
0.00107715
0.00109657
0.00107704
0.00109362
0.00107809
0.00107796
0.00107602
0.00108807
0.00107742
0.00107615
0.0010831
0.00108135
0.00107634
0.00107787
0.00108162
