0.00155776
0.00156055
0.0015099
0.00151055
0.00153116
0.0015097
0.00153121
0.0015408
0.00153532
0.00167213
0.0018061
0.00192666
0.00185856
0.00157919
0.00160913
0.00151065
0.00153454
0.00151075
0.00155831
0.00151961
0.00152635
0.00154589
0.00150722
0.00151301
0.0015076
0.00150824
0.0015137
0.00152473
0.00154345
0.0015093
0.00150924
0.00151691
0.00150866
0.00150788
0.00152985
0.00151396
0.00151937
0.00150716
0.00150829
0.00151444
0.001508
0.00152789
0.00151524
0.00150843
0.00151997
0.00150861
0.00151412
0.00150647
0.00152353
0.00151902
0.00150984
0.00150862
0.00152041
0.00150731
0.00154745
0.00152213
0.00159974
0.00156933
0.00151078
0.00152143
0.00151345
0.00150849
0.00153503
0.00152139
0.00151459
0.00150953
0.00151023
0.00152069
0.0015083
0.00152935
0.0015154
0.0015183
0.00151488
0.00151081
0.00150829
0.00152064
0.00152288
0.00152165
0.00150975
0.00151016
0.0015163
0.00151344
0.00152059
0.00152584
0.00151496
0.00151594
0.00151001
0.0015153
0.00150921
0.00151083
0.00153529
0.00151354
0.00152398
0.00150875
0.00152066
0.00151683
0.00151049
0.0015256
0.00153816
0.00151032
0.00151724
0.00151068
0.00150972
0.00152339
0.00152502
0.00152507
0.00150943
0.00150992
0.00151479
0.00150779
0.00151341
0.0015242
0.00151365
0.00152588
0.00150797
0.00150792
0.00151699
0.00150816
0.00152795
0.00152845
0.00150768
0.00152931
0.00150839
0.00151299
0.00151656
0.00152382
0.00152067
0.00150796
0.00151996
0.00150877
0.00150756
0.00151439
0.00152481
0.00151379
0.00152124
0.00150833
0.00151937
0.00150718
0.00150891
0.00152884
0.00151486
0.00151337
0.00150771
0.00150879
0.00151939
0.00151633
0.00152851
0.00151521
0.00150865
0.00151382
0.00150787
0.00150893
0.00152118
0.00152715
0.00152498
0.00151033
0.00151553
0.00151491
0.00151023
0.0015216
0.00152437
0.00151476
0.00151559
0.00150999
0.001515
0.00150981
0.00151681
0.00153529
0.00151484
0.00151577
0.00150863
0.00151014
0.00152191
0.00150836
0.00152409
0.00152838
0.00150828
0.00151887
0.00151017
0.00150959
0.00151498
0.00152412
0.0015276
0.00150933
0.00152337
0.00154515
0.00150989
0.00152697
0.00153501
0.00151553
0.00152178
0.00150968
0.00151576
0.00151568
0.00150954
0.0015286
0.00151491
0.00150913
0.00152984
0.00151032
0.00151414
0.00150873
0.00152298
0.00151937
0.0015071
0.00151925
0.00150853
0.00150911
0.00151269
0.0015306
0.00151295
0.00150768
0.00150918
0.00151954
0.00150712
0.00150845
0.00152882
0.00151395
0.00151451
0.00150729
0.00151389
0.00151793
0.00150904
0.00152756
0.00151318
0.00150843
0.00151485
0.00150752
0.00150961
0.00150803
0.00153025
0.00151968
0.00150954
0.00150835
0.00151596
0.00150737
0.00152163
0.00152303
0.00151444
0.00151356
0.0015085
0.00151979
0.001509
0.0015106
0.00153358
0.00151416
0.00151492
0.00150976
0.00150888
0.00152579
0.00150928
0.00152377
0.00154583
0.00150983
0.00151539
0.00151012
0.00151081
0.00151435
0.00152158
0.00152441
0.00151052
0.00150826
0.00151879
0.00150843
0.00151457
0.00152197
0.00151574
0.00152114
0.00151064
0.00150805
0.00151682
0.00150986
0.00153065
0.00152133
0.0015081
0.00151911
0.00150836
0.001514
0.00150933
0.00152368
0.00152083
0.00150911
0.00152072
0.00151476
0.00151005
0.00151541
0.00152269
0.00151396
0.00151423
0.00150812
0.001518
0.00150785
0.00150788
0.00152651
0.00152225
0.00151485
0.00150895
0.00150753
0.00151831
0.00150866
0.0015265
0.00151161
0.00150728
0.00151485
0.00150613
0.00151196
0.00152022
0.00152114
0.00152022
0.00150828
0.00150913
0.00151403
0.00150811
0.00151841
0.00153446
0.0015209
0.00154079
0.00154038
0.00151759
0.00150813
0.00150936
0.00153504
0.00151382
0.00151385
0.00150787
0.00150649
0.00151703
0.00150817
0.00152167
0.00152683
0.00150862
0.00151404
0.00150751
0.0015111
0.0015158
0.0015235
0.00152714
0.00151996
0.00150935
0.0015141
0.00150916
0.00151326
0.00152388
0.00151441
0.00152078
0.00150915
0.00150905
0.00152192
0.00150923
0.00152711
0.00151445
0.0015093
0.00152064
0.00150833
0.00152119
0.00151004
0.00152362
0.00152062
0.00151766
0.00151925
0.00150833
0.00150844
0.00151421
0.00152325
0.00151489
0.00151696
0.00150927
0.00151952
0.00150945
0.0015165
0.00153239
0.00151459
0.00151423
0.00150972
0.00153064
0.00153046
0.0015153
0.00157371
0.00152582
0.0015353
0.00153801
0.00150848
0.0015206
0.0015093
0.00152336
0.00151951
0.0015079
0.00150813
0.0015271
0.00150593
0.00151797
0.00152373
0.00151479
0.00151461
0.00150866
0.00151335
0.00151007
0.00150772
0.00153325
0.00151347
0.00152132
0.00150784
0.00150821
0.0015136
0.00150764
0.00151925
0.00152307
0.00150873
0.0015141
0.00150812
0.00150639
0.00151896
0.0015221
0.00152552
0.0015073
0.00150966
0.00151384
0.00150804
0.00151377
0.00152224
0.00151392
0.00151984
0.00151558
0.00150865
0.00151898
0.00150912
0.00152869
0.00151628
0.00150914
0.00152305
0.00150973
0.00151424
0.00151226
0.00152433
0.00151879
0.00150834
0.00152126
0.00150835
0.00150978
0.00151403
0.00152251
0.00151992
0.00150962
0.00151814
0.00153335
0.00151168
0.00150936
0.0015422
0.00151479
0.00151522
0.00151003
0.00150861
0.0015208
0.00150832
0.00153522
0.00151426
0.00150885
0.00151542
0.00150859
0.00152041
0.00150853
0.00152366
0.00152148
0.00150948
0.00151815
0.00151541
0.00150847
0.00152149
0.00152441
0.00151277
0.00151398
0.0015082
0.00151333
0.00150893
0.0015083
0.00153613
0.00151432
0.00151421
0.00150953
0.00150826
0.00151211
0.00150886
0.00152277
0.00152656
0.00151009
0.00151455
0.00151758
0.00150845
0.00151403
0.00152229
0.00152471
0.00150749
0.0015228
0.00151544
0.00150753
0.00151261
0.00152689
0.00151424
0.00151959
0.00150878
0.00150901
0.00151315
0.00150722
0.00152917
0.00151339
0.00150784
0.00152023
0.00151653
0.00151134
0.00151999
0.00152395
0.00152998
0.00150878
0.00151937
0.00151176
0.00150908
0.00151469
0.00152369
0.001515
0.00150999
0.00150966
0.00151884
0.00151106
0.00151086
0.00152966
0.00151489
0.00151516
0.00150962
0.00152421
0.00152122
0.00151157
0.00152881
0.00151372
0.00150935
0.00151296
0.00150859
0.00151977
0.00150905
0.00152264
0.00152659
0.00151006
0.00150944
0.00151603
0.00150872
0.00152154
0.00152214
0.00151303
0.00151526
0.00150939
0.00151984
0.00150935
0.00150879
0.00153455
0.00151536
0.0015149
0.00150897
0.00150967
0.00151797
0.00150874
0.00152255
0.0015325
0.00150673
0.00151379
0.00151001
0.00150928
0.0015142
0.00152265
0.00152479
0.00150784
0.00150771
0.00151367
0.00151228
0.0015137
0.00151957
0.00152695
0.00154331
0.00150863
0.00150836
0.00151353
0.00150612
0.00152791
0.00152343
0.00150757
0.0015213
0.00150809
0.00151366
0.00150857
0.00152371
0.00151856
0.00150849
0.00151859
0.00151038
0.00151456
0.00151385
0.00152316
0.00151402
0.00150925
0.00150812
0.00151863
0.00150737
0.00150889
0.00152941
0.00151455
0.00152222
0.00150845
0.00150972
0.00152041
0.00150916
0.00152777
0.00151466
0.00150869
0.00151538
0.00151039
0.00151525
0.00150937
0.00152326
0.00152073
0.00151001
0.00150878
0.00151673
0.00151001
0.00151927
0.00152402
0.00151269
0.00152337
0.00150845
0.00151557
0.00150985
0.00150976
0.00153423
0.00151412
0.00151426
0.00151002
0.00150816
0.00151596
0.00151511
0.00152405
0.00152818
0.00151703
0.00154452
0.00150934
0.00151057
0.00151501
0.00152383
0.00152564
0.00151883
0.00150975
0.0015161
0.00150924
0.00151292
0.00152436
0.00151333
0.00152043
0.00150864
0.00150801
0.00151422
0.0015123
0.00152823
0.00151532
0.00150758
0.00152117
0.00150885
0.00151312
0.00150804
0.00152245
0.00151884
0.00151557
0.00151875
0.00150811
0.001508
0.00151265
0.00152257
0.00151413
0.00151585
0.00150842
0.00151971
0.00150979
0.00151308
0.00152818
0.00151363
0.00151508
0.00150782
0.00150841
0.00152004
0.00150901
0.00152817
0.00151459
0.00150882
0.00152136
0.00150847
0.00150924
0.00151045
0.00152323
0.00152
0.00150851
0.00150989
0.00151568
0.00150836
0.00153781
0.0015223
0.00170321
0.00152782
0.00150855
0.00152081
0.00152087
0.00150903
0.00153903
0.00151451
0.00151494
0.00151925
0.00150923
0.00151336
0.00150863
0.00153384
0.00151501
0.00150911
0.0015158
0.00150954
0.00151039
0.00151499
0.00153013
0.00152478
0.00150951
0.00150893
0.00151573
0.00150944
0.00151448
0.0015237
0.00151433
0.00152034
0.00151841
0.00151351
0.00150968
0.00150842
0.00154247
0.001516
0.00151099
0.00152214
0.00150955
0.00151498
0.00153402
0.00152765
0.00152006
0.0015089
0.00151942
0.00150907
0.00150837
0.00151447
0.00152315
0.00152015
0.00150756
0.00151558
0.00151931
0.00150863
0.00150799
0.00152274
0.00151401
0.00151503
0.00150867
0.00152472
0.00153809
0.0015125
0.00154631
0.00153659
0.001509
0.00151392
0.00150799
0.00152101
0.00150886
0.00153571
0.00152959
0.00150831
0.0015137
0.00151397
0.00150759
0.00151929
0.00152289
0.00151484
0.00151478
0.00150896
0.00151426
0.00150847
0.00150894
0.00153502
0.00151497
0.00151433
0.00152182
0.00151199
0.00151493
0.00150974
0.00153599
0.00151384
0.00150789
0.00151432
0.00151831
0.00150879
0.00151459
0.00152296
0.00152634
0.00151179
0.00150921
0.00151593
0.00150967
0.00151371
0.00152397
0.00151973
0.00152002
0.00150902
0.00151494
0.00150949
0.00150851
0.00153137
0.00151421
0.00152579
0.00150824
0.00151973
0.00151552
0.00150986
0.00152443
0.00152252
0.00150877
0.00152154
0.00150992
0.00150922
0.00151353
0.00152299
0.00152626
0.00151064
0.0015095
0.00153604
0.00151008
0.00151411
0.00152203
0.00151406
0.00151892
0.00152217
0.00150905
0.00152971
0.00150831
0.00152862
0.00151468
0.00151183
0.00151372
0.00150986
0.00151889
0.00150815
0.00152348
0.00153347
0.00150837
0.00151474
0.00151006
0.00150834
0.00151946
0.00152308
0.0015133
0.00151599
0.00150748
0.00151434
0.0015163
0.00150792
0.00153306
0.00151368
0.0015152
0.00150851
0.00150784
0.00151363
0.00150914
0.00153348
0.0015221
0.00150932
0.00151332
0.00150941
0.00150903
0.00151546
0.00152219
0.00152521
0.00151073
0.00151044
0.00152283
0.00151441
0.00151618
0.001524
0.00151388
0.00152095
0.00150899
0.00151327
0.00150931
0.00151006
0.00152725
0.00151373
0.00152865
0.0015091
0.00151001
0.00151514
0.00150859
0.00153008
0.00153769
0.00151136
0.00153508
0.00151039
0.00151907
0.00153642
0.00152334
0.0015203
0.00150914
0.00150914
0.00152133
0.0015114
0.00151704
0.00152449
0.00151446
0.00151918
0.00150841
0.00150765
0.00152119
0.001509
0.00152982
0.00151409
0.0015122
0.00151437
0.00150972
0.00152011
0.00151687
0.00152364
0.00151982
0.00150854
0.00151244
0.00150779
0.00150856
0.00151853
0.0015214
0.00151313
0.00152317
0.0015086
0.00151423
0.00150906
0.00150749
0.00153479
0.00151307
0.0015137
0.00150755
0.00150778
0.00151257
0.00151414
0.00153305
0.00151448
0.00150767
0.00151519
0.0015082
0.00150753
0.00151426
0.0015234
0.00152578
0.00150811
0.00151673
0.00151394
0.00150808
0.00152506
0.00152462
0.00151558
0.00153227
0.00150954
0.00152518
0.00150903
0.0015133
0.00152988
0.0015267
0.00153205
0.00151175
0.0015088
0.00151666
0.00151015
0.00152262
0.00152022
0.00150823
0.00153129
0.00151084
0.0015102
0.00151357
0.0015224
0.00152061
0.00150842
0.00150997
0.00152084
0.00150916
0.00151927
0.0015237
0.00151375
0.00151403
0.0015088
0.00150966
0.00152246
0.00150947
0.00152755
0.00151478
0.00150932
0.00152319
0.0015083
0.00152088
0.00150935
